,,,
File,Raw,DataFile,
Time,Major,Minor1,
85,93,74,
84,94,75,
85,93,72,
84,91,70,
85,91,71,
84,89,70,
85,91,70,
84,91,72,
85,92,71,
84,92,71,
85,91,71,
85,92,70,
84,92,70,
85,91,71,
84,91,72,
85,92,72,
84,92,70,
85,93,72,
84,94,72,
85,94,73,
84,93,73,
85,92,71,
84,92,70,
85,90,69,
84,89,69,
85,91,71,
84,91,71,
85,92,71,
84,91,70,
85,92,71,
84,93,72,
85,92,71,
84,91,71,
85,91,72,
84,91,71,
85,94,74,
84,93,72,
85,95,74,
84,94,74,
85,91,70,
85,90,69,
84,90,69,
85,90,68,
84,91,69,
85,91,71,
84,92,71,
85,92,71,
84,91,71,
85,92,72,
84,92,71,
85,93,71,
84,91,72,
85,94,72,
84,95,73,
85,93,72,
85,95,73,
84,92,72,
85,91,70,
84,90,69,
85,90,68,
84,89,68,
85,90,70,
84,91,70,
85,91,71,
84,91,72,
85,94,71,
84,92,70,
85,92,71,
84,92,71,
85,92,71,
84,91,70,
85,94,74,
84,93,74,
85,94,74,
84,94,75,
85,92,71,
85,91,70,
84,91,70,
85,89,68,
84,90,69,
85,92,70,
84,91,70,
85,91,71,
85,91,69,
84,91,70,
85,91,70,
84,92,71,
85,93,72,
84,92,70,
85,93,72,
84,93,72,
85,93,73,
84,94,73,
85,93,72,
85,91,70,
84,91,70,
85,90,69,
84,91,68,
84,92,71,
85,92,70,
85,90,70,
84,91,71,
85,92,73,
84,91,72,
85,92,72,
84,92,71,
85,92,71,
84,92,72,
85,94,74,
84,95,75,
85,94,75,
84,94,71,
85,90,70,
84,90,69,
85,90,68,
84,90,69,
85,92,71,
84,91,71,
85,91,71,
84,93,73,
85,92,72,
84,92,72,
85,92,69,
84,92,70,
85,92,71,
84,93,71,
85,95,73,
85,93,73,
84,94,74,
85,93,72,
84,91,70,
85,92,72,
84,89,67,
85,90,66,
84,90,69,
85,92,71,
84,93,73,
85,93,71,
84,92,71,
85,91,71,
85,92,71,
84,93,72,
85,93,72,
84,94,73,
85,94,74,
84,94,72,
85,94,74,
84,94,73,
85,93,71,
84,92,69,
85,90,70,
84,90,68,
85,91,70,
84,92,72,
85,92,72,
84,91,73,
85,92,70,
85,92,71,
84,92,70,
85,92,72,
84,92,72,
85,93,72,
84,94,73,
85,95,73,
84,95,74,
85,93,73,
84,92,70,
85,91,69,
84,90,68,
85,90,70,
84,90,70,
85,91,70,
85,91,69,
84,91,70,
85,93,71,
84,92,71,
85,91,71,
84,92,71,
85,92,69,
84,92,71,
85,95,74,
84,92,71,
85,95,74,
84,93,73,
85,91,72,
84,92,70,
85,91,69,
84,89,68,
85,91,70,
84,91,70,
85,92,70,
84,92,71,
85,92,70,
84,93,70,
85,92,71,
84,92,71,
85,93,73,
85,93,72,
84,95,77,
85,94,73,
84,95,75,
85,93,71,
84,91,71,
85,91,70,
84,90,71,
85,91,68,
84,91,71,
85,92,71,
85,92,71,
199,221,169,
2974,3335,2566,
7589,8515,6505,
10683,11989,9032,
12322,13832,10308,
13119,14735,10893,
13491,15155,11152,
13661,15349,11270,
13742,15440,11324,
14569,16368,12027,
17027,19113,14115,
19384,21755,16080,
20924,23489,17322,
21778,24461,17982,
22212,24949,18306,
22412,25180,18455,
22496,25274,18513,
22525,25307,18534,
22527,25308,18528,
22515,25296,18522,
22501,25277,18509,
22484,25255,18496,
22466,25234,18475,
22447,25211,18457,
22431,25196,18444,
22416,25181,18442,
22397,25158,18424,
22381,25146,18413,
22365,25126,18396,
22347,25103,18384,
22334,25085,18370,
22316,25069,18354,
22306,25056,18346,
22312,25069,18352,
22315,25064,18354,
22304,25050,18338,
22288,25030,18328,
22276,25019,18314,
22267,25007,18312,
22252,24994,18298,
22238,24974,18288,
22225,24957,18277,
22211,24939,18264,
22197,24927,18256,
22182,24912,18238,
22168,24903,18228,
22156,24890,18216,
22145,24875,18208,
22139,24863,18203,
22127,24852,18192,
22113,24833,18173,
22099,24819,18169,
22083,24803,18158,
22071,24788,18149,
22059,24774,18137,
22047,24760,18120,
22037,24749,18110,
22024,24734,18098,
22014,24721,18094,
22004,24709,18088,
21992,24696,18082,
21981,24682,18070,
21971,24675,18066,
21958,24664,18060,
21946,24649,18051,
21932,24632,18039,
21916,24608,18012,
21902,24589,18001,
21885,24571,17989,
21873,24560,17980,
21861,24549,17972,
21852,24533,17962,
21841,24526,17954,
21829,24512,17943,
21817,24496,17939,
21806,24483,17923,
21792,24464,17913,
21780,24453,17904,
21770,24439,17896,
21762,24434,17891,
21754,24428,17884,
21746,24416,17877,
21737,24408,17870,
21731,24404,17869,
21724,24389,17857,
21716,24376,17852,
21711,24370,17846,
21703,24368,17837,
21698,24362,17835,
21693,24354,17830,
21689,24350,17828,
21685,24344,17823,
21677,24331,17813,
21672,24327,17810,
21669,24323,17809,
21666,24316,17800,
21661,24310,17790,
21657,24310,17793,
21652,24306,17797,
21650,24304,17796,
21645,24297,17792,
21641,24292,17789,
21638,24284,17781,
21636,24283,17777,
21634,24280,17776,
21631,24274,17773,
21626,24273,17771,
21625,24273,17769,
21623,24265,17767,
21620,24259,17766,
21620,24260,17768,
21617,24258,17766,
21614,24252,17764,
21614,24257,17761,
21613,24255,17761,
21609,24252,17761,
21608,24253,17760,
21610,24252,17761,
21609,24254,17762,
21610,24253,17759,
21609,24250,17754,
21608,24250,17751,
21608,24251,17750,
21611,24260,17751,
21612,24258,17752,
21610,24253,17755,
21607,24246,17755,
21610,24251,17758,
21610,24256,17756,
21611,24255,17754,
21609,24254,17751,
21607,24246,17746,
21607,24247,17749,
21607,24246,17751,
21605,24244,17758,
21605,24244,17755,
21601,24242,17750,
21600,24242,17742,
21599,24237,17736,
21600,24241,17740,
21602,24237,17744,
21603,24237,17739,
21604,24235,17737,
21603,24239,17739,
21604,24240,17744,
21603,24239,17744,
21605,24240,17747,
21604,24241,17743,
21604,24245,17741,
21603,24243,17739,
21602,24237,17742,
21602,24236,17742,
21603,24242,17742,
21604,24245,17746,
21606,24247,17747,
21606,24243,17742,
21606,24239,17743,
21606,24240,17741,
21606,24240,17742,
21608,24238,17741,
21609,24242,17745,
21609,24242,17743,
21611,24243,17747,
21613,24245,17748,
21615,24244,17751,
21617,24249,17752,
21617,24247,17748,
21616,24250,17752,
21617,24250,17754,
21619,24253,17755,
21622,24256,17759,
21620,24254,17755,
21618,24254,17752,
21620,24254,17755,
21621,24256,17758,
21623,24256,17761,
21626,24259,17762,
21628,24266,17763,
21630,24266,17757,
21631,24266,17759,
21634,24272,17760,
21639,24276,17766,
21641,24276,17772,
21642,24273,17773,
21643,24276,17775,
21645,24283,17776,
21645,24282,17773,
21646,24283,17773,
21646,24289,17773,
21646,24282,17771,
21647,24280,17770,
21651,24288,17775,
21652,24290,17779,
21653,24289,17781,
21654,24290,17779,
21657,24289,17781,
21657,24290,17781,
21657,24291,17782,
21659,24295,17781,
21662,24293,17782,
21662,24299,17783,
21664,24301,17788,
21668,24304,17792,
21670,24307,17791,
21670,24311,17792,
21669,24306,17789,
21670,24312,17786,
21672,24313,17795,
21674,24314,17797,
21673,24309,17794,
21672,24312,17794,
21678,24315,17797,
21678,24317,17798,
21679,24313,17798,
21680,24317,17791,
21682,24319,17794,
21685,24324,17804,
21686,24325,17807,
21689,24325,17803,
21690,24325,17803,
21692,24333,17804,
21694,24337,17809,
21695,24335,17808,
21697,24338,17816,
21698,24336,17820,
21696,24337,17815,
21697,24338,17812,
21697,24335,17811,
21698,24337,17811,
21700,24342,17813,
21703,24344,17815,
21706,24346,17810,
21708,24346,17815,
21706,24346,17818,
21706,24348,17824,
21707,24349,17820,
21709,24347,17825,
21713,24350,17828,
21714,24357,17829,
21717,24358,17828,
21719,24357,17824,
21721,24354,17826,
21722,24360,17830,
21723,24363,17835,
21726,24365,17837,
21725,24371,17839,
21725,24368,17842,
21727,24371,17832,
21727,24373,17834,
21728,24371,17835,
21728,24371,17833,
21734,24378,17840,
21734,24373,17840,
21733,24368,17841,
21736,24373,17839,
21736,24375,17836,
21737,24374,17841,
21738,24381,17841,
21737,24382,17842,
21737,24377,17839,
21740,24377,17845,
21738,24379,17838,
21743,24387,17850,
21744,24389,17849,
21743,24388,17842,
21745,24383,17838,
21746,24387,17843,
21748,24391,17849,
21748,24391,17848,
21748,24390,17847,
21751,24396,17850,
21756,24400,17854,
21756,24399,17857,
21756,24403,17863,
21756,24397,17856,
21757,24401,17850,
21759,24405,17850,
21760,24405,17855,
21758,24402,17858,
21760,24405,17870,
21762,24408,17874,
21762,24408,17866,
21762,24410,17860,
21763,24408,17858,
21763,24403,17852,
21764,24399,17861,
21765,24405,17866,
21769,24410,17868,
21768,24412,17865,
21769,24412,17858,
21767,24412,17861,
21767,24411,17863,
21767,24414,17864,
21766,24413,17860,
21766,24411,17865,
21770,24416,17869,
21775,24421,17872,
21774,24418,17871,
21759,24397,17857,
19116,21449,15600,
12222,13743,9724,
6666,7518,5129,
3395,3840,2524,
1687,1912,1218,
850,964,603,
453,516,324,
270,305,200,
185,209,144,
146,164,117,
126,142,105,
117,132,99,
111,125,96,
107,120,93,
105,118,90,
103,115,88,
102,116,89,
100,114,87,
99,113,89,
99,111,86,
97,108,84,
97,105,81,
96,105,80,
95,104,79,
95,104,79,
95,104,79,
94,104,80,
94,104,78,
94,102,79,
93,104,79,
93,102,78,
92,101,77,
93,101,77,
92,102,78,
92,102,79,
92,103,81,
91,103,81,
91,102,79,
92,101,77,
91,98,73,
91,97,74,
90,97,73,
91,98,74,
90,98,75,
91,98,76,
90,99,76,
90,99,78,
90,99,75,
90,99,76,
90,98,76,
90,99,76,
89,98,77,
90,98,77,
89,99,77,
90,100,78,
89,99,78,
90,99,76,
89,96,73,
89,96,73,
89,94,71,
89,96,73,
88,97,77,
89,97,77,
89,96,74,
89,96,74,
89,97,74,
88,96,75,
89,97,75,
88,98,77,
89,97,75,
88,97,75,
88,98,76,
89,98,76,
88,100,78,
88,98,78,
88,95,75,
88,96,74,
88,94,72,
88,93,72,
88,96,73,
88,96,74,
88,96,73,
88,95,75,
87,95,73,
88,95,73,
88,94,73,
87,95,73,
88,96,73,
88,97,75,
87,99,78,
88,98,78,
87,99,77,
88,97,75,
87,94,73,
88,95,72,
87,92,70,
87,93,71,
88,94,72,
87,95,73,
87,95,73,
87,94,73,
88,94,74,
87,94,73,
87,94,73,
87,95,75,
87,94,75,
87,95,74,
87,95,74,
88,96,75,
87,97,77,
87,98,75,
87,94,73,
87,95,73,
87,93,72,
87,92,71,
87,93,73,
86,94,73,
87,96,74,
87,95,72,
87,94,73,
87,94,72,
87,93,74,
86,95,73,
87,94,73,
87,95,74,
87,95,76,
87,96,75,
86,96,75,
87,96,74,
87,94,72,
86,95,72,
87,93,72,
87,93,72,
86,93,70,
87,93,73,
87,94,73,
86,95,72,
87,94,74,
86,95,73,
87,95,73,
86,95,73,
87,95,74,
86,95,74,
87,97,75,
86,97,76,
87,97,75,
86,95,74,
86,92,71,
87,92,70,
86,91,70,
86,91,69,
87,93,71,
86,92,72,
86,94,72,
87,94,72,
86,95,73,
86,94,71,
87,95,73,
86,93,73,
86,94,73,
86,93,73,
87,97,77,
86,96,75,
86,97,77,
86,96,75,
87,94,72,
86,93,73,
86,93,73,
86,92,69,
86,92,69,
87,93,72,
86,92,72,
86,94,73,
86,94,73,
86,93,72,
86,93,72,
86,94,72,
86,93,72,
86,93,73,
86,95,73,
87,95,74,
86,97,75,
86,95,73,
86,100,79,
86,110,91,
86,103,82,
86,98,76,
86,95,74,
86,94,71,
86,89,66,
86,84,60,
86,86,64,
86,90,68,
86,91,70,
86,92,70,
86,91,70,
86,93,71,
86,93,73,
85,94,73,
86,96,75,
86,95,74,
86,94,73,
86,90,70,
86,92,70,
86,91,70,
86,91,71,
86,93,70,
85,92,72,
86,93,71,
86,93,72,
86,93,72,
86,92,72,
86,93,71,
85,92,71,
86,92,71,
86,95,74,
86,94,74,
85,96,74,
86,96,75,
86,95,72,
86,91,71,
86,93,72,
85,91,70,
86,92,70,
86,92,71,
86,92,70,
85,92,70,
86,93,72,
86,93,71,
85,93,71,
86,93,70,
86,93,71,
85,93,71,
86,94,74,
86,95,75,
85,95,74,
86,94,76,
86,94,75,
85,93,71,
86,90,71,
86,90,70,
86,92,72,
85,93,72,
86,92,71,
86,93,73,
85,93,72,
86,93,71,
85,93,72,
86,93,72,
86,92,71,
85,93,71,
86,94,72,
86,94,73,
85,95,74,
86,95,73,
85,94,73,
86,92,70,
85,92,71,
86,92,69,
86,91,70,
85,91,70,
86,92,71,
85,91,72,
86,93,73,
85,93,71,
86,92,71,
85,94,73,
86,93,71,
86,93,73,
85,94,72,
86,94,74,
85,94,73,
86,95,74,
86,94,74,
85,93,71,
86,93,71,
85,91,69,
86,90,69,
85,92,70,
85,93,71,
86,92,71,
85,94,73,
86,95,73,
85,94,72,
86,92,71,
85,93,72,
86,93,71,
85,93,72,
86,95,74,
85,94,74,
86,95,74,
85,95,73,
86,92,71,
85,93,72,
85,92,71,
86,90,68,
85,91,71,
86,91,69,
85,93,71,
85,92,71,
86,93,71,
85,93,71,
86,93,71,
85,93,71,
85,93,71,
86,93,71,
85,94,75,
86,96,75,
85,96,75,
86,96,74,
85,94,72,
85,92,70,
86,93,71,
85,91,71,
85,91,72,
86,92,72,
85,92,72,
86,92,72,
85,93,71,
85,93,71,
86,94,71,
85,93,70,
86,93,71,
85,93,70,
85,95,73,
86,94,73,
85,95,75,
86,95,72,
85,94,72,
85,93,71,
86,93,72,
85,91,70,
85,92,71,
85,92,71,
86,92,71,
85,93,72,
85,93,72,
86,94,73,
85,94,72,
85,93,73,
86,93,73,
85,91,71,
85,92,72,
85,94,74,
86,96,74,
85,95,75,
85,93,72,
86,91,69,
85,92,70,
85,91,69,
85,91,69,
86,94,71,
85,92,70,
85,92,72,
85,93,72,
86,93,73,
85,92,72,
85,93,71,
85,93,72,
86,93,72,
85,94,72,
85,94,74,
86,96,73,
85,96,75,
85,93,72,
85,90,69,
85,92,69,
86,90,67,
85,91,69,
85,91,71,
85,92,71,
85,92,71,
85,93,72,
86,93,71,
85,92,72,
85,92,71,
85,93,70,
86,93,71,
85,94,74,
85,96,74,
85,94,73,
85,94,73,
86,94,72,
85,92,71,
85,92,71,
85,91,70,
85,90,68,
86,91,71,
85,92,71,
85,93,70,
85,91,70,
85,93,71,
85,93,71,
86,93,71,
85,92,71,
85,91,70,
85,93,72,
85,96,75,
86,95,76,
85,95,74,
85,93,73,
85,92,69,
86,92,71,
85,90,70,
85,91,71,
85,92,71,
85,92,72,
85,91,71,
86,93,72,
85,93,72,
85,93,71,
85,93,70,
85,93,71,
86,92,69,
85,93,71,
85,95,74,
85,95,74,
85,95,76,
85,94,72,
86,93,72,
85,91,69,
85,90,69,
85,91,70,
85,93,72,
85,92,71,
85,93,72,
85,92,71,
86,92,70,
85,94,73,
85,92,70,
85,93,73,
85,93,69,
85,93,70,
85,95,75,
85,94,74,
86,95,75,
85,94,74,
85,91,70,
85,92,70,
85,92,70,
85,92,71,
85,92,72,
85,91,71,
86,91,70,
85,92,71,
85,93,70,
85,93,71,
85,92,71,
85,93,71,
85,93,71,
85,92,72,
85,95,74,
85,95,75,
86,95,74,
85,94,73,
85,91,70,
85,92,70,
85,90,70,
85,90,68,
85,92,70,
85,92,71,
85,92,72,
85,93,69,
86,92,72,
85,92,71,
85,92,70,
85,93,71,
85,92,71,
85,92,71,
85,95,74,
85,95,74,
86,94,76,
85,95,75,
85,93,74,
85,92,71,
85,91,71,
85,90,68,
85,90,69,
85,91,71,
85,93,71,
85,92,72,
85,92,73,
86,92,72,
85,92,72,
85,93,72,
85,92,72,
85,93,72,
85,95,73,
85,95,72,
85,95,74,
85,95,72,
85,93,72,
85,91,71,
85,90,70,
85,89,68,
85,91,69,
85,93,71,
85,91,71,
85,92,71,
85,92,71,
85,92,70,
85,92,70,
85,92,70,
85,92,70,
85,93,72,
85,93,73,
85,95,73,
85,94,73,
85,95,74,
86,92,70,
85,90,68,
85,91,71,
85,91,69,
85,92,71,
85,92,71,
85,92,71,
85,92,70,
85,93,71,
85,93,72,
85,92,70,
85,91,71,
85,92,72,
85,92,71,
85,93,73,
85,94,73,
85,94,74,
85,96,75,
85,93,72,
85,92,70,
85,93,73,
85,91,70,
85,92,70,
85,92,70,
85,92,72,
85,92,70,
85,91,70,
85,91,69,
85,91,72,
85,91,70,
85,91,71,
85,92,71,
85,91,71,
85,93,72,
85,94,74,
85,95,74,
85,94,71,
85,91,70,
85,92,70,
84,91,70,
85,92,71,
85,91,70,
85,91,70,
85,92,72,
85,93,72,
85,93,72,
85,92,72,
85,92,71,
86,92,72,
85,92,71,
85,92,73,
85,93,73,
85,94,73,
85,96,74,
85,93,72,
85,91,70,
85,91,70,
85,89,69,
85,90,68,
85,90,69,
85,92,70,
85,92,71,
85,93,71,
85,93,71,
85,91,72,
85,92,71,
85,93,71,
85,93,71,
85,93,72,
84,95,73,
85,94,72,
85,94,73,
85,95,73,
85,93,71,
85,93,70,
85,90,68,
85,90,69,
85,91,70,
85,91,72,
85,92,71,
85,91,71,
85,93,71,
85,91,70,
85,91,69,
85,91,70,
85,92,70,
85,94,72,
85,94,74,
85,94,72,
85,94,74,
85,94,73,
85,93,71,
85,91,70,
84,91,70,
85,90,69,
85,92,70,
85,90,70,
85,91,71,
85,93,71,
85,92,71,
85,91,70,
85,92,71,
85,91,71,
85,93,70,
85,92,72,
85,96,75,
85,95,74,
85,97,77,
85,93,73,
85,91,69,
85,91,70,
85,92,69,
85,90,68,
85,92,70,
85,92,71,
85,93,71,
85,91,71,
84,92,73,
85,92,71,
85,91,71,
85,91,71,
85,92,71,
85,91,72,
85,93,73,
85,94,73,
85,95,75,
85,94,73,
85,93,71,
85,92,71,
85,91,69,
85,89,67,
85,91,69,
84,93,71,
85,93,73,
85,92,72,
85,92,72,
85,93,71,
85,92,71,
85,93,71,
85,91,72,
85,91,72,
85,93,72,
85,95,74,
85,95,74,
85,93,73,
85,93,71,
85,90,70,
85,92,71,
85,91,68,
85,90,68,
84,92,71,
85,91,71,
85,91,70,
85,91,71,
85,91,72,
85,93,71,
85,92,73,
85,92,71,
85,93,72,
85,95,73,
85,94,74,
85,96,75,
85,95,74,
85,92,71,
84,90,70,
85,91,70,
85,90,70,
85,90,70,
85,92,70,
85,93,70,
85,91,70,
85,92,70,
85,93,71,
85,92,72,
84,92,71,
85,92,71,
85,93,72,
85,94,73,
85,94,73,
85,95,75,
85,95,76,
85,93,72,
85,91,71,
85,91,70,
85,90,69,
84,91,71,
85,92,71,
85,92,71,
85,92,70,
85,92,70,
85,92,72,
85,92,71,
85,93,70,
85,92,71,
85,91,72,
85,92,71,
84,94,73,
85,93,73,
85,95,75,
85,94,73,
85,92,70,
85,91,70,
85,91,68,
85,90,69,
84,92,71,
85,92,71,
85,91,71,
85,92,72,
85,93,71,
85,93,70,
85,93,72,
85,92,69,
85,97,75,
85,100,81,
85,98,78,
85,97,75,
84,96,74,
85,95,74,
85,91,71,
85,92,69,
85,90,69,
85,87,66,
84,87,66,
85,89,67,
85,89,68,
85,91,69,
85,92,69,
85,93,72,
84,92,72,
85,92,71,
85,92,69,
85,93,71,
85,93,72,
85,93,73,
85,92,73,
84,92,72,
85,91,70,
85,89,69,
85,91,69,
85,91,70,
85,91,69,
85,92,70,
85,92,70,
84,92,72,
85,93,73,
85,93,72,
85,93,70,
85,92,71,
84,94,72,
85,93,72,
85,95,74,
85,95,74,
85,95,74,
85,94,74,
85,92,72,
84,91,69,
85,91,70,
85,90,69,
85,90,69,
85,91,69,
85,91,71,
84,92,71,
85,92,72,
85,91,70,
85,91,69,
85,91,70,
84,92,71,
85,92,72,
85,93,73,
85,93,74,
85,95,74,
85,94,73,
85,93,73,
85,92,71,
84,90,70,
85,90,68,
85,90,70,
85,92,71,
85,93,70,
85,92,70,
84,93,71,
85,92,70,
85,92,71,
85,93,70,
85,92,72,
85,92,71,
84,94,73,
85,94,72,
85,96,75,
85,95,74,
85,93,72,
85,92,70,
84,92,70,
85,91,70,
85,92,71,
85,91,70,
85,90,69,
84,92,70,
85,91,71,
85,91,70,
85,91,70,
85,92,69,
84,91,70,
85,91,69,
85,94,72,
85,94,73,
85,96,75,
85,96,75,
85,94,72,
85,92,70,
84,92,71,
85,91,70,
85,91,70,
85,91,70,
85,92,71,
85,93,71,
84,93,71,
85,94,72,
85,91,71,
85,92,72,
85,92,72,
85,94,71,
85,93,73,
84,94,75,
85,94,74,
85,94,74,
85,93,72,
85,91,70,
85,91,71,
85,90,69,
84,90,69,
85,90,71,
85,91,70,
85,92,70,
85,91,71,
85,93,71,
84,92,71,
85,92,70,
85,92,71,
85,93,71,
85,92,72,
85,90,69,
84,93,70,
85,93,71,
85,93,72,
85,90,70,
85,92,72,
84,90,69,
85,89,69,
85,92,71,
85,90,69,
84,91,70,
85,92,71,
85,91,71,
85,92,71,
85,92,71,
85,92,71,
84,92,72,
85,93,73,
85,94,73,
85,94,73,
85,96,75,
85,94,72,
85,91,71,
84,91,69,
85,90,69,
85,90,68,
84,90,70,
85,90,70,
85,92,70,
85,92,73,
85,92,71,
85,92,72,
84,91,70,
85,92,71,
85,91,71,
85,92,72,
85,94,72,
84,93,73,
85,94,75,
85,94,74,
85,90,70,
85,92,70,
84,91,70,
85,90,68,
85,91,69,
85,92,71,
84,92,71,
85,91,71,
85,93,69,
85,92,70,
85,91,70,
84,92,72,
85,92,71,
85,92,72,
85,94,72,
85,93,73,
84,94,74,
85,94,73,
85,93,72,
85,92,69,
85,91,70,
84,90,69,
85,91,72,
85,92,72,
85,92,70,
84,91,71,
85,92,71,
85,92,71,
85,91,70,
85,91,71,
84,91,70,
85,92,71,
85,94,74,
85,94,72,
84,95,75,
85,95,74,
85,94,72,
85,91,70,
84,91,68,
85,90,69,
85,91,71,
85,91,70,
85,92,71,
85,91,69,
85,93,71,
84,92,70,
85,91,70,
85,92,72,
85,92,71,
84,93,72,
85,93,73,
85,94,73,
85,95,74,
85,95,73,
85,93,73,
84,91,70,
85,91,69,
85,90,68,
85,90,70,
84,92,70,
85,92,72,
85,93,71,
85,92,72,
84,93,73,
85,93,71,
85,93,72,
85,91,72,
84,91,69,
85,93,72,
85,92,72,
85,94,74,
84,93,73,
85,93,70,
85,91,69,
85,91,70,
84,91,69,
85,91,69,
85,90,70,
85,92,70,
85,93,72,
84,92,71,
85,93,72,
85,92,73,
85,93,71,
84,92,71,
85,92,71,
85,94,74,
85,95,74,
85,94,75,
85,94,73,
84,93,72,
85,91,70,
85,91,70,
85,90,69,
84,89,69,
85,90,69,
85,90,69,
85,91,70,
85,91,70,
84,91,70,
85,91,69,
85,91,70,
85,90,72,
85,91,71,
84,92,73,
85,94,74,
85,95,74,
85,95,73,
85,94,73,
84,92,71,
85,92,70,
85,90,69,
85,90,68,
84,91,70,
85,91,71,
85,92,70,
85,92,71,
84,94,72,
85,93,72,
85,93,72,
85,93,71,
85,92,71,
84,93,72,
85,93,72,
85,93,73,
85,94,73,
84,94,73,
85,92,70,
85,92,70,
85,91,71,
84,91,71,
85,92,72,
85,93,72,
85,92,71,
84,91,70,
85,91,70,
85,92,70,
85,92,71,
84,92,71,
85,92,70,
85,91,70,
85,94,73,
85,94,72,
84,94,73,
85,92,71,
85,92,69,
85,91,69,
85,91,70,
84,90,69,
85,91,71,
85,92,71,
85,92,71,
84,91,72,
85,92,71,
85,93,70,
85,91,71,
84,93,70,
85,92,71,
85,93,72,
85,95,74,
84,94,75,
85,95,76,
85,94,74,
85,92,71,
84,92,70,
85,91,70,
85,90,69,
85,91,69,
84,92,71,
85,91,71,
85,92,71,
85,93,71,
84,92,70,
85,92,70,
85,94,72,
85,93,71,
85,94,71,
84,93,73,
85,94,74,
85,94,74,
85,95,74,
85,93,73,
84,91,71,
85,90,69,
85,88,68,
85,91,69,
85,90,69,
84,90,71,
85,92,72,
85,90,70,
85,91,70,
84,91,71,
85,92,70,
85,92,72,
84,92,71,
85,93,72,
85,94,71,
85,95,73,
84,94,74,
85,93,71,
85,91,70,
85,92,69,
84,89,69,
85,90,69,
85,90,69,
85,92,71,
85,93,72,
84,92,71,
85,91,70,
85,91,70,
84,93,70,
85,92,70,
85,92,71,
85,93,73,
85,94,74,
84,96,75,
85,95,75,
85,93,73,
85,92,72,
85,91,70,
84,89,69,
85,90,70,
85,92,70,
85,92,72,
84,94,71,
85,92,72,
85,92,71,
84,92,71,
85,92,72,
85,92,71,
85,92,69,
84,93,71,
85,93,73,
85,94,73,
85,94,73,
85,94,73,
84,92,69,
85,91,70,
85,90,68,
85,91,68,
84,91,69,
85,93,72,
85,92,71,
85,92,69,
85,91,68,
84,90,69,
85,91,71,
85,91,70,
84,91,69,
85,93,72,
85,93,71,
85,93,73,
85,95,72,
84,93,72,
85,91,69,
85,90,70,
84,89,68,
85,90,69,
85,90,69,
84,90,69,
85,90,70,
85,91,71,
85,91,70,
84,92,71,
85,92,70,
85,92,72,
85,93,72,
84,93,72,
85,94,72,
85,96,75,
85,96,75,
85,94,72,
84,90,69,
85,91,69,
85,89,68,
84,90,69,
85,91,70,
85,92,71,
85,91,73,
85,92,71,
84,91,70,
85,92,69,
85,93,71,
84,93,73,
85,93,72,
85,94,72,
85,95,74,
85,94,74,
84,96,75,
85,95,74,
85,94,72,
85,91,70,
84,90,69,
85,90,70,
85,92,73,
84,92,72,
85,92,71,
85,91,71,
84,92,71,
85,92,73,
85,92,72,
84,93,72,
85,92,72,
85,91,70,
84,94,74,
85,94,73,
85,95,74,
85,93,73,
84,92,71,
85,91,70,
85,90,69,
84,90,68,
85,90,68,
85,90,69,
84,92,71,
85,91,70,
85,91,72,
85,93,71,
84,92,71,
85,92,73,
85,93,72,
85,93,74,
84,95,75,
85,94,75,
85,93,74,
85,93,72,
84,93,72,
85,92,71,
85,91,70,
84,89,68,
85,90,68,
85,90,69,
84,91,71,
85,92,73,
85,92,72,
85,91,69,
84,92,69,
85,93,71,
85,92,70,
85,92,71,
84,94,74,
85,93,73,
85,95,75,
85,104,86,
85,117,101,
85,107,86,
85,99,78,
85,95,74,
84,93,74,
85,93,73,
85,94,72,
85,93,72,
84,92,71,
85,94,71,
85,92,71,
84,88,67,
85,79,59,
84,82,61,
85,88,68,
85,90,70,
84,92,71,
85,92,70,
85,91,71,
85,91,69,
84,91,69,
85,90,69,
85,90,69,
84,92,71,
85,92,70,
85,91,70,
84,90,70,
85,91,69,
85,92,71,
85,91,71,
84,92,73,
85,91,72,
85,93,72,
85,94,72,
84,94,74,
85,94,73,
85,91,71,
84,90,68,
85,90,68,
85,89,68,
84,91,70,
85,91,71,
85,91,71,
84,91,71,
85,92,71,
85,93,71,
84,92,71,
85,92,71,
85,89,71,
85,89,71,
84,93,72,
85,94,73,
85,95,74,
84,94,74,
85,94,73,
85,92,70,
85,92,71,
84,88,67,
85,90,69,
85,91,69,
84,90,70,
85,91,70,
85,91,69,
85,91,70,
84,91,69,
85,91,70,
85,92,71,
84,92,71,
85,93,71,
85,95,73,
85,94,74,
84,94,75,
85,94,73,
85,90,70,
84,91,68,
85,90,68,
85,91,70,
84,93,74,
85,91,71,
85,91,71,
84,90,71,
85,91,72,
85,91,73,
85,92,72,
84,92,73,
85,93,74,
85,92,75,
85,94,76,
84,93,78,
85,95,80,
85,94,80,
85,92,79,
84,91,78,
85,90,78,
85,91,80,
85,91,83,
84,91,84,
85,90,87,
85,92,88,
85,92,91,
85,91,92,
84,90,94,
85,91,97,
85,92,98,
85,92,100,
85,93,104,
85,95,106,
85,96,108,
85,93,108,
85,92,106,
85,91,107,
85,90,110,
85,89,109,
85,90,111,
85,91,111,
85,91,113,
85,92,113,
85,91,112,
86,91,113,
85,92,113,
85,92,115,
85,91,113,
85,91,114,
86,93,116,
85,91,115,
85,93,115,
86,93,113,
85,91,112,
85,91,109,
85,91,107,
86,90,108,
85,91,108,
86,91,108,
85,92,108,
85,91,107,
86,92,107,
85,91,105,
86,91,105,
85,91,104,
85,93,104,
86,92,103,
85,94,104,
85,95,101,
86,94,102,
85,94,102,
85,93,101,
86,91,99,
85,90,97,
85,90,95,
86,91,96,
85,91,94,
85,92,95,
86,92,94,
85,92,92,
85,91,91,
86,92,91,
85,91,91,
85,91,91,
85,91,92,
86,93,93,
85,94,92,
85,96,93,
85,94,92,
86,94,88,
85,91,87,
85,91,86,
85,89,83,
85,90,84,
85,91,85,
86,91,82,
85,91,83,
85,92,83,
85,90,82,
85,92,83,
85,93,83,
85,94,84,
85,92,82,
85,93,82,
86,93,81,
85,94,84,
85,94,82,
85,94,82,
85,91,79,
85,92,78,
85,90,77,
85,91,77,
85,91,79,
85,91,78,
85,91,78,
85,92,78,
85,91,78,
85,92,78,
85,91,77,
85,92,77,
85,92,78,
85,94,79,
85,94,79,
85,94,78,
85,95,80,
85,93,77,
85,92,76,
84,91,75,
85,90,74,
85,91,74,
85,91,74,
85,92,73,
85,91,75,
85,91,75,
85,92,75,
85,92,75,
85,91,76,
85,91,75,
85,90,76,
85,93,75,
85,93,76,
84,93,78,
85,94,77,
85,93,75,
85,92,75,
85,90,74,
85,90,73,
85,90,73,
85,91,72,
85,92,73,
85,92,73,
84,91,73,
85,91,73,
85,92,73,
85,90,72,
85,92,72,
85,91,73,
85,94,76,
85,93,75,
85,94,73,
85,94,74,
85,94,74,
85,92,71,
85,91,74,
85,91,71,
84,91,71,
85,93,73,
85,92,73,
85,91,73,
85,92,72,
85,93,73,
85,93,73,
85,92,72,
84,92,72,
85,91,74,
85,92,73,
85,93,74,
85,94,73,
85,95,75,
85,92,74,
85,90,72,
85,90,71,
85,90,71,
84,91,71,
85,91,73,
85,91,71,
85,91,71,
85,92,72,
85,94,75,
85,93,73,
84,92,73,
85,93,73,
85,94,72,
85,93,73,
85,94,75,
85,95,74,
85,94,75,
85,94,74,
84,91,71,
85,92,72,
85,91,71,
85,89,69,
85,90,70,
85,91,70,
85,91,72,
85,91,71,
84,92,72,
85,92,72,
85,92,71,
85,92,72,
85,92,74,
85,90,72,
85,94,75,
84,93,75,
85,96,75,
85,95,74,
85,92,74,
85,91,72,
85,91,71,
85,89,69,
84,90,71,
85,91,71,
85,91,70,
85,91,70,
85,91,71,
84,92,72,
85,91,72,
85,92,73,
85,91,71,
85,91,70,
84,94,74,
85,94,75,
85,95,75,
85,94,75,
85,94,72,
85,91,71,
85,91,71,
84,90,69,
85,90,72,
85,93,72,
85,92,71,
85,91,71,
85,91,70,
85,92,72,
84,91,72,
85,91,71,
85,91,72,
85,92,70,
85,92,73,
85,92,73,
84,94,74,
85,94,73,
85,92,72,
85,90,69,
85,92,70,
85,90,69,
84,91,72,
85,91,71,
85,91,72,
85,91,72,
85,92,70,
84,91,72,
85,92,72,
85,92,72,
85,91,70,
85,92,71,
85,93,73,
85,94,73,
84,94,75,
85,95,74,
85,93,72,
85,91,70,
85,92,72,
84,91,70,
85,92,70,
85,91,70,
85,92,70,
85,93,72,
85,92,72,
85,92,71,
84,92,71,
85,92,73,
85,93,72,
85,93,73,
85,93,72,
84,93,73,
85,95,75,
85,93,74,
85,93,71,
84,90,69,
85,91,71,
85,90,69,
85,91,70,
85,90,69,
84,91,70,
85,92,71,
85,92,72,
85,92,71,
85,92,70,
85,92,71,
84,92,72,
85,91,72,
85,92,73,
85,94,73,
84,95,75,
85,95,74,
85,93,73,
85,91,70,
85,91,70,
84,89,68,
85,89,70,
85,90,70,
85,91,69,
84,91,70,
85,93,70,
85,91,72,
85,93,73,
85,93,71,
84,94,73,
85,92,71,
85,93,71,
85,94,74,
85,94,73,
85,94,75,
84,93,73,
85,92,71,
85,91,71,
85,91,70,
84,91,70,
85,91,70,
85,90,69,
85,92,70,
85,92,71,
84,92,71,
85,91,73,
85,92,72,
85,92,71,
85,91,70,
84,91,69,
85,93,73,
85,94,73,
85,95,74,
85,93,73,
84,91,70,
85,92,71,
85,91,70,
85,91,69,
84,92,72,
85,93,71,
85,92,70,
85,93,73,
85,93,71,
84,92,70,
85,92,72,
85,93,72,
85,94,73,
84,93,73,
85,94,74,
85,93,73,
85,94,75,
85,94,73,
85,93,71,
84,91,69,
85,89,68,
85,90,68,
85,90,68,
84,90,69,
85,90,70,
85,90,70,
85,91,70,
84,92,71,
85,91,70,
85,91,72,
85,91,69,
85,91,70,
84,92,71,
85,92,71,
85,93,73,
85,92,72,
85,92,70,
85,90,69,
84,90,68,
85,90,70,
85,89,69,
85,91,71,
84,92,71,
85,93,72,
85,93,72,
85,93,72,
85,91,70,
84,91,70,
85,92,71,
85,92,70,
85,93,73,
84,94,72,
85,94,73,
85,94,73,
85,93,72,
84,90,69,
85,90,69,
85,89,68,
85,89,70,
84,90,70,
85,92,71,
85,93,71,
85,91,71,
85,91,71,
85,91,70,
84,92,71,
85,92,71,
85,91,71,
85,93,72,
84,93,72,
85,93,73,
85,94,73,
85,94,72,
85,89,69,
84,90,70,
85,90,67,
85,89,68,
85,91,69,
84,91,71,
85,93,71,
85,92,70,
85,91,69,
85,92,70,
85,93,71,
85,92,71,
85,92,70,
85,94,72,
85,94,72,
85,95,73,
86,96,73,
85,95,72,
86,93,70,
86,93,72,
86,92,71,
86,93,71,
87,94,71,
87,95,72,
88,95,73,
88,97,73,
89,97,74,
91,100,75,
91,100,78,
93,103,78,
94,103,79,
96,107,81,
98,112,85,
102,116,88,
104,120,90,
108,124,93,
112,127,93,
117,133,98,
123,140,103,
131,150,109,
138,161,119,
147,174,128,
159,188,137,
171,204,148,
185,221,159,
202,242,174,
220,268,194,
243,296,211,
267,328,233,
296,364,258,
327,405,287,
365,452,319,
405,506,355,
453,563,396,
505,629,440,
564,702,490,
630,784,548,
705,879,612,
787,983,688,
879,1101,766,
982,1227,855,
1095,1370,953,
1220,1525,1061,
1358,1696,1180,
1510,1886,1313,
1677,2092,1455,
1859,2318,1608,
2059,2565,1779,
2275,2835,1968,
2512,3123,2173,
2767,3440,2392,
3043,3779,2628,
3343,4143,2882,
3663,4536,3151,
4009,4956,3443,
4378,5407,3760,
4773,5890,4096,
5194,6402,4451,
5639,6944,4834,
6114,7520,5237,
6614,8123,5657,
7143,8760,6105,
7697,9430,6574,
8278,10130,7064,
8886,10862,7577,
9521,11622,8111,
10179,12409,8671,
10861,13227,9241,
11565,14070,9835,
12290,14935,10444,
13037,15822,11068,
13801,16726,11708,
14581,17651,12361,
15375,18593,13021,
16179,19541,13694,
16993,20500,14379,
17810,21464,15068,
18626,22429,15744,
19440,23384,16420,
20248,24328,17094,
21048,25260,17760,
21837,26178,18414,
22588,27051,19033,
23342,27926,19660,
24099,28808,20300,
24826,29650,20900,
25522,30451,21477,
26192,31222,22027,
26836,31953,22561,
27451,32659,23066,
28035,33324,23548,
28578,33938,24001,
29086,34517,24419,
29556,35045,24803,
29978,35514,25150,
30356,35930,25465,
30705,36318,25751,
31023,36660,26011,
31303,36967,26240,
31555,37234,26441,
31766,37456,26607,
31937,37630,26744,
32074,37769,26864,
32173,37861,26947,
32240,37916,27002,
32272,37926,27022,
32268,37900,27016,
32234,37839,26983,
32167,37736,26922,
32072,37603,26845,
31951,37440,26737,
31804,37249,26617,
31629,37024,26470,
31431,36777,26305,
31210,36500,26116,
30967,36198,25908,
30706,35878,25686,
30423,35530,25450,
30124,35167,25202,
29810,34788,24938,
29477,34387,24666,
29131,33971,24374,
28775,33546,24082,
28406,33108,23768,
28026,32654,23451,
27640,32191,23129,
27249,31724,22803,
26848,31245,22457,
26441,30764,22116,
26024,30270,21772,
25603,29771,21420,
25181,29271,21070,
24754,28769,20719,
24327,28265,20363,
23898,27761,20004,
23470,27263,19648,
23038,26754,19285,
22609,26245,18927,
22173,25738,18564,
21734,25227,18206,
21296,24715,17840,
20861,24206,17469,
20426,23694,17101,
20000,23192,16750,
19577,22701,16394,
19158,22209,16039,
18747,21731,15684,
18337,21250,15351,
17931,20775,15012,
17527,20309,14676,
17132,19849,14353,
16741,19394,14028,
16357,18944,13704,
15978,18503,13384,
15605,18073,13076,
15239,17650,12766,
14874,17229,12466,
14519,16815,12169,
14169,16410,11876,
13828,16016,11588,
13493,15624,11309,
13161,15238,11032,
12839,14864,10762,
12521,14492,10488,
12213,14133,10233,
11912,13783,9981,
11615,13441,9739,
11326,13107,9496,
11043,12779,9259,
10766,12460,9030,
10498,12150,8804,
10234,11845,8581,
9976,11546,8362,
9724,11254,8156,
9479,10973,7954,
9242,10700,7759,
9011,10431,7560,
8783,10168,7370,
8562,9911,7185,
8348,9663,7005,
8140,9420,6831,
7937,9186,6661,
7741,8957,6494,
7546,8733,6334,
7360,8517,6178,
7176,8303,6022,
6997,8098,5872,
6826,7897,5729,
6657,7708,5590,
6494,7520,5455,
6335,7338,5322,
6181,7159,5191,
6032,6984,5070,
5887,6815,4947,
5746,6653,4827,
5609,6497,4715,
5475,6343,4601,
5348,6193,4487,
5223,6046,4381,
5103,5905,4277,
4986,5772,4180,
4873,5644,4090,
4763,5518,3999,
4656,5394,3912,
4553,5274,3825,
4451,5157,3739,
4353,5042,3658,
4258,4933,3578,
4166,4828,3497,
4076,4726,3424,
3990,4627,3352,
3907,4532,3286,
3825,4438,3218,
3747,4347,3150,
3669,4259,3084,
3596,4170,3020,
3523,4085,2960,
3455,4006,2902,
3387,3928,2846,
3322,3854,2790,
3257,3781,2736,
3197,3708,2687,
3136,3640,2637,
3079,3573,2589,
3023,3507,2541,
2968,3445,2493,
2915,3383,2450,
2864,3325,2407,
2813,3267,2363,
2766,3215,2325,
2718,3158,2286,
2672,3107,2247,
2628,3053,2206,
2584,3002,2171,
2541,2952,2134,
2502,2905,2098,
2461,2857,2064,
2423,2813,2034,
2385,2770,2002,
2348,2728,1974,
2314,2689,1944,
2278,2648,1914,
2246,2608,1886,
2213,2570,1859,
2181,2535,1835,
2150,2498,1808,
2120,2464,1782,
2091,2431,1758,
2062,2399,1734,
2034,2365,1712,
2005,2333,1686,
1979,2299,1663,
1953,2268,1638,
1926,2238,1618,
1902,2207,1596,
1876,2182,1577,
1853,2153,1557,
1830,2127,1540,
1808,2103,1520,
1786,2078,1500,
1764,2054,1482,
1744,2029,1465,
1723,2006,1447,
1704,1981,1431,
1684,1959,1416,
1666,1938,1402,
1646,1916,1388,
1628,1897,1373,
1610,1874,1356,
1592,1853,1338,
1574,1830,1321,
1557,1809,1308,
1541,1788,1292,
1523,1772,1279,
1507,1753,1265,
1491,1733,1253,
1476,1715,1238,
1460,1698,1226,
1444,1680,1213,
1430,1663,1202,
1415,1647,1188,
1400,1629,1176,
1387,1612,1164,
1372,1596,1153,
1358,1581,1144,
1346,1566,1133,
1331,1551,1121,
1319,1534,1109,
1306,1518,1096,
1293,1501,1086,
1280,1485,1073,
1268,1473,1066,
1256,1458,1055,
1245,1445,1042,
1233,1433,1035,
1221,1420,1027,
1209,1407,1015,
1198,1393,1006,
1188,1381,996,
1176,1370,988,
1166,1357,979,
1155,1343,973,
1144,1332,963,
1134,1320,953,
1124,1308,946,
1114,1295,937,
1105,1283,925,
1094,1271,918,
1085,1258,908,
1075,1249,904,
1066,1239,897,
1056,1227,888,
1047,1217,880,
1038,1207,873,
1029,1199,865,
1020,1187,859,
1012,1175,850,
1002,1164,841,
994,1154,834,
986,1146,828,
978,1136,824,
969,1127,816,
961,1119,809,
952,1107,799,
945,1096,792,
936,1087,785,
929,1077,779,
921,1068,772,
914,1061,766,
905,1053,761,
899,1043,754,
890,1034,747,
884,1028,744,
876,1019,739,
869,1009,730,
862,1000,724,
855,992,718,
848,987,713,
841,980,709,
835,970,702,
827,964,697,
821,954,688,
814,944,682,
808,936,675,
801,928,672,
796,920,664,
788,914,662,
783,907,656,
776,900,652,
771,894,646,
764,887,643,
758,879,638,
752,874,632,
746,865,625,
740,859,621,
735,853,618,
729,847,614,
723,840,609,
717,834,604,
712,827,600,
706,819,595,
700,811,589,
696,802,583,
689,797,581,
685,794,576,
679,787,571,
674,782,567,
669,775,562,
664,769,557,
659,764,554,
653,758,549,
649,752,546,
644,746,540,
639,740,537,
634,737,534,
629,730,529,
625,727,526,
620,720,522,
615,712,518,
611,706,512,
606,701,509,
601,695,502,
597,692,500,
593,686,497,
588,680,494,
584,675,491,
579,670,487,
576,664,482,
571,661,479,
567,656,476,
563,651,472,
559,646,469,
554,643,468,
551,639,465,
546,634,462,
543,629,457,
538,624,454,
535,618,447,
531,613,444,
527,608,440,
523,603,441,
519,600,436,
516,595,433,
512,591,431,
509,587,429,
505,583,426,
502,579,422,
498,575,420,
494,571,415,
491,566,412,
488,564,411,
484,560,408,
481,558,406,
477,552,403,
475,548,398,
470,544,395,
467,540,393,
464,535,388,
461,531,386,
458,528,384,
454,526,381,
452,521,379,
448,517,375,
446,514,373,
442,511,372,
439,506,367,
436,503,367,
433,499,363,
430,498,365,
428,495,361,
424,491,360,
421,488,357,
419,483,353,
416,478,348,
413,475,346,
410,469,341,
407,468,341,
405,466,341,
402,462,337,
400,460,335,
396,458,335,
395,455,334,
391,452,331,
389,448,328,
387,446,325,
384,443,322,
381,441,322,
380,437,320,
376,437,320,
375,434,318,
372,428,314,
369,425,308,
367,421,308,
365,417,303,
362,415,304,
360,414,302,
358,411,299,
355,408,297,
353,407,296,
352,404,296,
349,401,293,
346,397,292,
345,396,290,
342,393,289,
340,392,288,
338,390,285,
336,389,284,
334,386,284,
332,383,280,
330,378,277,
328,377,275,
326,373,272,
323,370,270,
322,369,268,
320,367,267,
318,365,267,
316,363,266,
315,361,264,
312,358,263,
310,355,260,
309,353,258,
307,351,257,
305,348,255,
303,348,255,
301,347,256,
300,346,254,
298,342,251,
296,339,249,
295,337,247,
292,333,244,
292,332,244,
289,332,245,
288,330,242,
286,328,241,
285,326,240,
283,325,238,
282,323,237,
279,320,236,
279,319,234,
277,318,233,
275,316,233,
274,315,232,
272,314,231,
270,312,232,
270,310,229,
267,306,225,
267,303,223,
264,300,219,
264,300,219,
262,299,221,
260,297,220,
259,297,219,
258,294,217,
256,293,216,
255,291,212,
254,289,213,
252,289,214,
251,287,211,
250,286,209,
248,286,211,
247,284,209,
246,283,209,
245,280,208,
243,277,205,
242,275,202,
240,272,200,
240,271,199,
238,271,199,
237,270,199,
236,269,198,
235,267,196,
233,266,195,
232,266,195,
232,264,195,
230,263,195,
229,259,191,
228,257,189,
226,258,192,
226,257,192,
225,257,190,
223,255,190,
223,252,187,
221,248,185,
220,249,182,
220,248,182,
218,246,182,
217,247,182,
216,246,181,
215,244,180,
214,244,181,
214,242,180,
212,241,177,
211,240,178,
210,239,178,
210,237,176,
208,238,177,
207,237,175,
207,237,177,
205,235,174,
205,231,172,
204,229,167,
202,229,168,
202,226,167,
201,228,169,
200,228,169,
200,225,167,
198,224,167,
197,224,167,
197,223,166,
196,224,166,
195,222,165,
194,221,164,
193,219,162,
193,220,163,
191,219,163,
191,219,164,
190,218,164,
189,216,161,
189,212,156,
187,212,157,
187,209,155,
186,208,153,
186,209,154,
184,207,152,
184,207,152,
183,208,154,
183,206,153,
181,205,153,
181,204,153,
181,204,152,
179,203,151,
179,203,153,
178,203,152,
178,204,151,
177,202,150,
176,201,150,
175,200,148,
175,198,149,
174,195,143,
174,194,144,
172,195,145,
173,194,144,
171,193,143,
171,193,144,
170,192,142,
170,190,141,
169,190,140,
168,190,140,
168,189,140,
167,189,141,
167,190,143,
166,189,142,
165,189,141,
165,188,141,
164,184,137,
164,184,136,
163,181,135,
163,183,135,
162,182,137,
161,182,136,
161,180,134,
161,180,135,
160,180,135,
159,179,133,
159,178,132,
158,178,130,
158,178,131,
157,179,132,
157,180,135,
156,177,133,
156,178,133,
155,176,133,
155,174,130,
155,172,129,
153,171,128,
154,171,127,
153,172,128,
152,171,128,
152,170,127,
151,169,127,
151,170,126,
151,169,126,
150,168,126,
149,166,125,
150,167,126,
148,168,126,
149,168,126,
148,169,127,
147,170,129,
147,167,127,
147,164,123,
146,164,124,
145,162,120,
146,160,120,
145,162,120,
144,161,120,
144,161,120,
144,161,120,
143,162,121,
143,163,122,
142,162,121,
142,159,118,
142,159,119,
141,158,119,
141,159,120,
141,160,120,
140,160,121,
140,158,119,
139,156,118,
139,154,115,
139,153,114,
138,151,114,
138,151,113,
137,152,114,
138,153,115,
136,152,115,
137,152,115,
136,151,114,
136,153,114,
136,151,117,
135,152,116,
135,152,115,
134,152,115,
135,153,115,
134,152,115,
133,151,114,
133,148,112,
133,149,111,
133,146,109,
132,145,108,
132,145,110,
132,147,109,
131,146,111,
131,146,109,
131,147,110,
131,145,110,
130,145,108,
130,144,109,
129,144,108,
129,145,109,
129,146,111,
129,145,109,
129,145,110,
128,145,110,
128,143,107,
127,142,107,
127,142,107,
127,141,106,
127,140,106,
127,140,106,
126,141,107,
126,139,105,
126,139,105,
125,140,105,
125,139,103,
125,139,105,
125,139,105,
124,138,103,
125,139,105,
124,139,105,
123,140,105,
124,138,106,
123,138,105,
123,135,102,
123,136,103,
122,135,101,
123,135,102,
122,134,100,
122,135,102,
121,135,101,
122,134,101,
121,134,101,
121,135,102,
120,134,102,
121,134,102,
120,135,102,
121,134,102,
119,135,103,
120,136,103,
120,134,103,
119,134,101,
119,130,99,
119,130,99,
118,129,98,
119,131,99,
118,130,98,
118,131,98,
118,132,100,
118,130,101,
117,131,99,
117,130,97,
117,131,98,
117,130,95,
117,128,96,
116,130,97,
117,131,98,
116,131,98,
116,131,100,
116,129,98,
115,128,97,
116,126,96,
115,124,94,
115,126,95,
115,125,96,
114,125,95,
115,126,96,
114,125,94,
115,125,96,
114,126,95,
114,126,96,
113,129,98,
114,126,97,
113,126,96,
113,128,96,
114,127,97,
112,127,98,
113,126,96,
113,124,94,
112,123,93,
113,122,90,
112,121,91,
112,123,93,
111,123,93,
112,123,94,
112,122,93,
111,123,94,
111,123,92,
111,123,93,
111,123,92,
111,124,94,
110,123,93,
111,123,95,
110,124,94,
110,124,96,
110,123,93,
110,120,91,
110,121,90,
109,119,88,
110,120,90,
109,120,92,
109,120,90,
109,119,90,
109,120,90,
109,121,93,
109,120,91,
109,120,91,
108,119,90,
108,118,90,
109,119,91,
108,121,92,
108,121,90,
108,122,93,
108,120,93,
107,119,90,
107,118,90,
108,117,87,
107,115,86,
107,117,88,
107,117,89,
107,118,89,
107,119,89,
107,118,90,
106,116,88,
107,118,88,
106,118,89,
107,118,89,
106,117,90,
106,118,90,
106,118,90,
105,118,91,
106,119,92,
106,116,89,
105,115,87,
105,114,86,
106,114,85,
105,116,87,
105,115,86,
105,115,88,
105,117,89,
104,116,87,
105,115,89,
105,115,87,
104,115,88,
104,115,88,
105,116,88,
104,116,89,
104,116,90,
104,118,89,
104,116,89,
104,114,87,
104,113,84,
103,112,86,
104,112,84,
103,113,85,
103,112,84,
103,113,84,
103,113,85,
103,115,87,
103,113,86,
103,112,86,
103,112,85,
102,113,85,
103,112,84,
103,114,88,
102,115,88,
102,114,89,
103,115,87,
102,113,85,
102,112,85,
102,111,84,
102,109,84,
102,112,84,
102,112,85,
101,113,86,
102,113,85,
101,111,85,
102,112,84,
101,111,86,
102,111,84,
101,111,85,
101,110,81,
101,111,85,
101,112,85,
101,114,87,
101,114,87,
101,111,86,
101,109,83,
101,109,84,
100,108,83,
101,110,85,
100,110,84,
101,109,84,
100,109,83,
100,109,84,
100,109,84,
100,110,85,
100,109,85,
100,110,86,
100,109,86,
100,109,85,
100,113,88,
100,113,90,
99,112,89,
100,111,87,
99,108,86,
100,107,86,
99,105,84,
99,107,87,
99,109,87,
100,108,89,
99,108,88,
99,108,91,
99,109,91,
99,108,91,
99,107,92,
99,108,92,
99,109,94,
98,109,95,
99,110,96,
99,110,97,
98,110,98,
99,109,97,
98,108,95,
99,107,94,
98,105,92,
98,107,94,
99,107,93,
98,107,94,
98,107,95,
98,107,96,
98,108,95,
98,106,96,
98,106,94,
98,107,95,
98,106,96,
98,108,95,
97,108,97,
98,109,97,
98,109,98,
98,108,97,
98,107,93,
97,106,93,
98,105,92,
97,105,92,
98,107,94,
97,106,92,
97,105,92,
98,105,91,
97,107,94,
97,106,92,
97,106,92,
97,105,91,
97,106,91,
97,106,92,
97,108,93,
97,109,94,
97,109,92,
97,108,91,
97,106,88,
97,104,87,
96,104,87,
97,104,86,
96,105,88,
97,105,88,
97,105,88,
96,106,89,
96,106,87,
97,105,88,
96,106,87,
96,106,87,
96,106,86,
97,105,86,
96,107,89,
96,107,88,
96,108,89,
96,106,87,
96,104,85,
96,104,84,
96,104,84,
95,102,81,
96,103,82,
96,104,84,
95,104,82,
96,104,84,
96,104,85,
95,104,84,
96,105,84,
95,106,83,
95,105,85,
96,107,85,
95,107,86,
95,105,86,
96,107,86,
95,106,85,
95,105,82,
95,103,81,
95,102,80,
95,101,78,
95,102,81,
95,103,82,
95,102,82,
95,104,82,
95,104,81,
95,103,81,
94,103,81,
95,104,81,
95,104,80,
95,102,81,
95,105,83,
94,106,83,
95,106,83,
95,106,84,
94,103,81,
95,101,80,
94,102,79,
95,99,78,
94,100,78,
94,103,80,
95,103,81,
94,103,81,
94,102,81,
95,103,81,
94,102,81,
94,103,79,
94,102,79,
94,102,79,
94,103,79,
94,103,82,
94,106,83,
94,105,83,
94,105,81,
94,103,78,
94,102,79,
94,102,78,
94,102,79,
94,103,80,
93,103,80,
94,102,79,
94,103,80,
93,102,80,
94,102,79,
94,101,78,
93,102,79,
94,101,78,
93,102,80,
94,104,81,
93,105,81,
94,105,82,
93,104,82,
94,102,78,
93,102,77,
93,100,77,
94,100,78,
93,102,80,
93,101,78,
93,101,78,
94,102,80,
93,101,78,
93,101,77,
93,102,79,
93,102,78,
93,103,80,
93,103,81,
93,104,82,
93,103,81,
94,104,80,
93,102,81,
93,101,78,
93,100,77,
92,98,76,
93,100,76,
93,99,77,
93,100,78,
93,101,78,
92,100,78,
93,100,78,
93,101,78,
92,102,78,
93,101,77,
93,102,78,
92,102,78,
93,103,82,
93,104,80,
92,104,80,
93,103,79,
92,100,78,
93,100,78,
92,100,76,
92,99,75,
93,99,75,
92,100,78,
93,101,77,
92,100,77,
93,99,76,
92,100,77,
92,101,77,
92,101,78,
93,101,79,
92,101,77,
92,102,79,
92,103,81,
93,103,80,
92,102,79,
92,98,75,
92,99,76,
92,99,75,
92,99,76,
92,99,76,
92,99,76,
92,100,77,
92,100,77,
92,100,75,
92,101,77,
92,99,76,
92,100,76,
92,100,77,
92,100,76,
92,102,80,
92,102,78,
92,103,79,
91,103,79,
92,100,79,
92,99,75,
92,98,75,
92,97,73,
91,99,75,
92,99,74,
92,98,76,
91,99,77,
92,99,76,
92,99,76,
91,99,77,
92,100,77,
91,101,77,
92,100,77,
91,101,79,
92,101,79,
92,103,79,
91,102,77,
92,100,75,
91,98,75,
91,98,75,
92,98,75,
91,98,77,
92,99,76,
91,100,75,
91,100,77,
91,100,77,
92,99,76,
91,99,74,
91,99,75,
92,98,76,
91,99,76,
91,100,77,
91,101,78,
91,103,79,
92,102,79,
91,100,77,
91,99,75,
91,98,75,
91,97,73,
91,97,74,
91,99,76,
91,100,76,
91,99,77,
91,99,77,
91,99,76,
91,99,74,
91,99,77,
91,98,76,
91,99,76,
91,100,77,
91,101,78,
91,100,78,
91,100,78,
91,99,76,
91,98,76,
91,97,74,
90,96,73,
91,97,74,
91,98,75,
90,98,75,
91,98,75,
91,98,77,
91,98,75,
90,99,76,
91,99,76,
91,99,77,
90,98,76,
91,99,78,
91,101,79,
90,102,79,
91,101,78,
91,100,77,
90,98,75,
91,97,74,
90,97,74,
91,98,76,
90,98,74,
91,99,75,
91,98,75,
90,98,76,
91,97,76,
90,99,76,
91,98,77,
90,98,76,
91,98,76,
90,98,76,
90,101,78,
91,100,78,
90,100,79,
91,99,76,
90,97,75,
90,97,74,
91,96,73,
90,97,75,
91,98,77,
90,98,76,
90,99,76,
90,98,77,
91,98,75,
90,99,75,
90,98,75,
90,99,75,
91,98,75,
90,99,76,
90,99,77,
90,100,78,
91,101,77,
90,99,76,
90,97,74,
90,98,74,
90,96,73,
90,96,74,
90,97,74,
91,98,75,
90,98,75,
90,99,76,
90,98,76,
90,97,77,
90,98,76,
90,97,76,
90,99,76,
90,97,75,
90,100,77,
90,99,77,
90,101,78,
90,99,76,
90,97,74,
90,98,74,
89,96,72,
90,96,74,
90,98,75,
90,98,76,
90,97,75,
90,97,75,
89,98,74,
90,99,76,
90,99,76,
90,98,75,
90,99,75,
89,97,75,
90,100,76,
90,99,76,
90,101,79,
90,99,76,
89,96,73,
90,96,74,
90,96,73,
90,96,73,
89,97,74,
90,97,76,
90,98,75,
90,98,76,
89,97,76,
90,99,74,
89,98,74,
90,97,75,
90,97,74,
89,98,76,
90,100,78,
90,99,77,
89,100,79,
90,98,77,
90,98,74,
89,96,75,
90,95,73,
89,96,73,
90,97,74,
89,96,73,
90,97,74,
89,97,74,
90,97,73,
89,98,75,
90,97,75,
89,98,74,
90,97,73,
89,97,75,
90,101,78,
89,100,77,
90,100,79,
89,99,75,
89,98,75,
90,96,74,
89,96,74,
90,95,72,
89,96,74,
90,97,74,
89,97,74,
89,98,76,
90,99,75,
89,98,76,
90,97,75,
90,97,74,
89,98,75,
90,98,74,
90,100,76,
90,100,77,
90,102,78,
90,100,77,
91,99,76,
91,98,75,
91,99,75,
91,97,74,
93,100,76,
92,103,77,
94,103,78,
94,104,78,
96,105,81,
97,108,81,
98,109,83,
100,112,86,
103,115,87,
105,118,90,
108,122,94,
112,129,96,
116,135,104,
121,142,107,
126,149,110,
134,155,114,
141,165,121,
151,175,127,
161,189,139,
173,205,150,
187,225,164,
203,245,177,
222,268,193,
244,295,211,
267,327,231,
295,362,256,
327,403,284,
362,447,313,
403,499,350,
448,559,393,
500,625,438,
557,697,490,
623,778,545,
694,866,603,
776,968,673,
866,1079,749,
966,1205,837,
1078,1345,937,
1200,1499,1043,
1336,1669,1159,
1485,1853,1288,
1648,2056,1428,
1828,2279,1579,
2025,2521,1750,
2238,2785,1934,
2471,3071,2134,
2723,3384,2350,
2996,3719,2585,
3291,4082,2837,
3609,4471,3109,
3951,4886,3394,
4316,5329,3704,
4708,5806,4038,
5125,6312,4391,
5570,6852,4772,
6041,7426,5168,
6539,8032,5589,
7065,8666,6036,
7617,9334,6501,
8197,10031,6991,
8804,10760,7506,
9437,11520,8039,
10094,12309,8591,
10776,13120,9162,
11484,13966,9759,
12212,14836,10368,
12960,15727,10994,
13725,16637,11639,
14507,17566,12294,
15306,18508,12961,
16116,19464,13637,
16934,20429,14320,
17758,21399,15010,
18581,22368,15695,
19399,23328,16373,
20217,24282,17053,
21028,25234,17730,
21830,26166,18397,
22619,27087,19055,
23392,27983,19702,
24148,28860,20325,
24888,29720,20947,
25614,30562,21546,
26326,31382,22136,
27006,32161,22696,
27643,32889,23224,
28248,33575,23723,
28819,34222,24194,
29356,34829,24632,
29856,35394,25041,
30302,35892,25408,
30701,36338,25740,
31075,36752,26047,
31421,37130,26337,
31734,37474,26595,
32008,37770,26817,
32241,38017,27003,
32439,38226,27161,
32598,38388,27286,
32719,38503,27383,
32809,38581,27462,
32864,38623,27509,
32881,38623,27510,
32868,38584,27496,
32825,38512,27457,
32753,38401,27398,
32654,38264,27311,
32528,38098,27205,
32376,37900,27074,
32201,37674,26928,
31999,37424,26756,
31776,37149,26575,
31533,36847,26372,
31270,36524,26156,
30988,36184,25912,
30690,35824,25660,
30379,35446,25402,
30056,35055,25135,
29717,34650,24850,
29367,34230,24558,
29005,33797,24256,
28630,33349,23945,
28247,32893,23619,
27856,32421,23290,
27461,31953,22962,
27057,31478,22623,
26648,30994,22281,
26233,30506,21934,
25815,30010,21589,
25396,29515,21240,
24973,29021,20882,
24551,28524,20539,
24128,28022,20187,
23702,27524,19831,
23274,27026,19472,
22843,26520,19111,
22414,26015,18755,
21985,25515,18398,
21562,25018,18044,
21138,24528,17693,
20717,24034,17341,
20302,23548,16989,
19890,23064,16647,
19484,22589,16307,
19079,22113,15967,
18677,21648,15630,
18281,21185,15303,
17887,20729,14975,
17502,20281,14657,
17120,19836,14339,
16744,19403,14019,
16374,18973,13712,
16009,18548,13406,
15651,18133,13109,
15301,17721,12813,
14953,17317,12526,
14614,16924,12241,
14281,16544,11968,
13955,16167,11697,
13635,15792,11429,
13322,15425,11164,
13014,15068,10906,
12713,14719,10655,
12419,14382,10411,
12131,14050,10168,
11849,13722,9931,
11573,13404,9702,
11304,13092,9475,
11039,12786,9251,
10781,12484,9037,
10531,12193,8825,
10285,11912,8625,
10047,11634,8422,
9812,11364,8231,
9585,11100,8039,
9364,10846,7856,
9146,10596,7676,
8935,10350,7496,
8730,10111,7322,
8528,9876,7152,
8333,9650,6986,
8142,9432,6826,
7956,9215,6672,
7776,9006,6520,
7599,8804,6374,
7428,8607,6230,
7261,8413,6091,
7099,8225,5958,
6940,8043,5823,
6787,7868,5696,
6640,7696,5572,
6495,7530,5454,
6354,7368,5338,
6217,7210,5223,
6085,7057,5111,
5957,6908,5000,
5832,6763,4895,
5711,6625,4793,
5594,6484,4691,
5478,6352,4596,
5366,6223,4503,
5259,6097,4415,
5152,5977,4326,
5051,5860,4240,
4951,5745,4154,
4855,5634,4075,
4761,5525,3998,
4670,5419,3922,
4582,5319,3846,
4496,5220,3774,
4412,5124,3705,
4330,5028,3637,
4252,4939,3575,
4176,4850,3509,
4101,4762,3443,
4030,4677,3383,
3959,4595,3323,
3892,4519,3266,
3825,4442,3210,
3761,4368,3159,
3698,4297,3106,
3638,4228,3053,
3578,4155,3004,
3520,4090,2955,
3464,4027,2908,
3411,3965,2864,
3357,3905,2818,
3305,3844,2777,
3255,3785,2735,
3206,3729,2695,
3159,3674,2656,
3112,3620,2616,
3067,3566,2576,
3023,3514,2536,
2979,3463,2500,
2938,3416,2464,
2898,3370,2429,
2858,3325,2398,
2818,3278,2364,
2781,3236,2333,
2744,3192,2302,
2708,3151,2272,
2673,3108,2244,
2639,3070,2216,
2605,3031,2187,
2572,2994,2160,
2540,2957,2134,
2509,2920,2105,
2478,2886,2081,
2448,2851,2056,
2419,2815,2028,
2390,2783,2005,
2362,2747,1981,
2334,2715,1959,
2307,2683,1937,
2281,2654,1917,
2256,2624,1893,
2230,2595,1872,
2205,2567,1853,
2181,2539,1833,
2157,2511,1813,
2133,2485,1789,
2111,2456,1770,
2087,2430,1752,
2066,2406,1738,
2043,2380,1717,
2022,2356,1702,
2000,2329,1681,
1980,2304,1661,
1959,2277,1642,
1939,2255,1627,
1920,2232,1611,
1901,2211,1595,
1882,2189,1580,
1862,2167,1565,
1844,2147,1549,
1826,2125,1534,
1808,2104,1518,
1791,2084,1503,
1773,2065,1489,
1756,2045,1476,
1739,2024,1461,
1722,2007,1449,
1706,1987,1434,
1690,1968,1422,
1673,1950,1409,
1659,1930,1391,
1643,1912,1380,
1627,1894,1365,
1613,1874,1352,
1598,1859,1340,
1583,1843,1327,
1569,1826,1316,
1555,1810,1304,
1540,1793,1291,
1527,1777,1280,
1513,1761,1269,
1500,1746,1260,
1486,1731,1248,
1473,1714,1237,
1460,1699,1228,
1447,1685,1218,
1434,1672,1208,
1422,1657,1197,
1409,1641,1187,
1397,1624,1174,
1384,1609,1162,
1373,1594,1151,
1361,1581,1144,
1349,1569,1133,
1337,1555,1124,
1326,1542,1113,
1315,1528,1104,
1303,1515,1093,
1292,1502,1083,
1281,1490,1075,
1270,1479,1067,
1260,1467,1058,
1249,1453,1049,
1238,1443,1043,
1228,1431,1037,
1218,1420,1024,
1207,1405,1015,
1198,1392,1004,
1187,1379,996,
1178,1366,987,
1167,1357,978,
1158,1345,972,
1148,1335,962,
1139,1323,954,
1129,1314,949,
1120,1302,940,
1111,1290,934,
1102,1280,926,
1092,1269,917,
1084,1261,908,
1075,1251,902,
1066,1242,898,
1058,1233,892,
1049,1223,885,
1040,1211,876,
1032,1198,867,
1024,1189,859,
1015,1178,850,
1007,1171,845,
999,1162,840,
992,1152,833,
983,1142,826,
975,1134,821,
967,1125,815,
960,1115,806,
952,1108,800,
945,1099,795,
937,1088,787,
930,1081,780,
922,1073,779,
915,1065,772,
908,1058,766,
901,1046,758,
894,1038,750,
887,1028,743,
879,1020,737,
874,1013,733,
866,1006,728,
860,997,722,
852,991,717,
846,983,712,
840,975,705,
833,967,701,
826,959,695,
821,953,690,
814,945,686,
807,937,679,
802,933,677,
795,924,670,
790,917,668,
783,910,660,
777,901,652,
772,894,647,
765,887,640,
760,879,636,
754,874,633,
748,868,630,
743,862,624,
737,854,620,
731,847,614,
726,840,610,
721,835,605,
715,830,601,
710,824,597,
705,817,593,
699,812,590,
695,806,586,
689,801,583,
684,794,577,
679,784,570,
673,778,566,
669,773,562,
664,767,557,
659,762,554,
655,757,550,
649,752,547,
645,745,541,
640,742,537,
635,735,534,
630,731,530,
626,725,526,
622,719,522,
617,715,517,
612,710,515,
608,706,513,
603,701,509,
599,694,505,
594,687,500,
591,683,496,
586,677,493,
582,670,486,
577,667,483,
574,663,480,
569,659,478,
565,653,474,
562,649,470,
557,644,468,
554,640,465,
549,636,462,
545,631,459,
542,628,457,
538,624,456,
534,619,451,
531,616,450,
526,611,447,
523,604,441,
519,598,435,
516,595,433,
512,591,429,
508,587,429,
505,584,426,
502,579,423,
498,574,418,
495,570,417,
492,567,414,
488,564,412,
484,559,408,
482,557,404,
478,554,400,
475,558,408,
472,553,404,
469,547,399,
465,540,393,
462,535,389,
460,529,384,
456,524,382,
453,520,378,
450,517,376,
447,512,372,
444,509,371,
442,507,368,
439,506,369,
435,502,366,
433,499,362,
430,497,361,
428,492,360,
424,489,355,
421,488,357,
419,484,354,
416,483,353,
414,478,351,
410,474,346,
408,469,341,
406,466,341,
402,462,336,
401,460,335,
397,458,334,
395,456,332,
393,452,330,
390,449,329,
388,447,327,
385,444,323,
383,440,324,
381,439,321,
378,436,318,
376,434,319,
373,431,314,
371,428,312,
369,426,311,
367,423,309,
364,417,304,
362,414,303,
359,411,300,
358,410,300,
355,409,300,
354,407,296,
351,404,295,
349,403,294,
347,399,291,
345,397,291,
343,394,289,
340,392,285,
339,388,284,
337,388,285,
335,386,284,
333,385,285,
331,383,281,
329,380,278,
327,375,274,
325,373,272,
323,370,270,
322,367,268,
319,366,268,
318,364,267,
316,362,265,
314,360,264,
312,358,264,
311,355,260,
308,354,258,
307,351,257,
305,350,256,
304,349,255,
302,347,254,
300,345,253,
298,344,253,
297,342,252,
295,338,248,
294,337,247,
292,332,242,
290,331,243,
289,331,241,
287,328,241,
286,327,240,
284,325,239,
282,324,238,
282,322,238,
279,319,235,
278,318,233,
277,317,233,
275,314,232,
274,315,232,
272,313,232,
271,312,230,
270,308,228,
268,306,225,
266,304,223,
265,302,221,
264,300,220,
262,300,221,
262,298,220,
259,296,217,
259,295,217,
257,294,216,
256,292,214,
254,290,214,
253,288,213,
252,288,211,
251,285,212,
250,286,212,
248,284,209,
247,285,211,
245,283,209,
245,279,207,
243,277,204,
242,276,202,
241,273,200,
240,274,200,
239,271,199,
237,271,200,
237,270,198,
235,269,197,
235,268,197,
233,266,195,
232,263,194,
231,262,194,
230,261,193,
229,263,194,
228,261,193,
227,261,194,
226,260,191,
225,256,189,
224,254,186,
222,254,185,
222,250,182,
221,250,183,
220,249,183,
218,249,184,
218,247,185,
217,247,183,
216,245,182,
215,245,181,
214,242,178,
214,243,179,
212,241,178,
211,243,179,
211,239,176,
209,240,180,
209,239,178,
207,236,174,
207,234,172,
206,231,171,
205,229,168,
204,230,169,
204,230,169,
202,229,169,
202,228,169,
201,227,168,
200,228,167,
199,227,166,
198,226,165,
198,224,166,
197,223,166,
196,225,168,
195,223,167,
194,224,169,
194,223,167,
193,221,164,
192,217,160,
191,216,160,
191,214,160,
190,214,159,
189,214,159,
188,212,158,
188,211,156,
187,211,155,
186,212,157,
186,209,156,
185,209,153,
184,208,154,
183,207,153,
183,207,154,
182,207,154,
181,207,155,
181,206,152,
180,205,152,
180,201,148,
179,200,148,
178,200,147,
177,198,147,
177,199,147,
176,199,147,
176,198,146,
175,197,147,
175,196,147,
173,195,145,
174,196,146,
172,195,144,
172,194,145,
172,194,146,
171,195,147,
170,195,145,
170,193,144,
169,193,144,
169,190,141,
167,189,139,
168,186,137,
167,187,138,
166,187,139,
166,187,140,
165,186,140,
165,186,138,
164,183,137,
163,183,137,
164,183,135,
162,183,135,
163,183,138,
161,184,138,
161,185,138,
161,183,138,
160,183,139,
160,181,136,
159,178,133,
159,178,131,
158,175,130,
158,176,131,
157,176,132,
156,175,130,
157,175,130,
156,175,132,
155,175,131,
155,174,130,
154,173,129,
154,173,128,
154,172,128,
153,173,127,
153,172,130,
152,173,129,
152,173,131,
151,171,130,
151,168,125,
151,168,123,
150,166,123,
150,165,123,
149,168,125,
149,167,124,
148,166,123,
149,165,123,
147,166,123,
148,166,125,
146,165,123,
147,166,123,
146,164,123,
146,164,123,
145,166,125,
145,165,125,
145,165,126,
144,163,123,
144,162,120,
144,159,120,
143,158,117,
143,159,117,
142,158,118,
142,158,118,
142,157,115,
141,158,117,
141,159,118,
141,157,117,
140,156,117,
140,156,117,
140,156,117,
139,156,118,
139,157,121,
139,157,118,
139,158,120,
138,157,118,
137,154,115,
138,153,114,
137,153,114,
137,151,112,
136,152,113,
136,152,114,
136,150,112,
136,151,114,
135,152,113,
135,150,113,
135,150,112,
134,149,113,
134,150,113,
134,150,112,
134,151,112,
133,150,112,
133,151,115,
133,150,113,
132,149,112,
132,146,110,
132,146,108,
131,145,108,
132,146,109,
131,146,108,
131,146,109,
130,146,109,
130,145,109,
130,145,106,
130,144,109,
130,144,108,
129,144,108,
129,143,108,
128,144,110,
129,145,110,
128,146,110,
128,144,110,
128,143,107,
127,140,106,
128,141,106,
127,139,104,
127,140,105,
126,141,106,
127,141,108,
126,140,106,
126,141,106,
125,140,105,
126,139,105,
125,139,105,
125,140,104,
125,139,105,
124,140,105,
124,139,106,
125,140,108,
123,140,106,
124,139,104,
124,135,102,
123,137,101,
123,135,101,
123,135,102,
122,137,103,
123,137,103,
122,137,104,
122,135,102,
122,136,101,
121,135,103,
122,135,102,
121,135,101,
121,134,102,
121,137,102,
121,135,103,
120,136,104,
121,137,102,
120,135,102,
120,132,99,
120,132,99,
119,131,99,
120,130,98,
119,133,101,
119,130,99,
119,130,97,
118,131,99,
119,131,98,
118,131,98,
118,130,99,
118,131,100,
118,131,100,
118,131,101,
117,132,100,
118,131,100,
117,133,102,
117,132,98,
117,128,96,
117,129,96,
116,128,94,
117,127,95,
116,129,96,
116,127,97,
116,127,97,
116,128,96,
115,128,97,
116,127,96,
115,127,96,
115,127,97,
115,128,95,
115,127,97,
114,129,98,
115,129,99,
114,129,99,
115,128,96,
114,126,95,
114,127,95,
113,124,93,
114,123,93,
114,125,93,
113,126,95,
113,124,93,
113,125,95,
113,125,96,
113,125,95,
113,125,95,
113,125,96,
112,125,96,
113,125,94,
112,124,94,
112,125,96,
112,126,98,
112,125,96,
112,124,94,
111,122,93,
112,122,93,
111,120,92,
111,122,93,
111,122,95,
111,122,94,
111,122,95,
111,122,93,
111,122,95,
110,122,95,
110,122,95,
111,121,96,
110,122,97,
110,123,99,
110,122,98,
110,124,100,
110,124,100,
109,121,97,
110,121,98,
109,121,98,
110,119,95,
109,119,98,
109,120,99,
109,120,99,
109,119,100,
108,120,101,
109,120,101,
109,120,101,
108,118,101,
108,118,100,
109,118,101,
108,121,104,
108,120,104,
108,121,105,
108,120,105,
108,119,103,
108,118,102,
107,118,101,
108,117,100,
107,116,101,
108,117,102,
107,118,101,
107,117,102,
107,118,102,
107,118,102,
107,117,100,
107,117,101,
107,117,102,
106,118,101,
107,119,103,
107,119,103,
106,120,102,
107,119,101,
106,118,99,
106,115,98,
106,115,96,
106,115,95,
106,115,95,
106,117,98,
105,117,97,
106,117,98,
106,116,97,
105,116,96,
106,115,95,
105,116,94,
105,115,95,
105,116,96,
105,117,97,
105,117,98,
105,117,97,
105,117,96,
105,117,95,
104,114,93,
105,114,92,
104,112,91,
105,113,91,
104,114,91,
105,114,92,
104,113,92,
104,114,92,
104,113,91,
104,113,92,
104,115,91,
104,114,92,
103,113,91,
104,114,93,
104,115,94,
103,117,94,
104,116,93,
103,114,92,
103,112,89,
103,113,89,
103,110,86,
104,112,88,
103,112,89,
103,113,90,
102,112,90,
103,113,90,
103,113,88,
102,113,89,
103,111,87,
103,113,87,
102,112,88,
103,113,89,
102,115,89,
102,114,91,
103,115,90,
102,113,89,
102,111,88,
102,112,87,
102,109,83,
101,110,85,
102,111,85,
102,110,85,
102,112,88,
101,112,87,
102,112,88,
101,111,87,
102,111,88,
101,111,87,
102,111,86,
101,111,86,
101,113,89,
101,113,87,
102,112,89,
101,111,87,
101,109,83,
101,110,84,
101,108,85,
100,110,85,
101,111,85,
101,111,86,
101,111,85,
100,110,86,
101,111,86,
100,110,85,
101,111,86,
100,111,86,
100,109,84,
101,110,85,
100,112,88,
100,112,88,
101,112,88,
100,111,88,
100,109,84,
100,108,82,
100,107,82,
100,107,83,
99,109,83,
100,109,84,
100,108,83,
100,108,85,
100,110,85,
99,108,84,
100,108,84,
99,109,84,
100,109,84,
99,109,85,
100,112,86,
99,112,88,
99,111,88,
100,110,87,
99,108,84,
99,108,82,
99,106,81,
99,108,81,
99,107,82,
99,107,82,
99,108,83,
99,109,85,
99,108,84,
99,107,81,
98,107,83,
99,108,83,
98,108,84,
99,108,84,
99,111,88,
98,110,85,
99,111,86,
98,111,85,
99,110,85,
98,106,81,
98,107,80,
98,105,80,
99,105,81,
98,118,95,
99,123,101,
98,116,92,
98,112,87,
98,109,85,
98,106,80,
98,101,76,
98,98,71,
98,102,77,
97,107,82,
98,109,84,
98,109,84,
98,109,83,
98,107,83,
97,106,80,
98,105,80,
97,104,80,
98,105,80,
97,105,82,
98,106,81,
97,106,82,
98,106,81,
97,106,83,
97,107,83,
98,107,81,
97,106,80,
97,106,82,
97,109,83,
98,108,84,
97,109,85,
97,109,82,
97,109,83,
97,105,80,
97,105,81,
97,104,78,
97,104,80,
97,106,80,
97,107,79,
96,107,82,
97,107,82,
97,106,81,
97,105,81,
96,105,81,
97,105,82,
97,106,81,
96,107,83,
97,108,81,
97,107,83,
96,108,83,
97,106,82,
96,105,82,
96,105,80,
97,104,79,
96,104,78,
96,105,80,
97,105,81,
96,105,80,
96,105,80,
96,106,80,
96,105,81,
96,106,80,
97,105,80,
96,105,79,
96,106,81,
96,107,82,
96,106,82,
96,108,83,
96,106,83,
96,105,80,
96,104,79,
95,104,77,
96,103,79,
96,104,78,
96,104,80,
96,105,80,
95,104,80,
96,106,81,
95,104,80,
96,105,81,
96,105,82,
95,104,80,
96,105,81,
96,107,84,
95,107,82,
95,107,82,
96,106,82,
95,102,78,
96,103,77,
95,101,76,
95,102,78,
96,103,79,
95,104,79,
95,104,80,
95,105,80,
96,104,80,
95,103,79,
95,104,79,
95,103,79,
95,103,79,
95,105,82,
95,107,83,
95,106,81,
96,106,82,
95,105,81,
95,104,78,
95,104,79,
94,102,76,
95,102,76,
95,103,78,
95,103,80,
95,104,79,
95,104,81,
94,103,81,
95,102,80,
95,103,79,
95,104,80,
94,104,80,
95,103,79,
95,105,81,
94,105,80,
95,106,83,
95,105,81,
94,103,78,
95,102,78,
94,102,76,
95,101,77,
94,104,80,
95,103,79,
94,102,78,
95,103,79,
94,103,79,
94,103,79,
95,103,77,
94,103,77,
94,102,78,
95,104,77,
94,105,79,
94,105,81,
95,107,84,
94,105,81,
94,102,78,
94,103,76,
94,101,77,
94,101,76,
94,101,78,
94,102,77,
94,103,78,
94,103,77,
94,104,80,
94,103,79,
94,102,77,
94,103,79,
94,103,78,
94,103,79,
94,104,80,
94,104,80,
94,105,82,
94,104,80,
93,103,79,
94,101,76,
94,103,78,
94,101,77,
93,100,76,
94,101,77,
94,101,78,
93,102,77,
94,101,77,
93,102,78,
94,102,79,
94,103,78,
93,102,80,
94,102,79,
93,104,81,
94,104,81,
93,105,82,
94,104,82,
94,102,80,
93,102,77,
93,100,78,
94,100,75,
93,100,77,
93,101,77,
94,101,77,
93,101,78,
94,103,78,
93,102,77,
93,101,78,
94,102,78,
93,102,78,
93,102,77,
93,103,79,
94,104,80,
93,105,81,
93,103,79,
93,101,77,
93,99,76,
93,100,75,
93,100,75,
94,100,76,
93,102,77,
93,101,77,
93,100,77,
93,103,80,
93,100,78,
93,102,78,
93,102,78,
93,101,78,
93,102,78,
93,102,79,
93,103,79,
92,104,81,
93,103,79,
93,102,80,
93,100,76,
93,101,78,
93,100,76,
93,101,76,
93,100,76,
92,102,76,
93,100,76,
93,100,77,
93,101,78,
93,102,79,
92,101,78,
93,101,77,
93,100,77,
93,101,76,
92,103,79,
93,102,79,
93,103,78,
93,102,77,
92,100,75,
93,100,74,
93,99,73,
93,99,76,
93,101,77,
93,101,77,
93,102,77,
93,102,78,
93,103,79,
94,102,77,
93,102,78,
94,102,77,
95,103,77,
94,105,79,
96,106,80,
96,108,84,
96,109,86,
97,109,83,
99,108,83,
100,110,83,
101,111,84,
103,114,85,
104,117,88,
108,120,91,
110,124,94,
114,129,97,
117,135,103,
122,139,103,
128,146,108,
134,154,114,
141,164,119,
149,176,128,
160,190,138,
171,203,149,
184,222,161,
199,240,173,
216,261,187,
236,286,204,
258,314,222,
284,346,244,
313,384,272,
346,426,301,
383,473,335,
425,527,371,
472,587,411,
526,654,459,
585,728,508,
652,811,566,
725,906,631,
808,1008,702,
900,1125,783,
1001,1250,870,
1112,1390,967,
1236,1542,1072,
1371,1708,1186,
1519,1890,1313,
1682,2093,1453,
1859,2310,1604,
2052,2550,1769,
2261,2808,1952,
2489,3086,2145,
2734,3388,2353,
2999,3713,2579,
3285,4062,2821,
3590,4436,3082,
3917,4834,3365,
4266,5259,3659,
4638,5712,3973,
5033,6193,4312,
5451,6701,4665,
5894,7237,5040,
6359,7797,5432,
6848,8388,5844,
7361,9003,6277,
7898,9649,6733,
8460,10317,7200,
9042,11012,7692,
9647,11740,8197,
10271,12486,8721,
10915,13253,9265,
11576,14040,9820,
12254,14847,10390,
12949,15671,10974,
13657,16508,11563,
14374,17357,12163,
15102,18216,12773,
15836,19079,13386,
16572,19948,14003,
17309,20814,14615,
18039,21669,15223,
18765,22514,15829,
19484,23355,16426,
20193,24182,17010,
20888,24991,17584,
21567,25779,18150,
22228,26540,18709,
22870,27279,19236,
23495,27996,19752,
24097,28685,20245,
24678,29354,20728,
25247,30004,21206,
25789,30620,21648,
26296,31195,22071,
26764,31729,22454,
27201,32225,22815,
27604,32677,23152,
27954,33071,23444,
28262,33402,23690,
28552,33717,23927,
28810,33995,24138,
29038,34246,24320,
29236,34455,24483,
29404,34631,24622,
29539,34770,24730,
29640,34872,24815,
29713,34928,24866,
29754,34961,24908,
29768,34954,24912,
29751,34911,24897,
29712,34844,24857,
29646,34749,24805,
29551,34621,24720,
29431,34465,24618,
29287,34275,24497,
29122,34070,24367,
28938,33842,24205,
28735,33587,24035,
28512,33306,23849,
28272,33011,23645,
28018,32703,23429,
27748,32384,23206,
27468,32047,22971,
27173,31691,22732,
26865,31324,22471,
26547,30946,22204,
26221,30557,21930,
25886,30156,21648,
25543,29748,21367,
25197,29336,21080,
24844,28915,20778,
24481,28485,20476,
24121,28058,20179,
23757,27627,19876,
23385,27194,19564,
23013,26752,19249,
22638,26307,18940,
22261,25865,18628,
21882,25417,18308,
21502,24975,17990,
21120,24531,17671,
20736,24079,17355,
20356,23631,17038,
19978,23189,16721,
19599,22744,16409,
19224,22309,16093,
18851,21877,15772,
18479,21440,15459,
18112,21009,15154,
17750,20589,14857,
17391,20174,14550,
17040,19766,14264,
16692,19359,13978,
16349,18955,13692,
16008,18559,13407,
15674,18172,13129,
15345,17787,12852,
15023,17413,12581,
14707,17049,12318,
14395,16689,12055,
14090,16332,11798,
13787,15980,11548,
13491,15634,11298,
13200,15295,11054,
12912,14964,10814,
12632,14636,10580,
12355,14315,10351,
12084,14000,10127,
11818,13697,9904,
11559,13396,9692,
11304,13101,9476,
11055,12809,9264,
10812,12530,9059,
10576,12257,8863,
10345,11988,8670,
10117,11728,8478,
9897,11471,8293,
9681,11222,8114,
9472,10979,7941,
9266,10744,7770,
9067,10510,7602,
8872,10283,7439,
8683,10063,7277,
8497,9851,7124,
8316,9642,6971,
8140,9438,6824,
7968,9244,6682,
7802,9049,6543,
7638,8863,6408,
7480,8680,6274,
7326,8498,6147,
7175,8323,6020,
7030,8155,5896,
6887,7988,5773,
6748,7829,5659,
6612,7675,5546,
6482,7522,5437,
6353,7373,5327,
6228,7230,5226,
6107,7087,5121,
5989,6949,5023,
5875,6815,4929,
5763,6687,4834,
5656,6564,4747,
5551,6447,4660,
5449,6326,4572,
5350,6211,4492,
5253,6099,4411,
5158,5991,4332,
5067,5886,4252,
4978,5781,4176,
4890,5678,4102,
4806,5579,4033,
4724,5486,3966,
4643,5394,3898,
4565,5305,3833,
4489,5216,3766,
4414,5131,3701,
4343,5053,3650,
4272,4990,3614,
4202,4900,3545,
4135,4816,3481,
4070,4739,3424,
4008,4664,3370,
3946,4592,3317,
3887,4524,3266,
3828,4454,3213,
3772,4387,3166,
3718,4324,3120,
3664,4262,3074,
3613,4199,3030,
3562,4135,2978,
3512,4076,2939,
3465,4025,2902,
3416,3973,2865,
3371,3919,2826,
3325,3868,2785,
3281,3816,2750,
3238,3766,2717,
3195,3717,2680,
3153,3670,2649,
3114,3626,2614,
3074,3580,2582,
3036,3535,2546,
2997,3488,2515,
2961,3445,2481,
2925,3404,2455,
2889,3361,2423,
2856,3321,2396,
2821,3283,2368,
2788,3245,2343,
2756,3206,2314,
2724,3171,2287,
2693,3133,2260,
2661,3100,2234,
2632,3065,2211,
2602,3032,2187,
2574,2995,2160,
2545,2965,2139,
2518,2933,2116,
2490,2903,2094,
2463,2871,2072,
2437,2840,2048,
2411,2807,2023,
2384,2775,2002,
2360,2746,1978,
2334,2718,1960,
2311,2690,1941,
2286,2663,1919,
2263,2636,1899,
2240,2609,1880,
2217,2582,1860,
2194,2556,1840,
2172,2530,1823,
2151,2505,1807,
2130,2480,1791,
2110,2456,1773,
2088,2434,1756,
2068,2409,1737,
2048,2386,1721,
2029,2364,1704,
2009,2338,1686,
1989,2316,1670,
1971,2291,1651,
1952,2271,1636,
1933,2250,1621,
1915,2230,1606,
1898,2210,1594,
1879,2189,1580,
1862,2171,1567,
1845,2154,1560,
1828,2130,1539,
1810,2111,1521,
1794,2090,1505,
1778,2070,1493,
1762,2054,1481,
1746,2034,1467,
1730,2015,1453,
1715,1996,1438,
1700,1974,1423,
1685,1959,1411,
1669,1940,1398,
1655,1924,1388,
1640,1908,1376,
1626,1892,1364,
1611,1876,1352,
1597,1859,1340,
1583,1843,1328,
1570,1827,1320,
1555,1811,1310,
1542,1793,1294,
1528,1778,1282,
1515,1765,1273,
1502,1750,1264,
1489,1735,1252,
1476,1719,1241,
1464,1704,1230,
1451,1687,1216,
1439,1672,1205,
1426,1658,1194,
1414,1645,1187,
1402,1631,1177,
1390,1616,1167,
1379,1604,1158,
1367,1590,1148,
1355,1578,1137,
1343,1564,1128,
1332,1549,1119,
1322,1538,1110,
1310,1525,1102,
1299,1512,1093,
1289,1500,1085,
1278,1489,1077,
1267,1475,1067,
1257,1464,1056,
1247,1448,1045,
1236,1436,1038,
1226,1423,1029,
1217,1411,1019,
1206,1402,1013,
1197,1391,1005,
1186,1379,997,
1177,1369,990,
1168,1357,982,
1158,1347,974,
1149,1335,965,
1139,1325,955,
1130,1313,949,
1121,1303,941,
1112,1293,938,
1103,1285,930,
1094,1275,922,
1085,1263,914,
1077,1251,903,
1068,1240,897,
1059,1229,889,
1051,1218,880,
1042,1211,875,
1035,1202,869,
1026,1193,861,
1017,1182,853,
1010,1173,847,
1001,1163,841,
994,1153,834,
986,1144,829,
978,1137,822,
970,1128,815,
963,1120,811,
955,1111,805,
948,1104,800,
940,1094,793,
932,1083,783,
926,1074,776,
918,1067,770,
911,1058,764,
904,1051,759,
898,1043,754,
890,1035,749,
883,1025,741,
877,1018,737,
870,1009,733,
863,1002,725,
857,994,721,
851,986,714,
843,979,710,
838,973,706,
831,966,699,
825,960,696,
819,953,691,
812,943,684,
806,936,676,
800,927,670,
794,920,665,
788,913,659,
782,906,656,
776,899,652,
770,894,647,
764,887,643,
758,880,638,
753,873,632,
748,866,628,
742,860,625,
736,854,619,
731,850,619,
726,844,612,
720,837,610,
715,831,604,
710,825,598,
704,817,591,
700,811,587,
694,803,583,
689,797,577,
684,792,574,
678,787,569,
674,781,565,
669,775,563,
665,768,558,
659,764,553,
655,757,550,
650,753,545,
645,748,544,
640,744,539,
636,737,537,
632,733,534,
626,728,529,
623,722,524,
618,714,517,
613,707,513,
609,701,510,
605,698,507,
601,694,504,
596,689,502,
592,684,496,
588,681,495,
584,676,490,
579,671,488,
576,667,483,
572,661,481,
567,657,476,
564,653,473,
560,648,471,
555,646,468,
552,640,467,
548,635,461,
545,630,457,
540,624,454,
537,618,448,
533,615,446,
529,612,443,
525,608,442,
522,605,439,
519,599,436,
514,596,432,
512,591,428,
508,586,428,
504,584,427,
501,580,422,
498,577,420,
494,573,419,
491,570,415,
487,566,414,
485,562,410,
481,555,404,
478,552,402,
474,546,397,
472,543,396,
468,540,394,
466,535,391,
462,533,387,
459,528,386,
457,526,384,
453,523,381,
451,520,379,
447,516,377,
445,513,373,
441,510,372,
439,509,370,
436,506,369,
434,504,369,
430,498,362,
428,492,359,
425,489,356,
422,485,353,
420,484,350,
417,479,349,
414,477,347,
411,474,346,
409,472,344,
407,469,342,
404,466,340,
401,463,337,
399,459,335,
396,456,333,
394,453,332,
392,453,331,
389,449,329,
387,448,326,
384,444,325,
382,439,320,
379,436,318,
378,433,316,
375,429,312,
372,429,313,
371,425,310,
368,423,308,
366,422,305,
364,418,304,
362,416,304,
360,414,304,
357,412,301,
355,409,299,
354,408,299,
351,406,297,
349,403,297,
347,403,297,
345,399,294,
343,397,289,
341,392,286,
339,389,285,
337,385,282,
336,385,282,
333,382,278,
331,380,277,
330,378,275,
327,375,276,
326,374,275,
324,372,272,
322,369,272,
320,368,269,
318,365,267,
317,364,268,
315,363,267,
313,361,267,
311,358,264,
310,355,261,
308,352,257,
306,350,256,
304,348,254,
303,345,252,
301,345,251,
300,344,249,
297,341,249,
297,340,250,
294,336,248,
293,336,245,
292,334,245,
290,332,243,
288,331,243,
287,331,243,
285,329,243,
284,327,242,
283,326,240,
281,323,238,
279,319,234,
278,318,234,
276,313,230,
275,313,229,
274,312,229,
272,311,228,
271,310,228,
270,308,227,
268,307,225,
267,305,224,
265,304,224,
264,301,221,
263,301,222,
261,301,221,
260,300,220,
259,299,220,
258,298,220,
256,294,217,
255,290,213,
254,289,212,
252,286,208,
252,285,209,
250,285,208,
249,283,207,
247,282,208,
247,280,206,
245,280,205,
244,278,205,
243,277,204,
242,275,202,
241,274,204,
239,275,203,
239,276,202,
237,273,203,
236,271,200,
235,268,198,
234,266,195,
233,264,194,
232,263,193,
231,262,193,
230,260,192,
228,261,192,
228,259,191,
227,257,189,
225,258,189,
225,255,188,
223,253,185,
223,252,186,
222,252,186,
220,251,187,
220,252,188,
219,250,186,
218,250,185,
217,248,184,
216,246,181,
215,245,180,
214,242,178,
213,242,178,
212,240,177,
212,238,176,
210,238,176,
210,238,176,
209,238,176,
209,238,176,
3205,3570,2703,
19666,21918,16765,
28377,31739,23938,
28333,31761,23530,
26263,29464,21584,
24525,27517,20073,
23444,26306,19181,
22847,25632,18705,
22531,25271,18456,
22371,25084,18335,
22285,24983,18272,
22237,24927,18235,
22205,24895,18216,
22183,24866,18201,
22164,24844,18192,
22147,24824,18171,
22131,24805,18155,
22116,24790,18144,
22102,24779,18140,
22087,24760,18123,
22077,24746,18113,
22063,24733,18109,
22053,24726,18099,
22042,24715,18091,
22029,24699,18081,
22018,24686,18073,
22007,24669,18057,
21998,24659,18050,
21987,24641,18039,
21976,24639,18032,
21966,24624,18030,
21958,24612,18019,
21948,24604,18007,
21938,24593,17998,
21929,24584,17993,
21921,24575,17987,
21914,24568,17984,
21906,24559,17977,
21901,24550,17967,
21894,24545,17962,
21886,24539,17957,
21878,24526,17953,
21871,24517,17944,
21863,24510,17936,
21854,24500,17926,
21849,24491,17921,
21841,24482,17917,
21836,24475,17915,
21830,24466,17911,
21821,24458,17905,
21816,24458,17903,
21812,24453,17902,
21803,24445,17897,
21799,24438,17889,
21794,24433,17888,
21787,24425,17885,
21782,24420,17884,
21779,24418,17879,
21775,24414,17872,
21768,24404,17871,
21763,24400,17872,
21761,24397,17865,
21754,24386,17853,
21750,24378,17847,
21747,24374,17844,
21743,24371,17838,
21742,24374,17838,
21738,24370,17835,
21733,24357,17826,
21730,24355,17821,
21726,24348,17825,
21723,24349,17821,
21722,24349,17822,
21722,24348,17823,
21717,24345,17822,
21717,24338,17814,
21712,24338,17815,
21711,24337,17816,
21708,24338,17813,
21707,24339,17814,
21705,24329,17814,
21703,24323,17806,
21702,24328,17803,
21703,24328,17803,
21701,24323,17800,
21701,24327,17801,
21700,24326,17804,
21699,24320,17805,
21698,24320,17803,
21697,24318,17803,
21699,24319,17807,
21697,24316,17803,
21695,24311,17797,
21698,24313,17798,
21697,24318,17798,
21696,24317,17799,
21694,24313,17798,
21691,24314,17803,
21693,24317,17807,
21696,24316,17806,
21694,24315,17801,
21694,24309,17797,
21697,24316,17795,
21693,24313,17791,
21689,24307,17788,
21690,24308,17792,
21690,24313,17793,
21689,24312,17789,
21691,24315,17797,
21693,24317,17798,
21693,24314,17800,
21692,24308,17799,
21691,24309,17799,
21689,24311,17793,
21688,24311,17794,
21688,24309,17795,
21688,24310,17791,
21688,24306,17788,
21689,24305,17791,
21691,24306,17796,
21694,24317,17799,
21695,24319,17803,
21695,24319,17799,
21694,24319,17796,
21693,24317,17799,
21697,24318,17806,
21698,24319,17805,
21698,24317,17807,
21699,24318,17804,
21699,24320,17803,
21698,24320,17804,
21698,24323,17809,
21700,24323,17809,
21696,24322,17804,
21695,24317,17799,
21697,24315,17800,
21701,24321,17798,
21702,24322,17796,
21702,24319,17800,
21701,24317,17802,
21701,24321,17805,
21703,24325,17805,
21705,24330,17801,
21705,24329,17807,
21709,24329,17812,
21709,24331,17809,
21705,24329,17806,
21708,24329,17806,
21708,24330,17810,
21710,24327,17816,
21710,24328,17812,
21711,24333,17810,
21712,24336,17810,
21715,24340,17812,
21716,24339,17810,
21716,24336,17806,
21717,24336,17810,
21720,24343,17816,
21718,24340,17816,
21719,24343,17816,
21718,24340,17811,
21721,24343,17813,
21724,24348,17818,
21724,24348,17819,
21724,24345,17827,
21725,24352,17827,
21727,24353,17821,
21730,24360,17827,
21729,24357,17825,
21726,24356,17821,
21728,24351,17824,
21727,24350,17822,
21728,24354,17823,
21728,24357,17825,
21732,24353,17836,
21734,24358,17828,
21734,24358,17821,
21735,24358,17826,
21738,24359,17828,
21740,24362,17836,
21740,24365,17838,
21743,24365,17836,
21742,24368,17843,
21744,24368,17839,
21744,24369,17834,
21743,24374,17835,
21744,24375,17839,
21742,24373,17843,
21744,24370,17838,
21743,24370,17834,
21745,24368,17839,
21747,24367,17835,
21748,24373,17836,
21748,24373,17845,
21752,24377,17845,
21751,24379,17846,
21751,24376,17849,
21753,24377,17843,
21750,24376,17844,
21756,24382,17842,
21756,24385,17848,
21754,24380,17849,
21753,24378,17850,
21756,24382,17851,
21757,24382,17848,
21758,24385,17849,
21758,24389,17844,
21758,24386,17845,
21759,24383,17846,
21760,24388,17849,
21762,24392,17855,
21764,24391,17850,
21763,24386,17856,
21765,24388,17858,
21766,24389,17850,
21762,24386,17851,
21767,24389,17850,
21772,24396,17856,
21772,24400,17860,
21769,24395,17862,
21764,24386,17857,
21769,24398,17857,
21770,24401,17856,
21770,24399,17862,
21767,24395,17863,
21768,24396,17860,
21769,24396,17855,
21771,24398,17856,
21772,24400,17855,
21774,24402,17859,
21772,24402,17855,
21773,24408,17859,
21771,24407,17860,
21775,24407,17863,
21750,24377,17837,
18845,21137,15352,
11926,13407,9460,
6489,7315,4978,
3312,3746,2462,
1660,1885,1205,
852,970,615,
470,538,343,
293,336,222,
211,242,167,
173,195,137,
155,175,127,
145,160,118,
139,155,116,
135,152,113,
133,150,112,
131,147,110,
130,146,110,
128,143,109,
127,141,107,
126,141,107,
125,139,106,
124,139,104,
124,139,106,
123,139,106,
122,138,105,
122,137,104,
121,136,104,
121,133,101,
120,134,103,
120,132,100,
119,132,98,
119,132,99,
119,132,100,
118,131,100,
118,131,99,
118,132,99,
118,131,98,
117,131,99,
117,130,98,
116,130,99,
117,131,101,
116,131,101,
116,130,101,
116,131,100,
116,130,99,
115,127,97,
115,129,97,
115,125,94,
115,126,95,
114,125,95,
114,127,95,
115,126,96,
113,126,95,
114,125,94,
114,125,95,
113,125,96,
114,125,94,
113,124,94,
113,125,96,
113,127,97,
112,127,97,
113,127,97,
112,126,96,
112,124,93,
112,123,91,
112,122,90,
112,122,91,
112,124,93,
111,123,92,
111,123,93,
112,124,92,
111,122,92,
111,122,92,
111,122,93,
110,122,94,
111,123,92,
110,121,92,
111,119,90,
110,121,92,
110,123,93,
110,121,93,
110,121,92,
110,120,91,
109,118,89,
110,118,88,
109,119,89,
109,120,90,
109,120,90,
109,120,92,
109,120,91,
109,120,92,
109,121,92,
108,120,93,
109,121,91,
108,119,90,
109,120,91,
108,120,91,
108,122,92,
108,121,91,
108,119,90,
108,118,87,
107,116,88,
108,116,86,
107,118,88,
108,117,89,
107,117,88,
107,117,90,
107,117,89,
107,118,89,
107,118,88,
107,118,88,
107,117,89,
107,117,89,
106,120,92,
107,119,91,
106,121,93,
107,120,90,
106,116,88,
106,117,87,
107,116,86,
106,115,86,
106,116,88,
106,116,88,
105,118,88,
106,117,89,
106,117,88,
105,118,88,
106,116,87,
105,117,88,
106,117,87,
105,116,88,
105,117,90,
105,118,90,
105,118,91,
105,119,89,
105,117,87,
105,114,86,
105,115,86,
104,114,87,
105,114,87,
105,115,87,
104,114,87,
104,114,86,
105,114,87,
104,114,85,
104,114,86,
104,114,87,
104,113,86,
104,114,86,
104,115,89,
104,117,91,
104,116,89,
104,116,87,
104,114,88,
103,113,85,
104,112,85,
103,111,83,
104,112,85,
103,112,86,
103,113,84,
103,113,86,
103,112,86,
104,111,85,
103,113,86,
102,113,84,
103,112,85,
103,114,85,
103,114,88,
103,114,88,
102,115,89,
103,115,90,
103,114,88,
102,112,85,
103,111,84,
102,109,82,
102,110,83,
102,113,84,
