,,,
File,Raw,DataFile,
Time,Major,Minor1,
86,93,69,
86,92,72,
86,92,71,
86,93,70,
85,92,69,
86,92,71,
86,94,70,
86,93,71,
86,93,71,
86,93,72,
86,95,73,
86,95,73,
86,93,71,
86,91,67,
85,90,69,
86,90,67,
86,91,67,
86,92,69,
86,92,70,
86,92,69,
86,92,68,
86,92,69,
86,91,68,
86,92,70,
86,91,69,
86,92,69,
86,94,72,
86,94,72,
86,95,72,
86,94,73,
86,93,73,
85,92,69,
86,91,69,
86,90,66,
86,92,68,
86,92,70,
86,93,69,
86,92,71,
86,93,70,
86,93,70,
85,94,70,
86,93,70,
86,93,71,
86,93,69,
86,94,70,
86,94,73,
86,94,72,
86,94,71,
86,93,71,
85,93,68,
86,91,67,
86,91,67,
86,91,67,
86,92,69,
86,92,68,
85,90,69,
86,91,68,
86,92,69,
86,93,70,
86,93,71,
86,93,70,
85,93,71,
86,94,72,
86,94,74,
86,95,74,
86,96,74,
86,94,71,
86,92,69,
85,91,68,
86,91,68,
86,90,67,
86,90,68,
86,91,68,
86,92,69,
85,92,70,
86,93,69,
86,92,69,
86,92,70,
86,92,70,
86,92,69,
85,93,71,
86,97,74,
86,119,101,
87,113,93,
86,105,83,
86,100,77,
85,96,74,
86,93,72,
86,92,68,
86,93,69,
86,93,71,
86,93,71,
85,93,71,
86,94,72,
86,92,70,
86,91,68,
86,83,61,
85,84,60,
86,87,63,
86,87,65,
85,90,67,
86,92,70,
86,92,70,
86,91,69,
86,90,67,
86,91,68,
85,90,68,
86,90,67,
86,91,68,
86,91,68,
86,91,68,
85,93,71,
86,91,69,
86,92,70,
86,93,70,
86,92,70,
85,93,71,
86,94,72,
86,95,72,
86,95,73,
86,93,70,
85,93,70,
86,91,68,
86,91,68,
86,90,67,
85,91,68,
86,92,70,
86,91,69,
85,93,70,
86,92,68,
86,91,68,
86,92,68,
85,91,68,
86,92,69,
86,92,67,
86,93,70,
85,93,70,
86,95,73,
86,94,72,
86,93,69,
85,92,68,
86,90,68,
86,90,68,
85,91,69,
86,93,70,
86,91,68,
86,93,69,
85,92,70,
86,92,69,
86,92,70,
86,93,70,
85,93,70,
86,91,68,
86,94,71,
86,94,71,
86,94,73,
85,95,72,
86,93,71,
86,90,67,
86,91,67,
85,90,68,
86,90,69,
86,91,68,
85,91,70,
86,92,69,
86,91,69,
86,92,70,
85,93,70,
86,106,88,
86,107,87,
86,99,77,
86,98,77,
86,96,75,
85,95,72,
86,90,67,
86,86,60,
85,85,61,
86,88,66,
85,88,65,
86,90,67,
96,103,79,
1045,1164,895,
3454,3859,2958,
5238,5855,4428,
6204,6936,5180,
6675,7466,5534,
6894,7716,5693,
6995,7831,5760,
7040,7880,5787,
7186,8047,5908,
8187,9161,6759,
9507,10635,7873,
10471,11713,8663,
11036,12349,9105,
11337,12682,9335,
11485,12850,9445,
11556,12931,9491,
11586,12964,9510,
11599,12980,9521,
11603,12986,9527,
11604,12990,9526,
11602,12988,9524,
11602,12986,9526,
11601,12983,9522,
11598,12983,9520,
11597,12977,9523,
11595,12975,9525,
11593,12978,9518,
11592,12979,9520,
11591,12978,9520,
11590,12978,9522,
11589,12977,9515,
11588,12973,9510,
11587,12970,9510,
11586,12967,9509,
11585,12967,9508,
11585,12966,9509,
11585,12968,9513,
11584,12966,9512,
11582,12967,9513,
11581,12968,9510,
11581,12965,9508,
11581,12964,9508,
11580,12962,9506,
11579,12964,9508,
11579,12959,9509,
11577,12961,9508,
11578,12964,9503,
11577,12967,9504,
11578,12962,9505,
11577,12960,9501,
11577,12958,9499,
11577,12958,9507,
11576,12961,9507,
11577,12961,9505,
11578,12958,9501,
11577,12957,9503,
11576,12954,9501,
11575,12957,9499,
11575,12956,9504,
11574,12956,9506,
11575,12956,9506,
11576,12955,9503,
11575,12956,9501,
11575,12961,9505,
11575,12957,9504,
11573,12961,9504,
11572,12958,9504,
11571,12956,9499,
11570,12950,9502,
11571,12951,9502,
11572,12953,9494,
11572,12958,9500,
11572,12957,9502,
11572,12953,9498,
11570,12953,9499,
11572,12955,9501,
11571,12956,9497,
11571,12954,9500,
11573,12955,9501,
11572,12958,9504,
11571,12957,9501,
11571,12958,9502,
11572,12953,9502,
11570,12951,9504,
11569,12953,9504,
11570,12952,9505,
11569,12950,9499,
11570,12950,9494,
11570,12951,9492,
11572,12953,9496,
11571,12953,9497,
11572,12956,9501,
11571,12957,9504,
11572,12958,9504,
11572,12957,9501,
11571,12957,9501,
11571,12956,9501,
11572,12957,9506,
11572,12956,9505,
11573,12956,9507,
11572,12956,9504,
11572,12955,9507,
11573,12960,9508,
11574,12959,9507,
11574,12958,9503,
11574,12957,9495,
11574,12955,9494,
11568,12947,9487,
11572,12951,9496,
11572,12953,9498,
11573,12953,9501,
11573,12956,9499,
11573,12955,9503,
11574,12957,9504,
11574,12959,9501,
11575,12957,9500,
11574,12957,9500,
11574,12959,9502,
11573,12962,9502,
11574,12963,9505,
11573,12960,9508,
11573,12958,9504,
11574,12956,9502,
11573,12957,9499,
11574,12957,9498,
11575,12956,9501,
11573,12958,9503,
11574,12957,9502,
11575,12958,9501,
11575,12954,9501,
11574,12954,9497,
11573,12956,9497,
11575,12960,9497,
11575,12956,9500,
11576,12958,9503,
11576,12961,9508,
11576,12961,9506,
11575,12968,9502,
11574,12967,9499,
11575,12964,9503,
11575,12960,9503,
11574,12959,9500,
11576,12959,9500,
11574,12955,9497,
11576,12957,9503,
11577,12964,9504,
11578,12963,9502,
11578,12959,9505,
11576,12958,9505,
11577,12958,9506,
11577,12959,9503,
11577,12959,9500,
11578,12957,9505,
11577,12962,9505,
11577,12963,9507,
11577,12966,9506,
11578,12965,9504,
11577,12964,9503,
11578,12963,9504,
11578,12965,9508,
11579,12964,9505,
11579,12965,9509,
11579,12962,9512,
11580,12962,9510,
11580,12966,9509,
11580,12966,9508,
11580,12964,9504,
11580,12962,9507,
11580,12963,9511,
11580,12964,9511,
11582,12965,9511,
11582,12968,9511,
11582,12968,9513,
11583,12969,9514,
11582,12971,9515,
11582,12973,9508,
11583,12968,9510,
11583,12967,9510,
11583,12966,9512,
11584,12965,9511,
11583,12964,9513,
11584,12965,9513,
11585,12968,9513,
11585,12972,9510,
11585,12972,9510,
11587,12971,9515,
11586,12974,9514,
11586,12973,9514,
11587,12971,9515,
11587,12976,9515,
11588,12976,9519,
11589,12974,9520,
11589,12976,9518,
11589,12974,9516,
11590,12973,9514,
11590,12972,9515,
11592,12975,9511,
11591,12976,9513,
11592,12977,9519,
11592,12979,9523,
11593,12979,9521,
11592,12983,9521,
11591,12981,9518,
11592,12979,9521,
11592,12981,9521,
11593,12982,9519,
11594,12981,9520,
11595,12983,9520,
11594,12984,9523,
11595,12989,9526,
11596,12989,9527,
11595,12987,9521,
11595,12984,9519,
11595,12984,9518,
11596,12983,9514,
11595,12981,9517,
11595,12980,9520,
11595,12980,9524,
11595,12985,9522,
11596,12987,9521,
11595,12983,9520,
11596,12984,9519,
11595,12983,9517,
11596,12983,9518,
11596,12984,9518,
11596,12985,9519,
11596,12986,9522,
11596,12989,9523,
11596,12987,9526,
11597,12985,9524,
11596,12983,9524,
11596,12980,9520,
11596,12981,9518,
11596,12980,9520,
11596,12984,9523,
11597,12985,9526,
11598,12986,9528,
11598,12987,9526,
11599,12986,9523,
11599,12984,9521,
11599,12984,9520,
11598,12985,9516,
11599,12987,9518,
11601,12991,9521,
11603,12992,9525,
11602,12989,9523,
11602,12989,9526,
11603,12987,9527,
11600,12984,9524,
11594,12981,9517,
11598,12988,9523,
11601,12991,9523,
11603,12991,9519,
11602,12995,9521,
11603,12995,9522,
11602,12993,9525,
11603,12989,9523,
11602,12990,9529,
11602,12991,9529,
11603,12989,9527,
11602,12991,9524,
11603,12992,9525,
11603,12992,9524,
11604,12993,9525,
11603,12994,9531,
11603,12997,9531,
11604,12994,9528,
11604,12990,9523,
11605,12987,9522,
11605,12987,9523,
11605,12990,9528,
11605,12994,9529,
11607,12996,9530,
11606,12996,9530,
11608,12998,9530,
11608,12996,9530,
11608,12998,9525,
11607,12999,9528,
11608,12997,9529,
11606,12997,9529,
11607,12996,9533,
11607,12996,9532,
11607,12997,9532,
11607,12998,9529,
11608,12999,9528,
11608,12998,9526,
11608,12998,9523,
11609,12997,9525,
11607,12997,9529,
11609,12998,9531,
11610,13001,9532,
11610,13000,9538,
11610,13000,9539,
11610,13001,9532,
11610,13001,9530,
11611,13001,9531,
11612,13000,9533,
11611,13000,9537,
11233,12583,9217,
8220,9224,6632,
4767,5363,3727,
2518,2842,1906,
1291,1458,950,
672,758,485,
375,421,272,
234,262,173,
170,188,130,
138,154,110,
124,136,100,
115,128,95,
111,121,92,
108,118,89,
105,115,88,
104,115,86,
103,112,84,
102,110,83,
100,111,82,
100,111,85,
99,109,83,
98,109,83,
98,108,82,
97,105,78,
96,104,77,
96,102,76,
96,103,75,
96,103,77,
95,103,77,
95,103,77,
94,102,77,
95,102,77,
94,101,76,
93,102,76,
94,101,77,
93,100,76,
93,101,77,
93,102,77,
93,102,77,
93,103,78,
92,102,77,
92,99,75,
92,98,74,
92,98,74,
92,97,73,
92,98,73,
91,98,74,
92,98,74,
91,99,76,
91,98,75,
91,98,74,
91,98,74,
91,98,74,
91,98,75,
91,99,74,
90,99,77,
91,99,77,
90,101,76,
91,98,76,
90,96,73,
90,97,72,
90,96,73,
90,96,72,
90,96,73,
90,96,74,
90,97,74,
90,97,75,
90,97,73,
89,97,73,
90,98,74,
90,96,74,
89,97,73,
90,97,72,
89,98,74,
89,99,75,
90,98,76,
89,98,73,
89,97,73,
90,96,72,
89,94,70,
89,94,71,
89,95,72,
89,96,72,
89,97,71,
89,95,72,
89,96,72,
88,96,72,
89,95,71,
89,96,72,
89,96,73,
89,95,72,
88,97,74,
89,96,73,
89,99,76,
88,97,74,
89,96,73,
88,94,72,
89,95,71,
88,93,71,
89,96,73,
88,95,72,
88,96,73,
89,95,73,
88,95,73,
88,95,72,
89,95,72,
88,95,73,
88,96,72,
88,95,73,
88,97,73,
88,97,74,
89,98,75,
88,98,73,
88,96,72,
88,94,71,
88,94,72,
88,93,67,
88,92,69,
88,94,70,
88,94,70,
88,95,71,
87,96,72,
88,94,71,
88,95,72,
88,94,71,
88,94,72,
87,96,72,
88,96,74,
88,97,73,
88,97,75,
88,97,73,
87,96,71,
88,93,70,
88,94,72,
87,92,69,
88,93,70,
87,93,70,
88,93,71,
87,94,71,
88,93,72,
88,95,72,
87,94,72,
88,95,72,
87,93,71,
88,95,70,
87,95,72,
88,96,73,
87,97,75,
87,96,74,
88,96,73,
87,92,70,
88,93,70,
87,91,69,
87,92,70,
87,93,71,
88,94,71,
87,94,71,
87,93,72,
88,95,71,
87,95,71,
87,94,70,
88,94,70,
87,95,70,
87,95,73,
87,95,73,
88,95,75,
87,97,74,
87,94,73,
87,93,70,
87,92,70,
87,92,69,
87,92,69,
87,94,70,
88,93,70,
87,94,70,
87,93,70,
87,95,71,
87,94,71,
87,92,71,
87,93,72,
87,94,71,
87,94,71,
87,96,73,
87,96,73,
87,96,74,
87,95,73,
87,93,70,
87,93,69,
87,92,69,
87,91,68,
87,93,69,
87,92,71,
87,93,72,
87,94,71,
86,94,71,
87,93,71,
87,94,71,
87,94,71,
87,94,71,
87,95,72,
87,95,73,
87,96,73,
86,96,74,
87,96,73,
87,94,70,
87,93,69,
87,92,69,
86,92,70,
87,93,70,
87,93,73,
87,93,72,
86,92,71,
87,93,70,
87,93,69,
87,92,70,
86,93,70,
87,93,70,
87,94,71,
86,96,74,
87,95,73,
87,97,75,
87,96,73,
86,93,70,
87,92,70,
87,92,70,
86,91,69,
87,92,71,
86,93,70,
87,93,69,
87,93,71,
86,93,72,
87,94,72,
87,93,70,
86,94,71,
87,94,70,
86,94,70,
87,94,72,
86,94,70,
87,95,73,
87,95,73,
86,93,72,
87,93,69,
86,94,71,
87,92,69,
86,92,69,
87,93,69,
86,93,69,
87,93,69,
86,92,70,
87,93,70,
86,92,70,
87,93,72,
87,94,71,
86,93,70,
87,94,72,
86,94,71,
87,94,72,
86,94,71,
87,94,71,
86,92,68,
87,93,69,
86,91,68,
87,93,68,
86,94,71,
86,92,69,
87,93,70,
86,92,70,
87,94,70,
86,93,71,
86,94,71,
87,92,71,
86,92,71,
87,94,72,
86,95,73,
86,96,74,
87,95,72,
86,93,71,
87,91,68,
86,92,68,
86,90,67,
87,90,68,
86,92,69,
86,93,70,
87,92,70,
86,94,71,
86,92,69,
86,93,69,
87,94,71,
86,93,70,
86,93,72,
87,95,73,
86,95,72,
87,96,73,
86,96,72,
86,95,71,
87,93,70,
86,92,71,
86,91,66,
87,90,67,
86,92,68,
86,92,69,
86,93,70,
87,92,70,
86,94,71,
86,92,70,
86,90,66,
87,90,67,
86,91,68,
86,93,70,
86,93,70,
86,95,71,
87,95,72,
86,94,71,
86,92,69,
86,92,68,
86,91,68,
87,90,68,
86,93,70,
86,92,69,
86,92,69,
86,93,68,
86,92,69,
87,92,70,
86,93,71,
86,92,70,
86,92,72,
86,93,70,
87,92,69,
86,93,71,
86,96,72,
86,93,71,
86,92,69,
86,92,70,
87,91,68,
86,91,68,
86,91,69,
86,92,70,
86,92,70,
86,92,69,
86,93,70,
87,92,70,
86,91,69,
86,92,69,
86,92,69,
86,92,70,
86,94,71,
87,94,72,
86,95,72,
86,95,71,
86,92,70,
86,91,69,
86,91,67,
86,90,66,
86,91,68,
86,92,70,
86,93,70,
87,93,68,
86,93,70,
86,93,70,
86,93,70,
86,93,70,
86,94,72,
86,92,69,
86,94,71,
86,93,70,
86,95,72,
86,94,72,
86,92,70,
86,91,69,
86,90,67,
86,90,67,
86,92,70,
86,92,70,
86,92,69,
86,93,70,
86,91,71,
86,91,69,
86,92,69,
86,93,70,
86,92,70,
87,92,70,
86,95,74,
86,95,73,
86,97,74,
86,95,72,
86,93,70,
86,91,67,
86,90,67,
86,89,66,
86,91,67,
86,92,67,
86,92,68,
86,92,68,
86,92,70,
86,93,69,
86,92,70,
86,92,71,
86,93,70,
86,92,70,
86,94,72,
86,94,72,
86,96,73,
86,95,71,
86,94,71,
86,91,68,
86,91,67,
86,89,65,
86,91,69,
85,92,68,
86,91,69,
86,93,70,
86,92,71,
86,93,69,
86,92,70,
86,93,67,
86,92,63,
86,93,66,
86,94,71,
86,94,72,
86,96,73,
86,95,74,
86,92,70,
86,91,68,
86,90,70,
86,90,67,
86,91,70,
86,91,69,
86,93,69,
86,92,69,
86,92,71,
86,93,71,
86,93,70,
86,102,79,
86,98,76,
86,95,73,
85,96,73,
86,96,74,
86,95,74,
86,95,72,
86,94,71,
86,89,67,
86,88,65,
86,87,63,
86,89,64,
85,90,67,
86,92,68,
86,93,69,
86,92,70,
86,92,69,
86,93,70,
86,92,69,
85,91,68,
86,92,70,
86,93,70,
86,95,72,
86,94,74,
86,94,72,
86,94,72,
85,92,69,
86,91,67,
86,90,68,
86,92,68,
86,92,69,
85,92,68,
86,93,68,
86,92,70,
86,92,69,
86,92,71,
86,93,72,
85,91,70,
86,92,69,
86,93,71,
86,94,73,
86,95,73,
86,95,72,
86,94,71,
85,91,68,
86,92,69,
86,92,68,
86,92,68,
86,92,70,
85,92,70,
86,92,69,
86,92,69,
86,92,70,
85,93,70,
86,92,69,
86,93,69,
86,92,70,
85,93,70,
86,94,73,
86,94,71,
86,95,72,
86,94,71,
86,92,70,
86,91,69,
85,90,68,
86,91,68,
86,93,71,
86,94,69,
85,92,70,
86,93,70,
86,93,71,
86,93,71,
86,93,69,
85,93,71,
86,93,70,
86,93,69,
86,94,73,
85,95,72,
86,95,74,
86,94,71,
86,91,69,
85,91,68,
86,91,67,
86,90,68,
86,90,67,
85,92,69,
86,92,70,
86,93,70,
86,93,70,
86,92,69,
86,91,70,
85,92,71,
86,92,70,
86,92,70,
86,94,72,
85,94,71,
86,94,72,
86,94,72,
86,93,69,
85,91,71,
86,90,68,
86,90,67,
85,92,69,
86,91,70,
86,92,69,
86,91,68,
85,92,69,
86,93,71,
86,92,70,
86,92,70,
85,92,68,
86,91,69,
86,93,71,
85,94,72,
86,94,72,
86,94,71,
86,93,70,
85,90,68,
86,91,69,
86,91,69,
86,90,68,
85,90,68,
86,91,69,
86,93,68,
85,92,70,
86,91,69,
86,92,70,
85,92,70,
86,93,71,
86,93,71,
85,94,73,
86,93,72,
86,95,74,
86,94,73,
85,94,69,
86,91,69,
86,91,69,
85,90,68,
86,92,70,
86,92,69,
85,91,68,
86,93,71,
86,92,70,
85,93,71,
86,94,70,
86,92,69,
85,92,70,
86,93,69,
86,93,71,
85,93,73,
86,94,72,
86,94,72,
85,93,72,
86,91,68,
86,92,68,
85,89,66,
86,91,67,
86,91,69,
85,92,69,
86,92,70,
86,92,71,
86,93,70,
85,91,69,
86,92,70,
86,92,70,
85,92,70,
86,94,69,
86,93,70,
85,93,72,
86,95,72,
86,93,71,
85,91,69,
86,92,70,
86,91,68,
85,90,68,
86,91,68,
85,92,69,
86,92,69,
86,92,70,
85,91,70,
86,93,70,
86,92,70,
85,92,70,
86,92,70,
85,94,71,
86,93,73,
86,94,72,
86,95,72,
85,93,72,
86,91,70,
85,91,69,
86,90,67,
86,90,67,
85,91,69,
86,91,69,
86,91,68,
85,91,69,
86,91,69,
85,92,70,
86,91,70,
86,93,70,
85,92,70,
86,94,71,
86,95,72,
85,95,74,
86,96,75,
86,93,72,
85,92,69,
86,91,69,
86,92,67,
85,90,67,
86,91,69,
85,91,69,
86,92,68,
86,92,70,
85,93,71,
86,91,69,
85,92,69,
86,92,70,
85,91,69,
86,92,69,
86,94,72,
85,94,73,
86,95,74,
86,94,72,
85,92,71,
86,91,68,
85,91,68,
86,91,68,
86,92,68,
85,92,69,
86,93,69,
86,91,70,
85,92,69,
86,91,68,
85,91,69,
86,93,70,
85,93,69,
86,92,69,
86,94,72,
85,93,71,
86,95,73,
85,94,71,
86,93,70,
86,91,67,
85,90,67,
86,89,67,
85,92,69,
86,91,69,
86,92,69,
85,92,69,
86,92,69,
85,93,69,
86,92,70,
85,93,71,
86,93,72,
86,93,70,
85,95,73,
86,95,73,
85,96,75,
86,93,71,
86,91,71,
85,90,68,
86,91,68,
85,88,68,
86,90,68,
85,91,69,
86,91,69,
85,93,70,
86,93,72,
86,92,70,
85,92,69,
86,92,69,
85,92,68,
86,92,70,
85,94,72,
86,93,71,
86,94,73,
85,94,71,
86,93,70,
85,92,68,
86,92,68,
85,90,65,
86,91,69,
85,91,68,
86,91,69,
86,92,68,
85,91,68,
86,92,70,
85,93,69,
86,92,68,
85,91,69,
86,92,69,
86,94,71,
85,94,71,
86,93,72,
85,94,72,
86,93,71,
85,91,69,
86,91,70,
85,90,68,
86,92,69,
85,92,70,
85,92,71,
86,92,70,
86,91,69,
85,91,69,
86,92,70,
85,92,70,
86,91,69,
85,92,70,
86,93,71,
85,94,72,
86,95,72,
85,95,73,
86,92,71,
85,90,67,
86,91,70,
85,90,66,
86,91,68,
85,90,68,
86,91,70,
85,91,70,
86,93,69,
85,92,70,
86,93,70,
85,92,69,
86,93,70,
85,92,69,
86,94,71,
85,95,73,
86,95,73,
86,94,74,
85,93,71,
85,91,68,
86,91,69,
85,90,68,
86,90,68,
85,92,68,
86,91,69,
85,92,70,
86,92,70,
85,92,69,
86,91,70,
85,92,69,
86,92,68,
85,92,69,
86,92,69,
85,94,73,
86,94,72,
85,93,72,
86,94,70,
85,90,68,
86,92,68,
85,90,66,
86,90,67,
85,92,68,
85,92,70,
86,92,69,
85,93,71,
86,92,71,
86,91,68,
85,92,69,
86,92,69,
85,93,70,
86,93,70,
85,93,73,
86,94,72,
85,95,73,
86,92,72,
85,92,71,
86,91,69,
85,89,67,
86,89,67,
85,90,67,
86,92,70,
85,92,70,
86,92,70,
85,92,69,
86,93,70,
85,92,70,
86,94,72,
85,91,70,
86,92,70,
85,94,73,
86,93,72,
85,94,72,
86,94,72,
85,92,68,
86,91,67,
85,91,66,
85,91,68,
86,92,71,
85,91,68,
86,91,70,
85,92,69,
86,92,69,
85,92,69,
86,92,71,
85,92,70,
85,92,71,
86,91,69,
85,94,72,
86,93,73,
85,95,73,
86,93,70,
85,93,69,
86,91,68,
85,90,69,
85,90,67,
86,91,70,
85,92,70,
86,91,69,
85,92,71,
86,92,70,
85,91,69,
86,90,71,
85,91,70,
86,91,70,
85,92,70,
86,92,72,
85,93,72,
86,94,72,
85,94,73,
86,94,71,
85,91,69,
85,93,69,
86,90,66,
85,92,69,
86,91,70,
85,93,70,
85,92,70,
86,92,70,
85,93,70,
86,92,68,
85,92,70,
86,92,70,
85,91,69,
86,93,72,
85,93,72,
86,94,73,
85,94,72,
86,93,69,
85,89,67,
86,90,68,
85,89,66,
85,90,68,
86,92,69,
85,91,72,
86,92,70,
85,91,69,
86,92,70,
85,92,70,
85,93,70,
86,93,69,
85,92,71,
86,94,71,
85,93,72,
86,94,71,
85,95,73,
86,92,71,
85,90,68,
86,91,68,
85,89,66,
85,90,68,
86,92,68,
85,91,70,
86,92,68,
85,92,69,
86,93,72,
85,92,70,
85,91,71,
86,92,70,
85,92,70,
86,93,71,
85,93,72,
86,95,72,
85,95,74,
86,93,71,
85,91,70,
86,91,69,
85,89,67,
85,89,68,
86,90,69,
85,91,68,
85,91,68,
86,91,68,
85,91,68,
86,92,69,
85,92,70,
85,92,69,
86,93,69,
85,92,69,
86,95,74,
85,94,72,
85,95,72,
86,94,72,
85,92,70,
85,91,69,
86,90,67,
85,90,68,
85,90,69,
86,92,69,
85,92,69,
86,92,70,
85,91,69,
85,91,71,
86,91,71,
85,91,70,
85,92,69,
86,92,70,
85,93,71,
86,92,71,
85,94,72,
85,92,70,
86,91,70,
85,91,69,
86,92,67,
85,89,67,
85,91,68,
86,91,69,
85,93,70,
86,92,69,
85,91,71,
85,92,70,
86,92,69,
85,93,72,
86,93,70,
85,93,70,
85,95,71,
86,93,70,
85,95,72,
86,94,71,
85,92,71,
85,91,69,
86,91,68,
85,91,68,
86,91,68,
85,90,68,
85,92,70,
86,91,69,
85,92,69,
85,91,68,
86,91,69,
85,92,70,
85,91,68,
86,91,69,
85,94,71,
86,92,70,
85,94,72,
85,94,72,
86,92,69,
85,91,69,
85,91,69,
86,90,67,
85,91,70,
85,93,70,
86,92,70,
85,92,69,
86,91,69,
85,92,70,
85,92,69,
86,92,69,
85,92,70,
86,91,68,
85,94,71,
85,94,71,
86,96,74,
85,94,73,
86,92,71,
85,91,68,
85,91,69,
85,90,67,
86,91,68,
85,92,69,
86,91,68,
85,92,70,
85,92,69,
86,91,70,
85,91,69,
86,92,70,
85,93,70,
85,92,70,
86,94,72,
85,93,70,
85,93,70,
86,94,71,
85,92,70,
86,92,68,
85,91,67,
85,88,67,
85,91,68,
86,91,70,
85,91,69,
85,91,71,
86,92,69,
85,91,70,
86,92,70,
85,92,71,
85,93,69,
86,91,68,
85,94,69,
85,93,71,
86,95,71,
85,94,72,
85,94,71,
86,91,69,
85,91,69,
86,90,67,
85,92,68,
85,91,69,
86,92,69,
85,91,69,
85,91,68,
86,92,70,
85,92,70,
85,92,69,
86,92,69,
85,92,70,
85,92,71,
86,95,72,
85,95,74,
86,95,70,
85,92,71,
85,91,68,
86,91,68,
85,90,68,
86,91,68,
85,90,67,
85,91,69,
85,92,69,
86,92,69,
85,92,71,
85,92,69,
86,92,69,
85,91,68,
85,92,69,
86,93,70,
85,94,70,
86,94,72,
85,95,73,
85,93,72,
86,92,70,
85,90,69,
85,89,68,
86,90,68,
85,91,68,
85,91,69,
86,91,69,
85,93,69,
85,91,71,
86,92,69,
85,92,68,
86,92,70,
85,92,69,
85,91,70,
86,95,73,
85,93,72,
85,94,72,
86,92,71,
85,91,68,
85,90,70,
86,90,68,
85,90,68,
85,90,70,
85,90,69,
86,92,68,
85,91,70,
85,91,68,
86,91,69,
85,92,70,
86,92,70,
85,92,70,
85,93,70,
86,94,72,
85,94,72,
85,93,71,
86,93,70,
85,91,69,
85,90,68,
86,91,69,
85,90,68,
85,90,68,
86,92,70,
85,91,69,
85,92,69,
85,91,69,
86,91,69,
85,92,70,
85,92,69,
86,92,69,
85,92,70,
85,94,71,
85,94,71,
86,95,74,
85,93,71,
85,94,70,
86,92,69,
85,90,68,
85,91,68,
85,91,70,
86,91,68,
85,91,69,
85,91,69,
86,92,68,
85,91,67,
85,93,69,
86,92,69,
85,93,70,
85,91,68,
85,93,71,
86,92,72,
85,94,74,
85,94,72,
86,92,71,
85,91,69,
85,90,69,
86,91,68,
85,91,69,
85,90,70,
86,92,71,
85,92,69,
85,91,70,
85,92,69,
86,91,69,
85,92,70,
85,92,70,
85,91,69,
85,92,71,
86,93,72,
85,93,72,
85,95,72,
86,93,72,
85,91,70,
85,91,70,
86,90,67,
85,92,70,
85,92,70,
86,92,69,
85,92,69,
85,90,69,
86,92,68,
85,91,68,
85,91,69,
86,92,68,
85,91,68,
85,93,71,
85,93,71,
86,95,72,
85,94,73,
85,93,71,
86,90,67,
85,91,67,
85,89,67,
86,90,68,
85,92,70,
85,93,70,
86,92,69,
85,94,70,
85,94,71,
86,93,68,
85,92,69,
85,92,69,
85,91,69,
86,92,70,
85,92,69,
85,94,70,
86,94,73,
85,93,72,
85,91,70,
86,91,69,
85,89,67,
85,90,68,
85,91,68,
86,92,70,
85,93,69,
85,92,70,
85,92,69,
86,92,70,
85,91,69,
85,93,69,
86,92,69,
85,92,70,
85,95,73,
86,94,72,
85,95,72,
85,93,71,
86,90,68,
85,91,69,
85,89,67,
85,89,68,
86,91,69,
85,91,67,
85,90,69,
85,91,68,
86,91,68,
85,91,69,
85,91,69,
85,91,69,
86,92,69,
85,92,69,
85,94,72,
86,94,73,
85,94,74,
85,94,71,
86,91,69,
85,90,68,
85,90,68,
85,90,68,
86,92,68,
85,91,70,
85,93,70,
85,92,68,
86,93,69,
85,92,71,
85,91,69,
85,91,69,
86,92,69,
85,93,71,
85,93,71,
86,93,71,
85,94,72,
85,94,70,
85,92,68,
86,91,68,
85,91,69,
85,90,68,
85,90,68,
86,92,68,
85,91,69,
85,91,71,
85,90,69,
86,91,70,
85,92,69,
85,93,70,
86,92,71,
85,93,70,
85,95,73,
85,93,71,
86,94,72,
85,94,71,
85,92,70,
85,90,68,
86,92,68,
85,89,67,
85,91,69,
86,93,71,
85,92,69,
85,92,68,
85,91,70,
86,91,69,
85,91,69,
85,92,70,
86,92,69,
85,92,69,
85,94,72,
86,93,71,
85,95,74,
85,95,75,
85,92,72,
86,91,68,
85,89,69,
85,90,67,
85,91,68,
86,91,69,
85,92,70,
85,92,70,
85,92,69,
86,92,69,
85,93,70,
85,92,70,
85,91,70,
86,91,68,
85,92,70,
85,92,72,
86,94,73,
85,95,73,
85,93,71,
85,91,69,
86,91,70,
85,90,68,
85,92,69,
85,91,70,
86,91,70,
85,92,71,
85,93,71,
86,93,70,
85,92,71,
85,93,70,
85,91,70,
85,90,70,
86,93,72,
85,94,72,
85,94,74,
86,94,72,
85,92,70,
85,89,67,
85,91,68,
85,88,66,
85,90,68,
86,91,69,
85,91,68,
85,92,67,
85,91,70,
86,92,69,
85,91,71,
85,93,71,
85,92,70,
85,92,70,
86,93,71,
85,94,71,
85,93,72,
86,94,71,
85,93,71,
85,91,70,
85,91,68,
85,88,66,
86,89,66,
85,91,68,
85,90,68,
85,91,69,
85,92,69,
86,91,68,
85,91,68,
85,91,68,
85,92,71,
86,92,69,
85,91,72,
85,93,71,
85,92,70,
86,94,71,
85,92,70,
85,91,68,
86,91,68,
85,90,67,
85,92,67,
85,91,68,
85,91,68,
86,92,70,
85,92,70,
85,93,70,
85,92,70,
86,92,71,
85,93,69,
85,92,71,
86,93,70,
85,95,72,
85,94,72,
86,95,74,
85,93,72,
85,92,69,
85,91,69,
85,89,68,
86,89,67,
85,91,70,
85,91,69,
85,92,70,
86,91,70,
85,92,71,
85,92,70,
86,91,69,
85,92,69,
85,92,69,
85,92,70,
86,94,72,
85,95,72,
85,95,72,
85,92,70,
85,91,68,
85,91,68,
86,89,67,
85,90,67,
85,91,68,
86,90,69,
85,92,70,
85,93,70,
85,93,72,
86,93,69,
85,93,69,
85,93,70,
85,92,70,
86,93,70,
85,94,72,
85,94,72,
85,94,74,
85,92,72,
86,92,69,
85,92,69,
85,92,69,
85,90,67,
86,90,68,
85,92,68,
85,92,69,
86,92,71,
85,92,69,
85,92,70,
85,92,69,
86,91,69,
85,91,69,
85,93,71,
85,93,71,
85,93,71,
86,95,72,
85,94,71,
85,92,70,
85,91,68,
86,90,67,
85,90,66,
85,92,69,
85,91,69,
85,92,69,
85,91,69,
86,92,67,
85,90,69,
85,91,69,
85,92,70,
85,92,69,
85,92,69,
86,94,72,
85,94,73,
85,97,74,
86,93,73,
85,92,70,
85,91,69,
85,90,69,
85,90,66,
85,91,69,
86,91,68,
85,91,69,
85,91,69,
85,91,71,
85,92,69,
86,90,69,
85,91,68,
85,91,69,
85,92,69,
85,93,71,
86,93,71,
85,93,72,
85,94,72,
85,92,70,
85,91,70,
85,90,68,
86,90,68,
85,90,70,
85,92,70,
85,92,71,
85,91,70,
86,92,70,
85,91,68,
85,92,69,
85,93,69,
85,92,70,
86,91,68,
85,93,70,
85,92,70,
86,94,72,
85,95,73,
85,93,71,
86,91,68,
85,91,70,
85,90,68,
85,91,68,
86,92,69,
85,91,71,
85,91,70,
85,91,69,
85,92,69,
86,92,70,
85,92,68,
85,91,69,
85,92,69,
85,93,70,
86,94,73,
85,94,73,
85,93,73,
85,92,70,
85,91,69,
86,91,69,
85,89,67,
85,90,68,
85,92,70,
85,91,70,
86,93,71,
85,93,71,
85,92,70,
85,91,70,
86,92,70,
85,91,69,
85,91,68,
85,92,70,
86,94,71,
85,93,72,
85,94,73,
85,93,71,
85,91,68,
86,92,69,
85,90,65,
85,89,66,
85,91,68,
86,90,68,
85,91,70,
85,92,69,
85,92,70,
85,91,69,
86,91,70,
85,91,70,
85,92,70,
85,91,69,
85,93,72,
85,94,71,
86,94,72,
85,93,72,
85,91,70,
85,92,69,
85,90,67,
86,91,68,
85,92,68,
85,91,67,
85,91,69,
85,91,68,
86,91,68,
85,92,70,
85,91,69,
85,92,70,
85,92,69,
85,91,69,
86,93,71,
85,93,72,
85,95,74,
86,92,70,
85,90,67,
85,91,69,
85,91,69,
85,91,67,
86,92,69,
85,92,70,
85,92,69,
85,91,69,
86,92,70,
85,91,69,
85,92,68,
85,91,69,
86,91,70,
85,91,70,
85,94,72,
85,93,71,
85,94,72,
85,93,72,
86,93,69,
85,92,69,
85,91,69,
85,89,67,
85,91,68,
85,91,68,
85,92,69,
86,90,70,
85,92,70,
85,91,70,
85,91,69,
85,93,71,
85,93,72,
86,92,70,
85,92,71,
85,94,71,
85,95,73,
86,94,72,
85,92,71,
85,90,68,
85,90,69,
86,90,67,
85,91,70,
85,92,70,
85,91,69,
85,91,70,
85,90,69,
85,92,70,
85,91,70,
86,92,70,
85,91,69,
85,91,69,
85,93,69,
86,93,71,
85,95,73,
85,94,72,
85,93,71,
85,90,69,
86,91,69,
85,89,68,
85,91,68,
85,91,70,
85,90,69,
85,92,71,
85,93,71,
86,91,70,
85,92,70,
85,92,70,
85,92,69,
85,93,71,
86,93,71,
85,94,71,
85,94,72,
85,94,73,
85,92,71,
85,90,67,
86,92,67,
85,89,66,
85,89,67,
85,91,68,
85,90,69,
86,90,69,
85,90,68,
85,91,70,
85,96,75,
85,100,78,
86,96,73,
85,94,72,
85,93,71,
85,95,73,
86,94,73,
85,95,72,
85,93,70,
85,89,65,
85,87,64,
85,88,65,
85,89,66,
86,90,69,
85,91,68,
85,90,69,
85,91,69,
85,90,68,
85,91,69,
85,91,69,
86,92,69,
85,92,70,
85,92,71,
85,95,72,
86,95,74,
85,95,73,
85,93,71,
85,91,68,
85,91,69,
86,90,68,
85,91,68,
85,92,68,
85,91,69,
85,91,68,
86,92,71,
85,93,69,
85,91,68,
85,91,68,
85,91,69,
85,92,70,
85,92,71,
86,93,72,
85,94,72,
85,95,73,
85,94,73,
85,92,69,
85,91,67,
86,90,65,
85,90,68,
85,91,69,
85,92,69,
85,91,69,
85,91,70,
86,92,70,
85,92,71,
85,92,70,
85,91,70,
85,91,68,
85,91,69,
85,93,72,
86,93,72,
85,94,73,
85,93,70,
85,91,69,
85,91,68,
85,91,68,
85,91,69,
85,91,68,
86,91,69,
85,91,70,
85,92,70,
85,92,71,
85,92,71,
86,91,69,
85,92,69,
85,93,70,
85,92,70,
85,94,71,
86,95,73,
85,95,71,
85,93,70,
85,91,71,
85,90,67,
85,89,69,
86,90,67,
85,89,66,
85,91,68,
85,91,70,
85,91,71,
85,92,70,
85,92,69,
85,91,69,
85,92,69,
86,92,71,
85,93,72,
85,94,74,
85,94,72,
85,94,72,
85,93,71,
85,91,70,
86,91,69,
85,91,69,
85,88,65,
85,89,67,
85,90,68,
85,91,69,
85,92,68,
85,91,68,
86,91,68,
85,91,69,
85,91,68,
85,92,70,
85,92,70,
86,93,72,
85,94,71,
85,95,73,
85,95,73,
85,93,71,
85,92,68,
86,90,68,
85,90,65,
85,90,67,
85,91,69,
85,90,67,
85,91,68,
85,91,70,
85,92,69,
86,91,69,
85,92,69,
85,92,69,
85,92,68,
85,92,72,
86,93,70,
85,94,73,
85,94,74,
85,93,72,
85,90,68,
85,90,68,
85,88,66,
86,88,68,
85,90,69,
85,91,69,
85,92,69,
85,91,69,
85,92,70,
85,92,70,
85,92,68,
85,91,70,
86,92,69,
85,92,71,
85,95,71,
85,95,71,
85,94,72,
85,93,70,
85,91,68,
86,91,70,
85,90,69,
85,90,69,
85,91,69,
85,91,69,
85,92,70,
85,92,70,
86,91,70,
85,91,69,
85,93,70,
85,92,70,
85,92,69,
85,92,70,
85,93,72,
86,94,72,
85,94,71,
85,93,71,
85,91,67,
85,92,67,
85,89,67,
85,90,66,
85,90,68,
86,91,70,
85,91,69,
85,92,71,
85,92,71,
85,91,70,
85,92,71,
85,91,69,
85,93,70,
85,91,70,
86,94,73,
85,94,71,
85,95,73,
85,94,71,
85,92,69,
85,90,67,
85,90,68,
86,90,67,
85,90,68,
85,91,68,
85,91,69,
85,91,70,
85,92,71,
85,91,70,
86,93,72,
85,92,69,
85,91,70,
85,93,69,
85,93,73,
85,93,71,
85,95,73,
85,93,71,
86,91,70,
85,90,68,
85,91,69,
85,90,69,
85,92,68,
85,90,69,
86,92,70,
85,92,70,
85,91,69,
85,92,70,
85,91,70,
85,91,70,
85,91,70,
85,92,70,
86,93,73,
85,94,71,
85,94,73,
85,93,72,
85,92,69,
85,91,68,
85,91,68,
86,90,67,
85,90,69,
85,92,69,
85,91,68,
85,91,68,
85,91,68,
85,91,70,
85,93,68,
85,93,70,
86,91,69,
85,92,69,
85,93,71,
85,93,70,
85,95,73,
85,93,72,
85,92,68,
85,91,67,
86,90,68,
85,89,66,
85,90,69,
85,91,69,
85,92,69,
85,93,71,
85,93,69,
85,92,70,
86,92,68,
85,93,70,
85,92,70,
85,92,70,
85,94,71,
85,94,70,
85,94,72,
85,93,71,
85,92,70,
86,89,70,
85,90,68,
85,90,68,
85,90,69,
85,92,69,
85,92,69,
85,92,69,
85,91,69,
86,90,69,
85,92,69,
85,93,68,
85,91,69,
85,91,69,
85,92,70,
85,93,72,
85,94,71,
86,93,70,
85,93,70,
85,91,68,
85,91,68,
85,90,67,
85,91,68,
85,91,69,
86,92,69,
85,93,71,
85,93,71,
85,91,69,
85,91,69,
85,91,69,
85,91,69,
85,93,69,
86,92,72,
85,94,72,
85,94,73,
85,94,72,
85,93,71,
86,92,69,
85,92,68,
85,89,67,
85,90,69,
85,90,67,
85,91,69,
85,91,68,
85,91,70,
85,92,69,
85,92,70,
86,91,70,
85,92,70,
85,91,69,
85,93,71,
85,94,71,
85,94,71,
86,94,73,
85,93,72,
85,91,68,
85,90,68,
85,89,65,
85,90,67,
85,91,68,
85,91,69,
85,93,69,
86,91,69,
85,91,69,
85,90,69,
85,91,68,
85,92,68,
85,92,69,
85,92,71,
85,93,71,
85,95,73,
86,94,72,
85,94,72,
85,92,69,
85,91,69,
85,90,67,
85,91,67,
85,91,67,
86,92,69,
85,91,70,
85,92,70,
85,91,68,
85,91,69,
85,92,69,
85,92,69,
85,91,70,
85,92,69,
85,94,71,
86,94,72,
85,95,73,
85,93,72,
85,91,69,
85,91,69,
85,90,68,
85,89,66,
86,91,69,
85,91,68,
85,92,70,
85,91,70,
85,91,70,
85,91,69,
85,93,70,
85,93,70,
85,92,69,
85,92,71,
85,93,72,
86,92,71,
85,94,73,
85,94,72,
85,92,70,
85,90,68,
85,91,67,
85,90,68,
85,92,70,
85,93,69,
85,93,68,
86,93,69,
85,93,68,
85,93,68,
85,92,69,
85,92,69,
85,92,68,
85,91,69,
85,94,70,
86,94,71,
85,94,72,
85,93,71,
85,91,68,
85,90,66,
85,90,68,
85,88,66,
85,90,68,
86,91,69,
85,91,70,
85,91,71,
85,93,71,
85,91,69,
85,93,70,
85,93,70,
86,93,71,
85,93,70,
85,95,72,
85,94,71,
85,95,73,
85,95,73,
85,93,72,
86,91,69,
85,90,68,
85,89,66,
85,89,68,
85,92,69,
85,91,68,
85,91,68,
86,90,69,
85,91,70,
85,92,70,
85,93,71,
85,91,69,
85,92,68,
85,93,71,
85,93,73,
86,95,76,
85,94,72,
85,93,70,
85,91,67,
85,92,68,
85,91,67,
85,90,68,
85,91,68,
85,90,68,
85,91,68,
86,92,69,
85,91,69,
85,91,69,
85,92,68,
85,91,68,
85,91,69,
85,93,71,
85,94,71,
86,94,74,
85,94,72,
85,93,71,
85,91,67,
85,91,69,
85,90,67,
85,90,67,
85,91,69,
85,91,70,
86,93,70,
85,93,71,
85,92,71,
85,91,70,
85,92,71,
85,91,69,
85,90,69,
86,91,69,
85,91,70,
85,92,72,
85,93,72,
85,92,71,
85,90,68,
85,91,70,
85,89,67,
85,89,68,
85,91,69,
86,92,68,
85,91,69,
85,92,70,
85,92,69,
85,92,70,
85,92,70,
85,93,71,
85,92,70,
86,92,69,
85,93,71,
85,94,71,
85,94,72,
85,92,69,
85,90,68,
85,90,69,
85,89,66,
85,90,67,
86,91,69,
85,92,68,
85,91,70,
85,92,69,
85,92,71,
85,91,69,
85,91,70,
85,92,71,
85,92,70,
85,93,69,
85,94,72,
86,94,73,
85,94,72,
85,94,71,
85,91,69,
85,90,69,
85,90,68,
85,88,66,
85,91,68,
85,91,69,
85,90,69,
85,92,70,
85,92,69,
85,91,69,
86,91,69,
85,92,69,
85,91,70,
85,93,70,
85,95,73,
85,95,72,
85,94,73,
86,94,72,
85,92,70,
85,90,67,
85,89,68,
85,89,67,
85,91,69,
85,91,68,
85,90,70,
85,92,70,
85,92,69,
85,91,69,
85,92,70,
85,92,70,
86,90,69,
85,91,68,
85,94,70,
85,94,71,
85,94,73,
85,94,73,
85,91,71,
85,90,69,
85,91,68,
85,90,69,
85,91,68,
86,90,70,
85,91,70,
85,91,70,
85,92,70,
85,91,69,
85,91,69,
85,92,69,
85,92,69,
86,91,70,
85,92,71,
85,93,73,
85,95,73,
85,93,72,
85,93,71,
85,91,70,
85,91,69,
85,90,67,
85,90,66,
86,91,68,
85,92,69,
85,92,70,
85,92,70,
85,92,68,
85,91,68,
85,91,70,
85,91,70,
85,91,70,
85,92,71,
86,93,70,
85,94,72,
85,94,72,
85,93,71,
85,92,69,
85,90,70,
85,89,67,
85,90,68,
85,91,69,
85,92,70,
85,91,69,
85,92,70,
85,92,70,
86,91,70,
85,91,70,
85,91,70,
85,91,69,
85,92,69,
85,92,71,
85,94,74,
85,93,72,
85,93,71,
85,90,69,
85,91,68,
85,89,67,
86,90,68,
85,91,69,
85,90,69,
85,92,69,
85,92,70,
85,91,72,
85,92,70,
85,92,70,
85,92,69,
85,92,70,
85,94,72,
85,94,71,
86,94,73,
85,95,74,
85,94,71,
85,91,68,
85,91,68,
85,89,66,
85,90,68,
85,91,68,
85,91,70,
85,92,69,
85,92,70,
85,92,70,
85,92,69,
85,91,69,
85,92,69,
85,91,70,
86,92,70,
85,93,73,
85,94,72,
85,94,74,
85,94,72,
85,90,70,
85,92,68,
85,90,68,
85,90,67,
85,89,69,
85,90,69,
85,91,69,
85,92,69,
86,92,70,
85,92,69,
85,92,71,
85,92,71,
85,92,69,
85,93,69,
85,93,71,
85,93,71,
85,94,73,
85,93,72,
85,92,69,
86,91,68,
85,89,66,
85,90,67,
85,92,69,
85,92,68,
85,89,68,
85,91,67,
85,91,68,
85,91,69,
85,91,69,
85,91,69,
85,92,69,
86,91,70,
85,93,72,
85,93,71,
85,95,73,
85,93,71,
85,92,68,
85,91,68,
85,89,68,
85,90,68,
85,90,69,
85,91,70,
85,92,69,
85,92,71,
85,93,71,
85,92,70,
85,92,71,
86,91,69,
85,93,69,
85,92,69,
85,95,71,
85,93,71,
85,93,72,
85,94,71,
85,92,70,
85,91,69,
85,90,68,
85,88,66,
85,89,66,
85,90,67,
86,90,69,
85,90,69,
85,91,69,
85,92,70,
85,91,71,
85,92,70,
85,92,70,
85,92,71,
85,94,72,
85,94,71,
85,95,72,
85,94,71,
85,92,69,
85,91,68,
86,90,67,
85,89,68,
85,91,70,
85,91,70,
85,90,70,
85,90,69,
85,90,69,
85,92,71,
85,90,69,
85,90,69,
85,92,70,
85,91,71,
85,93,72,
85,93,72,
85,96,74,
85,93,72,
85,93,71,
85,90,68,
85,92,69,
85,89,68,
86,91,68,
85,91,69,
85,90,68,
85,90,68,
85,91,68,
85,91,69,
85,91,68,
85,91,69,
85,92,70,
85,91,71,
85,94,71,
85,94,72,
85,94,74,
85,94,74,
85,94,71,
85,92,69,
86,91,69,
85,89,66,
85,90,68,
85,90,69,
85,91,69,
85,91,69,
85,91,69,
85,91,69,
85,91,70,
85,92,69,
85,93,72,
85,91,68,
85,91,70,
85,93,71,
85,94,72,
86,94,71,
85,93,71,
85,90,68,
85,91,68,
85,89,66,
85,91,68,
85,92,69,
85,92,71,
85,91,71,
85,92,69,
85,91,71,
85,93,70,
85,92,70,
85,93,70,
86,93,70,
85,93,70,
85,93,70,
85,95,73,
85,94,71,
85,93,70,
85,91,69,
85,90,68,
85,89,67,
85,89,68,
85,91,69,
85,92,69,
86,92,68,
85,92,69,
85,91,69,
85,91,68,
85,91,69,
85,92,69,
85,91,71,
85,92,71,
85,93,71,
85,94,73,
85,95,73,
85,93,72,
86,93,70,
85,92,69,
85,90,69,
85,89,68,
85,91,69,
85,91,70,
85,91,71,
85,91,69,
85,92,71,
85,92,69,
85,92,70,
85,93,70,
86,93,69,
85,92,69,
85,93,73,
85,94,72,
85,95,73,
85,95,73,
85,93,70,
85,91,68,
85,91,69,
85,89,67,
85,92,70,
85,92,69,
85,91,68,
85,91,70,
86,92,68,
85,91,68,
85,90,69,
85,92,69,
85,92,70,
85,91,71,
85,94,72,
85,92,71,
85,94,73,
85,94,71,
85,92,69,
85,91,69,
85,90,68,
85,90,68,
86,90,67,
85,90,69,
85,92,69,
85,91,69,
85,91,71,
85,90,69,
85,90,69,
85,91,67,
85,91,69,
85,92,69,
85,93,73,
85,94,72,
86,94,73,
85,95,73,
85,92,72,
85,92,69,
85,92,70,
85,90,67,
85,91,69,
85,90,68,
85,91,68,
85,91,69,
85,90,69,
85,91,68,
85,91,69,
85,93,69,
85,92,69,
85,92,70,
85,93,72,
85,93,72,
86,94,71,
85,93,72,
85,93,70,
85,91,68,
85,91,68,
85,90,67,
85,90,69,
85,91,70,
85,91,71,
85,91,70,
85,91,69,
85,92,69,
86,92,70,
85,91,71,
85,92,69,
85,91,70,
85,94,71,
85,93,72,
85,95,73,
85,94,73,
85,92,70,
85,90,68,
85,91,69,
85,90,67,
85,90,68,
85,89,69,
85,91,68,
85,90,69,
85,92,71,
85,92,70,
85,91,68,
86,91,69,
85,92,70,
85,92,70,
85,93,72,
85,94,72,
85,95,73,
85,94,72,
85,93,70,
85,90,68,
85,92,70,
85,90,66,
85,90,67,
85,89,66,
85,91,67,
85,91,68,
85,92,69,
85,91,71,
85,92,70,
85,91,70,
85,92,70,
85,93,70,
85,93,70,
85,94,70,
85,94,71,
85,94,71,
85,92,70,
86,91,69,
85,92,68,
85,89,67,
85,90,67,
84,91,68,
85,92,69,
85,91,68,
85,92,70,
85,91,70,
85,92,70,
85,91,69,
86,92,70,
85,91,71,
85,93,71,
85,94,72,
85,94,72,
85,94,73,
85,93,72,
85,91,69,
85,90,69,
85,91,67,
85,91,68,
85,91,68,
85,91,68,
85,91,68,
85,91,68,
85,92,69,
85,93,70,
85,91,70,
85,92,69,
85,92,70,
85,91,71,
85,94,73,
85,94,70,
85,94,72,
85,92,71,
86,91,68,
85,91,68,
85,90,69,
85,90,68,
85,91,68,
85,91,69,
85,92,68,
85,92,68,
85,92,69,
85,91,68,
85,92,70,
85,92,69,
85,92,70,
85,91,70,
85,94,72,
85,95,73,
85,95,74,
85,94,73,
85,93,71,
85,90,71,
85,91,70,
86,90,70,
85,91,70,
85,90,72,
85,91,70,
85,91,70,
85,91,70,
85,91,68,
85,92,69,
85,92,69,
85,91,68,
85,92,68,
85,93,70,
85,93,70,
85,94,72,
85,95,71,
85,93,69,
85,90,67,
85,90,67,
85,89,66,
85,91,68,
85,92,70,
85,92,70,
85,92,69,
85,92,70,
85,92,70,
85,92,70,
85,93,71,
85,90,69,
85,90,69,
85,92,72,
85,92,71,
85,94,74,
86,94,71,
85,91,70,
85,90,68,
85,90,68,
85,90,68,
85,90,68,
85,89,70,
85,91,70,
85,90,68,
85,91,70,
85,91,70,
85,91,69,
85,92,70,
85,92,69,
85,92,70,
85,93,72,
85,93,70,
85,93,70,
85,94,70,
85,93,71,
85,89,68,
85,90,69,
85,89,66,
85,91,68,
85,93,71,
85,91,68,
85,92,69,
86,92,69,
85,91,68,
84,90,69,
86,91,69,
85,91,67,
85,91,69,
85,93,71,
85,93,71,
85,94,73,
85,95,73,
85,94,70,
85,90,68,
85,91,68,
85,90,66,
85,91,67,
85,91,68,
85,92,70,
85,92,70,
85,92,69,
85,91,68,
85,91,68,
85,92,69,
85,91,69,
85,90,69,
85,93,70,
85,94,72,
85,95,72,
85,95,72,
85,94,73,
85,91,69,
86,91,69,
85,90,68,
85,90,69,
85,91,68,
85,91,69,
85,90,69,
85,91,69,
85,92,69,
85,93,71,
85,92,70,
85,92,70,
85,91,68,
85,92,69,
85,93,71,
85,93,71,
85,94,70,
85,93,71,
85,91,70,
85,91,68,
85,90,67,
85,90,68,
85,92,70,
85,91,68,
86,91,68,
85,91,69,
85,91,70,
85,92,69,
85,91,70,
85,92,69,
85,92,70,
85,91,70,
85,93,71,
85,93,71,
85,94,73,
85,93,71,
85,91,68,
85,90,68,
85,89,67,
85,90,68,
85,89,69,
85,91,69,
85,92,69,
85,91,69,
85,91,70,
85,92,70,
85,92,71,
86,92,72,
85,93,70,
85,93,70,
85,94,72,
85,94,72,
85,96,72,
85,95,72,
85,92,69,
85,91,66,
85,90,67,
85,90,65,
85,90,67,
85,90,69,
85,92,70,
85,90,69,
85,92,70,
85,91,71,
85,92,70,
85,92,70,
85,93,71,
85,91,70,
85,94,72,
85,94,71,
85,95,73,
85,93,73,
85,91,69,
85,91,68,
85,90,67,
85,89,66,
85,90,68,
85,92,71,
85,91,69,
85,92,70,
85,91,70,
85,91,70,
85,91,69,
85,92,69,
85,92,70,
85,92,70,
85,93,71,
86,93,70,
85,95,73,
85,95,73,
85,94,70,
85,92,68,
85,91,69,
85,90,67,
85,92,68,
85,91,69,
85,91,69,
85,90,68,
85,91,68,
85,91,69,
85,90,70,
85,91,69,
85,91,68,
85,91,69,
85,92,73,
85,93,72,
85,94,72,
86,94,73,
85,93,71,
85,91,69,
85,91,68,
85,88,66,
85,89,68,
85,91,68,
85,90,69,
85,92,69,
85,92,69,
85,92,69,
85,92,69,
85,92,71,
85,92,70,
85,91,68,
85,93,70,
85,93,72,
85,94,73,
85,94,73,
85,91,71,
85,90,67,
85,90,70,
85,90,68,
85,90,69,
85,92,69,
85,91,70,
85,91,69,
85,92,70,
85,93,70,
85,92,69,
85,91,69,
86,92,70,
85,92,69,
85,91,71,
85,94,72,
85,93,72,
85,94,72,
85,92,71,
85,89,68,
85,90,69,
85,89,67,
85,91,67,
85,92,69,
85,92,70,
85,91,70,
85,93,71,
85,92,69,
85,93,69,
85,91,70,
85,91,69,
85,92,70,
85,94,69,
85,94,72,
85,94,72,
85,95,72,
85,93,71,
85,91,70,
85,92,68,
85,90,67,
85,90,66,
85,91,68,
85,91,69,
85,91,69,
85,92,68,
85,91,69,
85,91,70,
85,91,71,
85,92,70,
85,93,71,
85,92,69,
86,93,71,
85,94,71,
85,94,72,
85,93,70,
85,91,68,
85,90,68,
85,89,66,
85,89,67,
85,91,70,
84,90,68,
85,91,68,
85,92,69,
86,91,70,
85,93,69,
85,92,71,
85,92,70,
85,93,70,
85,92,71,
85,94,73,
85,94,72,
85,95,73,
85,94,72,
85,93,69,
85,91,67,
85,91,68,
85,90,68,
85,91,69,
84,91,70,
85,91,70,
85,90,69,
85,92,71,
85,92,70,
85,92,70,
85,91,70,
85,92,70,
85,90,71,
85,93,73,
85,93,71,
85,94,73,
86,93,73,
84,91,69,
86,90,69,
84,89,66,
85,89,67,
85,90,68,
85,91,69,
85,91,69,
85,91,70,
85,92,70,
85,91,70,
86,92,72,
85,93,71,
85,93,72,
85,93,70,
85,95,74,
85,113,96,
85,114,96,
86,103,83,
85,98,76,
85,93,71,
85,92,69,
85,91,69,
85,92,71,
85,93,71,
85,92,72,
85,91,69,
85,92,71,
85,90,68,
85,84,61,
85,81,57,
85,85,63,
85,86,63,
84,88,67,
85,91,68,
85,94,72,
85,92,72,
85,92,69,
85,90,67,
85,91,67,
85,88,66,
85,89,67,
85,90,68,
85,90,69,
85,91,70,
85,91,68,
85,91,69,
85,91,69,
85,91,69,
85,91,70,
85,92,68,
85,92,70,
85,93,72,
85,94,73,
85,94,71,
85,94,70,
85,89,68,
85,91,69,
85,89,66,
85,90,68,
85,90,70,
85,91,70,
85,91,69,
85,90,69,
85,92,69,
85,92,70,
85,91,71,
85,92,69,
85,91,70,
85,93,72,
85,94,71,
85,93,73,
85,93,71,
85,93,70,
85,90,67,
85,90,68,
85,89,67,
85,91,70,
85,91,71,
85,91,70,
85,92,69,
85,92,71,
85,93,71,
85,92,69,
85,91,68,
85,92,70,
85,91,70,
85,93,71,
85,93,72,
85,94,72,
85,95,72,
85,93,71,
85,91,68,
85,91,68,
85,90,67,
85,89,67,
85,91,68,
85,90,69,
85,92,70,
85,91,69,
85,92,69,
85,91,69,
85,91,68,
85,90,69,
85,91,70,
85,91,71,
85,94,72,
85,94,71,
85,94,72,
85,93,72,
85,92,70,
85,91,67,
85,90,69,
85,90,68,
85,90,68,
85,91,69,
85,92,69,
85,92,71,
85,91,71,
85,91,68,
85,92,69,
85,90,70,
85,92,69,
85,90,70,
85,93,72,
85,93,72,
85,94,72,
85,92,71,
85,91,69,
85,91,68,
85,91,68,
85,90,68,
85,91,69,
85,92,70,
85,92,70,
85,94,72,
85,92,70,
85,93,70,
85,91,70,
85,91,69,
85,92,69,
85,91,70,
85,95,73,
85,93,72,
85,94,71,
85,93,70,
86,92,69,
84,90,67,
85,90,68,
85,90,68,
85,90,69,
85,92,69,
85,90,70,
86,91,69,
85,90,70,
84,91,69,
85,92,69,
85,92,72,
85,92,69,
85,91,69,
85,93,72,
85,93,70,
85,95,73,
85,93,71,
86,92,71,
84,90,68,
85,91,67,
85,88,67,
85,91,70,
85,91,70,
85,90,69,
85,91,69,
85,92,69,
85,92,69,
85,92,68,
85,92,69,
85,92,70,
85,92,68,
86,94,71,
85,94,72,
85,95,72,
85,95,73,
85,93,71,
85,91,69,
85,91,69,
85,89,67,
85,89,69,
85,91,69,
85,91,69,
85,91,70,
85,91,69,
85,92,68,
85,91,68,
84,91,69,
85,90,69,
85,91,69,
85,94,69,
85,93,72,
85,95,73,
86,94,74,
85,92,71,
85,90,69,
84,92,69,
85,89,66,
85,90,69,
85,92,69,
86,91,70,
84,91,68,
86,92,70,
85,91,70,
85,92,69,
85,91,69,
84,92,70,
85,91,71,
85,93,71,
85,92,73,
85,94,72,
85,94,71,
85,94,70,
85,90,68,
85,90,68,
85,89,67,
85,90,68,
85,92,69,
85,91,68,
85,90,70,
85,92,69,
85,91,71,
85,91,69,
85,92,70,
85,92,72,
85,92,71,
85,92,71,
85,94,72,
85,95,73,
85,94,73,
85,91,70,
85,89,67,
85,91,68,
85,90,67,
85,90,66,
85,91,68,
85,90,69,
85,90,68,
85,91,69,
85,92,70,
85,91,69,
85,91,69,
85,91,71,
85,92,70,
85,92,71,
85,94,73,
85,94,73,
85,94,73,
85,93,71,
85,91,69,
85,92,69,
85,89,66,
85,89,67,
85,90,68,
85,91,68,
85,91,69,
85,92,69,
85,91,69,
85,93,70,
85,91,69,
85,93,70,
85,91,69,
85,92,68,
85,93,73,
85,93,72,
85,94,72,
85,93,72,
85,92,69,
85,91,69,
85,90,67,
85,91,68,
85,91,70,
85,91,67,
85,89,68,
84,89,68,
85,90,67,
85,91,70,
85,91,69,
85,91,69,
85,91,69,
85,92,69,
85,94,73,
85,94,73,
86,95,75,
85,94,73,
85,92,70,
85,91,69,
85,91,67,
85,90,67,
85,90,68,
85,90,68,
85,91,68,
85,91,69,
85,92,71,
85,91,70,
85,90,70,
85,91,69,
85,92,69,
85,92,70,
85,94,70,
85,92,71,
85,94,73,
85,94,71,
85,93,69,
85,92,68,
85,91,69,
85,90,67,
85,91,70,
85,91,69,
85,92,69,
85,92,69,
85,91,69,
85,91,69,
85,90,69,
85,92,70,
85,91,70,
85,92,69,
85,92,70,
85,92,70,
85,93,71,
85,94,70,
85,92,69,
85,91,67,
85,90,69,
85,89,67,
85,91,69,
85,91,69,
85,92,68,
85,91,70,
85,91,68,
85,91,69,
85,92,69,
85,91,68,
85,92,70,
85,91,69,
85,92,70,
85,92,71,
85,95,73,
85,94,72,
85,92,70,
85,91,67,
85,89,68,
85,88,67,
85,90,68,
85,89,68,
84,90,68,
85,90,68,
85,92,69,
86,92,70,
85,92,68,
85,92,69,
85,92,70,
85,90,70,
85,94,72,
85,93,71,
85,94,73,
85,93,73,
85,93,71,
85,90,69,
85,91,69,
85,89,68,
85,89,67,
85,90,68,
85,90,68,
85,90,69,
85,92,68,
85,93,69,
85,92,70,
84,92,71,
85,92,71,
85,93,70,
86,98,77,
85,101,80,
85,97,76,
85,97,75,
85,96,73,
85,92,69,
85,92,69,
85,90,67,
85,90,65,
85,88,66,
84,88,65,
85,88,67,
85,90,67,
85,90,67,
85,91,68,
85,90,69,
85,91,69,
85,92,70,
85,92,70,
85,92,72,
85,95,72,
85,94,72,
85,93,70,
85,90,68,
85,90,67,
85,89,68,
85,90,69,
85,92,69,
85,92,70,
85,92,69,
85,94,71,
85,92,71,
85,92,70,
85,91,69,
85,91,69,
85,92,68,
85,93,71,
85,94,72,
85,92,70,
85,93,71,
85,93,69,
85,90,69,
85,91,69,
85,89,67,
85,88,66,
85,90,69,
85,92,71,
85,91,70,
85,92,68,
85,92,69,
85,93,69,
85,92,70,
85,92,70,
85,92,69,
85,92,69,
85,93,72,
85,93,71,
85,94,72,
85,93,72,
85,91,70,
85,90,69,
85,90,67,
85,90,66,
85,90,67,
85,90,68,
85,91,68,
85,90,69,
85,92,68,
85,91,69,
85,92,70,
85,92,70,
85,91,69,
85,91,71,
85,93,72,
85,94,72,
85,95,72,
85,93,72,
85,92,69,
85,90,68,
85,90,67,
85,89,67,
85,90,68,
85,92,69,
85,91,69,
84,92,70,
85,90,68,
85,91,68,
85,92,69,
85,91,70,
85,91,69,
85,92,70,
85,92,71,
85,93,72,
85,94,73,
85,92,72,
85,92,71,
85,90,68,
85,90,67,
85,90,67,
85,91,68,
85,91,69,
86,92,68,
85,92,70,
84,91,69,
85,91,70,
85,91,69,
85,91,70,
85,91,69,
85,91,69,
85,93,72,
85,94,74,
85,93,74,
85,93,72,
85,92,71,
85,90,69,
85,91,70,
85,90,68,
85,91,69,
85,91,68,
85,91,70,
85,91,71,
85,92,70,
85,92,70,
85,91,70,
85,91,69,
85,91,69,
85,92,70,
85,93,72,
85,93,70,
85,94,71,
85,93,72,
85,93,70,
85,89,67,
85,90,68,
85,89,66,
85,90,67,
85,91,69,
85,91,69,
85,91,68,
85,92,68,
85,91,69,
85,93,69,
85,93,69,
85,92,69,
85,91,69,
85,93,69,
85,94,70,
84,94,71,
86,94,73,
85,92,70,
84,90,67,
85,90,68,
85,89,66,
85,89,68,
85,90,68,
85,92,69,
85,91,70,
85,92,69,
85,93,70,
85,93,71,
85,92,71,
85,90,70,
85,92,69,
85,92,71,
85,94,72,
85,94,72,
85,94,73,
85,93,70,
85,91,69,
85,91,68,
85,90,68,
85,90,66,
85,90,67,
85,92,69,
85,92,68,
85,91,70,
85,92,69,
85,92,70,
85,91,70,
85,92,69,
84,93,71,
85,94,72,
86,94,71,
85,92,70,
85,94,69,
85,92,70,
85,91,70,
85,92,68,
85,90,68,
85,91,69,
85,91,69,
85,91,70,
85,91,69,
85,92,68,
85,91,70,
84,92,69,
85,91,68,
85,92,70,
85,93,70,
85,93,69,
85,93,71,
85,93,71,
85,93,73,
86,92,71,
84,91,70,
85,90,69,
85,90,68,
85,90,68,
85,91,69,
85,92,68,
85,91,70,
85,92,70,
85,91,71,
85,92,69,
85,91,69,
85,90,69,
85,90,69,
85,91,69,
85,94,71,
85,93,71,
85,94,72,
85,94,73,
85,92,71,
85,91,69,
85,90,67,
85,90,67,
85,91,68,
85,91,68,
85,92,70,
85,91,70,
85,91,70,
85,91,70,
85,91,69,
85,93,70,
85,92,70,
85,92,68,
85,92,70,
85,92,70,
85,92,73,
85,93,72,
85,92,72,
85,90,69,
85,91,69,
84,90,69,
85,92,69,
85,91,68,
85,91,69,
85,91,68,
85,92,70,
85,93,71,
85,92,71,
85,92,71,
85,92,70,
85,92,71,
85,94,72,
85,94,72,
85,94,71,
85,94,71,
85,93,70,
85,90,67,
85,91,68,
85,89,66,
85,89,67,
85,91,68,
85,91,68,
85,93,72,
85,92,71,
85,91,70,
85,91,69,
85,92,69,
85,91,68,
85,92,70,
85,94,71,
85,94,70,
85,94,73,
84,94,70,
85,93,71,
85,91,68,
85,90,68,
85,88,66,
85,90,67,
85,91,68,
85,91,69,
85,92,70,
85,92,69,
85,92,71,
85,92,70,
84,92,70,
85,93,68,
85,92,69,
85,93,73,
85,94,72,
85,95,72,
85,95,72,
85,94,71,
85,91,68,
85,90,69,
85,90,68,
85,89,68,
85,90,67,
85,90,68,
85,89,69,
85,90,69,
85,91,69,
85,91,70,
85,92,69,
85,91,68,
85,91,68,
85,93,70,
85,93,71,
85,93,69,
85,94,71,
84,93,71,
85,91,69,
85,91,69,
85,91,67,
85,89,68,
85,91,69,
85,91,70,
85,91,67,
85,91,69,
85,91,68,
85,90,67,
85,91,69,
85,91,69,
85,90,69,
85,91,69,
85,93,71,
85,93,71,
85,94,73,
85,92,71,
85,91,69,
85,91,68,
85,91,68,
85,90,68,
85,92,69,
85,91,70,
85,92,70,
85,91,70,
85,92,70,
85,92,69,
85,92,69,
85,90,67,
85,88,64,
85,89,66,
85,93,70,
85,92,71,
85,93,72,
85,92,71,
85,90,68,
84,90,68,
85,89,68,
85,87,65,
85,90,68,
85,91,68,
85,90,68,
85,90,69,
85,91,69,
85,91,69,
85,90,69,
85,92,69,
85,93,69,
84,91,69,
85,92,71,
85,93,70,
86,93,71,
85,92,70,
84,91,70,
85,89,68,
85,90,68,
85,89,66,
85,91,69,
85,91,70,
85,91,70,
85,92,69,
85,92,71,
85,92,71,
85,92,71,
85,92,71,
85,92,70,
85,91,70,
84,93,70,
85,93,72,
85,96,74,
85,94,70,
85,91,68,
85,90,67,
85,89,68,
85,90,66,
85,91,68,
85,90,69,
85,91,70,
85,92,71,
85,91,71,
85,90,69,
85,91,70,
85,92,70,
85,92,70,
85,91,69,
85,94,71,
85,94,72,
85,93,72,
85,94,71,
85,91,69,
84,91,69,
85,90,68,
85,89,66,
85,91,68,
85,91,69,
85,90,69,
85,91,67,
85,90,69,
85,91,69,
85,90,69,
85,92,69,
85,92,70,
85,91,69,
85,92,70,
85,93,72,
85,94,70,
85,93,72,
85,93,70,
84,91,68,
85,91,68,
85,90,66,
85,90,68,
85,90,68,
85,91,69,
85,92,68,
85,91,69,
85,92,68,
85,92,67,
85,92,68,
85,92,68,
85,92,68,
85,93,71,
85,94,73,
85,94,72,
85,93,72,
85,93,70,
85,91,68,
85,91,69,
85,90,67,
85,90,68,
85,91,69,
85,92,70,
85,92,69,
85,93,70,
85,92,69,
85,91,69,
85,92,68,
85,92,67,
84,91,69,
85,93,70,
85,93,71,
85,93,72,
85,93,72,
85,93,72,
85,91,68,
85,89,68,
85,89,67,
85,89,68,
85,90,69,
85,92,69,
85,92,70,
85,93,70,
85,92,70,
85,92,70,
85,92,71,
85,92,71,
85,92,69,
85,92,71,
85,94,72,
85,94,72,
85,94,72,
85,94,71,
85,90,68,
85,90,69,
85,89,68,
85,91,69,
85,90,69,
85,92,69,
85,91,70,
85,92,71,
85,92,71,
85,92,71,
85,92,70,
85,91,70,
85,91,70,
85,93,71,
85,95,74,
85,94,73,
85,95,73,
85,94,71,
85,91,70,
85,90,67,
85,89,68,
84,90,67,
85,91,67,
85,91,70,
85,90,69,
85,92,69,
85,90,69,
85,91,68,
85,93,70,
85,91,69,
85,90,68,
85,92,71,
85,94,73,
85,94,73,
85,96,73,
85,93,71,
85,93,70,
85,90,67,
85,91,68,
85,90,68,
85,90,68,
85,91,70,
85,91,69,
85,92,68,
85,91,69,
85,91,69,
85,90,69,
85,91,68,
85,90,67,
85,91,70,
85,93,72,
85,94,70,
85,94,72,
85,94,70,
85,91,69,
85,92,69,
84,91,70,
85,91,67,
85,90,68,
85,92,68,
85,90,67,
85,92,70,
85,92,70,
85,92,70,
85,92,69,
85,92,71,
85,91,69,
85,91,69,
85,94,72,
85,92,72,
85,93,73,
85,92,71,
85,91,69,
85,90,68,
85,90,68,
85,91,67,
85,91,69,
85,91,70,
85,91,69,
84,91,69,
85,92,69,
85,92,69,
85,92,69,
85,92,70,
85,92,68,
85,91,69,
85,93,69,
85,93,70,
85,94,72,
85,93,70,
85,91,70,
85,91,67,
85,90,68,
84,90,67,
85,91,67,
85,91,68,
85,92,68,
85,91,70,
85,92,69,
85,91,70,
85,91,69,
85,91,69,
85,92,68,
85,92,68,
85,93,71,
85,94,72,
85,94,72,
85,95,73,
84,93,70,
85,91,67,
85,92,68,
85,90,67,
85,90,66,
85,91,68,
85,91,68,
85,92,70,
85,92,69,
85,92,70,
85,91,68,
85,92,70,
85,91,70,
85,92,70,
85,93,72,
85,94,71,
85,93,71,
85,94,71,
85,93,71,
85,91,68,
85,92,70,
85,89,67,
85,90,67,
85,91,68,
85,89,67,
85,91,69,
85,92,69,
85,91,69,
85,91,69,
84,91,69,
85,92,70,
85,92,70,
85,93,72,
85,94,72,
85,94,73,
85,95,72,
85,93,71,
85,91,69,
85,91,69,
85,89,68,
85,90,68,
85,91,68,
85,92,70,
85,91,69,
85,92,69,
85,92,70,
85,92,69,
85,91,69,
85,91,68,
85,92,69,
85,93,71,
85,93,71,
85,93,71,
85,94,72,
85,94,71,
85,91,68,
85,92,68,
84,89,67,
85,90,66,
85,91,68,
85,91,69,
85,92,70,
85,92,70,
85,91,70,
85,91,69,
85,91,69,
85,91,69,
85,92,69,
85,91,69,
85,93,71,
85,93,70,
85,93,72,
85,93,71,
85,92,69,
85,91,69,
85,90,69,
84,90,67,
85,90,69,
85,91,69,
85,91,70,
85,93,69,
85,91,70,
85,91,71,
85,92,69,
85,92,69,
85,91,69,
85,92,69,
85,94,72,
85,94,71,
85,94,73,
85,93,73,
85,91,69,
84,91,67,
85,90,68,
85,90,66,
85,90,68,
85,92,69,
85,92,70,
85,92,69,
85,92,70,
85,92,70,
85,92,70,
84,91,70,
85,92,71,
85,92,71,
85,95,73,
85,93,72,
85,95,73,
85,94,72,
85,93,71,
85,90,68,
85,91,69,
85,88,66,
85,89,67,
85,90,68,
85,91,69,
85,92,68,
85,91,68,
85,92,69,
85,91,69,
84,92,69,
85,91,70,
85,92,68,
85,93,71,
85,94,72,
85,94,72,
85,94,73,
85,92,72,
85,91,68,
85,91,69,
85,89,67,
85,91,68,
85,91,69,
85,90,68,
85,91,69,
85,91,69,
85,90,69,
85,92,69,
85,91,68,
84,92,70,
85,92,70,
85,94,70,
85,93,71,
85,95,72,
85,94,73,
85,93,71,
85,90,68,
85,91,69,
85,90,67,
85,90,67,
85,90,69,
85,91,68,
85,91,69,
85,91,70,
85,93,70,
85,90,70,
85,91,70,
85,90,68,
85,91,68,
85,93,70,
85,92,71,
85,94,73,
84,93,73,
85,92,71,
85,90,68,
85,92,70,
85,89,67,
85,90,66,
85,90,69,
85,91,70,
85,91,69,
85,91,70,
85,92,69,
85,93,68,
85,92,69,
85,92,70,
85,92,69,
85,93,72,
85,94,70,
85,92,69,
85,94,71,
85,93,71,
85,92,70,
85,91,68,
85,90,67,
85,90,66,
84,92,68,
85,92,71,
85,91,68,
85,93,71,
85,91,69,
85,91,70,
85,92,69,
85,92,70,
85,92,71,
85,93,70,
85,94,72,
85,93,71,
84,95,74,
85,93,72,
85,91,69,
85,91,69,
85,90,67,
85,88,67,
85,90,67,
85,91,69,
85,92,70,
85,91,69,
84,91,70,
85,90,68,
85,91,68,
85,91,70,
85,91,69,
85,92,71,
85,94,72,
85,94,72,
85,95,72,
85,93,71,
85,92,69,
85,91,69,
85,90,68,
85,89,67,
85,90,69,
85,90,68,
85,91,70,
85,91,69,
85,91,70,
84,92,69,
85,91,70,
85,91,71,
85,91,70,
85,92,71,
85,94,72,
85,94,73,
85,95,74,
85,94,72,
85,91,70,
85,91,69,
85,91,69,
85,90,69,
85,92,70,
85,93,71,
85,91,70,
85,92,69,
85,91,70,
85,91,70,
84,90,68,
85,91,67,
85,91,69,
85,90,69,
85,93,72,
85,93,69,
85,93,73,
85,94,72,
85,93,70,
85,90,67,
85,90,67,
85,90,66,
85,90,67,
84,91,68,
85,91,68,
85,91,70,
85,92,70,
85,93,72,
85,91,69,
85,92,70,
85,92,70,
85,91,69,
85,94,71,
85,93,70,
85,94,73,
85,93,72,
85,92,69,
85,91,68,
85,90,68,
85,91,68,
84,89,68,
85,91,69,
85,92,69,
85,92,70,
85,92,68,
85,91,69,
85,92,70,
85,93,71,
85,92,69,
85,93,71,
85,93,70,
85,94,73,
85,94,74,
85,92,72,
85,92,71,
85,91,67,
85,89,69,
84,90,68,
85,89,68,
85,90,68,
85,91,69,
85,92,71,
85,92,71,
85,92,70,
85,92,69,
85,92,70,
85,92,70,
85,92,71,
84,93,72,
85,93,71,
85,93,73,
85,94,73,
85,93,71,
85,91,69,
85,90,68,
85,90,67,
85,90,68,
85,91,69,
85,91,69,
85,90,68,
84,90,70,
85,91,69,
85,91,69,
85,92,69,
85,92,70,
85,91,69,
85,93,70,
85,93,71,
85,94,72,
85,94,72,
85,93,71,
85,91,67,
85,91,69,
85,91,68,
85,90,68,
85,91,69,
84,91,69,
85,92,70,
85,92,71,
85,92,70,
85,91,70,
85,92,71,
85,91,70,
85,91,70,
85,92,70,
85,93,72,
85,93,71,
85,95,71,
85,94,71,
85,91,68,
85,89,67,
85,88,67,
85,90,68,
85,90,69,
85,91,70,
85,89,69,
84,91,69,
85,90,70,
85,92,68,
85,91,71,
85,91,69,
85,92,70,
85,92,71,
85,94,72,
85,93,71,
85,95,73,
85,94,71,
85,90,67,
85,90,68,
85,90,67,
85,90,67,
85,90,68,
85,91,69,
85,91,70,
84,91,69,
85,91,70,
85,91,71,
85,92,70,
85,92,69,
85,93,71,
85,91,69,
85,94,70,
85,93,71,
85,94,72,
85,94,71,
85,92,71,
85,90,70,
85,90,68,
85,90,67,
85,91,69,
84,90,68,
85,92,68,
85,90,69,
85,91,70,
85,90,68,
85,91,70,
85,91,71,
85,91,70,
85,92,72,
85,93,74,
85,94,74,
85,95,74,
85,93,72,
85,92,74,
85,91,71,
85,89,72,
85,90,74,
85,91,76,
85,91,78,
85,91,80,
85,91,82,
85,91,85,
85,91,89,
85,91,92,
85,92,95,
85,91,98,
85,92,103,
85,94,112,
85,93,115,
85,95,121,
86,93,125,
85,92,128,
85,90,134,
85,91,138,
86,89,141,
85,90,148,
86,89,154,
85,91,161,
86,92,166,
85,91,170,
86,91,174,
86,91,176,
86,91,181,
86,92,185,
86,91,187,
86,93,191,
86,95,195,
86,94,196,
86,95,197,
86,93,198,
87,91,198,
86,91,198,
87,89,199,
86,92,198,
87,92,200,
87,92,198,
87,92,199,
87,92,198,
87,93,197,
87,92,196,
87,92,194,
87,93,193,
87,92,192,
87,95,192,
87,94,190,
87,96,190,
88,95,186,
87,94,183,
87,91,179,
87,92,177,
87,91,174,
88,91,172,
87,91,171,
87,92,169,
87,94,167,
87,93,165,
87,93,164,
88,93,160,
87,93,159,
87,93,156,
87,93,154,
87,94,154,
87,95,152,
87,95,151,
87,96,148,
87,95,145,
87,92,141,
87,92,138,
86,91,134,
87,91,135,
87,93,135,
87,93,132,
86,93,131,
87,93,128,
87,93,127,
86,94,126,
87,93,123,
87,94,124,
86,93,121,
87,93,120,
86,96,121,
87,95,118,
86,95,118,
87,94,116,
86,92,112,
86,92,112,
87,90,108,
86,92,107,
87,92,108,
86,92,106,
86,93,107,
86,92,106,
86,93,105,
86,92,104,
87,93,104,
86,93,104,
86,93,102,
86,93,102,
86,95,102,
86,94,101,
86,97,103,
87,93,99,
86,92,95,
85,91,95,
86,90,93,
86,90,93,
86,91,93,
86,92,93,
86,92,91,
86,93,94,
86,93,94,
86,92,92,
86,92,92,
86,93,91,
86,92,91,
86,93,91,
86,94,92,
85,95,92,
86,95,92,
86,95,90,
86,94,88,
86,92,87,
86,91,85,
85,91,84,
86,91,85,
86,91,84,
85,92,85,
86,91,85,
86,92,85,
86,93,85,
85,92,86,
86,92,85,
86,93,84,
86,91,84,
85,95,86,
86,94,86,
86,95,87,
86,95,85,
85,93,83,
86,92,82,
86,92,82,
85,91,80,
86,92,82,
85,92,83,
86,92,82,
86,91,82,
85,92,81,
86,92,81,
85,92,81,
86,92,82,
85,92,80,
86,91,81,
85,95,83,
86,95,84,
86,96,85,
85,93,83,
86,93,82,
85,92,79,
86,91,79,
85,90,77,
86,91,79,
85,92,81,
86,92,79,
86,92,79,
85,92,80,
86,91,79,
85,91,77,
86,92,77,
85,92,78,
86,91,78,
85,94,80,
86,93,80,
85,94,82,
86,94,80,
85,93,80,
86,91,77,
85,92,79,
86,89,75,
85,91,75,
86,91,76,
85,91,77,
86,92,78,
85,92,79,
86,93,77,
85,91,78,
86,93,78,
85,94,78,
86,93,78,
85,93,79,
86,94,79,
85,94,79,
86,94,79,
85,93,78,
85,91,75,
86,92,77,
85,90,73,
86,89,74,
85,91,75,
86,90,75,
85,92,75,
86,92,74,
85,92,76,
85,92,76,
86,92,75,
85,92,76,
86,92,76,
85,94,75,
86,102,86,
85,112,97,
86,104,88,
85,98,80,
86,92,75,
85,91,74,
86,84,67,
85,80,63,
85,83,66,
86,87,72,
85,90,74,
85,92,74,
86,91,74,
85,92,75,
86,92,74,
85,92,74,
86,93,75,
85,92,75,
85,94,78,
86,94,76,
85,99,81,
86,101,82,
85,95,76,
86,93,75,
85,90,72,
86,90,71,
85,91,72,
85,90,74,
86,91,72,
85,89,70,
85,88,71,
86,89,72,
85,90,72,
86,92,74,
85,91,74,
85,92,75,
86,93,76,
85,94,75,
85,94,75,
86,94,75,
85,91,75,
85,92,72,
86,90,72,
85,90,71,
85,92,72,
86,92,71,
85,90,72,
85,91,72,
86,91,72,
85,91,72,
85,91,72,
86,92,73,
85,92,73,
85,91,72,
86,93,74,
85,93,74,
86,95,77,
85,94,75,
85,92,74,
86,92,73,
85,91,71,
85,90,70,
85,90,71,
86,92,72,
85,92,73,
85,92,73,
86,93,73,
85,91,73,
85,92,73,
86,91,74,
85,93,72,
85,92,73,
86,93,74,
85,93,73,
85,93,75,
86,92,74,
85,91,73,
85,91,71,
86,91,71,
85,89,68,
85,91,70,
85,92,71,
86,91,72,
85,93,72,
85,92,72,
85,92,72,
86,92,73,
85,91,73,
85,92,72,
86,91,73,
85,93,74,
86,92,73,
85,94,75,
85,95,74,
85,93,72,
86,90,70,
85,91,69,
85,89,68,
85,91,71,
86,91,71,
85,91,72,
85,91,73,
86,91,72,
85,92,73,
85,92,72,
85,92,72,
86,91,72,
85,93,71,
85,94,74,
85,93,74,
86,95,75,
85,94,75,
85,93,71,
86,89,71,
85,90,70,
85,89,69,
85,91,70,
86,92,70,
85,92,71,
85,92,72,
85,92,72,
86,93,72,
85,92,70,
85,91,69,
85,92,71,
86,91,70,
85,94,72,
85,93,72,
85,94,74,
86,94,73,
85,93,71,
85,91,70,
85,91,71,
86,89,68,
85,91,70,
85,91,71,
85,91,70,
86,91,70,
85,91,71,
85,92,71,
85,92,72,
86,92,71,
85,92,71,
85,92,71,
86,94,73,
85,93,73,
85,94,73,
85,95,75,
86,95,73,
85,91,71,
85,91,70,
85,90,68,
86,91,71,
85,91,69,
85,92,71,
85,91,69,
85,91,70,
86,91,69,
85,91,70,
85,91,71,
85,92,71,
85,91,72,
86,93,72,
85,93,73,
85,93,73,
85,95,73,
86,93,73,
85,92,69,
85,92,70,
85,89,69,
85,90,69,
86,91,71,
85,92,71,
85,91,71,
85,91,71,
86,92,71,
85,92,71,
85,92,71,
85,91,70,
86,91,71,
85,92,71,
85,93,73,
85,93,74,
86,94,75,
85,92,72,
85,90,69,
85,91,69,
85,90,68,
85,90,69,
86,91,70,
85,92,70,
85,92,70,
85,92,71,
86,93,72,
85,92,72,
85,93,71,
85,92,71,
85,92,71,
86,93,71,
85,94,73,
85,93,72,
86,94,72,
85,93,72,
85,93,70,
86,91,71,
85,91,69,
85,90,68,
86,91,69,
85,91,69,
85,91,70,
86,92,70,
86,91,71,
86,93,71,
86,92,71,
86,94,72,
86,93,72,
87,95,73,
87,95,74,
87,96,75,
88,99,77,
88,99,77,
89,97,74,
90,98,74,
90,98,74,
92,99,74,
93,102,76,
95,105,81,
97,106,80,
99,109,83,
102,113,84,
105,118,88,
109,123,91,
113,129,95,
118,134,100,
124,143,107,
131,154,114,
139,163,121,
148,178,132,
160,190,140,
171,204,145,
187,221,158,
202,242,174,
221,266,189,
243,294,208,
268,326,232,
296,364,258,
327,403,285,
364,449,316,
404,500,351,
450,558,392,
502,623,436,
560,696,488,
624,779,546,
698,872,609,
779,973,680,
868,1087,762,
968,1211,846,
1079,1349,943,
1202,1498,1043,
1336,1666,1160,
1484,1849,1286,
1646,2052,1428,
1824,2274,1584,
2017,2514,1748,
2228,2772,1929,
2458,3052,2122,
2705,3360,2337,
2974,3690,2567,
3264,4045,2815,
3575,4426,3083,
3911,4835,3368,
4269,5272,3672,
4654,5741,3999,
5062,6239,4347,
5497,6764,4719,
5957,7323,5109,
6444,7913,5520,
6959,8533,5955,
7501,9184,6410,
8068,9871,6895,
8664,10587,7400,
9284,11330,7924,
9928,12106,8469,
10598,12905,9034,
11289,13728,9618,
12005,14581,10222,
12740,15455,10840,
13497,16354,11471,
14269,17272,12118,
15059,18207,12775,
15862,19160,13453,
16674,20123,14143,
17495,21085,14830,
18322,22055,15520,
19154,23028,16204,
19988,24005,16904,
20822,24976,17601,
21647,25942,18294,
22467,26899,18973,
23274,27837,19651,
24069,28764,20316,
24845,29663,20958,
25603,30539,21590,
26339,31382,22198,
27051,32206,22794,
27740,33000,23368,
28400,33755,23913,
29028,34473,24435,
29629,35156,24933,
30198,35804,25408,
30730,36403,25846,
31225,36959,26252,
31685,37474,26629,
32106,37949,26978,
32493,38370,27293,
32841,38757,27577,
33153,39095,27829,
33427,39391,28054,
33662,39644,28256,
33862,39847,28417,
34022,40015,28548,
34145,40133,28645,
34232,40215,28717,
34285,40254,28756,
34305,40251,28772,
34293,40216,28764,
34249,40147,28723,
34174,40037,28662,
34071,39898,28568,
33939,39725,28454,
33781,39519,28328,
33597,39276,28167,
33388,39017,27985,
33155,38730,27791,
32902,38418,27585,
32628,38082,27352,
32333,37729,27097,
32022,37350,26843,
31696,36958,26572,
31354,36546,26287,
30998,36120,25982,
30626,35679,25670,
30243,35213,25350,
29848,34746,25022,
29443,34262,24680,
29028,33772,24336,
28608,33274,23984,
28182,32772,23628,
27750,32263,23267,
27315,31748,22902,
26876,31232,22533,
26433,30717,22168,
25988,30197,21793,
25543,29669,21421,
25095,29143,21047,
24648,28618,20678,
24201,28090,20310,
23756,27567,19934,
23311,27053,19562,
22868,26537,19191,
22429,26026,18822,
21994,25512,18455,
21560,25004,18094,
21121,24495,17729,
20690,23992,17364,
20263,23502,17007,
19845,23010,16653,
19431,22527,16307,
19023,22053,15959,
18620,21582,15621,
18223,21118,15290,
17832,20668,14968,
17447,20222,14645,
17068,19785,14331,
16697,19351,14025,
16333,18930,13717,
15975,18514,13414,
15624,18106,13118,
15279,17711,12828,
14940,17320,12548,
14607,16937,12278,
14283,16556,12001,
13964,16186,11737,
13654,15827,11472,
13348,15471,11215,
13051,15125,10965,
12760,14788,10726,
12474,14455,10483,
12195,14136,10251,
11922,13820,10019,
11656,13514,9797,
11396,13211,9579,
11144,12916,9368,
10896,12630,9162,
10655,12353,8959,
10420,12077,8762,
10192,11814,8570,
9968,11559,8384,
9751,11305,8203,
9539,11060,8025,
9334,10824,7854,
9133,10592,7686,
8939,10366,7522,
8749,10145,7361,
8564,9933,7204,
8385,9724,7049,
8210,9525,6903,
8041,9328,6765,
7875,9137,6626,
7715,8951,6489,
7557,8771,6360,
7405,8594,6227,
7256,8422,6102,
7111,8254,5981,
6970,8088,5864,
6832,7929,5750,
6698,7777,5635,
6569,7627,5531,
6442,7484,5425,
6320,7341,5319,
6201,7200,5216,
6085,7068,5117,
5971,6936,5022,
5862,6804,4926,
5755,6683,4841,
5651,6566,4757,
5551,6450,4670,
5453,6335,4589,
5359,6226,4506,
5266,6122,4429,
5176,6016,4354,
5088,5914,4281,
5002,5815,4211,
4919,5716,4140,
4838,5625,4073,
4760,5535,4005,
4684,5450,3944,
4610,5364,3882,
4539,5280,3820,
4469,5195,3759,
4401,5116,3703,
4335,5040,3647,
4270,4965,3596,
4206,4894,3542,
4145,4823,3491,
4085,4752,3439,
4026,4687,3392,
3970,4619,3339,
3913,4553,3293,
3859,4489,3245,
3806,4429,3202,
3754,4371,3159,
3703,4314,3118,
3655,4257,3075,
3606,4201,3036,
3559,4145,2998,
3514,4091,2957,
3468,4038,2919,
3425,3987,2881,
3382,3937,2846,
3341,3888,2812,
3299,3841,2777,
3258,3794,2743,
3219,3748,2708,
3180,3702,2675,
3141,3658,2643,
3104,3614,2611,
3067,3571,2581,
3031,3530,2552,
2997,3490,2522,
2962,3450,2492,
2928,3411,2464,
2895,3375,2437,
2863,3339,2413,
2831,3301,2383,
2799,3262,2355,
2769,3226,2327,
2739,3189,2302,
2709,3156,2278,
2680,3122,2255,
2653,3089,2232,
2623,3058,2209,
2597,3023,2186,
2569,2992,2165,
2543,2960,2140,
2516,2931,2116,
2490,2902,2094,
2466,2871,2073,
2439,2842,2054,
2416,2816,2035,
2391,2787,2012,
2367,2760,1995,
2344,2733,1974,
2321,2703,1954,
2298,2676,1933,
2275,2650,1912,
2254,2623,1895,
2231,2598,1877,
2211,2575,1858,
2188,2548,1841,
2169,2523,1826,
2147,2500,1807,
2127,2479,1789,
2107,2455,1772,
2087,2431,1756,
2068,2408,1740,
2048,2387,1724,
2030,2367,1710,
2010,2346,1694,
1993,2325,1679,
1974,2301,1664,
1956,2278,1645,
1937,2257,1629,
1920,2236,1614,
1902,2214,1597,
1885,2194,1585,
1868,2174,1571,
1851,2155,1557,
1835,2138,1545,
1817,2116,1528,
1802,2097,1516,
1786,2079,1504,
1770,2062,1489,
1754,2044,1477,
1739,2026,1463,
1724,2010,1452,
1709,1992,1441,
1694,1976,1429,
1680,1957,1416,
1665,1939,1402,
1650,1921,1388,
1637,1903,1375,
1622,1887,1363,
1608,1872,1352,
1594,1854,1341,
1581,1839,1328,
1567,1823,1318,
1553,1807,1307,
1540,1794,1296,
1527,1777,1283,
1515,1764,1274,
1501,1746,1262,
1488,1731,1251,
1476,1719,1245,
1463,1705,1235,
1451,1691,1225,
1438,1676,1212,
1426,1659,1202,
1414,1645,1190,
1402,1633,1180,
1391,1616,1168,
1378,1602,1161,
1367,1589,1148,
1356,1576,1137,
1344,1563,1130,
1333,1550,1121,
1323,1538,1111,
1311,1526,1102,
1301,1513,1094,
1290,1501,1085,
1279,1489,1060,
1270,1478,1053,
1259,1466,1050,
1248,1456,1045,
1239,1441,1035,
1228,1429,1027,
1218,1414,1019,
1208,1404,1014,
1199,1392,1006,
1188,1382,999,
1179,1370,992,
1170,1360,982,
1160,1349,974,
1151,1339,969,
1141,1327,961,
1133,1317,952,
1123,1307,945,
1114,1294,937,
1105,1283,929,
1096,1275,922,
1087,1264,915,
1078,1255,909,
1069,1245,903,
1061,1234,893,
1053,1222,884,
1044,1213,878,
1035,1201,869,
1027,1193,864,
1020,1184,858,
1011,1174,852,
1003,1166,846,
995,1157,838,
987,1149,833,
980,1137,825,
972,1129,817,
965,1122,814,
957,1113,804,
949,1104,799,
942,1096,793,
935,1087,787,
927,1079,781,
920,1069,774,
913,1058,767,
905,1051,764,
899,1041,754,
892,1034,748,
885,1026,743,
878,1019,739,
872,1012,733,
865,1004,730,
858,997,723,
852,989,717,
845,980,712,
838,972,707,
832,965,700,
826,959,696,
819,952,691,
813,946,687,
806,939,681,
800,930,674,
795,921,668,
788,914,661,
782,904,654,
776,899,649,
770,892,645,
764,887,643,
759,880,637,
752,874,634,
748,866,629,
741,860,624,
736,853,618,
731,847,615,
725,841,609,
720,837,606,
715,831,603,
709,825,597,
704,819,595,
699,812,589,
693,802,581,
689,795,575,
684,789,570,
678,783,567,
674,778,564,
669,774,561,
664,769,557,
659,764,555,
654,758,548,
649,752,546,
645,746,543,
640,740,538,
636,736,533,
631,730,529,
627,727,528,
622,722,525,
618,716,521,
613,712,517,
609,705,513,
604,698,507,
601,693,503,
596,688,500,
592,684,499,
587,679,494,
584,674,490,
579,669,487,
575,665,483,
572,662,480,
567,655,476,
564,652,471,
559,647,469,
555,643,467,
552,640,466,
547,634,461,
544,631,461,
540,624,455,
536,620,452,
532,613,445,
529,610,443,
525,605,439,
521,601,436,
518,598,433,
514,594,430,
510,590,427,
508,587,427,
503,582,423,
501,577,420,
497,573,416,
493,570,414,
490,567,413,
487,564,412,
484,560,408,
481,556,407,
477,552,403,
474,548,398,
471,543,394,
468,537,390,
465,533,387,
462,531,386,
458,529,385,
456,525,382,
453,522,380,
449,518,377,
447,515,374,
444,512,372,
441,508,370,
438,505,368,
435,502,363,
433,499,364,
429,497,361,
427,494,361,
424,490,358,
422,486,355,
418,481,352,
416,479,349,
414,474,345,
411,471,344,
408,471,344,
406,467,340,
403,463,338,
400,461,336,
398,459,334,
396,454,332,
393,452,329,
390,450,328,
389,446,326,
386,446,325,
383,443,324,
381,441,324,
379,438,320,
377,434,318,
374,430,313,
372,428,310,
370,424,308,
367,421,306,
365,418,305,
363,417,303,
361,413,303,
359,412,300,
357,409,299,
354,406,297,
353,404,295,
350,403,295,
348,400,293,
347,399,293,
344,396,290,
342,395,290,
340,393,287,
338,389,285,
336,384,281,
335,383,281,
332,379,276,
330,377,275,
329,375,274,
326,374,274,
325,373,273,
323,370,271,
321,368,269,
319,367,267,
318,364,266,
316,361,264,
314,358,264,
312,359,262,
310,357,261,
309,356,261,
306,353,260,
306,350,256,
303,346,253,
302,345,253,
300,342,249,
298,340,248,
297,340,246,
295,337,247,
294,336,245,
292,334,245,
290,332,242,
289,330,242,
287,327,240,
285,325,239,
285,323,237,
282,324,237,
282,323,238,
280,323,235,
278,321,236,
277,318,233,
275,314,229,
274,313,230,
273,310,228,
271,309,227,
270,307,226,
268,307,224,
267,305,222,
266,303,222,
264,301,222,
263,301,221,
262,298,218,
260,296,217,
259,294,215,
258,294,215,
256,295,216,
255,292,214,
254,292,214,
253,289,212,
251,286,210,
250,284,210,
249,282,208,
247,279,206,
247,280,205,
245,279,204,
244,277,205,
243,277,203,
242,276,201,
241,275,200,
239,273,199,
239,271,198,
237,270,199,
236,269,198,
235,270,200,
234,268,197,
233,267,198,
232,265,196,
230,262,192,
230,259,191,
229,259,189,
228,256,189,
226,257,189,
226,257,188,
225,255,187,
223,254,186,
223,253,186,
222,252,186,
220,250,185,
220,250,183,
219,249,183,
218,248,183,
217,249,184,
216,247,183,
215,247,183,
214,245,181,
213,242,177,
212,240,176,
211,238,174,
210,236,173,
210,236,173,
209,235,173,
207,234,172,
207,234,172,
206,233,171,
206,232,171,
204,231,169,
204,229,168,
203,229,170,
202,228,168,
201,228,169,
200,229,169,
200,229,170,
199,227,168,
198,225,166,
197,222,163,
196,222,164,
196,219,160,
195,219,159,
194,218,160,
193,219,160,
193,217,160,
192,217,160,
191,216,160,
190,216,161,
190,215,159,
189,213,157,
188,212,157,
188,214,158,
186,212,157,
187,212,157,
185,212,156,
185,209,153,
184,206,150,
183,206,150,
182,204,149,
182,205,150,
182,204,151,
180,202,151,
180,201,149,
180,202,150,
178,201,149,
178,199,146,
178,199,146,
177,199,146,
176,198,147,
175,199,146,
175,199,148,
175,199,148,
174,197,147,
173,196,145,
172,193,141,
172,194,142,
171,191,140,
171,192,141,
170,192,141,
170,191,141,
169,191,139,
169,189,140,
168,190,141,
167,188,141,
167,187,139,
167,187,137,
166,186,138,
165,187,138,
165,186,140,
164,186,139,
164,186,139,
163,184,137,
163,182,134,
162,181,134,
162,178,131,
161,179,132,
161,180,131,
160,179,132,
160,179,131,
159,179,133,
159,179,132,
159,178,132,
158,177,131,
157,177,133,
157,177,131,
157,177,131,
156,177,132,
156,176,131,
155,177,132,
155,175,131,
154,174,129,
154,174,127,
153,170,126,
153,170,125,
153,170,126,
152,169,126,
152,169,125,
151,168,126,
151,169,124,
150,167,123,
151,167,124,
149,168,123,
150,168,123,
149,167,124,
148,169,126,
149,168,126,
147,168,127,
148,167,125,
147,163,121,
146,163,118,
147,162,118,
146,161,119,
145,161,120,
145,163,119,
145,161,119,
144,161,119,
144,161,120,
144,160,119,
143,160,118,
143,160,118,
143,159,119,
142,159,118,
142,160,119,
141,160,120,
142,161,121,
141,159,117,
140,156,117,
140,155,115,
140,154,114,
140,152,112,
139,153,114,
139,153,115,
139,154,115,
138,153,115,
138,154,114,
138,155,113,
137,153,114,
137,153,116,
137,153,114,
136,151,114,
137,152,113,
136,153,113,
135,153,115,
136,152,115,
135,151,112,
134,149,111,
135,148,110,
134,148,108,
134,148,110,
134,148,110,
133,149,110,
133,148,110,
133,147,110,
132,148,110,
132,148,110,
132,147,108,
132,146,107,
131,146,107,
132,148,110,
130,146,109,
131,148,110,
131,147,109,
130,144,107,
129,143,104,
130,142,104,
129,142,104,
129,141,105,
129,142,103,
129,141,105,
128,142,105,
128,142,107,
128,141,106,
128,141,105,
127,141,105,
127,141,104,
127,141,105,
127,143,106,
127,142,108,
126,143,108,
126,142,108,
126,140,106,
125,138,103,
126,138,102,
125,136,100,
125,137,102,
125,137,102,
124,138,104,
124,137,104,
124,138,101,
124,137,102,
124,136,101,
124,134,101,
123,136,104,
123,135,103,
123,136,104,
123,138,103,
122,137,103,
122,137,103,
122,136,102,
122,135,99,
122,133,99,
121,132,97,
122,133,97,
121,133,99,
121,132,99,
121,133,99,
120,133,100,
121,133,99,
120,132,99,
120,133,99,
120,132,98,
119,131,99,
120,133,100,
119,133,100,
119,134,101,
119,135,102,
119,133,99,
119,131,97,
118,130,98,
118,130,96,
118,128,96,
118,129,97,
118,130,96,
118,130,97,
117,129,97,
118,130,98,
117,130,97,
117,128,97,
117,128,96,
116,127,97,
117,129,97,
116,131,99,
117,129,98,
116,131,100,
116,129,98,
115,127,96,
116,128,96,
115,126,95,
116,125,94,
115,126,93,
115,125,93,
115,126,95,
115,127,96,
114,126,95,
115,127,94,
114,125,94,
114,125,93,
114,124,94,
114,126,93,
114,128,96,
113,127,96,
114,127,95,
113,126,95,
113,124,94,
113,123,92,
113,123,92,
113,123,91,
113,122,92,
112,123,92,
113,123,92,
112,125,95,
112,123,93,
112,123,93,
112,123,92,
112,122,92,
111,123,93,
112,123,92,
112,126,94,
111,124,92,
111,125,95,
112,124,93,
111,121,91,
110,120,90,
111,119,88,
111,119,88,
110,119,90,
110,121,90,
111,121,91,
110,121,91,
110,122,91,
110,122,91,
110,122,91,
110,123,91,
109,121,90,
110,120,89,
109,123,93,
110,123,92,
109,122,94,
109,123,92,
109,120,89,
109,118,88,
108,117,87,
109,116,88,
108,117,88,
109,117,89,
108,118,87,
108,117,88,
108,117,88,
108,117,87,
108,118,88,
108,119,88,
108,120,88,
108,119,89,
107,121,91,
108,121,92,
107,120,91,
108,119,90,
107,118,89,
107,116,87,
107,116,86,
107,114,86,
107,116,86,
106,116,88,
107,117,87,
107,118,88,
106,117,88,
106,117,87,
107,116,87,
106,115,87,
106,116,86,
106,117,87,
106,119,88,
106,117,88,
106,118,91,
106,117,89,
105,117,88,
106,115,87,
105,115,87,
106,112,84,
105,114,86,
105,115,85,
105,114,86,
105,114,86,
105,115,86,
105,115,85,
105,115,85,
105,114,87,
104,113,86,
105,114,85,
104,115,87,
105,116,87,
104,116,88,
105,117,87,
104,116,86,
104,113,84,
104,114,84,
104,112,83,
104,112,83,
104,113,84,
104,113,85,
103,114,86,
104,113,86,
104,114,85,
103,112,85,
103,113,85,
104,113,85,
103,113,85,
103,114,86,
103,114,86,
104,114,87,
103,115,86,
103,113,85,
102,111,82,
103,111,82,
103,110,81,
103,111,83,
102,111,83,
103,111,82,
102,112,83,
102,111,83,
103,111,83,
102,112,84,
102,112,83,
103,112,83,
102,112,83,
102,113,86,
102,114,87,
102,114,88,
102,113,86,
102,112,85,
101,111,83,
102,111,82,
102,109,81,
101,110,80,
102,109,82,
101,110,82,
102,110,83,
101,111,84,
101,110,81,
101,110,83,
102,111,83,
101,111,84,
101,112,84,
101,111,83,
101,113,83,
101,113,84,
100,114,85,
101,113,84,
101,111,83,
100,109,81,
101,108,81,
100,108,80,
101,108,82,
100,109,81,
101,108,81,
100,108,80,
100,109,81,
101,108,81,
100,108,82,
100,109,82,
100,109,80,
100,109,82,
100,112,84,
100,112,83,
100,112,86,
100,111,84,
100,109,83,
100,108,82,
100,107,81,
99,107,81,
100,107,82,
99,109,82,
100,108,82,
99,108,81,
100,107,82,
99,107,80,
99,108,80,
100,107,81,
99,108,82,
99,108,82,
99,111,84,
99,109,83,
99,111,83,
99,109,83,
100,106,83,
98,106,80,
99,107,80,
99,106,79,
99,106,79,
99,108,81,
98,106,81,
99,108,80,
98,108,81,
99,107,80,
99,108,82,
98,107,82,
98,107,81,
99,107,80,
98,107,81,
99,107,81,
98,109,82,
98,109,81,
98,107,80,
99,105,77,
98,106,78,
98,104,77,
98,106,79,
98,106,80,
98,106,81,
98,107,81,
98,107,80,
98,107,83,
97,106,80,
98,106,79,
98,106,79,
98,106,79,
97,109,81,
98,107,82,
98,109,83,
97,108,81,
98,106,81,
97,104,77,
98,105,79,
97,103,77,
97,105,79,
98,105,79,
97,105,79,
97,106,78,
98,106,80,
97,105,79,
97,106,80,
97,106,80,
97,106,79,
97,106,80,
97,108,81,
97,107,80,
97,108,81,
97,108,82,
97,107,81,
97,104,79,
97,104,77,
97,103,77,
96,104,77,
97,106,80,
97,105,79,
96,104,78,
97,105,79,
97,105,78,
96,105,78,
97,105,79,
96,104,78,
97,104,80,
96,105,80,
97,107,82,
96,108,81,
97,108,82,
96,105,79,
96,103,77,
96,104,78,
97,102,75,
96,103,77,
96,103,78,
96,104,79,
96,104,78,
96,104,79,
96,104,79,
96,104,78,
96,105,79,
96,104,79,
96,105,79,
96,105,79,
96,105,80,
96,107,81,
96,106,80,
96,106,80,
95,104,77,
96,104,76,
96,102,76,
95,102,76,
96,103,76,
96,103,78,
95,103,77,
96,104,77,
95,104,78,
96,103,78,
95,104,78,
96,102,77,
95,103,78,
96,104,79,
95,104,80,
95,104,80,
96,106,79,
95,104,76,
95,103,76,
96,104,77,
95,101,78,
95,103,77,
95,102,76,
96,102,77,
95,103,77,
95,103,78,
95,104,77,
95,104,78,
95,103,78,
95,104,80,
95,104,78,
95,104,78,
95,105,79,
94,105,80,
95,106,82,
95,104,78,
95,103,77,
95,102,77,
94,102,76,
95,102,76,
95,102,78,
95,103,78,
94,103,77,
95,103,77,
95,103,77,
94,104,76,
95,102,76,
94,102,76,
95,103,76,
94,103,77,
95,105,81,
94,103,80,
95,104,80,
94,104,78,
95,103,77,
94,102,77,
95,102,77,
94,100,75,
94,101,77,
95,102,76,
94,102,77,
94,102,77,
94,103,78,
95,102,78,
94,102,77,
94,103,77,
94,102,77,
94,104,79,
94,103,79,
95,103,78,
94,105,80,
94,104,78,
94,103,76,
94,101,75,
94,100,75,
94,98,74,
94,102,76,
94,102,77,
94,101,76,
94,101,77,
93,102,77,
94,101,78,
94,102,77,
94,102,78,
94,102,77,
94,101,76,
93,103,78,
94,103,77,
94,106,80,
94,103,79,
93,103,78,
94,100,75,
94,100,74,
93,99,73,
94,100,74,
93,101,76,
94,102,76,
94,103,77,
93,102,77,
94,102,75,
93,102,76,
94,102,76,
93,102,78,
94,103,77,
93,104,78,
94,104,80,
93,105,79,
94,104,79,
93,103,78,
93,100,73,
93,101,77,
94,98,73,
93,100,74,
93,100,75,
93,100,76,
94,101,77,
93,101,75,
93,101,77,
94,101,76,
93,101,77,
93,101,77,
93,102,76,
93,101,77,
93,102,78,
93,104,79,
94,103,78,
93,103,79,
93,100,75,
93,101,75,
93,99,75,
93,101,74,
92,101,74,
93,102,76,
93,100,76,
93,101,75,
93,101,76,
93,101,76,
93,101,77,
93,101,77,
93,101,76,
93,102,77,
92,103,78,
93,103,78,
93,103,80,
93,102,77,
93,99,74,
92,100,74,
93,98,74,
93,99,74,
92,100,76,
93,101,76,
93,101,76,
92,100,77,
93,101,77,
92,100,76,
93,100,75,
93,101,76,
92,100,75,
93,101,75,
92,102,78,
93,101,77,
92,102,77,
93,102,77,
92,100,75,
93,100,74,
92,100,74,
92,98,72,
93,100,75,
92,100,74,
93,101,76,
92,100,75,
92,101,76,
93,101,75,
92,100,76,
92,101,76,
93,101,75,
92,102,77,
92,103,78,
93,102,78,
92,103,78,
92,102,78,
92,100,75,
92,99,75,
92,97,73,
93,98,74,
92,100,75,
92,99,75,
92,99,75,
92,99,75,
92,99,75,
93,100,74,
92,99,75,
92,99,75,
92,100,75,
92,100,76,
92,101,79,
92,101,77,
92,103,79,
92,101,78,
92,99,76,
92,99,73,
92,98,73,
92,98,73,
92,98,72,
92,98,74,
91,99,74,
92,98,75,
92,100,75,
92,100,75,
92,99,73,
91,99,75,
92,99,75,
92,99,75,
92,101,76,
92,101,77,
92,103,79,
91,101,76,
92,99,75,
92,99,74,
92,100,74,
91,97,72,
92,99,74,
92,99,76,
91,99,75,
92,100,74,
92,99,74,
91,104,80,
92,106,82,
92,102,77,
91,99,76,
92,99,73,
91,101,75,
92,101,76,
92,102,77,
91,100,76,
92,98,72,
91,94,70,
92,96,71,
91,96,71,
92,99,75,
91,98,74,
92,97,75,
91,98,75,
91,98,75,
92,99,75,
91,98,74,
92,99,76,
91,99,74,
91,99,73,
92,102,76,
91,100,75,
91,102,78,
92,100,76,
91,100,74,
91,97,73,
92,97,74,
91,97,71,
91,98,72,
92,99,74,
91,99,74,
91,98,75,
91,100,76,
91,99,74,
92,99,73,
91,99,74,
91,99,74,
91,98,74,
91,99,75,
92,100,77,
91,100,77,
91,101,79,
91,100,76,
91,98,72,
91,98,73,
91,97,71,
91,96,72,
92,98,73,
91,98,74,
91,98,74,
91,98,74,
91,98,75,
91,98,73,
91,99,74,
91,99,75,
91,100,74,
91,100,73,
91,100,75,
91,100,75,
91,101,77,
91,100,76,
91,97,73,
91,98,73,
91,97,73,
91,98,73,
91,98,76,
91,98,73,
91,97,74,
91,97,74,
91,98,74,
91,98,74,
91,98,74,
91,98,74,
90,97,73,
91,99,76,
91,100,77,
91,101,77,
91,102,76,
91,99,75,
91,97,73,
90,98,74,
91,96,71,
91,97,73,
91,97,72,
90,97,75,
91,98,74,
91,99,75,
91,98,75,
91,98,73,
90,98,72,
91,97,74,
91,98,73,
90,99,75,
91,99,76,
91,99,75,
90,101,77,
91,99,75,
91,98,72,
90,97,74,
91,98,73,
91,96,72,
90,97,72,
91,98,73,
91,98,73,
90,99,73,
91,98,73,
90,98,73,
91,98,72,
90,97,72,
91,97,72,
90,99,74,
91,99,74,
90,99,73,
91,101,77,
91,100,75,
90,98,73,
91,96,72,
90,97,72,
90,97,72,
91,99,74,
90,98,75,
91,97,73,
90,97,73,
91,98,74,
90,99,74,
90,97,74,
91,99,74,
90,97,75,
91,97,74,
90,99,76,
90,100,77,
91,101,78,
90,99,77,
90,98,73,
91,96,72,
90,97,73,
90,96,72,
90,97,72,
91,98,75,
90,98,74,
90,98,74,
91,99,74,
90,97,73,
90,98,74,
91,98,73,
90,97,74,
90,98,74,
90,100,77,
90,99,77,
91,100,78,
90,100,78,
90,98,74,
90,97,72,
91,96,71,
90,95,71,
90,96,72,
90,96,73,
90,97,73,
90,98,74,
90,97,74,
91,98,74,
90,97,74,
90,98,75,
90,98,74,
90,98,73,
90,99,76,
90,100,75,
91,100,76,
90,99,76,
90,99,76,
90,98,73,
90,97,73,
90,95,72,
90,95,72,
90,96,72,
90,96,74,
90,98,74,
90,97,73,
90,97,74,
90,98,74,
90,97,73,
90,97,74,
90,97,73,
90,98,74,
90,99,75,
90,100,76,
90,123,105,
91,118,96,
90,106,84,
90,103,79,
90,100,75,
90,99,76,
90,100,76,
90,98,75,
90,99,74,
90,99,74,
89,97,72,
90,96,74,
90,97,73,
90,93,68,
90,88,62,
89,90,65,
90,93,68,
90,93,69,
90,96,72,
90,97,73,
89,96,73,
90,95,72,
90,95,71,
90,95,70,
89,95,72,
90,97,73,
90,97,74,
90,98,73,
89,97,72,
90,98,74,
90,98,75,
90,97,72,
90,97,73,
89,97,74,
90,99,76,
90,99,76,
89,99,77,
90,99,74,
90,97,71,
89,96,71,
90,96,71,
90,95,70,
89,96,71,
90,96,72,
90,96,72,
89,96,74,
90,98,74,
90,97,73,
89,97,73,
90,98,74,
89,97,74,
90,98,76,
90,100,77,
89,99,77,
90,99,76,
90,98,75,
89,96,72,
90,95,72,
89,96,70,
90,95,71,
89,96,72,
90,96,73,
89,97,74,
90,96,73,
90,96,73,
89,97,73,
90,97,73,
89,97,74,
90,97,73,
89,98,73,
90,100,76,
89,99,75,
90,99,77,
89,99,77,
90,97,75,
89,94,72,
90,94,70,
89,94,69,
90,96,71,
89,96,72,
89,97,72,
90,95,71,
89,95,73,
90,96,72,
89,97,74,
90,96,74,
89,97,74,
89,97,74,
90,98,76,
89,98,74,
90,99,75,
89,99,75,
89,96,73,
90,96,71,
89,95,71,
89,95,72,
90,95,71,
89,96,73,
89,95,72,
90,96,73,
89,96,74,
90,95,72,
89,96,73,
89,97,73,
90,98,73,
89,98,74,
89,99,76,
90,99,76,
89,98,76,
89,98,74,
90,98,73,
89,96,72,
89,97,72,
89,94,69,
89,96,72,
90,96,72,
89,96,72,
89,98,75,
89,97,74,
90,96,72,
89,96,73,
89,97,73,
89,98,73,
90,97,73,
89,98,75,
89,98,75,
89,99,75,
90,99,74,
89,97,74,
89,97,73,
89,94,72,
89,94,70,
89,95,72,
89,97,72,
89,97,73,
90,98,72,
89,96,73,
89,97,73,
89,96,73,
89,96,73,
89,97,73,
89,95,73,
89,96,72,
89,97,74,
90,98,75,
89,98,75,
89,97,75,
89,96,73,
89,96,73,
89,94,70,
89,96,72,
89,97,73,
89,96,73,
89,97,72,
89,97,73,
89,97,73,
89,96,73,
89,95,72,
89,96,73,
89,96,72,
89,98,72,
89,98,75,
89,100,76,
89,98,75,
89,96,73,
89,95,70,
89,96,71,
89,93,68,
89,94,72,
89,95,71,
89,94,71,
89,96,73,
89,98,74,
89,96,74,
89,95,72,
89,95,73,
89,96,73,
89,96,73,
89,97,75,
89,98,75,
89,98,75,
89,99,74,
88,98,74,
89,96,72,
89,96,73,
89,94,71,
89,94,70,
89,96,72,
89,96,73,
88,96,71,
89,96,73,
89,97,75,
89,97,73,
89,96,74,
89,96,73,
89,97,72,
88,98,75,
89,97,74,
89,98,73,
89,98,76,
89,97,75,
89,96,72,
88,95,71,
89,93,69,
89,94,70,
89,95,71,
88,95,71,
89,93,71,
89,94,73,
89,95,71,
89,95,72,
88,96,73,
89,97,72,
89,96,72,
89,95,73,
88,98,74,
89,98,75,
89,99,77,
89,99,75,
88,97,72,
89,96,72,
89,95,72,
89,94,71,
88,97,72,
89,95,73,
89,96,73,
88,95,72,
89,96,75,
89,96,73,
89,96,73,
88,96,72,
89,96,71,
89,96,74,
88,98,75,
89,97,72,
89,98,75,
89,97,73,
88,95,72,
89,95,71,
89,96,72,
88,94,69,
89,96,72,
88,95,72,
89,95,73,
89,96,72,
88,95,74,
89,96,74,
88,95,72,
89,96,71,
89,97,73,
88,95,72,
89,97,74,
88,97,74,
89,99,75,
89,97,74,
88,96,72,
89,95,70,
88,96,71,
89,94,71,
89,94,72,
88,96,73,
89,94,72,
88,95,71,
89,96,71,
88,95,70,
89,95,72,
88,95,73,
89,95,72,
89,95,73,
88,96,74,
89,97,74,
88,99,77,
89,98,76,
88,96,72,
89,93,69,
88,94,71,
89,93,68,
88,95,71,
89,95,72,
88,96,73,
89,95,72,
88,97,73,
89,96,73,
88,96,73,
89,96,72,
88,95,73,
89,96,74,
88,98,76,
89,97,76,
88,98,75,
89,98,76,
88,97,75,
89,95,72,
88,95,72,
89,94,69,
88,93,69,
88,93,69,
89,95,70,
88,95,71,
88,95,73,
89,94,72,
88,94,71,
88,94,72,
89,95,73,
88,95,72,
89,97,75,
88,97,76,
89,97,75,
88,98,76,
89,97,75,
88,94,71,
88,95,73,
89,93,69,
88,95,72,
88,95,73,
89,95,72,
88,95,72,
88,95,73,
89,95,72,
88,96,73,
88,96,73,
89,95,73,
88,97,73,
88,97,75,
89,98,75,
88,98,77,
88,98,75,
89,97,73,
88,95,72,
88,94,71,
89,93,69,
88,94,69,
88,94,71,
88,95,71,
89,95,71,
88,95,72,
88,94,72,
89,95,71,
88,95,71,
88,96,72,
88,96,72,
89,96,73,
88,97,74,
88,98,74,
88,97,75,
89,97,73,
88,95,72,
88,94,69,
88,93,69,
88,93,70,
89,95,72,
88,95,73,
88,96,73,
88,96,73,
89,97,75,
88,96,73,
88,95,72,
89,95,73,
88,94,71,
88,96,74,
88,98,75,
88,97,75,
89,97,74,
88,97,73,
88,94,72,
88,94,71,
88,93,70,
88,92,70,
89,95,72,
88,95,71,
88,95,72,
88,96,72,
88,96,72,
88,95,69,
89,95,70,
88,94,71,
88,94,72,
88,95,72,
88,97,75,
88,97,73,
88,98,75,
89,96,73,
88,95,73,
88,95,72,
88,94,70,
88,93,68,
88,94,70,
88,93,72,
88,95,71,
88,95,71,
89,95,73,
88,95,71,
88,94,72,
88,95,72,
88,95,73,
88,95,72,
88,95,73,
89,95,72,
88,97,74,
88,97,75,
88,96,73,
88,94,72,
88,93,70,
88,93,69,
88,94,71,
88,95,70,
88,94,70,
88,95,71,
88,94,71,
88,95,71,
88,95,72,
88,95,72,
88,95,73,
88,95,72,
88,97,74,
88,96,74,
88,99,78,
88,97,75,
88,97,73,
88,94,72,
88,93,72,
88,93,69,
88,94,72,
88,94,72,
88,95,71,
88,95,72,
88,95,71,
88,95,71,
88,94,72,
88,94,70,
88,95,70,
88,94,69,
88,95,73,
88,96,73,
88,98,74,
88,97,75,
88,97,75,
88,95,72,
88,96,73,
88,93,71,
88,95,73,
88,96,72,
88,94,72,
88,97,72,
88,95,72,
88,95,72,
88,95,71,
88,95,73,
88,96,72,
88,94,70,
88,95,73,
88,96,73,
88,97,74,
88,98,74,
87,96,73,
88,93,71,
88,94,70,
88,92,69,
88,93,70,
88,96,74,
88,95,73,
87,95,70,
88,94,71,
88,94,72,
88,95,72,
88,96,72,
88,95,71,
88,96,71,
87,95,73,
88,97,73,
88,96,74,
88,97,75,
88,96,73,
88,92,69,
88,93,70,
87,92,70,
88,94,70,
88,94,73,
88,95,72,
88,94,72,
87,95,73,
88,96,72,
88,96,73,
88,94,70,
88,95,70,
87,95,71,
88,95,71,
88,96,74,
88,97,73,
88,97,74,
88,97,73,
87,94,70,
88,94,70,
88,94,72,
88,93,69,
87,94,70,
88,94,72,
88,95,71,
88,96,73,
88,94,72,
88,94,72,
87,95,70,
88,96,71,
88,95,72,
88,97,74,
87,96,74,
88,97,74,
88,97,75,
88,96,72,
88,95,70,
87,93,70,
88,93,68,
88,93,68,
87,95,71,
88,94,72,
88,95,72,
88,95,71,
87,95,71,
88,95,72,
88,96,72,
88,96,74,
87,96,72,
88,96,72,
88,96,74,
88,96,74,
87,98,75,
88,96,74,
88,95,71,
88,94,70,
87,93,70,
88,92,69,
88,94,71,
87,93,71,
88,95,72,
88,94,72,
87,95,73,
88,96,73,
88,93,72,
87,94,70,
88,94,70,
88,95,72,
87,96,73,
88,96,74,
88,97,75,
87,96,73,
88,96,71,
88,94,71,
87,95,72,
88,92,68,
88,94,70,
87,94,71,
88,95,70,
88,95,73,
87,95,72,
88,94,71,
88,96,72,
87,95,72,
88,94,71,
87,96,73,
88,98,75,
88,96,74,
87,97,74,
88,96,74,
88,95,72,
87,92,69,
88,93,70,
87,91,69,
88,93,71,
87,95,73,
88,95,72,
88,94,72,
87,95,71,
88,94,74,
88,95,72,
87,95,73,
88,94,73,
87,95,72,
88,96,73,
87,96,72,
88,98,75,
87,97,74,
88,95,73,
88,94,71,
87,93,71,
88,92,70,
87,93,70,
88,94,72,
87,95,72,
88,95,72,
87,94,72,
88,96,72,
88,95,72,
87,94,70,
88,94,72,
87,94,72,
88,95,73,
87,95,73,
88,95,73,
88,97,73,
87,94,71,
88,93,70,
87,93,71,
88,92,68,
87,93,69,
87,92,70,
88,93,69,
87,95,72,
88,94,72,
87,94,72,
88,95,72,
87,95,73,
88,94,72,
87,96,72,
88,97,75,
87,96,75,
88,98,75,
88,97,74,
87,97,75,
88,95,71,
87,94,71,
88,93,69,
87,92,70,
88,94,72,
87,93,70,
87,93,71,
88,95,70,
87,94,72,
88,94,72,
87,95,72,
88,94,71,
87,93,71,
88,96,73,
87,96,74,
88,97,73,
87,97,75,
88,97,73,
87,94,70,
88,93,71,
87,92,70,
87,94,70,
88,94,72,
87,95,71,
88,94,72,
87,94,73,
88,95,73,
87,95,71,
87,93,72,
88,95,71,
87,95,71,
88,94,73,
87,96,74,
88,97,74,
87,98,74,
87,95,73,
88,93,71,
87,93,69,
88,92,70,
87,92,68,
87,93,69,
88,93,70,
87,94,71,
88,95,71,
87,94,71,
87,95,71,
88,95,71,
87,95,72,
88,95,71,
87,96,73,
88,97,74,
87,96,73,
87,96,75,
88,96,72,
87,93,71,
87,93,71,
88,92,69,
87,91,69,
87,93,69,
88,92,69,
87,93,70,
87,94,71,
88,94,71,
87,93,70,
87,93,71,
88,95,73,
87,94,72,
87,94,72,
88,97,75,
87,97,74,
88,98,75,
87,96,73,
87,94,73,
88,94,70,
87,94,70,
87,92,69,
87,93,70,
88,94,71,
87,94,72,
87,94,71,
88,95,71,
87,93,70,
87,93,70,
88,94,71,
87,94,71,
87,93,71,
88,95,72,
87,92,68,
87,95,72,
88,96,73,
87,94,72,
87,93,70,
88,93,70,
87,91,68,
87,92,71,
88,93,70,
87,93,72,
87,93,71,
87,94,71,
88,94,71,
87,94,72,
87,95,73,
88,94,71,
87,94,71,
87,95,71,
87,95,73,
88,98,74,
87,96,72,
87,95,72,
87,93,70,
88,94,71,
87,92,69,
87,94,72,
87,93,70,
88,93,70,
87,94,71,
87,94,71,
87,94,71,
87,95,72,
88,95,72,
87,94,72,
87,93,71,
87,95,72,
87,95,72,
88,96,74,
87,97,73,
87,95,72,
87,93,70,
87,93,71,
88,92,71,
87,92,70,
87,93,70,
87,92,71,
87,94,73,
88,95,72,
87,94,71,
87,95,72,
87,94,71,
87,94,71,
88,93,71,
87,96,74,
87,96,74,
87,97,75,
88,97,74,
87,96,73,
87,94,71,
87,93,70,
87,92,69,
88,93,69,
87,94,71,
87,94,72,
87,94,71,
87,94,71,
87,94,71,
88,94,72,
87,96,73,
87,94,71,
87,95,72,
87,96,72,
88,96,73,
87,95,73,
87,96,73,
87,94,73,
87,93,70,
87,93,70,
88,93,70,
87,93,69,
87,92,71,
87,93,72,
87,93,71,
87,94,72,
88,94,71,
87,95,71,
87,94,72,
87,95,73,
87,94,72,
87,96,72,
88,96,74,
87,96,74,
87,96,74,
87,95,73,
87,93,71,
87,92,70,
88,92,69,
87,92,69,
87,95,71,
87,93,69,
87,94,70,
87,94,70,
87,92,70,
88,94,70,
87,94,70,
87,94,71,
87,94,72,
87,95,72,
87,95,75,
87,96,74,
88,96,73,
87,96,72,
87,95,71,
87,94,71,
87,93,70,
87,91,69,
87,92,70,
87,94,71,
87,93,70,
87,94,72,
87,94,71,
87,93,71,
87,93,70,
87,94,70,
88,93,70,
87,94,71,
87,95,74,
87,96,74,
87,96,74,
87,96,74,
87,95,72,
87,94,72,
88,93,69,
87,92,69,
87,94,70,
87,95,71,
87,94,72,
87,95,72,
87,94,72,
87,94,70,
87,94,72,
87,93,72,
87,92,70,
87,94,70,
87,94,73,
87,94,73,
87,96,73,
88,96,73,
87,94,71,
87,92,70,
87,92,70,
87,93,69,
87,93,70,
87,93,71,
87,94,71,
87,93,71,
87,94,72,
87,94,71,
87,94,72,
87,94,71,
87,93,73,
87,94,73,
87,96,74,
87,96,74,
87,96,74,
87,96,72,
87,95,73,
87,93,71,
87,94,71,
87,92,69,
87,93,69,
87,93,70,
87,94,71,
87,95,73,
87,94,72,
87,94,73,
87,95,72,
87,94,73,
87,94,70,
87,94,71,
87,96,73,
87,96,73,
87,97,75,
87,97,73,
87,95,72,
87,94,69,
87,92,70,
87,91,68,
87,92,69,
87,93,70,
87,93,69,
86,93,72,
87,94,73,
87,93,73,
87,94,72,
87,94,72,
87,95,72,
87,95,72,
87,97,74,
87,97,75,
87,97,74,
87,98,75,
87,96,72,
87,94,71,
87,93,71,
87,91,68,
86,92,70,
87,91,69,
87,92,70,
87,93,70,
87,93,70,
87,93,72,
87,94,71,
87,94,70,
87,93,72,
87,94,71,
87,95,74,
87,97,74,
87,97,75,
87,97,74,
87,95,73,
87,93,71,
86,94,70,
87,92,70,
87,93,70,
87,94,69,
87,94,70,
87,94,72,
87,95,73,
87,93,70,
87,92,70,
87,93,71,
87,94,70,
87,94,71,
87,95,72,
87,96,73,
87,96,73,
87,97,73,
87,95,71,
87,94,71,
86,94,72,
87,92,68,
87,92,69,
87,92,70,
87,93,70,
87,94,72,
87,94,72,
87,94,73,
87,94,72,
87,94,71,
87,93,71,
86,94,72,
87,94,72,
87,96,75,
87,95,73,
87,97,74,
87,96,73,
87,92,71,
87,93,70,
87,93,70,
87,92,69,
86,93,70,
87,93,70,
87,93,71,
87,93,71,
87,95,71,
87,93,72,
86,94,72,
87,94,72,
87,94,70,
87,93,72,
87,95,72,
87,95,74,
87,96,74,
86,95,72,
87,93,71,
87,92,69,
87,93,69,
87,91,69,
86,91,69,
87,92,71,
87,93,72,
87,94,72,
87,94,71,
87,94,71,
86,94,71,
87,93,72,
87,94,72,
87,94,73,
87,95,74,
87,95,74,
87,96,75,
86,96,74,
87,94,72,
87,93,69,
87,93,70,
87,92,68,
86,92,70,
87,93,70,
87,94,70,
87,93,70,
87,93,71,
87,94,72,
86,94,72,
87,95,72,
87,95,71,
87,95,69,
86,95,72,
87,95,74,
87,98,75,
87,96,74,
87,95,72,
86,94,70,
87,93,71,
87,91,69,
87,92,71,
87,92,70,
86,93,70,
87,93,71,
87,93,70,
87,93,71,
86,94,71,
87,94,70,
87,97,74,
87,102,79,
87,99,76,
87,98,75,
87,97,75,
86,97,73,
87,94,72,
87,94,70,
87,92,71,
86,89,66,
87,90,67,
87,92,68,
87,93,70,
86,94,71,
87,94,71,
87,94,71,
87,94,71,
86,93,72,
87,94,71,
87,93,71,
87,94,73,
86,94,73,
87,96,73,
87,95,73,
87,95,72,
87,92,71,
86,93,70,
87,90,69,
87,93,71,
87,93,70,
86,93,71,
87,94,72,
87,93,72,
87,94,72,
86,93,70,
87,93,70,
87,94,72,
87,94,69,
86,95,71,
87,95,72,
87,95,72,
87,95,73,
86,95,71,
87,92,70,
87,93,70,
87,92,69,
86,92,70,
87,94,71,
87,93,71,
86,94,70,
87,93,70,
87,94,70,
86,94,71,
87,93,70,
87,93,70,
86,94,71,
87,94,72,
87,95,74,
87,96,73,
86,96,72,
87,94,72,
87,93,68,
87,93,69,
86,92,68,
87,91,68,
87,93,69,
86,92,71,
87,94,72,
87,94,72,
87,94,71,
86,93,70,
87,94,71,
87,93,71,
87,94,72,
86,94,72,
87,96,74,
87,96,73,
87,96,75,
86,95,74,
87,95,73,
87,92,69,
86,91,68,
87,92,68,
87,92,70,
86,93,72,
87,93,70,
87,94,70,
86,94,71,
87,94,71,
87,95,71,
86,94,72,
87,94,71,
87,94,72,
86,97,75,
87,95,74,
87,97,74,
87,96,74,
86,94,71,
87,93,69,
87,92,68,
86,94,69,
87,93,70,
87,93,71,
86,94,70,
87,94,70,
87,93,70,
86,94,70,
87,93,71,
