,,,
File,Raw,DataFile,
Time,Major,Minor1,
88,99,78,
88,98,75,
88,97,74,
88,96,71,
87,93,70,
88,91,70,
88,94,71,
88,94,71,
88,95,73,
88,96,74,
88,98,75,
88,97,73,
87,95,72,
88,95,73,
88,98,75,
88,96,74,
88,97,74,
88,97,75,
88,99,78,
88,96,74,
88,96,72,
87,94,72,
88,94,72,
88,93,70,
88,93,72,
88,94,71,
88,94,73,
88,94,72,
88,95,73,
87,96,73,
88,95,73,
88,94,73,
88,96,74,
88,96,73,
88,96,75,
88,97,75,
87,99,78,
88,97,76,
88,95,75,
88,95,73,
88,95,74,
88,94,72,
87,94,73,
88,96,74,
88,96,73,
88,95,73,
88,95,74,
88,95,74,
87,96,74,
88,94,74,
88,95,73,
88,96,74,
88,97,75,
88,97,75,
88,98,76,
87,98,75,
88,96,74,
88,94,71,
88,93,71,
88,93,72,
87,94,72,
88,94,71,
88,95,73,
88,94,74,
88,95,74,
88,95,74,
88,95,73,
87,94,72,
88,96,73,
88,97,73,
88,97,75,
88,97,76,
87,96,75,
88,97,76,
88,96,74,
88,94,72,
88,95,73,
87,94,72,
88,93,71,
88,94,72,
88,96,74,
87,97,74,
88,96,72,
88,95,72,
88,96,74,
88,95,75,
87,94,71,
88,95,72,
88,96,75,
88,97,76,
88,98,76,
87,98,76,
88,98,76,
88,95,72,
88,93,71,
87,92,69,
88,93,71,
88,95,74,
87,94,73,
88,95,73,
88,97,75,
88,95,74,
87,95,73,
88,95,71,
88,95,74,
88,97,74,
87,97,75,
88,98,77,
88,97,79,
88,98,76,
88,96,75,
88,95,73,
87,96,72,
88,94,70,
88,94,70,
87,94,72,
88,96,73,
88,94,73,
87,95,73,
88,95,71,
88,95,72,
88,94,72,
87,95,72,
88,97,74,
88,96,75,
87,97,74,
88,96,74,
88,99,77,
88,98,76,
88,95,72,
87,95,72,
88,95,72,
88,95,72,
87,96,73,
88,94,73,
88,94,73,
88,94,72,
87,95,72,
88,95,73,
88,95,74,
87,95,72,
88,95,73,
88,96,74,
88,98,76,
87,96,75,
88,98,76,
88,97,74,
88,95,72,
87,94,72,
88,95,72,
88,94,73,
87,95,73,
88,95,73,
88,95,74,
87,95,73,
88,95,74,
88,94,73,
87,96,73,
88,94,72,
88,94,72,
88,94,73,
87,97,74,
88,97,75,
88,99,78,
87,98,76,
88,95,74,
88,95,72,
87,94,71,
88,93,69,
87,94,72,
88,95,73,
88,95,72,
87,94,72,
88,95,72,
87,95,73,
88,95,72,
88,94,72,
87,94,73,
88,94,71,
88,96,74,
87,96,76,
88,98,77,
88,98,77,
87,97,74,
88,96,73,
88,96,74,
87,93,71,
88,95,73,
88,94,73,
87,93,73,
88,92,71,
87,94,72,
88,96,72,
88,95,74,
87,94,71,
88,95,73,
87,95,73,
88,96,73,
88,96,75,
87,99,78,
88,98,77,
88,96,73,
87,94,71,
88,93,73,
87,93,71,
88,95,72,
87,94,72,
88,95,73,
88,95,73,
87,96,73,
88,95,73,
87,95,74,
88,95,75,
87,95,73,
88,94,72,
88,96,73,
87,97,75,
88,96,75,
87,97,74,
88,96,74,
87,94,72,
88,96,71,
87,92,68,
88,93,72,
87,95,74,
88,96,75,
88,95,73,
87,96,73,
88,96,74,
87,95,74,
88,95,74,
88,96,74,
87,97,73,
88,97,74,
87,97,77,
88,98,76,
88,100,77,
497,557,426,
4233,4737,3641,
8531,9552,7264,
11141,12475,9363,
12480,13979,10388,
13122,14704,10853,
13418,15037,11059,
13551,15186,11146,
13689,15342,11250,
15134,16952,12474,
17697,19814,14641,
19754,22121,16343,
21007,23533,17334,
21677,24286,17847,
22006,24658,18097,
22151,24827,18202,
22210,24896,18235,
22226,24917,18247,
22222,24910,18240,
22209,24895,18227,
22191,24875,18206,
22171,24847,18192,
22155,24829,18179,
22138,24813,18169,
22120,24797,18159,
22107,24781,18144,
22089,24762,18127,
22072,24740,18118,
22055,24721,18106,
22039,24705,18086,
22025,24689,18080,
22010,24674,18062,
21994,24658,18052,
21984,24646,18054,
21991,24652,18059,
21989,24654,18056,
21981,24642,18047,
21974,24630,18032,
21965,24619,18026,
21952,24606,18010,
21942,24591,18005,
21931,24577,18001,
21916,24566,17987,
21904,24551,17974,
21892,24539,17975,
21880,24527,17966,
21865,24512,17952,
21851,24494,17937,
21832,24474,17922,
21801,24436,17900,
21780,24410,17882,
21764,24394,17868,
21751,24381,17859,
21740,24372,17856,
21729,24361,17844,
21719,24345,17830,
21709,24333,17818,
21701,24326,17814,
21693,24317,17805,
21684,24308,17793,
21677,24300,17794,
21670,24292,17789,
21665,24283,17783,
21658,24278,17777,
21649,24269,17771,
21642,24261,17762,
21638,24252,17759,
21628,24238,17751,
21623,24235,17751,
21616,24234,17751,
21610,24223,17739,
21605,24215,17740,
21599,24207,17734,
21592,24200,17732,
21588,24195,17724,
21584,24194,17717,
21580,24189,17712,
21575,24184,17707,
21571,24181,17703,
21567,24175,17696,
21565,24169,17691,
21559,24162,17692,
21553,24156,17686,
21550,24152,17682,
21548,24148,17682,
21546,24143,17685,
21545,24143,17689,
21542,24145,17686,
21538,24141,17675,
21538,24145,17678,
21535,24139,17679,
21533,24137,17677,
21533,24131,17674,
21530,24131,17672,
21532,24132,17670,
21534,24132,17668,
21533,24135,17673,
21534,24138,17674,
21534,24138,17673,
21532,24131,17671,
21533,24133,17666,
21535,24136,17670,
21537,24137,17670,
21537,24139,17672,
21536,24141,17669,
21534,24139,17672,
21532,24134,17671,
21533,24133,17674,
21531,24132,17675,
21530,24129,17673,
21529,24127,17662,
21530,24128,17664,
21528,24125,17674,
21530,24128,17672,
21529,24129,17669,
21531,24129,17664,
21531,24129,17660,
21531,24130,17660,
21528,24127,17663,
21529,24126,17667,
21529,24127,17669,
21526,24123,17668,
21525,24126,17665,
21527,24123,17666,
21528,24125,17669,
21527,24128,17667,
21524,24124,17660,
21524,24121,17662,
21525,24118,17663,
21529,24121,17667,
21530,24127,17669,
21533,24131,17675,
21534,24139,17669,
21534,24137,17669,
21535,24136,17663,
21536,24136,17670,
21537,24137,17678,
21537,24134,17677,
21538,24133,17678,
21542,24139,17679,
21542,24141,17677,
21542,24142,17679,
21541,24145,17684,
21541,24147,17683,
21542,24147,17681,
21543,24144,17681,
21544,24139,17676,
21548,24143,17676,
21551,24149,17679,
21555,24156,17681,
21554,24158,17686,
21553,24154,17683,
21553,24156,17688,
21554,24157,17686,
21555,24157,17691,
21557,24156,17691,
21558,24159,17689,
21561,24163,17692,
21560,24166,17693,
21564,24167,17688,
21566,24165,17694,
21566,24168,17692,
21567,24168,17696,
21570,24167,17698,
21572,24167,17697,
21575,24174,17699,
21576,24174,17699,
21576,24179,17703,
21577,24180,17704,
21579,24181,17704,
21583,24186,17706,
21585,24191,17709,
21587,24191,17712,
21591,24196,17716,
21594,24197,17723,
21596,24204,17720,
21598,24202,17719,
21600,24206,17723,
21601,24210,17719,
21600,24207,17722,
21601,24211,17726,
21602,24211,17727,
21604,24211,17728,
21605,24213,17725,
21605,24210,17724,
21609,24207,17728,
21613,24216,17729,
21613,24221,17730,
21614,24220,17734,
21614,24222,17734,
21618,24228,17735,
21619,24226,17731,
21622,24225,17737,
21623,24227,17732,
21624,24229,17741,
21627,24233,17737,
21629,24244,17745,
21629,24246,17747,
21629,24244,17748,
21628,24238,17746,
21627,24235,17745,
21629,24234,17740,
21632,24239,17741,
21635,24244,17740,
21638,24247,17748,
21641,24247,17754,
21640,24250,17752,
21643,24250,17750,
21646,24253,17757,
21648,24256,17762,
21652,24261,17765,
21652,24263,17761,
21651,24261,17760,
21651,24262,17758,
21654,24268,17766,
21657,24272,17769,
21659,24275,17772,
21657,24273,17775,
21658,24275,17768,
21657,24269,17761,
21662,24273,17767,
21663,24274,17768,
21665,24283,17775,
21666,24281,17770,
21666,24278,17769,
21666,24281,17768,
21669,24286,17774,
21671,24284,17775,
21671,24287,17772,
21675,24295,17780,
21676,24298,17781,
21677,24298,17783,
21675,24296,17784,
21676,24297,17785,
21671,24287,17777,
21673,24291,17784,
21678,24292,17779,
21680,24286,17780,
21678,24286,17782,
21682,24290,17782,
21682,24301,17786,
21683,24296,17787,
21686,24303,17791,
21690,24309,17799,
21690,24306,17797,
21691,24305,17787,
21691,24306,17785,
21691,24303,17791,
21694,24307,17797,
21694,24309,17794,
21694,24310,17792,
21692,24309,17795,
21692,24305,17794,
21695,24308,17795,
21693,24311,17796,
21694,24313,17790,
21695,24314,17790,
21696,24315,17790,
21696,24315,17791,
21699,24316,17800,
21697,24309,17799,
21698,24312,17797,
21699,24313,17801,
21701,24319,17805,
21702,24319,17801,
21704,24322,17802,
21703,24322,17800,
21706,24323,17808,
21708,24327,17807,
21710,24332,17807,
21711,24331,17814,
21710,24331,17814,
21711,24334,17808,
21712,24333,17805,
21714,24334,17807,
21716,24336,17815,
21719,24336,17815,
21716,24336,17812,
21718,24335,17809,
21718,24339,17816,
21720,24344,17822,
21724,24348,17824,
21725,24345,17818,
21722,24343,17816,
21727,24351,17820,
21727,24346,17819,
21726,24346,17820,
21726,24351,17826,
21726,24353,17829,
21725,24354,17824,
21726,24348,17822,
21725,24350,17820,
21725,24350,17821,
21726,24350,17827,
21728,24350,17820,
21727,24344,17822,
21729,24351,17816,
21728,24353,17819,
21616,24221,17725,
17752,19911,14419,
10833,12180,8548,
5797,6535,4421,
2928,3310,2162,
1456,1649,1050,
741,842,531,
404,461,295,
248,284,190,
176,202,142,
143,164,119,
126,141,104,
118,133,99,
112,124,92,
110,120,91,
107,119,90,
105,118,88,
104,114,86,
102,113,86,
102,112,87,
100,111,86,
100,110,83,
99,108,84,
99,109,83,
98,108,83,
97,115,91,
98,114,88,
96,111,87,
96,109,86,
96,106,81,
96,106,80,
95,104,79,
95,103,78,
95,102,77,
94,100,75,
95,102,77,
94,102,78,
94,103,80,
94,102,79,
93,103,79,
94,103,79,
93,103,78,
93,102,78,
93,103,80,
93,103,79,
93,105,82,
93,103,81,
92,102,77,
93,102,77,
92,100,76,
92,98,74,
92,100,76,
92,99,76,
92,101,76,
92,99,77,
92,101,77,
92,100,76,
92,100,77,
91,100,76,
92,100,77,
91,99,76,
91,100,78,
92,101,78,
91,102,80,
91,101,79,
91,100,77,
91,99,76,
91,100,75,
91,97,74,
91,98,75,
91,98,76,
90,99,76,
91,98,75,
91,98,74,
91,99,75,
90,99,77,
91,98,76,
90,99,77,
91,100,77,
90,100,78,
91,100,77,
90,99,79,
91,100,78,
90,98,75,
90,97,73,
90,97,73,
91,96,72,
90,97,73,
90,98,76,
90,98,74,
90,96,74,
90,96,73,
90,97,74,
90,97,75,
90,97,74,
89,99,75,
90,98,76,
90,99,77,
90,99,76,
90,101,79,
89,101,79,
90,98,75,
90,96,73,
89,96,73,
90,96,72,
90,96,73,
89,95,74,
90,96,75,
89,97,73,
90,96,75,
89,97,75,
89,96,74,
90,96,73,
89,96,75,
90,98,75,
89,99,78,
89,99,77,
90,100,78,
89,100,76,
90,99,76,
89,96,74,
89,97,74,
89,97,74,
89,96,74,
89,96,73,
90,97,74,
89,97,74,
89,97,74,
89,97,76,
89,97,74,
89,96,74,
89,96,74,
89,95,73,
89,98,76,
90,99,77,
89,101,78,
89,99,77,
89,98,75,
89,96,73,
88,97,75,
89,97,71,
89,97,73,
89,96,74,
89,97,74,
89,96,75,
89,98,76,
89,97,73,
88,98,75,
89,96,73,
89,96,73,
89,97,74,
88,97,75,
89,97,76,
89,97,75,
89,98,77,
88,98,76,
89,95,74,
89,96,74,
88,94,72,
89,94,72,
89,96,74,
88,97,73,
89,97,76,
89,98,74,
88,97,73,
89,96,75,
88,96,74,
89,96,75,
88,96,73,
89,97,74,
88,99,77,
89,99,78,
89,99,77,
88,98,76,
89,97,74,
88,95,74,
89,95,71,
88,95,73,
89,98,77,
88,97,74,
88,96,74,
89,97,74,
88,96,73,
89,96,72,
88,97,74,
88,98,73,
89,96,73,
88,97,75,
88,98,77,
89,97,76,
88,100,77,
89,98,75,
88,96,73,
88,96,73,
89,95,72,
88,94,72,
88,96,73,
88,96,74,
89,97,74,
88,96,74,
88,96,73,
88,96,74,
89,96,73,
88,96,74,
88,95,73,
88,96,74,
88,99,77,
88,98,76,
89,99,77,
88,98,76,
88,96,75,
88,95,73,
88,95,73,
88,93,71,
89,95,71,
88,94,73,
88,94,73,
88,95,74,
88,97,75,
88,96,74,
88,97,74,
88,95,72,
88,96,73,
88,97,75,
89,100,76,
88,97,76,
88,99,77,
88,98,76,
88,95,73,
88,95,73,
88,95,72,
88,95,71,
89,95,74,
88,95,72,
88,95,72,
88,96,74,
88,96,72,
88,95,74,
88,96,73,
87,95,73,
88,95,71,
88,95,71,
88,97,75,
88,95,75,
88,99,78,
88,98,76,
88,97,75,
88,94,72,
88,95,73,
88,95,71,
88,95,74,
88,95,73,
88,95,73,
87,95,73,
88,97,74,
88,95,72,
88,96,73,
88,95,73,
88,96,73,
88,96,73,
88,97,75,
88,97,74,
88,98,75,
87,99,75,
88,99,75,
88,95,72,
88,95,73,
88,92,71,
88,94,71,
87,94,70,
88,94,73,
88,96,74,
88,96,74,
88,95,72,
88,94,72,
88,95,73,
87,95,74,
88,96,74,
88,97,76,
88,97,74,
87,97,76,
88,98,76,
88,97,76,
88,95,72,
87,95,72,
88,93,72,
88,94,70,
88,96,72,
87,95,73,
88,96,72,
88,95,72,
88,96,73,
87,95,74,
88,96,75,
88,95,74,
88,95,75,
87,97,74,
88,97,75,
88,97,74,
87,98,76,
88,97,73,
88,95,71,
88,94,73,
87,93,70,
88,93,70,
88,94,72,
87,95,73,
88,95,73,
88,95,71,
87,94,73,
88,94,73,
87,95,72,
88,95,73,
88,96,73,
88,96,75,
87,98,75,
88,97,76,
88,98,76,
1345,1496,1130,
15024,16730,12816,
25569,28574,21631,
26981,30226,22477,
25631,28736,21106,
24218,27159,19841,
23281,26108,19049,
22745,25503,18624,
22460,25180,18398,
22310,25007,18283,
22232,24917,18227,
22186,24864,18195,
22157,24832,18182,
22137,24810,18167,
22120,24792,18151,
22105,24774,18138,
22088,24759,18125,
22075,24738,18109,
22060,24719,18102,
22049,24709,18090,
22038,24698,18080,
22025,24681,18064,
22017,24675,18056,
22005,24661,18051,
21990,24647,18039,
21980,24634,18026,
21975,24623,18024,
21967,24614,18024,
21957,24606,18018,
21944,24594,18002,
21934,24583,17995,
21927,24575,17989,
21916,24563,17978,
21907,24554,17980,
21896,24540,17966,
21886,24530,17959,
21878,24520,17951,
21872,24509,17940,
21865,24499,17931,
21856,24490,17933,
21849,24482,17928,
21839,24473,17922,
21832,24468,17915,
21827,24463,17903,
21823,24456,17896,
21816,24452,17896,
21809,24445,17896,
21803,24439,17887,
21800,24437,17881,
21793,24424,17879,
21789,24416,17874,
21783,24412,17867,
21775,24407,17866,
21768,24396,17868,
21762,24389,17855,
21760,24384,17854,
21759,24382,17852,
21755,24380,17847,
21751,24373,17843,
21745,24371,17846,
21740,24365,17836,
21733,24356,17833,
21729,24357,17824,
21728,24353,17820,
21725,24352,17824,
21719,24345,17818,
21716,24338,17817,
21712,24336,17816,
21711,24335,17815,
21711,24334,17817,
21706,24329,17816,
21704,24321,17809,
21697,24319,17800,
21698,24317,17797,
21697,24311,17795,
21697,24307,17799,
21695,24309,17799,
21691,24306,17796,
21691,24302,17797,
21692,24311,17794,
21692,24311,17795,
21689,24308,17792,
21687,24301,17791,
21685,24301,17793,
21683,24302,17790,
21678,24298,17785,
21676,24290,17784,
21676,24297,17789,
21675,24296,17782,
21673,24298,17778,
21672,24294,17781,
21672,24291,17777,
21672,24288,17774,
21673,24289,17774,
21677,24290,17776,
21676,24291,17777,
21677,24294,17781,
21677,24293,17785,
21675,24292,17778,
21675,24291,17780,
21676,24291,17782,
21675,24292,17783,
21675,24289,17783,
21676,24292,17783,
21674,24290,17775,
21675,24290,17769,
21675,24293,17778,
21674,24293,17783,
21673,24287,17782,
21670,24285,17776,
21671,24288,17772,
21673,24291,17777,
21674,24287,17772,
21677,24288,17779,
21677,24294,17779,
21677,24293,17783,
21679,24295,17787,
21679,24293,17782,
21678,24292,17781,
21678,24293,17780,
21675,24291,17775,
21677,24295,17776,
21678,24298,17782,
21678,24291,17782,
21678,24291,17782,
21679,24294,17788,
21682,24300,17787,
21680,24297,17786,
21679,24296,17784,
21680,24297,17787,
21683,24294,17785,
21686,24301,17788,
21688,24301,17793,
21687,24300,17784,
21688,24307,17787,
21689,24311,17796,
21688,24313,17793,
21689,24307,17791,
21687,24303,17785,
21688,24304,17786,
21689,24305,17790,
21689,24305,17790,
21691,24312,17790,
21692,24312,17794,
21693,24318,17794,
21695,24317,17798,
21695,24314,17797,
21697,24313,17803,
21699,24316,17800,
21701,24315,17800,
21699,24311,17798,
21699,24313,17801,
21701,24317,17801,
21703,24318,17807,
21699,24319,17806,
21699,24317,17805,
21699,24319,17801,
21699,24319,17797,
21700,24318,17803,
21700,24318,17803,
21700,24314,17806,
21702,24319,17806,
21704,24322,17807,
21705,24323,17804,
21708,24324,17801,
21711,24328,17802,
21712,24331,17808,
21712,24332,17804,
21712,24333,17812,
21715,24336,17811,
21716,24337,17809,
21719,24342,17812,
21723,24346,17819,
21719,24343,17820,
21718,24342,17815,
21718,24342,17817,
21717,24335,17817,
21717,24338,17822,
21720,24346,17829,
21723,24348,17827,
21722,24347,17829,
21721,24343,17819,
21720,24346,17818,
21724,24346,17817,
21725,24346,17818,
21725,24346,17816,
21725,24343,17814,
21727,24346,17815,
21726,24342,17815,
21727,24348,17823,
21730,24350,17823,
21729,24348,17823,
21730,24348,17821,
21732,24352,17829,
21733,24355,17831,
21733,24358,17832,
21732,24359,17827,
21729,24378,17850,
21720,24366,17837,
21711,24345,17814,
21713,24339,17811,
21713,24337,17816,
21715,24335,17813,
21717,24334,17813,
21720,24344,17819,
21721,24349,17822,
21722,24347,17821,
21722,24346,17819,
21724,24349,17817,
21722,24346,17810,
21724,24337,17808,
21734,24347,17818,
21733,24350,17820,
21732,24354,17827,
21734,24355,17833,
21736,24356,17833,
21738,24363,17832,
21737,24364,17834,
21737,24361,17832,
21736,24358,17828,
21740,24360,17827,
21742,24365,17833,
21742,24368,17832,
21742,24370,17833,
21742,24369,17833,
21742,24365,17826,
21741,24366,17830,
21741,24361,17831,
21739,24356,17825,
21740,24362,17833,
21742,24366,17835,
21745,24370,17833,
21745,24370,17830,
21742,24370,17836,
21742,24370,17838,
21741,24363,17841,
21742,24368,17837,
21742,24366,17828,
21744,24367,17837,
21746,24367,17840,
21748,24370,17845,
21746,24371,17838,
21748,24373,17837,
21746,24369,17839,
21746,24368,17838,
21746,24370,17834,
21748,24375,17842,
21748,24378,17839,
21750,24378,17837,
21749,24377,17841,
21750,24374,17847,
21747,24371,17839,
21747,24374,17839,
21745,24373,17837,
21749,24375,17841,
21748,24370,17837,
21747,24366,17835,
21748,24366,17833,
21746,24367,17841,
21747,24369,17843,
21750,24375,17842,
21750,24378,17837,
21751,24379,17840,
21750,24379,17838,
21751,24382,17837,
21753,24382,17838,
21752,24381,17838,
21754,24381,17836,
21753,24379,17838,
21752,24376,17836,
21751,24378,17840,
21751,24376,17841,
21751,24375,17842,
21751,24372,17841,
21754,24374,17841,
21758,24380,17843,
21758,24385,17847,
21759,24386,17846,
21759,24378,17841,
21760,24379,17845,
21762,24388,17850,
21760,24385,17848,
21759,24386,17846,
21762,24390,17849,
21759,24387,17848,
21759,24387,17848,
21758,24385,17851,
21757,24392,17849,
19597,21979,16005,
12812,14402,10216,
7054,7948,5435,
3607,4078,2686,
1795,2035,1301,
903,1026,642,
479,545,342,
283,322,207,
193,219,149,
150,171,121,
130,147,108,
119,135,100,
114,126,96,
110,122,93,
107,120,91,
106,117,89,
104,116,88,
102,116,88,
102,114,89,
101,114,87,
99,111,84,
99,107,83,
99,108,82,
98,107,81,
97,105,79,
97,106,79,
96,107,81,
96,105,80,
96,105,79,
96,105,79,
95,105,80,
95,104,79,
94,104,78,
95,104,79,
94,103,79,
94,105,80,
94,104,81,
94,106,83,
93,103,80,
94,102,78,
93,102,77,
93,101,77,
92,100,76,
93,101,78,
93,101,77,
92,101,78,
93,101,77,
92,100,77,
92,108,87,
93,117,96,
92,108,87,
92,104,82,
92,103,80,
91,103,80,
92,99,76,
91,94,70,
92,95,70,
91,96,72,
91,97,74,
91,96,72,
91,96,72,
92,98,75,
91,99,74,
91,98,73,
91,99,77,
90,100,76,
91,100,77,
91,98,76,
91,98,76,
90,99,76,
91,99,76,
90,100,77,
91,100,76,
90,100,78,
91,99,76,
90,99,75,
90,99,76,
91,97,75,
90,96,73,
90,95,74,
90,98,76,
90,98,75,
90,98,76,
90,99,76,
90,98,76,
90,99,75,
90,98,75,
89,97,74,
90,98,74,
90,99,75,
90,98,75,
89,100,78,
90,99,78,
90,98,76,
89,96,73,
90,97,73,
89,97,72,
90,96,72,
89,96,73,
90,97,76,
89,97,74,
90,97,73,
89,97,75,
89,98,75,
90,98,74,
89,97,74,
89,97,75,
89,99,77,
90,98,76,
89,98,76,
89,98,75,
89,97,75,
89,96,72,
90,95,72,
89,96,71,
89,97,73,
89,97,74,
89,96,71,
89,96,73,
89,97,75,
89,97,74,
88,96,73,
89,96,74,
89,98,75,
89,99,75,
89,97,76,
89,98,75,
89,100,79,
89,100,81,
89,98,76,
88,95,72,
89,96,73,
89,95,73,
89,95,71,
88,96,73,
89,97,73,
89,96,74,
88,97,75,
89,96,74,
89,95,73,
89,97,73,
88,97,73,
89,96,73,
88,96,73,
89,101,78,
89,100,78,
88,98,75,
89,97,75,
88,94,72,
89,96,74,
88,93,70,
89,94,72,
88,95,73,
89,95,73,
88,95,73,
88,96,73,
89,95,74,
88,96,74,
89,96,74,
88,95,73,
88,96,75,
89,97,74,
88,96,73,
88,97,74,
89,98,75,
88,97,75,
88,97,74,
89,96,74,
88,96,73,
88,94,71,
88,94,72,
89,95,73,
88,97,72,
88,96,73,
88,96,74,
89,96,73,
88,94,72,
88,95,72,
88,95,74,
88,98,74,
88,98,76,
88,96,75,
89,98,77,
88,98,75,
88,96,73,
88,94,72,
88,93,71,
88,93,71,
88,96,74,
88,95,73,
88,94,72,
88,96,73,
88,96,73,
88,96,73,
88,95,72,
88,96,74,
88,96,73,
88,97,73,
88,98,76,
88,97,76,
88,99,76,
88,96,74,
88,95,71,
88,94,72,
88,94,73,
88,95,71,
88,93,72,
88,93,72,
87,96,74,
88,96,76,
88,96,73,
88,94,73,
88,96,74,
88,97,75,
88,95,74,
88,96,73,
87,96,75,
88,97,75,
88,98,76,
88,96,73,
88,95,72,
87,95,73,
88,95,72,
88,93,70,
88,94,71,
87,95,73,
88,94,73,
88,94,72,
88,95,73,
88,95,73,
87,95,73,
88,95,74,
88,95,72,
88,96,73,
88,97,75,
87,96,74,
88,98,77,
88,96,76,
87,96,75,
88,94,72,
88,95,71,
87,92,70,
88,94,72,
88,95,74,
87,95,74,
88,95,73,
88,96,74,
87,95,72,
88,95,71,
88,95,72,
87,95,74,
88,95,73,
88,97,76,
87,96,74,
88,96,75,
88,97,74,
87,96,75,
88,96,73,
87,97,75,
88,94,70,
88,94,70,
87,93,71,
88,95,71,
87,96,74,
88,95,73,
87,94,71,
88,95,72,
87,93,72,
88,96,74,
88,95,74,
87,96,74,
88,96,74,
87,97,75,
88,97,75,
87,96,73,
88,92,70,
87,94,72,
88,93,71,
87,94,73,
88,96,74,
87,94,72,
88,95,72,
87,95,72,
88,94,72,
88,95,71,
87,94,73,
88,95,73,
87,94,72,
87,97,75,
88,97,75,
88,98,76,
87,99,77,
87,96,72,
88,93,71,
87,94,69,
88,91,68,
87,92,70,
87,94,73,
88,96,73,
87,95,73,
88,95,73,
87,95,73,
87,95,73,
88,95,72,
87,96,73,
88,94,72,
87,96,74,
87,96,74,
88,97,75,
87,97,76,
88,97,74,
87,94,71,
88,94,71,
87,94,71,
87,92,70,
88,93,71,
87,93,70,
87,94,72,
88,94,72,
87,95,75,
87,95,73,
88,96,73,
87,94,72,
87,94,72,
88,97,75,
87,97,76,
87,97,75,
88,97,74,
87,96,74,
87,95,72,
88,95,72,
87,92,70,
87,94,70,
87,95,73,
88,94,72,
87,91,70,
87,94,71,
87,94,73,
88,95,73,
87,94,72,
87,94,73,
87,95,72,
87,96,72,
88,95,75,
87,95,74,
87,97,76,
88,97,74,
87,92,71,
87,92,69,
87,93,71,
87,93,70,
88,93,71,
87,94,71,
87,95,73,
87,96,73,
88,95,73,
87,93,72,
87,94,73,
87,94,73,
87,95,74,
88,95,74,
87,98,75,
87,96,74,
87,96,75,
88,96,74,
87,94,73,
87,93,71,
87,94,72,
87,92,70,
87,94,71,
88,92,72,
87,94,72,
87,97,75,
87,96,73,
87,94,72,
88,95,73,
87,97,75,
87,97,74,
87,95,75,
87,97,75,
87,95,74,
88,98,75,
87,96,74,
87,94,72,
87,92,70,
87,92,70,
87,91,69,
87,93,72,
88,95,74,
87,93,71,
87,93,72,
87,94,71,
87,95,73,
87,93,71,
87,94,72,
88,95,74,
87,95,72,
87,96,74,
87,94,75,
87,98,76,
87,97,76,
87,94,72,
87,92,70,
87,95,73,
88,92,71,
87,92,69,
87,93,70,
87,95,74,
87,95,73,
87,92,71,
87,94,72,
87,95,74,
87,95,72,
87,94,71,
87,93,72,
87,97,76,
87,98,75,
88,97,76,
87,96,74,
87,97,75,
87,94,71,
87,94,72,
87,93,71,
87,93,72,
87,94,71,
87,93,70,
87,93,72,
87,95,73,
87,95,74,
87,93,71,
87,94,70,
87,95,73,
87,95,72,
88,95,72,
87,97,76,
87,98,77,
87,97,75,
87,95,73,
87,94,71,
87,93,72,
87,93,70,
87,92,71,
87,95,73,
87,94,73,
87,94,72,
87,95,74,
87,95,72,
87,95,74,
87,94,72,
87,94,71,
87,94,73,
87,95,73,
87,97,75,
87,96,74,
87,97,75,
87,96,74,
87,93,70,
87,93,71,
87,93,72,
87,94,72,
87,93,71,
87,93,70,
87,95,74,
87,96,73,
87,93,71,
87,93,72,
87,94,72,
87,96,73,
87,93,72,
87,93,71,
87,96,75,
87,97,75,
87,95,74,
87,95,73,
87,94,72,
87,93,71,
87,93,72,
87,93,71,
86,95,74,
87,93,72,
87,93,70,
87,93,71,
87,96,74,
87,95,72,
87,94,72,
87,95,71,
87,95,74,
87,95,74,
87,95,74,
87,97,74,
87,98,76,
87,96,74,
87,93,71,
87,93,71,
87,92,72,
87,92,69,
87,93,71,
86,94,72,
87,96,74,
87,96,73,
87,95,73,
87,94,71,
87,95,72,
87,94,71,
87,95,71,
87,94,71,
87,97,74,
87,95,74,
87,97,75,
86,96,74,
87,94,73,
87,93,70,
87,93,72,
87,91,70,
87,91,70,
87,93,71,
86,94,72,
87,94,72,
87,94,73,
87,94,72,
87,95,73,
86,95,73,
87,94,73,
87,96,73,
87,97,74,
87,96,73,
87,96,75,
87,95,73,
87,94,71,
86,93,70,
87,93,69,
87,92,67,
87,93,70,
87,92,70,
87,92,71,
87,93,72,
86,93,71,
87,93,71,
87,94,72,
87,94,72,
87,94,72,
86,94,71,
87,96,76,
87,97,74,
87,97,76,
87,97,76,
87,94,73,
86,93,72,
87,93,70,
87,92,69,
87,93,72,
87,94,72,
87,94,71,
86,93,70,
87,93,70,
87,94,73,
87,94,70,
87,93,71,
87,95,72,
86,96,74,
87,97,75,
87,96,75,
87,97,76,
87,97,75,
87,96,73,
87,92,71,
87,94,72,
86,93,71,
87,92,71,
87,93,72,
87,94,71,
87,94,71,
86,93,73,
87,94,73,
87,92,71,
87,94,71,
87,94,73,
87,94,72,
86,94,73,
87,97,75,
87,97,75,
87,95,75,
87,94,74,
87,93,71,
86,92,72,
87,92,71,
87,93,71,
87,94,71,
87,93,71,
86,94,72,
87,94,72,
87,94,72,
87,94,71,
86,95,74,
87,93,73,
87,94,72,
87,94,73,
86,96,75,
87,96,75,
87,96,75,
87,95,74,
87,93,72,
87,93,71,
86,93,71,
87,91,70,
87,92,70,
86,94,70,
87,93,72,
87,94,73,
87,93,72,
86,94,72,
87,94,71,
87,96,73,
86,93,71,
87,95,72,
87,97,76,
87,98,76,
87,95,73,
86,92,70,
87,92,71,
87,93,71,
86,93,69,
87,93,70,
87,95,72,
86,93,71,
87,94,72,
87,93,71,
86,95,73,
87,94,73,
87,93,71,
86,92,70,
87,94,70,
87,94,72,
87,94,73,
86,96,73,
87,95,76,
87,96,73,
87,94,73,
86,93,71,
87,94,72,
87,94,71,
86,96,73,
87,95,73,
87,95,74,
86,96,72,
87,94,71,
87,93,71,
87,93,71,
86,93,72,
87,93,71,
87,95,72,
87,98,76,
86,97,76,
87,97,75,
87,97,75,
87,95,72,
86,94,70,
87,92,70,
87,94,71,
86,95,73,
87,93,72,
87,94,72,
86,95,73,
87,95,73,
87,94,74,
87,94,72,
86,94,74,
87,95,73,
87,92,72,
86,94,74,
87,93,75,
87,96,76,
87,95,77,
87,95,76,
86,93,75,
87,92,74,
87,92,75,
86,93,76,
87,94,78,
87,94,77,
86,94,77,
87,95,80,
87,96,79,
86,94,80,
87,94,80,
87,95,81,
86,94,81,
87,94,85,
87,95,85,
87,96,87,
86,95,84,
87,93,84,
87,93,81,
87,92,83,
86,93,81,
87,92,83,
87,93,84,
86,94,86,
87,93,85,
87,93,85,
87,96,87,
87,94,87,
87,94,85,
86,93,86,
87,92,84,
87,94,86,
87,96,88,
87,98,90,
87,96,88,
87,95,88,
86,93,85,
87,94,84,
87,90,80,
87,91,81,
87,92,84,
87,94,84,
87,94,84,
86,95,84,
87,92,84,
87,93,83,
87,94,84,
87,93,82,
87,92,80,
87,95,85,
87,96,83,
87,97,85,
87,96,84,
87,95,83,
87,93,80,
87,93,81,
86,91,77,
87,92,78,
87,95,80,
87,94,79,
87,93,79,
87,93,78,
87,94,81,
87,94,80,
87,94,78,
86,93,78,
87,93,78,
87,95,80,
87,95,80,
87,96,81,
87,97,82,
87,96,79,
87,93,77,
87,93,78,
86,91,74,
87,92,75,
87,93,75,
87,92,76,
87,94,77,
86,95,76,
87,94,77,
87,93,76,
87,93,77,
87,94,75,
86,94,76,
87,95,76,
87,97,78,
87,96,79,
87,96,79,
86,95,77,
87,94,74,
87,95,76,
87,92,73,
86,93,73,
87,95,74,
87,94,76,
87,93,74,
86,94,75,
87,93,74,
87,93,74,
86,93,75,
87,94,75,
87,94,74,
87,95,75,
86,95,77,
87,96,77,
87,96,77,
87,96,75,
86,92,73,
87,94,73,
87,92,71,
86,92,72,
87,93,73,
87,95,75,
87,93,72,
86,93,73,
87,93,73,
87,93,72,
86,94,74,
87,95,74,
86,94,73,
87,94,75,
87,97,78,
86,95,75,
87,95,75,
87,95,77,
86,93,72,
87,93,72,
87,93,71,
86,92,71,
87,94,73,
87,94,73,
86,93,71,
87,95,74,
87,95,74,
86,93,73,
87,94,72,
86,93,72,
87,93,72,
86,93,72,
87,94,75,
87,95,75,
86,97,77,
87,95,76,
87,95,74,
86,93,71,
87,92,70,
86,92,69,
87,93,71,
87,93,71,
86,93,71,
87,93,72,
86,94,72,
87,94,74,
86,94,73,
87,93,74,
87,93,73,
86,96,75,
87,97,77,
87,96,76,
86,98,77,
87,96,77,
86,96,74,
87,94,72,
87,92,72,
86,92,70,
87,92,72,
86,93,72,
87,93,72,
87,92,73,
86,94,74,
87,94,74,
86,95,73,
87,94,73,
86,94,72,
87,94,72,
87,97,76,
86,94,75,
87,96,75,
86,95,75,
87,95,73,
86,93,72,
87,93,72,
86,92,71,
87,93,72,
86,93,72,
87,93,71,
87,93,71,
86,94,73,
87,96,73,
86,94,71,
87,93,71,
87,93,71,
86,94,71,
87,93,72,
86,93,70,
87,95,72,
86,96,75,
87,94,72,
86,92,71,
87,93,71,
87,93,72,
86,92,70,
87,93,73,
86,94,73,
87,94,73,
86,94,72,
87,94,73,
86,94,72,
87,93,72,
86,94,73,
87,94,72,
86,95,75,
87,95,73,
87,96,73,
86,95,75,
87,96,74,
86,93,70,
87,93,70,
86,92,70,
87,92,73,
86,95,74,
87,93,72,
86,93,71,
87,94,72,
86,94,73,
87,94,72,
86,93,72,
87,94,72,
86,94,72,
87,94,73,
86,96,75,
87,96,75,
87,95,76,
86,94,71,
87,91,70,
86,91,69,
87,91,70,
86,93,71,
86,94,72,
87,93,71,
86,92,71,
87,93,73,
86,94,74,
87,94,73,
86,93,72,
87,94,72,
86,94,71,
87,95,73,
87,96,75,
86,95,75,
87,96,73,
86,94,72,
87,91,69,
86,93,71,
87,93,71,
86,92,70,
87,92,70,
86,94,72,
87,94,73,
86,94,72,
87,94,71,
86,94,72,
87,93,72,
86,94,72,
87,94,73,
86,94,74,
87,94,73,
86,94,73,
87,96,76,
86,95,73,
87,93,71,
86,93,71,
87,93,70,
86,93,71,
86,92,69,
87,92,70,
86,93,72,
87,93,72,
86,94,73,
87,94,72,
86,95,75,
87,94,74,
86,94,73,
87,94,72,
86,95,73,
87,97,74,
86,97,75,
87,95,71,
86,93,71,
87,93,70,
86,92,70,
86,92,70,
87,91,70,
86,92,72,
87,93,72,
86,95,74,
87,94,73,
86,93,73,
86,95,73,
87,95,73,
86,95,73,
87,95,73,
87,97,77,
86,97,75,
87,97,74,
86,96,74,
87,95,75,
86,93,70,
86,93,70,
87,91,69,
86,91,72,
87,92,70,
86,92,73,
86,94,71,
87,95,72,
86,94,71,
87,95,73,
86,95,73,
87,94,72,
86,94,72,
87,95,73,
86,96,74,
87,96,76,
86,97,73,
87,94,72,
86,92,71,
86,92,70,
87,91,70,
86,92,71,
86,93,71,
87,94,72,
86,93,72,
87,94,72,
86,93,72,
87,93,72,
86,94,71,
86,94,72,
87,94,72,
86,95,74,
87,96,75,
86,96,76,
87,96,73,
86,95,72,
87,93,70,
86,92,71,
86,92,70,
87,92,72,
86,93,71,
86,94,73,
87,93,73,
86,95,73,
87,94,71,
86,95,72,
87,93,71,
86,94,72,
87,94,73,
86,96,74,
87,96,75,
86,96,75,
87,96,75,
86,95,73,
86,93,72,
87,92,71,
86,91,68,
86,91,69,
87,93,72,
86,93,70,
87,93,71,
86,94,72,
86,94,73,
87,94,72,
86,93,73,
87,95,73,
86,93,72,
86,94,74,
87,95,74,
86,96,74,
87,96,75,
86,95,73,
86,92,71,
87,97,78,
86,100,79,
87,94,74,
86,93,71,
86,93,72,
87,93,71,
86,92,71,
86,94,72,
87,93,72,
86,91,69,
86,90,68,
87,91,68,
86,94,71,
87,95,73,
86,96,74,
86,94,73,
87,94,72,
86,93,70,
87,93,71,
86,92,68,
86,93,69,
87,93,71,
86,94,70,
87,93,71,
86,94,72,
87,94,71,
86,94,72,
87,94,72,
86,93,71,
87,93,71,
87,94,72,
87,95,73,
87,96,75,
87,97,75,
87,97,73,
87,96,72,
88,95,72,
88,94,70,
88,95,72,
89,96,75,
89,98,75,
90,98,75,
90,100,77,
92,100,78,
92,100,76,
94,102,77,
95,105,80,
97,108,82,
99,111,84,
101,114,88,
105,119,89,
108,125,94,
111,129,97,
117,133,98,
122,139,101,
128,147,109,
136,156,114,
145,169,123,
154,183,132,
166,197,142,
179,215,153,
194,234,168,
213,258,185,
232,284,203,
255,312,222,
281,343,243,
311,382,270,
345,428,303,
383,475,335,
426,532,377,
475,592,415,
529,657,461,
591,735,513,
659,821,572,
736,915,637,
821,1023,712,
916,1143,793,
1020,1275,886,
1137,1419,988,
1265,1578,1098,
1405,1754,1221,
1561,1945,1351,
1730,2154,1495,
1914,2384,1655,
2116,2633,1829,
2335,2901,2018,
2572,3193,2219,
2828,3511,2439,
3106,3850,2674,
3404,4213,2925,
3725,4603,3199,
4068,5022,3491,
4436,5469,3803,
4827,5945,4135,
5242,6450,4487,
5683,6982,4862,
6148,7546,5254,
6640,8138,5668,
7156,8764,6107,
7700,9415,6565,
8269,10098,7044,
8862,10810,7541,
9478,11549,8063,
10118,12317,8600,
10778,13105,9159,
11459,13920,9733,
12160,14748,10317,
12878,15604,10920,
13614,16475,11534,
14363,17366,12161,
15126,18267,12798,
15900,19181,13446,
16680,20098,14094,
17463,21021,14747,
18245,21937,15402,
19022,22849,16053,
19795,23748,16688,
20558,24644,17320,
21311,25521,17950,
22053,26384,18569,
22778,27229,19173,
23484,28039,19762,
24170,28833,20325,
24835,29600,20880,
25475,30336,21411,
26089,31041,21917,
26675,31708,22401,
27232,32341,22860,
27758,32935,23290,
28254,33496,23704,
28715,34015,24084,
29140,34488,24437,
29529,34923,24759,
29884,35314,25049,
30201,35664,25305,
30484,35970,25540,
30733,36243,25741,
30941,36464,25913,
31115,36639,26047,
31255,36782,26159,
31358,36883,26250,
31432,36946,26312,
31476,36974,26342,
31485,36963,26337,
31471,36918,26320,
31426,36850,26281,
31352,36740,26220,
31252,36611,26140,
31127,36447,26031,
30974,36251,25901,
30797,36026,25748,
30601,35780,25582,
30390,35516,25407,
30155,35228,25214,
29902,34916,25002,
29633,34585,24775,
29347,34238,24540,
29044,33877,24286,
28731,33507,24026,
28404,33105,23753,
28062,32700,23470,
27716,32285,23177,
27361,31857,22879,
26997,31426,22577,
26625,30982,22259,
26249,30542,21947,
25866,30087,21629,
25479,29626,21305,
25088,29162,20975,
24693,28701,20644,
24296,28235,20314,
23898,27768,19984,
23501,27302,19653,
23100,26831,19321,
22696,26354,18986,
22290,25879,18646,
21885,25408,18318,
21481,24934,17976,
21077,24461,17637,
20681,23995,17305,
20284,23531,16970,
19891,23074,16640,
19501,22620,16318,
19114,22166,15998,
18733,21724,15678,
18355,21283,15361,
17983,20853,15053,
17613,20417,14746,
17246,19990,14438,
16888,19573,14144,
16533,19163,13844,
16183,18758,13554,
15839,18358,13264,
15499,17964,12983,
15168,17576,12708,
14842,17199,12430,
14520,16827,12165,
14206,16459,11900,
13896,16098,11641,
13593,15749,11382,
13296,15406,11135,
13004,15066,10893,
12718,14732,10657,
12438,14410,10421,
12165,14095,10191,
11898,13784,9967,
11638,13479,9750,
11381,13184,9538,
11130,12895,9328,
10884,12607,9125,
10643,12332,8922,
10409,12062,8727,
10178,11800,8537,
9954,11538,8347,
9734,11283,8166,
9524,11037,7985,
9315,10797,7808,
9113,10561,7637,
8916,10331,7476,
8724,10112,7316,
8537,9896,7160,
8353,9685,7004,
8176,9479,6855,
8001,9279,6714,
7833,9083,6568,
7668,8892,6428,
7508,8703,6295,
7351,8521,6166,
7200,8349,6042,
7053,8181,5921,
6909,8015,5800,
6769,7852,5680,
6633,7700,5569,
6500,7543,5455,
6372,7393,5346,
6247,7246,5241,
6126,7105,5141,
6008,6971,5039,
5894,6840,4940,
5782,6711,4850,
5674,6586,4762,
5568,6465,4672,
5465,6346,4585,
5366,6230,4500,
5267,6116,4421,
5173,6007,4343,
5080,5900,4263,
4991,5795,4188,
4903,5696,4119,
4817,5597,4048,
4735,5501,3979,
4656,5408,3910,
4577,5315,3842,
4501,5228,3781,
4427,5141,3716,
4354,5055,3652,
4284,4975,3594,
4216,4894,3538,
4149,4819,3482,
4084,4747,3429,
4021,4675,3372,
3959,4602,3325,
3899,4533,3275,
3840,4465,3224,
3784,4398,3176,
3728,4335,3129,
3673,4272,3085,
3620,4213,3038,
3569,4154,2996,
3518,4094,2953,
3469,4038,2911,
3421,3981,2870,
3375,3925,2830,
3329,3871,2791,
3284,3819,2758,
3240,3769,2720,
3198,3719,2681,
3155,3670,2650,
3115,3623,2615,
3076,3578,2580,
3037,3535,2549,
2999,3491,2518,
2963,3448,2488,
2927,3405,2458,
2891,3366,2427,
2858,3329,2399,
2824,3289,2372,
2791,3250,2344,
2758,3210,2317,
2726,3171,2288,
2696,3135,2261,
2665,3099,2234,
2634,3067,2210,
2605,3034,2184,
2576,2999,2159,
2548,2965,2140,
2520,2934,2117,
2493,2903,2095,
2465,2872,2069,
2439,2841,2045,
2412,2809,2025,
2387,2779,2004,
2362,2752,1986,
2338,2724,1966,
2314,2697,1947,
2289,2667,1924,
2266,2638,1904,
2244,2609,1882,
2220,2584,1862,
2198,2555,1842,
2177,2532,1826,
2155,2507,1807,
2134,2483,1791,
2113,2459,1773,
2092,2436,1755,
2072,2413,1739,
2052,2388,1721,
2033,2364,1704,
2013,2342,1688,
1993,2320,1674,
1975,2298,1660,
1957,2278,1647,
1938,2258,1631,
1920,2237,1615,
1902,2215,1598,
1885,2192,1580,
1867,2173,1566,
1851,2151,1551,
1833,2132,1538,
1816,2114,1523,
1799,2094,1509,
1783,2076,1497,
1767,2057,1484,
1751,2038,1469,
1735,2019,1457,
1719,2003,1444,
1705,1983,1430,
1688,1967,1418,
1674,1948,1405,
1659,1935,1396,
1645,1915,1382,
1630,1898,1371,
1615,1880,1355,
1602,1864,1342,
1587,1847,1332,
1574,1830,1320,
1560,1813,1309,
1546,1798,1298,
1533,1786,1289,
1520,1768,1276,
1507,1753,1266,
1493,1739,1254,
1482,1725,1244,
1468,1710,1233,
1456,1693,1224,
1443,1679,1213,
1431,1666,1203,
1419,1653,1194,
1406,1638,1184,
1395,1625,1177,
1383,1611,1165,
1372,1594,1151,
1360,1580,1139,
1348,1566,1128,
1337,1553,1118,
1326,1540,1111,
1315,1528,1102,
1304,1516,1093,
1293,1503,1084,
1283,1492,1077,
1272,1480,1068,
1261,1465,1058,
1251,1454,1051,
1241,1442,1043,
1230,1432,1035,
1220,1420,1027,
1210,1408,1017,
1200,1399,1010,
1189,1386,1002,
1180,1374,992,
1170,1360,982,
1161,1350,974,
1151,1335,964,
1141,1326,956,
1133,1316,950,
1123,1305,944,
1114,1293,936,
1105,1284,928,
1096,1275,920,
1087,1264,913,
1079,1253,907,
1070,1244,898,
1061,1235,891,
1053,1226,886,
1044,1216,878,
1036,1207,874,
1027,1196,865,
1019,1186,856,
1012,1175,850,
1003,1166,842,
996,1155,836,
988,1147,830,
979,1139,823,
972,1129,813,
965,1120,808,
956,1113,804,
950,1103,798,
941,1094,792,
934,1085,784,
927,1075,777,
920,1066,772,
912,1061,768,
906,1053,763,
898,1047,758,
892,1035,751,
884,1027,742,
878,1016,736,
871,1009,732,
865,1001,725,
857,994,719,
852,988,714,
845,981,710,
838,972,704,
833,966,698,
825,959,694,
820,952,690,
813,944,682,
807,935,678,
801,931,671,
795,923,668,
789,917,665,
783,911,661,
777,904,656,
771,895,648,
765,886,642,
760,880,637,
754,872,632,
748,865,628,
743,859,623,
737,854,619,
732,848,615,
726,843,611,
721,836,606,
716,830,601,
710,823,596,
705,818,593,
700,810,589,
695,806,586,
689,800,583,
685,796,578,
679,790,572,
675,782,567,
669,775,561,
664,771,557,
660,762,553,
655,758,549,
650,751,546,
646,748,542,
641,742,540,
636,738,535,
632,732,532,
627,727,528,
622,720,524,
618,715,520,
614,711,514,
609,707,513,
604,702,509,
600,695,505,
596,690,502,
591,683,496,
587,678,491,
583,673,489,
579,667,484,
574,664,483,
571,660,479,
567,656,476,
563,652,475,
558,648,472,
555,643,467,
551,639,463,
547,634,461,
544,628,457,
539,623,454,
536,620,451,
532,618,450,
528,613,445,
525,610,445,
521,605,441,
518,598,436,
514,594,432,
511,588,427,
507,583,423,
504,580,422,
500,575,418,
497,573,418,
493,570,415,
490,566,411,
487,562,407,
484,557,405,
480,554,403,
477,550,400,
474,547,399,
470,544,397,
468,542,396,
465,539,393,
461,533,388,
459,529,384,
455,526,381,
453,521,379,
450,517,375,
447,515,377,
443,513,374,
441,510,370,
439,505,366,
435,501,365,
432,499,362,
430,496,360,
427,492,357,
424,489,356,
421,485,355,
419,484,354,
416,478,351,
413,478,349,
411,476,348,
408,470,343,
405,467,339,
403,464,339,
401,460,335,
398,459,335,
395,454,332,
393,451,330,
390,449,329,
388,446,327,
386,443,324,
383,440,322,
381,437,319,
378,435,319,
376,432,315,
374,431,317,
372,429,314,
370,427,313,
367,422,306,
365,418,303,
363,414,299,
360,413,299,
359,409,299,
356,408,298,
354,407,297,
352,404,295,
350,402,295,
348,399,294,
346,396,290,
343,395,288,
342,391,287,
340,390,286,
337,388,284,
336,388,283,
334,386,281,
332,384,282,
330,381,280,
328,378,276,
326,374,273,
324,371,270,
323,368,268,
320,367,268,
319,365,267,
317,365,266,
315,363,265,
314,361,264,
311,356,260,
310,355,259,
309,353,259,
306,351,258,
305,348,255,
303,348,255,
301,347,254,
300,345,253,
299,344,253,
296,341,250,
295,336,247,
293,334,246,
292,331,243,
290,331,244,
289,330,241,
287,328,242,
285,326,239,
284,324,238,
282,324,237,
281,321,237,
280,319,234,
277,317,233,
277,316,232,
275,316,232,
273,315,231,
273,314,231,
270,310,230,
270,309,228,
267,305,224,
267,303,223,
265,301,219,
264,300,220,
262,300,220,
261,298,218,
260,296,217,
259,295,217,
257,293,216,
256,291,214,
254,291,213,
254,290,214,
252,289,213,
251,288,213,
249,287,211,
249,285,212,
247,285,211,
246,282,210,
245,279,205,
243,279,206,
243,274,202,
241,275,202,
240,274,202,
239,273,199,
238,272,201,
237,270,199,
235,268,198,
235,267,197,
233,266,196,
232,264,195,
232,264,195,
230,263,194,
229,264,195,
228,262,193,
227,261,194,
226,259,190,
225,256,188,
224,255,187,
223,252,186,
222,252,186,
221,251,185,
220,250,184,
219,249,183,
218,249,184,
217,248,183,
216,246,181,
215,245,181,
214,244,180,
214,243,180,
212,242,179,
212,243,179,
210,240,178,
210,241,178,
209,238,176,
207,236,174,
207,233,173,
207,232,172,
205,231,169,
204,231,169,
204,230,169,
203,230,170,
202,231,172,
201,228,169,
200,228,168,
200,226,167,
198,226,167,
198,225,167,
197,223,165,
197,224,166,
195,222,164,
195,222,166,
194,221,164,
193,220,162,
193,217,160,
192,215,158,
191,215,159,
190,215,158,
190,214,157,
189,213,159,
188,212,155,
187,211,155,
187,212,157,
186,212,157,
185,212,156,
185,209,155,
184,208,154,
184,209,156,
182,209,155,
183,208,154,
181,206,153,
181,204,151,
180,201,148,
179,201,148,
179,199,147,
178,201,148,
177,200,149,
177,201,149,
176,199,149,
176,198,147,
175,197,146,
174,198,146,
174,196,145,
173,195,146,
173,196,146,
172,197,147,
172,195,146,
170,195,146,
171,194,145,
169,192,144,
170,188,140,
168,188,141,
168,187,140,
168,188,139,
167,188,139,
166,187,139,
166,187,139,
166,187,139,
165,185,138,
164,184,137,
164,183,137,
163,183,136,
163,182,136,
162,183,137,
162,184,138,
161,184,138,
161,184,137,
160,182,135,
160,180,135,
159,178,132,
159,176,130,
158,176,130,
158,176,131,
158,177,131,
157,176,131,
156,175,131,
156,173,130,
156,174,131,
155,174,131,
154,175,132,
155,172,130,
154,174,133,
153,173,133,
153,174,134,
152,174,133,
152,173,131,
152,168,127,
151,169,128,
151,167,128,
151,169,129,
149,169,129,
150,168,129,
149,167,131,
149,167,130,
148,166,129,
148,167,130,
148,166,131,
147,164,130,
147,164,128,
146,164,130,
146,166,130,
146,165,132,
145,166,131,
145,163,129,
145,160,128,
144,162,127,
144,159,126,
143,159,126,
144,159,127,
142,161,127,
143,160,126,
142,160,127,
142,159,129,
141,158,126,
141,157,125,
141,159,125,
141,158,126,
140,157,125,
139,157,126,
140,157,126,
139,158,126,
139,156,124,
138,154,123,
138,153,122,
138,152,120,
138,152,120,
137,151,120,
137,153,121,
136,152,122,
137,153,120,
136,151,119,
135,149,118,
136,150,119,
135,151,119,
135,151,119,
134,150,117,
135,151,119,
134,150,119,
133,152,119,
134,150,118,
133,148,118,
133,147,115,
132,146,114,
132,145,112,
133,147,115,
131,147,115,
132,146,114,
131,146,114,
131,148,115,
131,147,114,
130,146,113,
130,145,114,
130,145,113,
130,145,113,
129,147,116,
130,146,114,
129,147,114,
128,145,112,
129,142,109,
128,143,108,
128,142,108,
128,140,107,
127,141,107,
127,141,107,
127,140,107,
127,140,108,
127,142,110,
126,140,107,
126,139,106,
126,139,106,
126,139,106,
125,139,106,
125,141,110,
125,141,110,
125,141,108,
124,140,108,
125,137,105,
124,137,105,
124,137,105,
123,135,102,
124,136,106,
123,137,105,
123,137,105,
123,136,104,
123,136,105,
122,135,104,
123,137,104,
122,137,104,
122,136,104,
121,134,101,
122,135,104,
121,135,105,
121,137,105,
121,135,105,
121,134,103,
120,132,100,
121,131,100,
120,130,100,
120,132,101,
120,133,101,
120,132,100,
119,132,102,
119,133,102,
120,133,101,
119,131,102,
119,132,102,
118,132,102,
119,132,101,
118,132,101,
118,132,100,
118,134,103,
118,132,101,
117,132,100,
118,129,98,
117,128,98,
117,127,96,
117,128,97,
117,129,98,
116,129,98,
117,129,98,
116,129,100,
116,129,99,
116,128,98,
116,129,98,
116,129,98,
115,129,97,
116,129,99,
115,129,98,
115,128,98,
115,129,98,
115,128,98,
115,125,93,
114,126,95,
115,123,93,
114,123,94,
114,125,96,
114,125,96,
114,124,96,
113,124,95,
114,125,95,
113,125,94,
114,126,93,
113,126,96,
113,125,96,
113,127,98,
113,126,98,
112,128,99,
113,127,97,
112,125,97,
113,122,93,
112,123,92,
112,122,92,
112,122,91,
112,123,94,
112,122,93,
111,123,93,
112,122,94,
111,122,94,
111,123,94,
111,122,94,
111,122,95,
111,122,96,
111,124,96,
110,124,97,
111,124,96,
110,124,96,
111,123,94,
110,120,90,
110,121,91,
110,119,89,
110,120,90,
109,119,91,
110,120,91,
109,120,92,
110,120,91,
109,121,92,
109,119,89,
109,119,90,
109,120,93,
109,121,92,
109,121,92,
109,122,94,
108,122,94,
109,123,94,
108,121,93,
109,119,92,
108,119,92,
108,117,88,
108,117,88,
108,118,90,
108,119,90,
107,118,91,
108,119,90,
107,118,91,
108,118,89,
107,117,88,
107,118,90,
107,118,89,
107,118,89,
107,119,92,
107,119,92,
107,120,92,
106,120,90,
107,117,88,
106,116,89,
107,116,89,
106,116,87,
106,115,87,
107,116,87,
106,117,88,
106,117,87,
106,116,89,
105,117,89,
106,116,87,
106,117,89,
105,117,89,
106,116,88,
105,117,90,
106,118,90,
105,118,91,
105,116,89,
105,114,87,
105,113,86,
105,114,85,
105,113,86,
105,114,87,
105,114,87,
104,114,87,
105,116,89,
104,114,88,
105,116,87,
104,117,90,
104,115,88,
105,114,88,
104,115,88,
104,116,90,
104,116,88,
104,117,91,
104,115,88,
103,115,87,
104,113,84,
104,112,84,
103,111,84,
104,113,84,
103,113,85,
103,113,87,
104,113,85,
103,113,85,
103,113,86,
103,113,86,
103,114,86,
103,112,86,
103,113,86,
103,114,88,
102,115,89,
103,116,90,
103,116,90,
102,114,86,
103,111,85,
102,111,83,
103,110,83,
102,112,84,
102,111,85,
102,111,84,
102,111,85,
103,112,86,
102,112,86,
102,113,85,
102,112,85,
101,112,86,
102,112,86,
102,113,86,
102,116,88,
101,115,87,
102,114,87,
102,113,86,
101,110,84,
101,111,84,
102,109,82,
101,110,82,
101,111,84,
101,112,84,
102,111,84,
101,113,84,
101,110,84,
101,110,84,
100,110,84,
101,110,83,
101,110,86,
101,112,86,
101,114,87,
100,113,87,
101,112,86,
100,112,86,
101,109,83,
100,110,84,
101,107,81,
100,109,82,
100,108,81,
100,110,84,
101,110,85,
100,111,85,
100,111,84,
100,109,84,
100,110,84,
100,111,82,
100,108,82,
100,110,83,
99,110,85,
100,111,84,
100,111,86,
99,110,83,
100,108,81,
100,108,81,
99,108,81,
100,107,81,
99,108,83,
100,109,82,
99,109,83,
99,109,84,
100,108,83,
99,108,82,
99,108,82,
99,109,83,
99,108,82,
99,110,84,
99,111,87,
99,111,85,
99,111,86,
99,109,82,
99,107,82,
99,107,82,
99,106,81,
98,106,80,
99,108,82,
99,108,82,
98,108,83,
99,109,82,
98,109,84,
99,107,82,
99,108,81,
98,108,83,
98,107,83,
99,108,83,
98,109,84,
98,109,84,
98,111,85,
99,109,83,
98,108,82,
98,107,80,
98,106,79,
98,106,78,
98,105,79,
98,107,82,
98,107,82,
98,105,79,
98,106,79,
97,105,80,
98,107,80,
98,107,83,
98,107,82,
97,107,83,
98,108,83,
98,109,82,
97,110,85,
98,110,85,
97,106,81,
98,105,81,
97,105,79,
98,105,78,
97,107,80,
97,107,80,
97,106,79,
98,106,81,
97,105,80,
97,106,80,
97,107,79,
97,106,80,
97,106,81,
97,107,82,
97,108,84,
97,107,82,
97,109,86,
97,108,83,
97,106,81,
97,105,80,
97,104,80,
97,103,79,
97,111,88,
97,112,88,
97,109,85,
97,109,83,
97,108,81,
97,108,82,
97,106,82,
97,104,80,
97,104,79,
97,104,79,
98,105,80,
97,108,83,
98,109,84,
98,109,83,
99,108,82,
99,107,80,
99,110,83,
100,109,81,
101,110,82,
102,112,85,
103,115,86,
104,116,87,
106,119,89,
108,120,90,
111,124,93,
112,128,96,
117,131,96,
119,135,103,
125,143,108,
129,150,111,
135,159,118,
143,166,122,
150,175,128,
159,186,133,
170,200,145,
183,215,154,
197,235,168,
213,257,183,
232,281,199,
253,307,219,
278,339,240,
304,375,265,
337,415,292,
371,459,325,
412,509,358,
457,566,398,
507,631,442,
564,702,493,
628,784,547,
698,872,608,
776,968,675,
865,1075,749,
961,1196,833,
1068,1330,924,
1186,1477,1027,
1315,1638,1140,
1458,1814,1262,
1614,2009,1396,
1785,2218,1542,
1970,2448,1702,
2172,2696,1874,
2390,2965,2062,
2627,3254,2266,
2883,3569,2481,
3158,3907,2716,
3454,4266,2968,
3771,4654,3241,
4110,5066,3528,
4472,5505,3837,
4856,5971,4157,
5265,6466,4502,
5697,6986,4864,
6154,7538,5252,
6635,8120,5657,
7139,8729,6084,
7669,9364,6532,
8222,10030,7002,
8797,10719,7485,
9394,11437,7988,
10013,12176,8504,
10651,12935,9041,
11308,13717,9592,
11981,14515,10153,
12670,15339,10733,
13374,16172,11324,
14089,17017,11921,
14818,17878,12535,
15556,18743,13146,
16298,19616,13765,
17041,20489,14384,
17784,21363,15004,
18522,22226,15617,
19253,23085,16229,
19978,23929,16825,
20689,24756,17420,
21389,25565,18001,
22076,26362,18568,
22743,27132,19127,
23393,27880,19668,
24024,28609,20196,
24629,29308,20695,
25210,29974,21177,
25763,30602,21634,
26289,31200,22063,
26791,31768,22479,
27265,32302,22874,
27706,32800,23228,
28118,33262,23567,
28494,33684,23875,
28838,34075,24162,
29146,34409,24414,
29423,34714,24646,
29673,34985,24852,
29890,35215,25031,
30070,35401,25172,
30224,35559,25287,
30349,35688,25393,
30443,35771,25474,
30509,35828,25523,
30545,35860,25554,
30555,35855,25564,
30536,35819,25544,
30493,35747,25501,
30424,35649,25441,
30337,35525,25368,
30218,35368,25261,
30082,35192,25150,
29928,35005,25019,
29756,34787,24877,
29564,34555,24724,
29354,34293,24540,
29130,34015,24356,
28892,33729,24157,
28641,33421,23945,
28381,33107,23724,
28107,32778,23496,
27826,32442,23260,
27533,32094,23021,
27234,31739,22767,
26925,31372,22511,
26612,31002,22252,
26289,30620,21981,
25963,30234,21709,
25635,29844,21434,
25300,29449,21154,
24958,29045,20871,
24619,28645,20591,
24282,28248,20313,
23941,27842,20027,
23598,27445,19739,
23252,27038,19449,
22907,26630,19159,
22560,26225,18873,
22211,25818,18585,
21863,25409,18292,
21516,25004,18005,
21170,24602,17714,
20829,24203,17428,
20491,23804,17142,
20158,23417,16863,
19824,23029,16590,
19494,22645,16310,
19171,22266,16037,
18851,21897,15778,
18536,21532,15516,
18221,21163,15254,
17913,20804,15001,
17608,20454,14747,
17307,20103,14492,
17012,19753,14244,
16719,19413,13995,
16431,19080,13757,
16148,18758,13522,
15869,18432,13294,
15592,18110,13063,
15322,17793,12837,
15057,17490,12616,
14797,17186,12393,
14539,16882,12175,
14285,16591,11966,
14038,16302,11755,
13795,16021,11553,
13557,15746,11356,
13324,15477,11161,
13095,15210,10974,
12871,14951,10786,
12652,14698,10595,
12438,14449,10420,
12228,14206,10246,
12023,13967,10074,
11823,13736,9907,
11627,13512,9742,
11434,13290,9579,
11245,13072,9426,
11059,12854,9274,
10880,12647,9121,
10705,12442,8974,
10533,12246,8832,
10365,12046,8688,
10201,11855,8553,
10038,11666,8415,
9879,11484,8283,
9725,11306,8149,
9574,11134,8020,
9427,10961,7899,
9282,10790,7777,
9139,10628,7660,
9000,10467,7544,
8865,10309,7433,
8733,10155,7325,
8602,10006,7217,
8477,9860,7110,
8353,9719,7007,
8232,9577,6904,
8116,9441,6807,
8000,9307,6708,
7888,9175,6615,
7778,9051,6521,
7671,8926,6432,
7566,8804,6343,
7461,8684,6256,
7359,8565,6173,
7260,8451,6088,
7163,8338,6006,
7068,8228,5930,
6976,8123,5855,
6886,8016,5779,
6796,7910,5701,
6708,7809,5630,
6622,7710,5557,
6536,7613,5489,
6454,7516,5410,
6373,7421,5343,
6294,7330,5278,
6218,7238,5211,
6142,7153,5153,
6068,7067,5092,
5995,6985,5031,
5924,6902,4971,
5854,6820,4910,
5787,6742,4853,
5720,6665,4801,
5654,6589,4745,
5591,6515,4693,
5528,6440,4639,
5466,6367,4586,
5404,6297,4535,
5344,6226,4484,
5284,6157,4433,
5226,6088,4386,
5168,6019,4337,
5112,5954,4288,
5058,5891,4240,
5003,5827,4197,
4950,5769,4151,
4897,5708,4107,
4845,5646,4062,
4794,5588,4021,
4745,5529,3977,
4695,5472,3938,
4647,5416,3899,
4599,5360,3858,
4552,5304,3820,
4505,5250,3780,
4460,5197,3745,
4414,5143,3708,
4369,5096,3671,
4327,5045,3632,
4283,4993,3596,
4242,4942,3556,
4200,4895,3524,
4159,4848,3487,
4120,4802,3454,
4079,4754,3421,
4040,4708,3392,
4001,4661,3360,
3963,4619,3326,
3925,4576,3296,
3888,4534,3265,
3852,4491,3234,
3815,4446,3204,
3780,4405,3172,
3744,4367,3143,
3709,4326,3116,
3674,4284,3085,
3640,4244,3056,
3606,4204,3026,
3573,4161,2995,
3539,4124,2969,
3507,4087,2942,
3474,4050,2914,
3443,4014,2889,
3412,3978,2864,
3380,3943,2839,
3351,3906,2812,
3320,3871,2788,
3291,3837,2761,
3261,3804,2737,
3231,3766,2712,
3204,3733,2687,
3174,3702,2665,
3146,3670,2643,
3118,3638,2620,
3090,3603,2597,
3062,3570,2573,
3036,3537,2547,
3009,3507,2522,
2982,3475,2498,
2957,3445,2480,
2932,3417,2459,
2906,3388,2440,
2881,3359,2415,
2856,3330,2394,
2831,3298,2376,
2806,3269,2356,
2782,3240,2335,
2758,3212,2316,
2735,3186,2295,
2710,3161,2279,
2687,3134,2261,
2665,3107,2243,
2640,3080,2221,
2618,3050,2198,
2594,3023,2178,
2572,2997,2159,
2550,2970,2139,
2528,2944,2121,
2507,2917,2104,
2484,2895,2088,
2464,2871,2068,
2442,2846,2053,
2421,2823,2035,
2401,2797,2019,
2380,2776,2001,
2360,2752,1984,
2340,2729,1966,
2320,2703,1951,
2300,2681,1934,
2281,2659,1918,
2261,2635,1901,
2242,2613,1884,
2223,2589,1866,
2204,2567,1851,
2185,2546,1833,
2167,2525,1817,
2149,2502,1804,
2131,2483,1788,
2113,2464,1774,
2095,2441,1762,
2077,2418,1745,
2059,2398,1730,
2042,2379,1717,
2025,2359,1701,
2008,2341,1688,
1992,2323,1675,
1975,2301,1660,
1958,2283,1647,
1942,2263,1634,
1926,2243,1620,
1909,2223,1603,
1894,2206,1590,
1877,2185,1576,
1862,2168,1563,
1847,2150,1550,
1832,2132,1538,
1817,2115,1528,
1801,2098,1514,
1787,2080,1501,
1772,2064,1491,
1758,2046,1479,
1743,2030,1466,
1730,2015,1453,
1715,1998,1443,
1701,1982,1431,
1687,1967,1419,
1673,1951,1409,
1660,1933,1395,
1646,1916,1381,
1633,1901,1369,
1620,1885,1357,
1607,1870,1347,
1594,1853,1339,
1581,1840,1328,
1568,1824,1317,
1556,1810,1306,
1543,1795,1297,
1530,1780,1286,
1518,1765,1275,
1506,1753,1266,
1494,1738,1255,
1481,1727,1248,
1470,1712,1238,
1457,1698,1226,
1446,1685,1216,
1434,1671,1206,
1423,1655,1195,
1412,1642,1185,
1400,1629,1177,
1389,1614,1166,
1377,1602,1158,
1367,1589,1150,
1357,1576,1139,
1345,1566,1129,
1336,1554,1123,
1325,1543,1113,
1314,1529,1103,
1304,1515,1097,
1293,1504,1088,
1283,1492,1080,
1273,1482,1074,
1263,1471,1064,
1253,1460,1057,
1243,1446,1047,
1233,1434,1037,
1224,1421,1028,
1213,1410,1018,
1205,1399,1009,
1195,1389,1003,
1186,1378,997,
1176,1367,991,
1167,1358,983,
1158,1346,973,
1149,1335,964,
1141,1326,957,
1131,1314,951,
1123,1306,943,
1114,1294,936,
1105,1287,933,
1097,1277,925,
1089,1268,917,
1080,1256,910,
1073,1247,901,
1063,1234,893,
1056,1225,886,
1048,1216,880,
1040,1207,874,
1032,1198,866,
1024,1189,859,
1016,1180,854,
1009,1173,848,
1001,1164,842,
993,1155,835,
986,1146,828,
978,1137,820,
971,1128,816,
964,1122,814,
956,1114,807,
950,1106,802,
942,1095,793,
935,1086,786,
928,1076,778,
922,1070,774,
914,1060,766,
908,1053,760,
901,1045,756,
894,1038,751,
888,1029,745,
881,1023,740,
874,1016,737,
868,1008,732,
862,1000,726,
855,992,720,
848,985,716,
843,978,710,
836,973,704,
831,966,701,
824,959,695,
819,950,686,
812,942,681,
807,935,677,
800,928,674,
795,921,667,
790,915,663,
783,908,658,
778,902,652,
772,897,648,
767,888,642,
761,883,640,
756,877,636,
750,871,632,
745,863,628,
740,859,625,
734,853,621,
729,847,617,
724,841,611,
719,835,606,
714,827,601,
708,821,594,
704,812,588,
699,808,587,
693,804,582,
689,799,578,
684,793,574,
680,787,570,
674,781,566,
670,775,564,
665,773,559,
661,767,554,
656,760,545,
652,756,546,
647,751,543,
643,748,543,
638,742,539,
633,734,533,
630,727,528,
625,723,523,
621,716,517,
616,713,514,
613,709,512,
609,705,511,
604,701,508,
600,696,504,
596,690,502,
593,684,497,
588,681,493,
584,675,491,
580,671,488,
576,668,486,
573,663,483,
568,659,480,
565,656,475,
561,649,471,
557,643,467,
554,640,464,
550,634,460,
546,630,458,
542,626,456,
539,623,454,
536,619,451,
532,616,449,
528,611,446,
525,607,442,
522,603,440,
518,599,434,
515,594,432,
512,592,430,
508,589,430,
505,587,426,
502,582,422,
499,578,421,
495,572,416,
492,568,414,
489,562,409,
486,561,407,
483,557,406,
480,553,403,
477,550,401,
474,546,398,
471,544,396,
468,540,395,
465,537,393,
462,535,390,
459,532,386,
457,527,385,
454,525,382,
451,522,382,
448,520,381,
446,516,376,
443,511,371,
440,506,369,
437,502,365,
435,499,363,
432,499,363,
429,497,361,
428,491,357,
424,489,356,
422,486,355,
419,483,352,
417,481,353,
414,477,348,
412,474,345,
410,473,343,
407,469,343,
404,465,341,
403,466,341,
399,462,338,
398,456,333,
395,454,330,
393,449,327,
391,448,324,
388,446,326,
387,446,324,
384,443,322,
381,440,323,
380,437,320,
377,435,318,
375,431,314,
373,429,313,
371,428,311,
369,425,309,
367,423,311,
364,420,307,
363,420,309,
361,415,304,
358,412,301,
357,409,300,
354,406,297,
353,402,293,
351,401,293,
348,399,293,
347,398,292,
345,395,289,
343,395,287,
341,393,288,
339,390,285,
338,387,285,
335,386,284,
334,383,284,
332,383,284,
330,380,282,
329,379,282,
326,376,280,
325,374,275,
323,369,274,
322,367,273,
319,365,270,
318,364,271,
317,363,271,
314,360,267,
313,359,268,
312,357,268,
310,356,265,
308,353,265,
307,352,263,
305,349,264,
304,348,262,
302,347,263,
300,347,262,
299,345,262,
298,344,261,
295,339,256,
295,336,253,
293,335,254,
291,332,250,
290,331,251,
289,330,249,
287,329,249,
286,327,248,
284,327,247,
283,325,248,
282,321,245,
281,320,245,
279,319,245,
277,317,242,
277,317,240,
275,316,240,
273,315,240,
273,313,241,
271,310,238,
269,308,234,
269,306,234,
267,301,229,
266,302,229,
265,301,229,
264,302,230,
262,300,227,
261,299,227,
260,295,224,
259,295,224,
257,294,224,
257,293,221,
255,291,219,
254,290,220,
253,290,220,
251,289,218,
251,287,218,
249,285,215,
249,281,212,
247,279,211,
246,278,210,
245,277,210,
244,277,209,
243,275,209,
242,275,207,
241,275,206,
240,274,207,
238,272,204,
238,272,204,
237,270,203,
236,269,202,
235,268,202,
233,268,202,
233,268,199,
232,266,199,
231,264,198,
230,261,194,
229,260,194,
228,258,192,
227,256,190,
226,255,190,
226,256,191,
224,254,190,
224,254,190,
222,253,190,
222,252,188,
221,250,187,
220,250,187,
219,249,186,
218,249,186,
218,249,187,
217,248,186,
215,247,185,
215,245,185,
214,241,180,
214,242,182,
212,240,180,
212,240,180,
211,239,178,
210,238,179,
209,238,176,
209,235,174,
207,235,176,
207,236,175,
206,233,175,
206,233,174,
205,231,172,
203,231,172,
204,233,174,
202,232,174,
202,232,174,
201,230,170,
200,226,168,
199,225,166,
199,224,166,
198,223,166,
198,222,166,
197,222,165,
196,220,166,
195,221,166,
195,220,164,
194,220,162,
193,218,164,
192,218,163,
192,217,161,
192,217,161,
191,220,164,
190,218,163,
190,217,162,
189,216,162,
188,214,159,
188,210,157,
187,212,158,
187,210,155,
186,209,155,
185,209,156,
185,208,156,
184,207,155,
183,207,156,
183,206,154,
183,205,154,
182,203,152,
181,203,152,
180,204,153,
180,205,155,
180,204,154,
179,205,155,
178,204,152,
178,200,150,
178,199,148,
176,198,148,
176,199,147,
176,197,147,
175,196,148,
175,196,145,
174,195,146,
174,195,145,
173,195,145,
173,195,146,
172,194,144,
172,193,143,
171,193,145,
171,194,147,
170,194,146,
170,193,145,
169,192,143,
169,190,141,
168,189,142,
168,189,141,
168,186,139,
167,186,140,
166,188,141,
166,188,141,
166,187,139,
165,186,139,
165,185,138,
164,184,139,
164,185,138,
164,184,137,
163,185,136,
162,186,139,
162,184,137,
162,183,139,
162,184,137,
160,181,135,
161,180,135,
160,179,133,
160,178,131,
159,177,131,
159,177,132,
158,176,132,
158,178,133,
158,177,132,
158,178,133,
157,177,132,
156,177,132,
156,175,132,
156,175,129,
156,175,131,
155,176,131,
155,177,133,
154,176,132,
154,174,128,
154,172,128,
153,173,128,
153,170,126,
152,170,127,
153,169,125,
151,170,125,
152,171,125,
151,169,125,
151,170,126,
150,169,126,
151,168,126,
149,168,126,
150,167,125,
149,168,126,
149,169,128,
148,169,128,
148,168,127,
148,166,126,
148,163,121,
147,164,122,
147,161,120,
147,162,120,
146,163,122,
146,163,122,
146,162,121,
145,162,121,
145,162,122,
145,164,120,
145,162,122,
144,162,121,
144,161,121,
144,161,122,
143,162,124,
143,163,122,
143,163,124,
143,161,122,
142,159,119,
142,158,118,
142,157,117,
141,156,118,
141,156,118,
141,157,119,
141,158,119,
140,157,118,
140,158,118,
140,157,117,
139,156,115,
139,155,115,
139,154,116,
139,155,116,
139,157,119,
138,157,118,
138,157,117,
138,154,117,
137,154,114,
137,152,113,
137,151,114,
137,150,113,
137,151,112,
136,151,113,
136,150,113,
136,151,113,
135,150,114,
136,152,114,
135,151,114,
135,151,112,
134,152,112,
135,151,113,
134,151,116,
134,151,114,
134,152,116,
134,150,115,
133,149,111,
133,146,110,
133,145,110,
133,146,110,
132,147,111,
132,146,110,
133,147,110,
131,148,109,
132,147,109,
132,145,108,
131,146,109,
131,146,111,
131,146,110,
131,146,110,
130,147,112,
130,148,112,
131,148,112,
130,147,110,
129,145,110,
130,142,106,
129,142,106,
130,141,105,
129,141,105,
128,142,106,
129,143,106,
129,142,106,
128,143,108,
128,143,107,
128,142,106,
128,142,106,
128,143,107,
127,143,107,
127,144,109,
127,143,107,
127,143,108,
127,144,109,
127,142,107,
126,140,104,
126,140,105,
126,138,103,
126,139,104,
126,140,104,
125,138,104,
125,138,103,
126,139,105,
125,139,105,
125,139,104,
124,140,105,
125,138,102,
124,138,103,
125,139,106,
124,140,107,
124,141,109,
124,140,107,
124,140,104,
123,136,101,
124,136,103,
123,134,100,
123,135,102,
123,135,102,
122,135,102,
123,136,100,
123,136,102,
122,136,101,
122,135,102,
122,136,101,
122,135,101,
122,136,102,
122,136,104,
121,138,105,
122,137,105,
121,137,103,
121,136,102,
121,133,100,
121,134,102,
121,132,98,
120,132,99,
121,133,100,
120,133,101,
120,133,100,
120,134,100,
120,133,100,
120,132,100,
119,133,100,
120,132,100,
119,133,100,
120,133,100,
119,134,100,
119,135,102,
119,133,102,
119,133,101,
118,130,98,
119,131,98,
118,129,96,
118,129,97,
119,129,98,
118,130,100,
118,131,99,
117,131,99,
118,130,98,
118,130,98,
117,130,98,
118,130,97,
117,130,96,
117,130,98,
117,132,100,
117,132,102,
117,132,99,
117,130,99,
116,129,97,
117,129,97,
116,126,96,
116,128,97,
117,128,96,
116,127,97,
116,128,96,
115,129,97,
116,128,96,
116,128,96,
116,127,96,
115,127,96,
116,128,96,
115,129,97,
115,131,99,
115,130,98,
115,129,97,
115,129,97,
115,127,95,
115,127,96,
114,125,95,
115,126,95,
114,125,94,
115,126,96,
114,128,96,
115,128,98,
114,128,95,
114,126,95,
115,126,94,
114,125,94,
114,126,96,
115,126,95,
114,129,98,
115,136,106,
116,155,129,
115,145,115,
116,137,107,
116,134,103,
116,132,100,
117,131,99,
118,133,99,
119,133,101,
121,136,103,
121,138,103,
124,140,105,
125,139,104,
128,136,97,
130,140,99,
134,147,106,
138,154,114,
143,163,119,
148,169,124,
155,180,133,
162,188,139,
170,199,145,
181,210,154,
191,225,163,
205,242,174,
220,261,187,
237,283,204,
256,310,220,
279,339,242,
305,371,265,
333,407,288,
366,449,318,
403,494,351,
444,548,387,
491,606,426,
543,674,473,
602,749,525,
666,830,581,
739,920,643,
820,1019,713,
909,1129,786,
1007,1251,873,
1116,1386,965,
1236,1535,1069,
1367,1699,1180,
1511,1876,1306,
1667,2072,1439,
1839,2282,1587,
2025,2512,1747,
2227,2759,1922,
2446,3028,2105,
2681,3316,2307,
2936,3628,2526,
3208,3963,2758,
3501,4322,3007,
3815,4702,3274,
4148,5107,3554,
4502,5535,3854,
4878,5990,4172,
5277,6472,4510,
5697,6979,4865,
6140,7513,5239,
6605,8074,5631,
7093,8658,6039,
7600,9270,6467,
8130,9904,6914,
8680,10565,7380,
9251,11246,7855,
9842,11953,8354,
10446,12673,8858,
11065,13407,9376,
11702,14164,9912,
12353,14934,10461,
13016,15720,11021,
13690,16513,11581,
14370,17315,12150,
15055,18116,12718,
15744,18925,13294,
16436,19737,13870,
17126,20543,14445,
17810,21347,15016,
18490,22140,15577,
19159,22918,16134,
19813,23682,16673,
20451,24417,17201,
21079,25140,17728,
21686,25846,18234,
22272,26525,18718,
22839,27171,19181,
23382,27793,19635,
23900,28388,20066,
24393,28947,20469,
24856,29470,20855,
25295,29960,21220,
25704,30423,21551,
26079,30846,21856,
26424,31228,22140,
26741,31582,22401,
27025,31896,22635,
27275,32170,22840,
27494,32404,23020,
27685,32609,23181,
27844,32769,23311,
27972,32900,23414,
28074,32996,23488,
28149,33067,23549,
28189,33096,23584,
28207,33100,23598,
28198,33070,23590,
28164,33009,23558,
28104,32924,23504,
28021,32812,23434,
27921,32681,23346,
27789,32513,23231,
27643,32325,23107,
27482,32116,22977,
27299,31885,22823,
27097,31643,22654,
26881,31384,22471,
26648,31092,22275,
26400,30795,22073,
26141,30481,21860,
25867,30153,21624,
25586,29818,21389,
25294,29465,21137,
24995,29106,20892,
24681,28735,20633,
24363,28354,20367,
24039,27974,20097,
23705,27581,19820,
23370,27182,19539,
23032,26785,19256,
22691,26378,18970,
22345,25967,18683,
21996,25558,18389,
21644,25145,18095,
21289,24731,17804,
20935,24314,17513,
20583,23905,17221,
20233,23494,16924,
19879,23078,16632,
19528,22667,16340,
19178,22259,16045,
18825,21841,15750,
18474,21434,15460,
18130,21035,15168,
17792,20641,14885,
17454,20247,14602,
17123,19859,14322,
16790,19471,14046,
16464,19089,13772,
16141,18713,13506,
15823,18345,13246,
15510,17986,12982,
15205,17631,12727,
14905,17283,12478,
14606,16933,12226,
14315,16596,11984,
14029,16262,11745,
13746,15934,11513,
13469,15616,11279,
13199,15303,11054,
12932,14994,10835,
12670,14689,10611,
12413,14389,10401,
12162,14096,10191,
11916,13810,9985,
11671,13525,9775,
11435,13252,9579,
11202,12982,9385,
10977,12721,9197,
10753,12463,9010,
10533,12208,8828,
10321,11962,8648,
10114,11728,8477,
9908,11489,8304,
9709,11257,8132,
9515,11035,7976,
9327,10816,7820,
9143,10605,7665,
8964,10400,7518,
8789,10195,7371,
8619,10001,7226,
8450,9806,7084,
8288,9616,6945,
8128,9433,6809,
7974,9253,6679,
7823,9077,6554,
7676,8906,6432,
7533,8741,6314,
7392,8577,6198,
7256,8423,6084,
7124,8267,5971,
6995,8118,5862,
6869,7974,5759,
6748,7832,5656,
6631,7695,5559,
6515,7564,5461,
6402,7438,5372,
6293,7310,5278,
6185,7187,5191,
6080,7064,5104,
5980,6946,5019,
5881,6831,4933,
5786,6720,4851,
5692,6609,4773,
5601,6506,4696,
5513,6406,4623,
5426,6306,4551,
5342,6211,4484,
5259,6116,4414,
5179,6019,4342,
5102,5928,4279,
5025,5840,4216,
4950,5753,4150,
4878,5672,4091,
4808,5593,4036,
4738,5513,3982,
4672,5434,3926,
4606,5356,3869,
4541,5281,3811,
4478,5208,3756,
4417,5136,3705,
4356,5064,3653,
4298,4997,3602,
4240,4931,3553,
4184,4868,3506,
4130,4805,3464,
4077,4743,3420,
4024,4682,3372,
3974,4624,3328,
3923,4566,3287,
3875,4510,3247,
3827,4452,3213,
3781,4402,3178,
3736,4347,3139,
3690,4297,3101,
3647,4245,3062,
3605,4195,3025,
3563,4144,2988,
3522,4097,2956,
3483,4051,2920,
3442,4006,2887,
3404,3963,2857,
3366,3916,2823,
3329,3875,2792,
3292,3834,2761,
3256,3790,2730,
3221,3749,2703,
3185,3709,2672,
3151,3669,2640,
3117,3631,2614,
3084,3594,2588,
3052,3554,2563,
3019,3517,2538,
2988,3480,2509,
2957,3445,2483,
2926,3409,2454,
2897,3372,2430,
2867,3339,2403,
2839,3306,2380,
2811,3272,2357,
2783,3241,2337,
2756,3208,2312,
2730,3177,2293,
2702,3148,2272,
2677,3116,2245,
2650,3085,2223,
2625,3056,2203,
2600,3027,2184,
2575,2999,2161,
2551,2971,2144,
2527,2942,2120,
2502,2915,2101,
2479,2889,2082,
2455,2859,2061,
2432,2831,2039,
2409,2803,2021,
2387,2776,2000,
2365,2750,1984,
2343,2725,1965,
2322,2702,1946,
2300,2677,1929,
2279,2652,1912,
2259,2629,1896,
2238,2606,1878,
2219,2584,1862,
2198,2561,1845,
2179,2539,1828,
2159,2517,1814,
2140,2493,1796,
2122,2473,1783,
2102,2449,1765,
2083,2428,1747,
2066,2405,1732,
2046,2384,1718,
2029,2360,1699,
2011,2341,1686,
1993,2321,1675,
1976,2300,1659,
1959,2279,1644,
1943,2260,1631,
1925,2241,1616,
1908,2223,1602,
1893,2202,1588,
1876,2185,1574,
1859,2166,1563,
1844,2148,1550,
1827,2131,1535,
1812,2114,1525,
1797,2093,1510,
1781,2073,1494,
1766,2056,1480,
1751,2037,1466,
1737,2019,1456,
1722,2002,1445,
1708,1985,1434,
1694,1969,1422,
1679,1953,1411,
1664,1937,1397,
1651,1923,1385,
1637,1903,1373,
1623,1889,1364,
1610,1873,1351,
1597,1857,1341,
1583,1844,1333,
1570,1826,1320,
1557,1813,1309,
1545,1796,1298,
1531,1781,1286,
1519,1766,1275,
1506,1753,1265,
1494,1737,1253,
1481,1723,1243,
1470,1709,1235,
1457,1696,1224,
1445,1681,1214,
1434,1667,1206,
1421,1654,1193,
1410,1640,1184,
1398,1627,1174,
1387,1614,1166,
1376,1600,1156,
1365,1589,1148,
1353,1577,1139,
1343,1563,1129,
1331,1548,1119,
1320,1535,1108,
1309,1521,1098,
1299,1508,1090,
1288,1497,1081,
1279,1486,1073,
1267,1475,1064,
1258,1463,1056,
1248,1451,1048,
1237,1440,1039,
1228,1429,1031,
1218,1418,1025,
1209,1405,1017,
1199,1394,1007,
1188,1382,1000,
1180,1373,994,
1170,1362,985,
1160,1351,978,
1152,1341,969,
1142,1328,961,
1133,1317,954,
1124,1306,943,
1116,1293,935,
1107,1285,927,
1098,1274,920,
1089,1265,916,
1080,1255,908,
1072,1246,900,
1064,1237,894,
1055,1227,889,
1046,1217,880,
1039,1207,873,
1030,1197,865,
1022,1190,860,
1014,1182,856,
1007,1173,852,
999,1162,842,
991,1153,836,
983,1142,826,
976,1132,820,
969,1122,810,
961,1116,805,
954,1106,801,
947,1098,797,
940,1090,792,
933,1080,784,
926,1073,778,
919,1065,771,
912,1059,766,
905,1050,761,
898,1043,755,
891,1035,749,
884,1029,746,
877,1022,742,
871,1013,735,
864,1003,727,
858,993,719,
851,986,712,
845,976,705,
838,972,702,
833,965,697,
826,957,694,
820,951,687,
813,945,684,
808,937,677,
802,929,672,
796,921,667,
790,915,664,
784,909,660,
778,902,655,
773,897,651,
767,891,646,
761,885,643,
756,879,638,
750,871,630,
745,862,624,
739,854,619,
734,850,615,
728,845,612,
724,838,608,
717,832,603,
713,824,596,
708,816,593,
702,813,589,
698,809,585,
692,803,582,
688,797,580,
683,792,576,
678,788,575,
673,783,570,
669,778,564,
664,773,559,
659,763,554,
655,758,549,
649,751,546,
646,745,541,
641,741,537,
636,737,534,
632,731,530,
628,727,528,
623,723,525,
619,716,521,
615,711,517,
611,706,514,
606,701,510,
602,696,506,
598,692,503,
594,689,501,
590,685,499,
586,678,493,
582,673,488,
578,668,483,
573,664,479,
570,658,477,
566,654,475,
562,651,470,
558,645,467,
554,643,466,
551,637,464,
546,632,460,
544,627,458,
539,622,455,
536,618,449,
532,616,448,
529,614,446,
525,609,442,
522,605,441,
518,600,438,
514,596,433,
511,588,428,
508,585,424,
504,582,422,
501,577,417,
498,573,416,
495,571,414,
491,567,412,
488,564,409,
485,560,407,
482,557,405,
479,553,402,
476,549,400,
473,546,397,
469,544,397,
467,540,393,
464,539,393,
460,534,388,
458,529,385,
455,524,380,
452,520,377,
449,515,375,
447,514,374,
443,510,371,
441,508,371,
438,506,368,
435,502,367,
433,498,363,
430,496,361,
427,494,359,
425,491,359,
422,488,355,
420,486,354,
417,482,351,
414,481,350,
412,477,348,
410,472,345,
407,468,339,
405,465,339,
402,462,335,
399,460,335,
398,458,334,
395,455,332,
393,453,330,
390,449,326,
388,446,325,
386,443,324,
384,442,323,
381,438,320,
379,437,320,
377,437,319,
375,432,318,
372,431,316,
370,428,313,
368,424,311,
366,421,306,
364,418,306,
362,414,301,
359,411,301,
358,409,300,
356,407,298,
354,406,297,
351,404,295,
350,402,294,
347,398,291,
346,396,290,
344,394,289,
342,393,286,
339,390,285,
338,390,283,
337,388,284,
334,387,283,
332,383,281,
331,379,276,
329,377,274,
327,373,270,
325,371,270,
323,371,272,
322,370,270,
321,367,268,
318,364,268,
317,362,265,
315,360,262,
313,360,263,
312,357,262,
310,355,259,
309,354,259,
306,353,259,
305,352,259,
304,351,258,
302,347,255,
300,344,253,
298,342,251,
298,338,247,
295,337,246,
294,335,247,
293,334,245,
291,332,243,
289,331,241,
288,329,242,
287,328,238,
285,326,237,
284,324,236,
282,323,236,
281,322,236,
279,322,236,
278,320,237,
277,319,235,
276,316,234,
274,313,230,
272,317,236,
272,315,233,
270,310,228,
269,306,225,
267,306,224,
267,305,225,
265,304,225,
263,301,223,
263,298,220,
261,295,217,
260,295,217,
259,293,215,
257,294,217,
257,294,217,
255,292,216,
254,292,215,
253,290,214,
252,287,213,
250,285,211,
250,283,208,
248,282,205,
247,282,205,
246,281,206,
245,279,207,
244,277,204,
242,275,202,
242,275,201,
240,272,203,
240,273,201,
238,272,201,
238,270,198,
236,270,200,
236,271,199,
234,270,200,
233,267,196,
233,265,195,
231,263,193,
231,262,192,
229,260,191,
229,259,192,
228,259,190,
226,258,190,
226,256,190,
225,256,189,
224,254,186,
223,252,187,
221,252,186,
221,250,184,
221,249,184,
219,250,185,
218,250,186,
218,249,186,
216,247,182,
216,246,181,
215,241,178,
214,242,178,
213,240,176,
212,240,178,
212,240,178,
210,239,177,
210,238,175,
209,238,176,
209,236,175,
207,235,175,
207,234,174,
205,234,173,
206,232,172,
204,234,173,
204,231,171,
203,232,172,
202,231,170,
201,227,169,
201,227,168,
200,226,167,
199,224,164,
198,223,164,
198,225,164,
197,222,165,
196,223,164,
196,221,165,
195,221,163,
194,220,161,
193,219,162,
193,220,162,
192,217,161,
191,220,162,
191,217,162,
190,217,161,
190,215,160,
188,215,158,
188,212,155,
188,211,156,
187,210,153,
186,209,154,
186,210,153,
185,208,154,
184,208,155,
184,208,154,
183,207,154,
183,207,153,
181,206,152,
182,206,151,
181,205,152,
180,206,153,
179,205,153,
180,205,153,
178,203,151,
178,202,150,
178,199,146,
176,199,148,
177,198,145,
176,197,146,
175,198,147,
175,197,146,
174,196,145,
173,196,145,
174,196,144,
172,195,145,
173,193,144,
171,194,144,
171,193,142,
171,194,144,
170,193,145,
170,193,146,
169,193,145,
169,191,143,
168,185,135,
168,185,136,
167,184,136,
166,184,135,
167,185,137,
166,185,137,
165,185,138,
165,185,137,
164,184,136,
164,184,136,
164,184,136,
163,183,136,
162,184,136,
162,183,136,
162,183,138,
161,184,136,
161,182,137,
161,183,137,
160,195,153,
160,191,147,
159,184,138,
159,179,134,
158,178,133,
158,175,129,
157,169,122,
157,169,122,
157,171,126,
156,173,129,
156,174,129,
156,174,128,
155,173,129,
155,175,128,
154,174,131,
155,174,130,
153,175,130,
154,173,128,
153,172,127,
152,171,128,
152,170,125,
152,168,124,
152,169,125,
151,169,128,
151,169,126,
150,170,126,
150,168,124,
150,167,124,
149,168,124,
150,168,125,
148,167,124,
149,166,124,
148,167,127,
148,167,125,
147,168,127,
147,165,125,
147,165,123,
146,164,123,
147,162,121,
146,162,120,
145,163,122,
145,162,122,
145,162,120,
145,162,121,
144,161,121,
144,161,121,
144,161,120,
144,159,120,
143,159,119,
143,161,120,
142,163,121,
143,161,122,
142,163,122,
141,161,122,
142,158,120,
141,157,117,
141,155,115,
140,155,115,
140,156,115,
140,155,116,
140,155,115,
140,156,114,
139,156,115,
139,155,116,
139,153,115,
138,153,115,
138,154,114,
138,154,115,
138,155,115,
137,155,115,
137,155,116,
137,155,115,
137,153,114,
136,153,113,
137,152,114,
135,149,110,
136,150,111,
136,150,112,
135,150,111,
135,151,112,
134,151,112,
135,150,113,
134,149,112,
134,149,110,
134,149,112,
134,149,111,
133,150,112,
133,149,112,
133,150,114,
133,150,114,
133,149,112,
132,146,110,
132,147,110,
132,144,108,
132,145,108,
131,146,110,
131,146,109,
131,147,111,
131,146,110,
131,146,110,
130,146,110,
130,145,107,
130,144,108,
130,145,109,
130,145,111,
129,145,110,
130,146,111,
129,146,112,
128,146,110,
129,143,108,
129,143,107,
128,141,105,
128,141,104,
128,141,104,
128,140,108,
127,140,107,
127,140,107,
127,140,106,
127,140,105,
127,139,106,
127,139,107,
126,140,104,
127,142,106,
126,141,106,
125,141,107,
126,143,108,
126,141,107,
125,138,104,
125,139,105,
126,139,103,
125,137,103,
124,138,104,
125,138,104,
124,137,104,
124,137,104,
125,138,105,
124,138,103,
123,138,102,
124,138,104,
123,138,105,
124,139,106,
123,139,106,
123,139,108,
123,139,107,
122,136,103,
123,134,100,
122,135,103,
122,133,100,
122,135,100,
122,134,99,
122,134,100,
122,135,101,
121,136,102,
122,134,100,
121,134,100,
121,133,101,
121,134,100,
121,133,101,
121,137,103,
120,137,103,
120,136,103,
121,136,102,
120,134,102,
120,133,100,
120,132,99,
119,129,94,
120,129,96,
119,131,97,
120,130,98,
119,132,98,
119,132,98,
119,133,99,
119,131,98,
119,130,98,
118,132,100,
119,131,99,
118,132,100,
118,133,103,
119,132,100,
118,133,100,
118,133,101,
117,131,98,
118,129,97,
117,128,95,
118,128,95,
117,128,98,
117,129,96,
117,128,97,
117,130,97,
117,129,97,
117,130,96,
116,129,96,
117,129,98,
116,129,97,
117,129,97,
116,132,100,
116,131,100,
116,131,100,
116,129,99,
116,128,96,
115,126,94,
116,126,94,
115,127,94,
115,128,95,
116,127,96,
115,127,95,
115,127,97,
115,129,98,
114,127,96,
115,126,96,
115,128,95,
114,127,94,
114,127,95,
115,128,97,
114,127,96,
114,129,98,
114,128,96,
114,126,95,
114,125,95,
114,125,93,
114,123,91,
113,125,94,
114,125,94,
113,125,95,
113,124,95,
114,125,94,
113,126,93,
113,126,94,
113,125,94,
113,126,95,
112,125,93,
113,127,96,
113,126,95,
112,126,96,
113,126,97,
112,124,94,
112,123,91,
112,122,90,
112,123,90,
112,124,93,
112,124,92,
112,123,93,
111,123,94,
112,124,94,
112,123,93,
111,124,93,
112,122,93,
111,123,92,
111,123,92,
111,123,94,
111,125,94,
111,126,96,
111,124,94,
111,123,92,
111,119,89,
111,121,91,
110,121,92,
111,121,90,
110,120,91,
111,121,91,
110,122,92,
111,122,92,
110,121,90,
110,122,92,
110,122,92,
110,122,92,
110,122,92,
110,123,92,
110,123,94,
109,124,94,
110,125,94,
110,123,93,
109,120,90,
109,119,88,
110,117,88,
109,118,88,
109,119,89,
109,120,90,
109,119,92,
109,120,91,
109,120,93,
109,120,92,
109,120,92,
109,120,90,
109,119,93,
108,121,93,
109,121,93,
108,121,93,
109,123,93,
108,122,92,
109,119,89,
108,119,90,
108,117,88,
108,119,89,
108,117,87,
108,118,88,
108,119,89,
108,119,91,
108,119,89,
107,119,90,
108,120,90,
108,119,90,
108,119,89,
107,120,91,
108,121,91,
107,121,91,
107,120,92,
108,119,92,
107,118,89,
107,116,87,
107,115,87,
107,116,89,
107,119,89,
107,118,90,
107,116,87,
107,118,90,
107,117,89,
106,118,88,
107,118,88,
107,118,88,
106,117,88,
107,118,88,
106,118,90,
107,119,91,
106,119,92,
107,119,89,
106,116,87,
106,115,88,
106,114,86,
106,115,86,
106,117,89,
106,117,89,
106,116,88,
106,116,89,
106,116,88,
105,116,88,
106,116,88,
106,117,89,
105,116,88,
106,117,89,
106,118,91,
105,117,88,
106,118,88,
105,117,90,
105,117,88,
106,115,87,
105,114,87,
105,114,85,
105,114,85,
105,113,85,
105,113,86,
105,115,87,
105,115,87,
105,115,85,
105,115,87,
105,115,88,
104,115,87,
105,116,86,
105,117,90,
104,116,89,
105,117,90,
105,116,90,
104,115,86,
105,112,85,
104,113,85,
104,112,85,
105,115,86,
104,113,84,
104,115,87,
105,114,87,
104,115,87,
104,115,88,
104,115,86,
104,115,87,
104,115,87,
104,114,87,
104,117,89,
104,117,90,
104,119,91,
104,116,90,
104,116,87,
104,114,84,
103,112,85,
104,112,83,
103,113,85,
104,112,87,
103,114,87,
104,115,87,
103,115,86,
104,111,84,
103,113,86,
103,114,86,
103,112,85,
104,114,86,
103,114,88,
103,115,87,
103,116,90,
103,115,88,
103,113,87,
103,112,84,
103,111,84,
103,112,84,
103,113,86,
103,114,86,
103,113,86,
102,113,86,
103,113,87,
103,113,86,
103,113,86,
102,113,87,
103,112,86,
102,111,84,
103,112,85,
102,113,87,
103,115,87,
102,115,87,
103,113,86,
102,112,83,
102,112,85,
103,111,83,
102,112,85,
102,112,84,
103,112,85,
102,113,86,
102,112,86,
102,112,84,
102,111,84,
102,112,84,
102,112,85,
102,112,85,
102,113,86,
102,113,86,
102,114,88,
102,114,87,
101,113,86,
102,112,86,
102,112,86,
102,111,85,
101,111,83,
102,110,84,
101,112,85,
102,112,85,
102,112,84,
101,111,84,
102,111,83,
101,109,84,
102,111,83,
101,112,85,
101,113,86,
102,112,88,
101,113,86,
102,114,88,
101,113,87,
101,112,84,
101,111,82,
101,109,81,
102,110,82,
101,111,84,
101,112,84,
101,111,84,
101,111,85,
101,110,83,
101,110,84,
101,110,83,
101,110,85,
100,110,83,
101,111,83,
101,112,85,
101,111,85,
101,114,88,
100,113,85,
101,109,82,
101,109,83,
100,110,82,
101,109,84,
100,111,83,
101,109,84,
101,110,84,
100,110,85,
101,111,84,
100,111,86,
101,110,84,
100,111,84,
100,110,85,
101,109,83,
100,112,86,
100,111,84,
101,112,85,
100,110,83,
100,109,83,
100,108,81,
100,108,81,
100,107,80,
100,108,80,
100,108,83,
101,110,83,
100,109,83,
100,109,83,
99,109,82,
100,109,83,
100,108,82,
100,110,82,
100,110,83,
100,112,87,
99,112,86,
100,113,87,
100,113,85,
100,111,85,
100,111,84,
99,109,83,
100,107,81,
100,108,82,
99,108,83,
100,109,81,
100,108,80,
99,108,82,
100,109,83,
99,109,83,
100,110,85,
99,109,83,
100,109,81,
99,110,85,
100,110,85,
99,113,85,
99,110,84,
100,110,84,
99,107,82,
99,108,82,
99,108,81,
100,108,82,
99,109,83,
99,108,82,
99,109,84,
100,108,83,
99,109,83,
99,109,85,
99,110,83,
99,108,83,
99,109,83,
99,110,84,
99,111,84,
99,111,85,
99,112,84,
99,109,84,
99,108,80,
99,108,80,
99,106,79,
99,107,80,
99,107,81,
98,107,82,
99,108,82,
99,108,82,
99,109,83,
98,108,83,
99,108,82,
99,108,81,
98,107,81,
99,110,83,
99,110,83,
98,110,84,
99,110,84,
99,109,85,
98,107,82,
99,106,81,
98,105,79,
99,106,80,
98,107,82,
99,108,82,
98,107,80,
98,108,81,
99,107,83,
98,107,81,
99,106,81,
98,107,82,
98,107,82,
99,108,84,
98,110,84,
98,112,85,
98,111,85,
99,110,84,
98,107,80,
98,107,82,
98,105,80,
98,108,81,
99,108,82,
98,106,81,
98,107,81,
98,108,81,
98,107,81,
98,107,81,
98,107,81,
98,107,82,
98,107,82,
98,108,82,
98,109,84,
98,109,84,
98,110,84,
98,109,84,
98,106,81,
98,106,81,
97,105,79,
98,107,80,
98,107,80,
98,106,81,
98,107,81,
98,106,82,
97,107,81,
98,108,82,
98,107,81,
98,107,81,
97,107,82,
98,108,81,
98,108,82,
97,109,82,
98,109,84,
97,108,83,
98,106,80,
98,106,79,
97,105,78,
98,106,80,
97,106,82,
98,108,82,
97,107,82,
98,106,81,
97,108,80,
97,108,82,
98,107,82,
97,106,81,
97,106,80,
98,106,81,
97,109,84,
97,110,85,
98,109,84,
97,108,83,
97,106,81,
97,105,80,
97,105,79,
98,103,78,
97,105,80,
97,106,79,
97,106,80,
97,106,80,
97,106,81,
97,107,82,
97,107,83,
98,107,82,
97,106,82,
97,107,81,
97,109,82,
97,107,81,
97,109,84,
97,108,83,
97,107,81,
97,105,80,
97,103,78,
97,105,78,
97,105,80,
96,107,81,
97,105,81,
97,107,79,
97,106,80,
97,106,81,
97,106,81,
97,107,82,
96,106,80,
97,105,78,
97,106,80,
97,106,79,
96,107,82,
97,108,81,
97,105,80,
97,105,78,
96,103,79,
97,102,78,
97,105,80,
96,105,79,
97,105,78,
97,105,80,
96,106,78,
97,106,80,
96,106,81,
97,107,82,
96,106,81,
97,106,80,
96,108,83,
97,107,83,
96,108,85,
97,108,83,
96,107,82,
97,104,80,
96,104,78,
96,104,78,
97,105,80,
96,105,79,
97,104,80,
96,104,79,
96,104,80,
97,105,80,
96,104,80,
96,104,79,
97,106,79,
96,105,79,
96,106,80,
97,105,81,
96,107,82,
96,106,82,
96,107,82,
97,104,78,
96,104,80,
96,103,77,
96,103,77,
96,104,80,
96,104,78,
96,105,80,
96,106,81,
96,106,80,
96,105,80,
96,105,78,
