,,,
File,Raw,DataFile,
Time,Major,Minor1,
85,92,72,
85,94,72,
84,94,72,
85,94,73,
85,94,72,
85,95,76,
85,92,72,
84,92,69,
85,92,69,
85,90,69,
84,90,68,
85,90,69,
85,91,70,
85,91,71,
84,92,71,
85,93,72,
85,92,71,
85,92,70,
84,91,71,
85,92,71,
85,93,72,
85,94,73,
84,94,72,
85,94,73,
85,94,73,
85,93,71,
84,92,71,
85,92,72,
85,90,70,
84,91,69,
85,91,70,
85,92,71,
85,92,70,
84,93,70,
85,92,71,
85,92,69,
84,92,70,
85,93,72,
85,91,72,
85,94,72,
84,94,72,
85,94,74,
85,93,74,
85,93,71,
85,90,68,
84,91,70,
85,91,69,
85,92,70,
84,92,70,
85,92,69,
85,91,70,
85,92,70,
84,91,71,
85,92,71,
85,92,70,
84,92,70,
85,93,70,
85,93,72,
84,94,73,
85,94,75,
85,94,74,
84,93,72,
85,90,70,
85,92,69,
85,89,68,
84,91,70,
85,91,71,
85,91,71,
84,92,72,
85,92,71,
85,93,73,
84,92,71,
85,92,70,
85,92,71,
85,93,70,
84,94,72,
85,95,74,
85,94,73,
85,95,74,
85,93,71,
84,91,69,
85,93,70,
85,90,69,
84,90,68,
85,91,70,
85,91,69,
85,93,71,
84,93,71,
85,92,71,
84,93,70,
85,91,71,
85,92,71,
85,92,72,
84,93,72,
85,95,74,
85,95,73,
85,95,73,
84,94,72,
85,92,70,
85,91,70,
85,90,69,
84,91,71,
85,93,72,
85,92,71,
84,91,71,
85,92,71,
85,92,69,
85,93,72,
84,93,72,
85,93,71,
85,92,71,
85,93,73,
84,94,73,
85,94,74,
85,95,74,
85,93,72,
84,92,70,
85,90,69,
85,91,68,
85,90,69,
84,92,69,
85,91,71,
85,92,71,
84,92,71,
85,91,70,
85,92,70,
85,92,72,
85,91,72,
84,92,72,
85,92,71,
85,94,73,
85,94,74,
84,95,74,
85,94,73,
85,91,70,
85,91,70,
84,90,69,
85,89,68,
85,90,70,
85,91,70,
84,93,71,
85,92,70,
85,94,71,
85,93,70,
84,93,70,
85,93,71,
85,93,72,
85,92,70,
84,94,73,
85,95,74,
85,95,74,
84,95,74,
85,92,71,
85,91,68,
84,91,69,
85,91,68,
85,92,71,
85,92,71,
84,92,70,
85,92,71,
85,92,70,
84,93,71,
85,91,71,
85,91,71,
85,92,72,
84,92,72,
85,94,74,
85,94,73,
85,96,75,
84,95,75,
85,93,71,
85,91,69,
85,90,68,
84,90,66,
85,91,70,
85,92,70,
84,92,70,
85,92,71,
85,93,71,
84,93,72,
85,92,71,
85,92,71,
85,92,71,
84,92,72,
85,95,72,
85,94,73,
85,94,73,
84,93,73,
85,93,72,
85,91,71,
85,92,72,
84,90,70,
85,91,71,
85,90,70,
85,92,69,
84,92,70,
85,92,71,
85,92,72,
84,92,73,
85,92,72,
85,92,70,
85,93,72,
84,94,73,
85,94,72,
85,95,75,
88,99,76,
1006,1127,865,
4727,5296,4069,
7997,8972,6799,
9868,11074,8285,
10812,12132,9002,
11263,12642,9325,
11477,12881,9477,
11578,12996,9543,
11900,13358,9807,
13653,15317,11302,
15808,17729,13118,
17351,19460,14373,
18250,20473,15086,
18726,21008,15451,
18961,21279,15621,
19073,21405,15701,
19122,21462,15737,
19144,21486,15755,
19151,21498,15755,
19155,21499,15753,
19155,21496,15755,
19153,21494,15749,
19152,21496,15754,
19147,21494,15750,
19145,21489,15748,
19144,21490,15744,
19144,21487,15744,
19143,21486,15742,
19141,21485,15744,
19140,21481,15745,
19139,21480,15739,
19137,21479,15737,
19135,21477,15737,
19133,21477,15743,
19132,21473,15739,
19130,21470,15730,
19129,21472,15729,
19129,21471,15731,
19127,21470,15734,
19127,21465,15726,
19129,21465,15725,
19128,21470,15725,
19127,21467,15723,
19125,21458,15727,
19124,21457,15727,
19123,21460,15726,
19122,21463,15723,
19123,21460,15721,
19121,21459,15726,
19121,21455,15722,
19119,21454,15718,
19117,21454,15719,
19115,21453,15722,
19114,21452,15724,
19113,21450,15722,
19110,21448,15717,
19107,21445,15710,
19108,21440,15710,
19107,21440,15716,
19108,21438,15714,
19107,21435,15711,
19106,21435,15707,
19106,21442,15708,
19105,21442,15711,
19105,21438,15710,
19104,21435,15710,
19103,21438,15707,
19103,21437,15710,
19103,21434,15708,
19101,21437,15707,
19100,21439,15707,
19099,21437,15708,
19101,21434,15708,
19101,21433,15704,
19102,21434,15703,
19104,21432,15698,
19101,21434,15699,
19103,21436,15701,
19101,21433,15699,
19102,21436,15695,
19100,21431,15701,
19100,21431,15698,
19099,21425,15698,
19098,21428,15699,
19099,21432,15703,
19099,21432,15701,
19099,21428,15699,
19097,21430,15698,
19098,21429,15704,
19097,21428,15703,
19096,21428,15699,
19097,21424,15698,
19095,21422,15696,
19096,21421,15699,
19096,21422,15699,
19098,21426,15701,
19098,21432,15700,
19097,21428,15699,
19097,21427,15700,
19098,21424,15701,
19097,21423,15703,
19097,21429,15701,
19097,21427,15698,
19096,21421,15699,
19096,21419,15691,
19096,21421,15696,
19096,21420,15693,
19095,21422,15693,
19094,21422,15694,
19094,21421,15698,
19094,21422,15694,
19094,21425,15693,
19094,21421,15699,
19096,21420,15693,
19096,21419,15693,
19096,21419,15694,
19097,21420,15696,
19096,21420,15699,
19095,21417,15697,
19094,21418,15692,
19095,21418,15692,
19096,21419,15691,
19096,21420,15687,
19095,21419,15694,
19095,21419,15695,
19094,21420,15695,
19094,21419,15690,
19094,21416,15686,
19094,21416,15684,
19096,21422,15691,
19097,21424,15694,
19097,21422,15696,
19097,21421,15698,
19096,21418,15692,
19095,21417,15692,
19095,21417,15695,
19094,21415,15692,
19096,21419,15685,
19094,21417,15691,
19095,21421,15690,
19095,21419,15688,
19096,21421,15691,
19095,21419,15688,
19095,21418,15690,
19095,21418,15693,
19096,21423,15691,
19096,21418,15687,
19095,21419,15690,
19095,21419,15693,
19096,21419,15691,
19097,21420,15687,
19098,21422,15687,
19098,21420,15689,
19099,21424,15688,
19097,21423,15687,
19097,21422,15686,
19098,21424,15690,
19098,21425,15696,
19098,21421,15691,
19097,21422,15692,
19096,21427,15695,
19097,21426,15697,
19099,21423,15698,
19099,21423,15702,
19100,21416,15700,
19102,21418,15696,
19099,21417,15699,
19099,21416,15701,
19098,21413,15696,
19097,21417,15689,
19098,21419,15688,
19097,21421,15692,
19097,21420,15693,
19096,21415,15687,
19096,21421,15690,
19096,21420,15689,
19097,21420,15691,
19099,21421,15687,
19098,21421,15690,
19097,21420,15689,
19094,21417,15689,
19095,21418,15691,
19096,21416,15693,
19097,21420,15691,
19098,21417,15690,
19099,21417,15694,
19098,21423,15691,
19098,21423,15687,
19099,21421,15689,
19100,21424,15690,
19100,21426,15690,
19100,21423,15691,
19099,21427,15694,
19101,21424,15696,
19101,21423,15695,
19100,21422,15689,
19100,21425,15689,
19099,21423,15692,
19099,21425,15693,
19098,21420,15691,
19097,21422,15686,
19099,21421,15684,
19099,21418,15684,
19099,21418,15682,
19101,21421,15687,
19100,21423,15692,
19100,21423,15691,
19099,21421,15693,
19100,21424,15692,
19099,21425,15692,
19100,21424,15686,
19100,21421,15689,
19099,21421,15692,
19100,21425,15692,
19098,21422,15690,
19098,21415,15695,
19097,21413,15687,
19096,21418,15687,
19096,21420,15685,
19096,21418,15685,
19097,21421,15683,
19099,21420,15689,
19098,21416,15690,
19098,21419,15690,
19099,21421,15694,
19098,21422,15691,
19099,21418,15694,
19100,21415,15693,
19099,21418,15692,
19099,21417,15693,
19098,21420,15696,
19098,21419,15690,
19097,21418,15688,
19095,21417,15690,
19096,21419,15691,
19097,21416,15689,
19096,21414,15685,
19096,21412,15687,
19098,21414,15682,
19098,21413,15682,
19098,21414,15680,
19100,21418,15685,
19101,21425,15693,
19101,21424,15694,
19102,21418,15691,
19100,21418,15685,
19099,21416,15687,
19097,21416,15689,
19097,21413,15690,
19096,21411,15689,
19094,21412,15685,
19092,21410,15684,
19091,21408,15681,
19091,21414,15683,
19093,21412,15685,
19093,21411,15684,
19094,21415,15683,
19096,21412,15687,
19098,21415,15682,
19098,21416,15682,
19097,21419,15687,
19097,21420,15690,
19098,21423,15692,
19098,21416,15693,
19099,21417,15688,
19099,21416,15692,
19101,21420,15691,
19100,21421,15689,
19102,21424,15689,
19103,21423,15693,
19102,21427,15695,
19101,21422,15690,
19101,21419,15689,
19101,21418,15689,
19102,21418,15690,
19101,21422,15695,
19103,21425,15686,
19103,21422,15686,
19104,21422,15690,
19103,21424,15689,
19103,21424,15689,
19103,21425,15692,
19104,21426,15694,
19104,21422,15695,
19104,21422,15694,
19104,21421,15692,
19104,21422,15695,
19104,21421,15695,
19103,21426,15696,
19101,21426,15692,
19099,21420,15691,
19097,21415,15684,
19096,21413,15685,
19096,21412,15687,
19098,21413,15686,
19098,21414,15686,
19098,21412,15684,
19099,21416,15683,
18468,20713,15150,
13491,15156,10878,
7785,8769,6080,
4076,4603,3076,
2051,2324,1502,
1033,1173,743,
544,620,392,
314,360,234,
209,239,162,
158,182,129,
135,153,112,
123,137,102,
116,129,96,
111,122,91,
109,120,91,
107,119,92,
104,117,90,
104,115,88,
102,114,86,
101,112,86,
100,111,84,
100,111,84,
98,111,84,
98,107,81,
98,108,84,
97,108,84,
96,108,83,
96,109,84,
96,107,83,
95,104,80,
95,104,79,
94,103,77,
95,101,79,
93,102,79,
94,102,78,
94,101,78,
93,102,78,
93,101,77,
93,102,77,
92,102,76,
93,101,78,
92,101,78,
92,102,79,
92,103,80,
92,104,80,
92,103,81,
92,101,79,
91,99,77,
91,99,76,
91,98,75,
91,98,74,
91,97,74,
91,99,76,
91,100,75,
90,100,75,
91,99,76,
91,99,75,
90,99,76,
90,98,76,
90,99,76,
90,99,76,
90,101,79,
90,101,77,
90,100,78,
90,100,76,
90,98,75,
89,98,76,
90,96,74,
89,96,73,
90,95,74,
89,96,74,
89,96,75,
90,96,76,
89,97,75,
89,98,75,
89,97,75,
89,97,75,
89,98,75,
89,96,74,
89,100,78,
89,98,76,
89,99,77,
88,99,77,
89,97,74,
89,96,71,
88,96,73,
89,95,73,
88,97,73,
89,98,75,
88,97,74,
88,96,72,
89,96,74,
88,97,73,
88,96,73,
88,97,75,
89,96,75,
88,96,74,
88,98,75,
88,97,75,
88,100,77,
88,99,77,
88,96,74,
88,93,71,
88,95,72,
88,94,73,
88,95,73,
88,96,72,
88,95,73,
88,96,74,
87,95,73,
88,97,75,
88,96,73,
88,95,73,
87,95,74,
88,96,73,
88,96,76,
87,97,75,
88,98,78,
87,97,75,
88,95,74,
87,94,73,
88,95,73,
87,93,70,
88,94,71,
87,93,71,
88,95,71,
87,95,73,
88,95,72,
87,95,73,
87,96,74,
88,95,72,
87,94,73,
87,96,75,
88,97,76,
87,97,75,
87,98,77,
87,97,76,
87,96,74,
88,94,73,
87,94,73,
87,94,72,
87,95,73,
87,95,73,
87,95,73,
87,94,72,
87,95,72,
87,96,72,
87,95,72,
87,96,71,
87,94,72,
87,95,72,
87,97,75,
87,122,105,
88,116,95,
87,107,85,
87,101,80,
87,98,76,
87,97,74,
87,95,73,
86,96,74,
87,95,73,
87,95,74,
87,95,73,
87,95,73,
86,91,70,
87,83,60,
87,84,61,
86,89,67,
87,90,70,
87,92,70,
86,92,71,
87,93,72,
87,95,73,
86,93,73,
87,94,71,
87,91,70,
86,91,70,
87,92,70,
86,93,71,
87,93,71,
87,93,71,
86,94,71,
87,94,72,
86,95,73,
87,95,74,
86,94,74,
87,95,72,
86,95,73,
87,97,76,
87,96,74,
86,97,76,
87,95,73,
86,93,71,
87,93,71,
86,92,71,
87,93,71,
86,93,71,
86,93,71,
87,94,71,
86,94,71,
87,94,72,
86,94,72,
87,94,73,
86,95,72,
86,94,71,
87,94,73,
86,95,75,
87,96,76,
86,97,75,
86,96,75,
87,95,72,
86,93,71,
86,93,70,
87,92,70,
86,94,70,
86,94,72,
86,94,72,
87,93,73,
86,93,71,
86,94,72,
87,93,72,
86,94,72,
86,94,72,
86,93,71,
86,96,74,
87,94,74,
86,96,75,
86,96,74,
86,93,73,
87,93,71,
86,92,71,
86,91,69,
86,92,70,
86,94,71,
86,94,71,
86,94,73,
87,94,73,
86,94,72,
86,93,72,
86,94,72,
86,93,71,
86,93,70,
86,94,75,
86,95,75,
87,95,75,
86,96,74,
86,93,72,
86,92,70,
86,93,71,
86,93,71,
86,93,70,
86,92,70,
86,92,70,
86,93,71,
86,94,71,
86,94,72,
86,94,72,
86,95,72,
86,94,73,
86,94,72,
86,96,75,
86,97,75,
86,97,77,
86,96,74,
86,94,71,
86,92,69,
86,92,70,
86,92,70,
86,93,71,
86,94,72,
86,94,73,
86,93,71,
86,93,70,
86,93,70,
86,93,71,
86,93,72,
86,93,71,
86,93,71,
86,95,73,
86,94,74,
86,96,74,
86,96,73,
86,95,73,
86,93,71,
86,94,71,
86,91,70,
85,92,70,
86,93,72,
86,94,73,
86,101,81,
86,98,78,
86,96,74,
86,94,72,
86,94,73,
86,93,71,
86,93,72,
86,95,74,
85,94,73,
86,92,70,
86,93,70,
86,93,72,
86,91,69,
86,92,71,
85,93,70,
86,92,69,
86,91,70,
86,93,71,
86,93,71,
85,93,72,
86,93,72,
86,93,70,
86,93,71,
86,93,71,
86,94,72,
85,94,74,
86,96,74,
86,97,74,
86,94,74,
86,94,72,
85,92,70,
86,93,70,
86,92,69,
86,93,70,
85,93,71,
86,94,72,
86,93,72,
85,93,71,
86,93,71,
86,93,71,
86,93,71,
85,94,71,
86,93,73,
86,94,72,
86,95,72,
85,95,74,
86,96,75,
86,94,74,
86,93,72,
85,92,70,
86,93,70,
86,91,69,
86,92,71,
85,93,71,
86,93,71,
86,94,71,
85,94,72,
86,93,71,
86,96,72,
85,95,70,
86,93,71,
86,94,73,
86,95,74,
85,95,74,
86,96,75,
86,94,73,
85,93,71,
86,93,71,
86,91,70,
85,91,69,
86,92,70,
85,91,69,
86,92,69,
85,93,71,
86,93,70,
86,94,70,
85,93,70,
86,93,71,
86,93,71,
85,93,72,
86,96,74,
86,95,76,
85,95,75,
86,96,74,
85,93,71,
86,91,70,
86,92,70,
85,91,69,
86,92,70,
85,92,70,
86,92,71,
86,92,71,
85,93,71,
86,94,72,
85,93,72,
86,93,73,
86,94,71,
85,94,72,
86,96,73,
85,95,72,
86,98,76,
86,96,76,
85,94,72,
86,92,70,
85,93,70,
86,92,69,
85,91,71,
86,93,71,
86,93,71,
85,91,71,
86,94,71,
85,93,71,
86,92,72,
85,94,73,
86,93,70,
85,92,72,
86,94,74,
86,95,73,
85,96,75,
86,94,73,
85,95,72,
86,93,71,
85,93,70,
86,90,68,
85,91,69,
85,92,71,
86,93,73,
85,93,72,
86,94,72,
85,93,73,
86,95,73,
85,94,71,
86,95,73,
85,94,70,
86,95,73,
86,95,72,
85,96,73,
86,94,72,
85,94,70,
86,91,68,
85,92,70,
85,91,68,
86,91,70,
85,91,71,
86,92,71,
85,91,69,
86,94,72,
85,93,71,
86,93,72,
85,93,71,
86,93,72,
85,93,72,
85,96,74,
86,96,75,
85,97,75,
86,95,74,
85,95,73,
86,91,69,
85,92,71,
86,92,70,
85,92,71,
86,92,71,
85,92,71,
86,93,70,
85,93,70,
85,92,71,
86,92,71,
85,92,71,
86,93,71,
85,92,71,
86,94,71,
85,95,73,
86,94,74,
85,96,74,
85,94,73,
86,93,70,
85,92,71,
86,90,68,
85,91,69,
85,92,70,
86,93,71,
85,92,71,
86,93,71,
85,92,71,
86,92,71,
85,93,71,
86,94,72,
85,93,71,
85,94,71,
86,95,74,
85,95,75,
86,95,75,
85,95,73,
85,92,72,
86,92,71,
85,92,70,
85,91,70,
86,92,71,
85,91,70,
85,92,72,
86,93,71,
85,93,70,
86,93,72,
85,92,70,
85,92,71,
86,92,72,
85,92,71,
86,95,73,
85,94,74,
85,95,74,
86,93,72,
85,92,69,
86,91,69,
85,92,69,
86,90,67,
85,92,69,
85,91,71,
86,93,70,
85,92,72,
85,92,72,
86,92,71,
85,92,70,
85,92,71,
86,92,71,
85,93,73,
85,95,74,
86,94,73,
85,95,75,
85,94,73,
86,93,72,
85,92,70,
85,91,69,
86,90,67,
85,91,70,
86,91,70,
85,92,70,
85,93,71,
86,93,72,
85,93,70,
85,92,71,
86,92,71,
85,92,70,
85,92,71,
86,95,73,
85,93,74,
86,95,74,
85,93,73,
85,93,71,
86,92,71,
85,93,72,
86,109,91,
85,104,84,
86,98,77,
85,95,75,
85,93,72,
86,92,69,
85,86,64,
85,84,61,
85,87,67,
86,90,68,
85,92,70,
85,94,74,
85,95,73,
86,95,74,
85,94,73,
86,94,72,
85,92,69,
85,92,69,
85,89,68,
86,90,69,
85,91,69,
85,92,71,
86,94,74,
85,92,70,
85,92,69,
86,92,70,
85,94,71,
85,93,72,
85,93,72,
86,95,74,
85,95,74,
85,96,75,
86,95,73,
85,95,74,
85,92,71,
86,92,71,
85,91,68,
85,91,69,
85,92,71,
86,93,71,
85,92,71,
85,92,72,
85,93,72,
86,94,71,
85,94,71,
85,93,71,
85,93,70,
86,95,72,
85,95,74,
85,96,74,
86,96,74,
85,94,73,
85,92,70,
86,91,71,
85,92,70,
85,91,69,
85,92,70,
86,92,71,
85,92,70,
85,92,72,
86,92,71,
85,93,72,
85,94,71,
86,93,72,
85,92,70,
85,94,72,
85,94,73,
86,96,74,
85,95,73,
85,94,71,
85,91,70,
86,91,70,
85,90,69,
85,91,69,
85,92,70,
86,92,72,
85,93,72,
85,93,72,
85,93,70,
86,92,72,
85,93,71,
85,93,73,
85,94,72,
86,93,72,
85,95,74,
85,94,73,
85,95,73,
86,94,72,
85,93,71,
85,93,71,
85,91,71,
86,90,70,
85,92,69,
85,92,72,
85,92,70,
85,93,72,
86,94,73,
85,92,71,
85,92,71,
85,93,72,
86,93,71,
85,93,72,
85,94,74,
86,94,73,
85,95,75,
85,94,71,
85,93,70,
85,91,70,
86,92,69,
85,91,70,
85,91,70,
85,92,70,
85,92,71,
85,93,70,
86,92,70,
85,93,70,
85,92,72,
85,92,70,
85,93,70,
86,92,71,
85,94,75,
85,95,74,
85,95,74,
86,95,73,
85,94,71,
85,92,71,
85,92,71,
85,91,68,
85,92,70,
85,92,71,
86,92,72,
85,94,74,
85,93,73,
85,92,72,
86,93,70,
85,92,70,
85,93,70,
85,92,71,
85,95,73,
86,95,73,
85,96,73,
85,94,73,
85,94,72,
85,91,71,
85,92,70,
85,90,68,
86,90,69,
85,92,71,
85,91,71,
85,93,72,
85,92,71,
86,93,73,
85,93,72,
85,94,73,
85,93,71,
85,93,71,
85,94,74,
86,96,74,
85,95,75,
85,95,74,
85,93,73,
85,91,70,
86,91,69,
85,91,69,
85,91,71,
85,91,70,
85,92,71,
85,93,72,
86,92,71,
85,93,71,
85,93,70,
85,93,70,
85,92,69,
85,93,70,
85,94,73,
86,94,73,
85,94,73,
85,94,73,
85,93,72,
85,92,69,
86,92,70,
85,91,68,
85,91,69,
85,91,70,
85,92,71,
86,93,70,
85,93,66,
85,93,65,
85,93,67,
85,92,70,
85,92,70,
86,93,71,
85,93,73,
85,94,72,
85,94,72,
86,94,73,
85,95,72,
85,92,71,
85,91,69,
85,90,66,
85,91,67,
85,91,69,
86,92,69,
85,92,70,
85,92,70,
85,93,72,
85,93,72,
85,93,71,
86,93,71,
85,94,72,
85,94,73,
85,95,73,
85,95,74,
85,95,75,
86,93,72,
85,92,73,
85,92,73,
85,91,72,
85,91,75,
85,91,74,
86,90,75,
85,91,77,
85,92,80,
85,92,81,
85,92,81,
86,93,83,
85,92,86,
85,91,90,
85,94,94,
85,95,97,
86,95,100,
85,96,102,
85,94,106,
86,92,107,
85,92,111,
85,90,114,
86,93,119,
85,92,125,
86,93,129,
85,92,132,
86,93,137,
85,92,141,
86,92,146,
85,92,149,
86,92,154,
86,92,158,
85,92,163,
86,94,169,
86,93,173,
86,94,179,
86,94,180,
86,93,181,
86,92,184,
86,90,184,
86,89,186,
86,90,188,
87,91,193,
86,92,196,
87,93,198,
86,93,198,
87,93,199,
86,93,200,
87,93,200,
87,93,201,
87,92,202,
87,95,203,
86,95,202,
87,97,202,
88,95,200,
86,93,198,
87,92,197,
87,92,197,
87,92,194,
87,93,194,
88,92,192,
87,93,192,
87,93,189,
87,93,189,
87,93,187,
87,94,185,
87,94,182,
87,93,182,
87,94,182,
88,97,181,
87,95,177,
87,97,177,
87,95,173,
87,94,170,
87,92,167,
87,93,164,
87,93,163,
87,92,160,
87,93,157,
87,93,158,
87,94,156,
87,95,154,
87,94,151,
87,93,148,
87,92,147,
86,93,145,
87,94,144,
87,96,144,
87,96,142,
86,96,143,
87,96,140,
87,94,137,
87,92,133,
86,92,131,
87,92,128,
86,92,128,
87,92,123,
86,90,121,
87,91,122,
86,92,122,
87,94,122,
86,93,122,
87,93,121,
86,93,118,
86,93,117,
87,95,118,
86,95,117,
86,96,116,
87,96,114,
86,95,112,
86,92,109,
86,91,109,
87,91,106,
86,92,106,
86,91,106,
86,91,106,
87,92,105,
86,94,105,
86,93,103,
86,93,103,
86,94,102,
87,94,101,
86,94,99,
86,94,100,
86,94,100,
86,95,102,
86,94,100,
86,94,98,
86,93,96,
86,93,95,
86,91,94,
86,91,93,
86,92,95,
86,92,95,
86,93,94,
86,94,95,
86,93,93,
86,93,93,
86,92,92,
86,92,91,
85,94,92,
86,95,93,
86,95,93,
86,95,94,
86,96,93,
86,94,91,
86,94,90,
86,93,90,
85,91,87,
86,91,87,
86,92,88,
86,93,87,
85,92,87,
86,93,87,
86,93,87,
86,93,87,
85,92,86,
86,93,88,
86,93,85,
86,94,87,
85,95,88,
86,95,88,
86,96,89,
86,96,88,
85,93,87,
86,91,83,
86,91,81,
86,92,82,
85,93,84,
86,92,83,
86,92,83,
85,92,83,
86,93,84,
86,93,83,
85,93,83,
86,94,83,
86,92,82,
86,93,81,
85,93,82,
86,95,84,
86,95,85,
86,94,82,
85,92,81,
86,92,80,
85,90,79,
86,92,79,
86,91,81,
85,93,80,
86,92,81,
86,93,80,
85,94,82,
86,93,82,
85,92,80,
86,93,81,
86,93,81,
85,94,81,
86,95,84,
86,95,83,
85,95,83,
86,94,81,
85,93,80,
86,92,77,
86,90,77,
85,89,75,
86,90,76,
85,91,77,
86,91,77,
85,92,79,
86,92,79,
86,93,78,
85,93,79,
86,93,80,
85,92,78,
86,93,78,
86,94,80,
85,95,79,
86,96,80,
85,94,80,
86,93,78,
85,91,76,
86,92,76,
85,90,75,
86,92,77,
86,91,75,
85,92,76,
86,92,75,
85,92,77,
86,93,76,
85,93,77,
86,92,75,
85,92,77,
86,93,78,
85,95,80,
86,94,78,
85,96,81,
86,94,78,
85,94,76,
86,92,74,
85,92,75,
86,90,71,
85,91,73,
86,92,75,
85,92,76,
86,93,75,
85,93,76,
86,92,74,
85,92,76,
86,93,76,
85,93,75,
86,92,76,
85,95,78,
86,94,78,
85,95,79,
86,96,80,
85,95,78,
86,93,76,
85,92,75,
86,91,73,
85,92,74,
86,92,73,
85,92,75,
85,92,75,
86,93,76,
85,92,74,
86,92,74,
85,92,75,
86,93,75,
85,92,73,
85,92,76,
86,94,76,
85,94,77,
86,94,77,
85,94,78,
86,92,74,
85,92,75,
86,90,72,
85,91,73,
86,92,74,
85,91,74,
85,93,74,
86,92,74,
85,92,75,
86,93,73,
85,92,74,
86,93,74,
85,93,74,
85,93,75,
86,94,76,
85,95,76,
86,95,77,
85,94,77,
85,92,73,
86,91,72,
85,90,71,
86,92,72,
85,92,73,
85,93,75,
86,93,73,
85,92,75,
86,93,72,
85,92,72,
85,92,73,
86,92,74,
85,92,73,
86,93,74,
85,94,76,
86,95,74,
85,95,76,
86,94,75,
85,92,73,
85,93,73,
86,90,71,
85,90,70,
86,91,72,
85,92,72,
85,92,72,
86,93,72,
85,93,73,
85,94,74,
86,93,72,
85,93,74,
86,92,71,
85,91,73,
85,95,74,
86,95,74,
85,95,76,
86,94,75,
85,91,73,
85,91,72,
86,91,71,
85,91,71,
86,91,70,
85,92,72,
85,92,72,
86,92,73,
85,92,72,
85,92,73,
86,92,71,
85,91,72,
86,92,71,
85,93,73,
85,96,77,
86,95,75,
85,95,76,
85,94,73,
86,92,74,
85,92,72,
85,92,71,
86,90,70,
85,91,70,
85,91,70,
86,91,72,
85,91,72,
85,92,72,
86,92,72,
85,92,72,
85,93,74,
86,92,72,
85,93,72,
85,94,75,
86,93,73,
85,96,75,
86,94,74,
85,94,72,
85,91,71,
86,91,71,
85,91,69,
85,90,70,
86,92,72,
85,93,72,
85,93,73,
86,94,72,
85,94,73,
85,92,72,
86,93,72,
85,92,71,
85,92,72,
86,94,75,
85,94,74,
86,95,74,
85,94,74,
85,93,72,
86,91,69,
85,91,71,
85,89,66,
86,90,69,
85,91,70,
85,92,73,
86,93,72,
85,92,72,
85,92,72,
86,92,71,
85,94,72,
85,93,73,
86,93,74,
85,94,75,
85,94,74,
86,94,74,
85,95,73,
85,93,73,
86,91,70,
85,91,71,
85,91,69,
86,91,71,
85,91,71,
85,92,71,
85,92,70,
86,92,72,
85,93,71,
85,92,71,
86,92,72,
85,93,72,
85,92,72,
86,94,73,
85,95,74,
85,95,76,
85,95,74,
86,94,72,
85,91,70,
85,92,71,
86,90,69,
85,91,69,
85,91,70,
85,92,72,
86,93,73,
85,93,72,
85,93,73,
86,93,72,
85,93,72,
85,92,72,
85,93,70,
86,92,72,
85,94,73,
85,94,73,
86,95,74,
85,94,73,
85,92,70,
86,91,70,
85,91,69,
85,89,69,
85,91,69,
86,91,68,
85,90,69,
85,92,71,
85,91,73,
86,92,72,
85,92,72,
85,93,72,
86,92,72,
85,93,71,
85,93,72,
85,94,72,
86,96,73,
85,94,73,
85,92,72,
85,93,71,
86,91,70,
85,91,70,
85,92,70,
85,91,70,
86,92,71,
85,92,71,
85,93,70,
86,93,71,
85,93,72,
85,94,74,
86,93,73,
85,95,74,
85,96,76,
86,96,75,
85,97,76,
85,94,72,
86,94,72,
85,93,70,
85,93,72,
86,92,71,
85,91,70,
85,91,70,
85,91,69,
86,92,71,
85,93,70,
85,91,69,
85,91,69,
86,91,68,
85,91,71,
85,92,71,
85,96,73,
86,95,73,
85,96,75,
86,94,73,
85,94,71,
85,93,72,
86,92,72,
85,91,69,
86,93,71,
85,93,71,
86,93,72,
85,94,73,
86,93,71,
86,94,72,
86,93,72,
86,94,73,
86,94,72,
87,95,73,
86,96,75,
87,96,74,
88,98,76,
88,97,76,
88,99,75,
89,96,73,
90,98,75,
90,97,73,
92,100,75,
92,101,76,
94,103,78,
95,106,80,
97,107,82,
99,111,83,
101,112,84,
105,116,87,
107,121,91,
110,126,94,
115,132,99,
120,139,103,
125,147,109,
131,153,113,
138,162,118,
145,171,125,
155,182,132,
165,194,141,
177,210,151,
190,227,163,
204,246,175,
222,268,191,
239,292,209,
261,319,226,
284,348,247,
310,382,270,
339,419,294,
372,460,322,
408,507,355,
447,557,390,
492,615,430,
541,676,472,
595,742,516,
654,815,567,
720,898,622,
791,985,682,
870,1084,754,
956,1192,829,
1049,1311,907,
1152,1438,996,
1262,1577,1094,
1384,1725,1197,
1514,1888,1310,
1655,2066,1431,
1809,2254,1560,
1972,2455,1700,
2149,2675,1856,
2339,2910,2019,
2543,3160,2192,
2760,3426,2380,
2992,3710,2577,
3239,4011,2786,
3503,4334,3007,
3782,4674,3245,
4077,5035,3498,
4391,5416,3763,
4720,5817,4044,
5067,6239,4339,
5432,6680,4649,
5814,7147,4973,
6214,7632,5311,
6633,8133,5667,
7069,8660,6033,
7523,9205,6415,
7995,9776,6814,
8483,10365,7233,
8989,10971,7659,
9511,11598,8101,
10048,12235,8551,
10599,12891,9010,
11165,13568,9487,
11742,14253,9973,
12332,14952,10466,
12932,15666,10972,
13543,16391,11489,
14160,17120,12006,
14784,17856,12523,
15415,18599,13054,
16049,19349,13586,
16688,20104,14120,
17327,20853,14653,
17964,21598,15186,
18599,22340,15718,
19229,23078,16245,
19854,23805,16772,
20470,24526,17282,
21080,25231,17780,
21675,25921,18277,
22261,26604,18773,
22833,27260,19248,
23390,27898,19708,
23929,28521,20154,
24454,29121,20593,
24958,29704,21019,
25442,30261,21416,
25908,30788,21799,
26350,31291,22167,
26767,31763,22519,
27160,32208,22841,
27530,32622,23147,
27874,33008,23439,
28195,33369,23704,
28488,33695,23944,
28757,33992,24168,
28999,34255,24366,
29212,34484,24536,
29400,34684,24689,
29565,34852,24825,
29705,34990,24941,
29820,35106,25032,
29907,35191,25100,
29972,35249,25155,
30012,35280,25188,
30028,35281,25203,
30021,35255,25197,
29991,35203,25161,
29942,35130,25120,
29872,35028,25059,
29784,34911,24985,
29674,34772,24887,
29545,34604,24775,
29399,34419,24664,
29238,34213,24525,
29058,33990,24369,
28862,33745,24209,
28652,33489,24032,
28430,33218,23842,
28195,32926,23647,
27945,32624,23440,
27683,32312,23216,
27410,31985,22988,
27123,31637,22743,
26827,31276,22498,
26523,30915,22240,
26207,30537,21971,
25883,30156,21703,
25551,29759,21429,
25213,29359,21149,
24870,28952,20865,
24523,28545,20573,
24170,28129,20274,
23818,27703,19979,
23462,27284,19682,
23104,26864,19382,
22747,26439,19086,
22386,26019,18780,
22026,25598,18479,
21665,25171,18176,
21305,24747,17876,
20945,24327,17574,
20585,23902,17269,
20227,23486,16973,
19871,23068,16675,
19516,22658,16380,
19163,22245,16084,
18811,21835,15794,
18463,21428,15496,
18118,21026,15207,
17776,20625,14924,
17437,20231,14639,
17102,19843,14354,
16773,19453,14082,
16448,19078,13807,
16127,18703,13540,
15810,18334,13272,
15497,17972,13009,
15187,17613,12751,
14884,17259,12496,
14584,16910,12244,
14289,16566,11999,
13998,16227,11757,
13712,15896,11517,
13431,15566,11278,
13156,15250,11051,
12885,14939,10826,
12620,14633,10605,
12359,14330,10387,
12104,14035,10173,
11854,13742,9960,
11608,13459,9752,
11368,13177,9551,
11132,12904,9355,
10902,12641,9162,
10677,12380,8973,
10456,12125,8785,
10241,11874,8606,
10029,11628,8434,
9823,11387,8261,
9622,11155,8088,
9425,10931,7920,
9233,10709,7762,
9047,10493,7607,
8863,10281,7455,
8685,10073,7307,
8511,9873,7162,
8341,9674,7019,
8174,9479,6877,
8013,9294,6741,
7856,9112,6607,
7700,8933,6476,
7550,8759,6349,
7404,8591,6225,
7260,8426,6104,
7122,8264,5991,
6985,8109,5877,
6851,7955,5763,
6722,7804,5655,
6596,7658,5549,
6474,7515,5446,
6353,7377,5346,
6236,7245,5249,
6123,7113,5152,
6013,6985,5062,
5904,6859,4969,
5800,6736,4877,
5697,6617,4791,
5597,6501,4706,
5500,6388,4629,
5404,6278,4551,
5312,6172,4473,
5222,6068,4396,
5135,5964,4320,
5049,5865,4250,
4966,5772,4179,
4885,5678,4110,
4805,5587,4046,
4727,5498,3980,
4652,5411,3917,
4578,5328,3856,
4507,5243,3796,
4437,5162,3732,
4367,5082,3676,
4302,5000,3618,
4236,4924,3565,
4173,4854,3510,
4112,4782,3457,
4050,4713,3410,
3992,4643,3359,
3935,4577,3309,
3877,4512,3262,
3823,4450,3216,
3769,4386,3172,
3716,4324,3128,
3665,4265,3085,
3615,4205,3043,
3566,4151,3001,
3517,4097,2961,
3471,4040,2923,
3424,3990,2885,
3380,3937,2846,
3334,3884,2807,
3292,3833,2770,
3248,3782,2735,
3207,3732,2698,
3167,3686,2663,
3126,3639,2631,
3087,3595,2599,
3049,3549,2565,
3012,3508,2534,
2976,3465,2503,
2939,3426,2475,
2905,3386,2446,
2870,3345,2417,
2837,3303,2387,
2802,3266,2360,
2770,3227,2331,
2738,3190,2308,
2707,3155,2278,
2675,3117,2251,
2646,3081,2227,
2616,3048,2201,
2587,3013,2176,
2559,2982,2155,
2530,2947,2129,
2503,2913,2105,
2475,2883,2082,
2449,2851,2059,
2423,2820,2037,
2396,2790,2019,
2371,2762,1994,
2346,2733,1974,
2321,2703,1954,
2296,2677,1936,
2272,2648,1915,
2249,2623,1898,
2225,2595,1874,
2202,2566,1856,
2180,2536,1833,
2157,2510,1815,
2135,2485,1794,
2113,2462,1778,
2092,2438,1759,
2071,2413,1740,
2050,2388,1724,
2030,2364,1708,
2009,2341,1691,
1989,2317,1674,
1968,2295,1658,
1949,2272,1641,
1930,2248,1624,
1911,2227,1609,
1891,2204,1595,
1874,2184,1580,
1854,2163,1565,
1837,2142,1549,
1819,2118,1530,
1801,2097,1517,
1784,2076,1500,
1767,2056,1485,
1750,2038,1472,
1733,2019,1459,
1717,2000,1444,
1700,1979,1431,
1685,1959,1420,
1668,1943,1405,
1653,1924,1391,
1638,1908,1378,
1622,1890,1365,
1607,1874,1355,
1591,1856,1342,
1577,1839,1329,
1562,1822,1317,
1547,1803,1304,
1533,1785,1290,
1519,1768,1277,
1504,1750,1263,
1491,1733,1251,
1477,1719,1242,
1463,1704,1231,
1450,1687,1221,
1436,1671,1211,
1424,1656,1198,
1410,1641,1187,
1397,1626,1175,
1385,1612,1165,
1372,1598,1155,
1360,1584,1146,
1347,1570,1135,
1336,1555,1127,
1323,1541,1117,
1311,1526,1106,
1300,1511,1093,
1288,1497,1083,
1276,1483,1072,
1265,1471,1065,
1254,1459,1053,
1242,1446,1047,
1232,1434,1038,
1221,1420,1029,
1210,1408,1020,
1199,1395,1010,
1189,1382,1002,
1178,1370,994,
1168,1359,985,
1158,1350,978,
1148,1338,969,
1139,1326,959,
1128,1315,953,
1119,1303,944,
1109,1290,934,
1099,1278,928,
1090,1266,916,
1081,1255,909,
1071,1246,902,
1062,1234,895,
1053,1224,887,
1044,1214,878,
1035,1203,871,
1026,1193,864,
1017,1182,858,
1008,1172,851,
999,1161,842,
991,1152,835,
983,1143,831,
974,1134,822,
966,1125,817,
957,1116,810,
950,1103,800,
941,1094,792,
933,1086,787,
925,1075,779,
918,1066,773,
910,1056,765,
902,1046,760,
894,1039,753,
887,1030,747,
879,1023,740,
872,1014,733,
865,1005,727,
857,996,722,
851,989,715,
843,981,711,
837,974,704,
830,965,701,
822,957,693,
817,947,686,
809,939,680,
803,930,674,
797,924,670,
789,917,665,
784,909,660,
777,902,653,
771,894,648,
765,888,644,
758,880,638,
753,873,632,
746,867,629,
740,859,624,
733,851,616,
728,846,615,
722,838,610,
716,833,607,
711,825,601,
704,817,594,
699,808,586,
694,803,582,
688,795,576,
683,791,574,
677,785,571,
672,779,566,
667,773,560,
662,765,554,
657,760,552,
651,754,548,
647,750,546,
641,744,540,
636,737,536,
632,731,534,
627,726,530,
622,723,527,
617,716,523,
612,710,516,
607,703,510,
603,697,507,
599,690,500,
593,687,500,
589,683,495,
585,676,491,
580,672,488,
576,666,485,
572,661,481,
567,656,478,
562,652,475,
559,648,470,
554,641,466,
550,637,465,
546,635,463,
542,630,460,
538,623,454,
534,617,449,
529,610,442,
526,607,442,
522,601,437,
518,598,435,
514,595,431,
510,591,429,
507,586,428,
503,582,425,
499,576,421,
495,573,415,
492,568,414,
489,565,412,
485,560,409,
481,558,408,
478,555,405,
475,551,403,
471,548,400,
469,541,394,
464,536,391,
462,531,388,
458,525,382,
455,522,381,
451,520,378,
449,516,376,
445,514,374,
442,510,372,
439,506,370,
436,503,368,
432,500,365,
430,497,362,
427,492,359,
424,488,358,
421,488,357,
418,486,356,
415,481,354,
413,476,349,
409,471,343,
407,468,341,
404,463,338,
402,462,338,
398,460,336,
397,455,333,
393,453,329,
391,449,328,
388,447,326,
386,444,325,
383,441,324,
380,438,321,
378,435,318,
376,433,316,
373,431,315,
371,429,313,
368,427,313,
366,422,309,
363,417,304,
362,414,300,
358,410,297,
357,408,297,
354,406,296,
352,403,296,
350,401,293,
347,399,292,
346,397,293,
343,394,288,
340,392,288,
339,388,284,
337,386,283,
334,386,282,
333,384,281,
330,382,280,
329,379,281,
326,377,278,
324,371,272,
322,368,271,
320,366,269,
319,363,266,
316,362,264,
315,361,266,
312,357,263,
311,355,262,
309,353,261,
307,351,259,
305,349,255,
303,347,255,
302,346,253,
299,344,253,
298,344,253,
297,341,252,
294,340,250,
293,336,247,
291,333,244,
290,331,242,
287,329,241,
286,326,239,
285,325,238,
283,321,234,
281,321,235,
280,320,236,
278,318,233,
276,317,233,
275,315,231,
273,312,230,
272,312,228,
270,308,228,
269,309,229,
267,308,227,
266,307,226,
265,303,224,
263,301,221,
261,297,218,
261,296,218,
258,293,217,
258,293,216,
256,292,214,
255,291,214,
253,289,213,
253,287,211,
250,287,211,
250,286,212,
248,284,210,
247,281,207,
246,280,206,
244,280,207,
243,279,206,
242,279,207,
241,277,206,
239,275,203,
238,270,199,
237,270,198,
236,266,194,
235,266,196,
234,264,195,
232,265,194,
231,262,192,
230,261,192,
229,260,191,
228,260,192,
227,259,191,
225,256,189,
225,255,188,
223,256,190,
223,255,189,
221,255,189,
221,253,187,
219,250,185,
218,247,181,
217,245,181,
216,244,180,
216,244,181,
214,243,180,
213,242,177,
212,240,177,
211,239,176,
210,239,175,
210,238,176,
208,236,175,
207,235,174,
207,233,173,
205,235,175,
205,233,173,
204,234,173,
202,233,173,
202,231,174,
201,226,167,
201,226,167,
199,222,165,
198,223,164,
198,223,165,
196,221,164,
196,221,165,
195,222,163,
195,220,163,
193,220,163,
193,218,161,
192,218,161,
191,218,161,
191,218,162,
189,216,160,
189,215,161,
188,215,161,
188,213,158,
186,211,155,
186,209,154,
185,207,151,
185,207,153,
183,207,153,
183,206,153,
183,205,154,
181,205,153,
181,205,152,
181,205,151,
179,203,150,
179,203,150,
178,201,148,
178,202,149,
177,201,150,
176,201,150,
176,202,151,
175,199,149,
174,195,146,
174,195,145,
172,194,145,
173,193,142,
171,192,143,
172,192,144,
170,191,143,
170,191,141,
169,191,141,
169,189,140,
168,189,141,
168,189,141,
166,189,141,
167,189,141,
166,188,142,
165,187,140,
165,187,141,
164,187,141,
164,184,139,
163,182,136,
162,182,136,
162,181,134,
161,180,135,
161,181,135,
160,180,135,
160,179,133,
160,179,133,
158,177,133,
159,177,132,
158,178,132,
157,177,132,
157,177,132,
156,178,132,
156,177,132,
155,178,133,
155,174,130,
155,173,129,
154,170,125,
153,170,126,
153,170,125,
153,170,127,
152,170,127,
151,170,128,
152,170,129,
150,170,127,
151,169,125,
150,168,126,
149,167,124,
149,167,125,
149,166,124,
148,168,127,
148,168,126,
147,167,126,
147,166,124,
147,165,125,
146,163,123,
145,163,122,
146,161,121,
144,162,119,
145,161,120,
144,161,120,
144,161,119,
143,160,119,
143,160,119,
143,160,118,
142,160,120,
142,158,118,
142,157,116,
141,159,119,
141,159,120,
141,161,121,
140,159,121,
140,158,118,
139,155,116,
139,154,116,
139,153,114,
138,158,121,
139,160,123,
137,156,118,
138,155,116,
137,154,114,
137,153,114,
136,152,115,
136,152,113,
136,151,113,
136,148,112,
135,150,111,
135,150,112,
135,152,115,
134,150,114,
134,149,113,
134,147,109,
133,148,110,
133,148,109,
133,147,109,
133,148,110,
132,146,110,
132,146,110,
132,147,110,
131,147,109,
131,147,110,
131,146,108,
131,145,107,
130,144,109,
130,146,110,
130,147,110,
130,147,110,
129,148,111,
129,145,109,
129,143,107,
128,144,108,
129,140,105,
128,141,104,
128,142,106,
127,141,106,
127,142,106,
128,142,105,
126,142,106,
127,141,106,
126,141,105,
126,141,107,
126,140,106,
126,141,106,
125,140,107,
126,142,106,
125,141,106,
124,140,106,
125,137,104,
124,136,103,
124,136,102,
124,138,103,
124,137,103,
123,137,103,
123,136,102,
123,136,102,
123,136,103,
123,136,103,
122,135,102,
122,136,103,
122,135,101,
121,136,104,
122,136,103,
121,137,103,
122,136,104,
121,135,102,
120,133,99,
121,132,99,
120,131,99,
120,132,98,
120,133,99,
120,132,100,
120,132,99,
119,132,99,
119,133,99,
119,132,99,
119,132,101,
119,131,99,
118,132,100,
119,131,101,
118,134,103,
118,133,101,
118,135,102,
117,133,102,
118,130,97,
117,129,97,
117,128,95,
117,127,96,
117,129,95,
117,130,97,
116,129,97,
116,129,98,
116,130,96,
116,128,97,
116,127,95,
116,127,95,
115,127,96,
116,128,97,
115,129,100,
115,129,97,
115,128,98,
114,128,96,
115,128,96,
114,126,93,
115,127,94,
114,125,91,
114,125,94,
114,126,93,
114,126,94,
113,125,94,
114,125,93,
113,124,93,
113,125,93,
113,125,94,
113,126,95,
113,126,96,
112,127,96,
113,125,93,
112,127,97,
112,126,95,
113,124,94,
112,124,94,
111,123,93,
112,122,91,
111,123,90,
112,123,91,
111,123,93,
111,122,93,
112,123,92,
111,122,92,
110,122,93,
111,122,92,
111,123,91,
110,121,91,
110,124,92,
111,123,95,
110,124,94,
110,123,94,
110,122,92,
110,120,89,
109,121,89,
110,117,88,
109,119,89,
109,119,88,
109,120,91,
109,119,92,
109,120,93,
109,120,92,
109,119,88,
108,119,89,
109,119,91,
108,120,90,
109,121,93,
108,122,93,
108,121,93,
108,121,91,
108,120,91,
108,118,90,
108,120,90,
107,117,87,
108,117,87,
107,118,88,
108,118,88,
107,118,88,
107,118,88,
107,118,88,
107,118,89,
107,117,88,
107,117,89,
107,117,89,
107,119,89,
106,118,90,
106,119,89,
107,120,91,
106,118,90,
106,117,88,
106,117,89,
106,116,86,
106,117,89,
105,116,88,
106,116,88,
106,117,88,
105,117,87,
106,116,88,
105,115,87,
105,116,86,
106,115,87,
105,115,87,
105,117,88,
105,117,89,
105,118,91,
105,117,90,
104,116,87,
105,115,87,
105,114,86,
104,113,85,
104,114,85,
105,114,86,
104,115,88,
104,115,88,
104,115,87,
104,115,87,
104,114,87,
104,114,86,
103,115,86,
104,114,88,
104,115,86,
103,117,88,
104,115,88,
103,115,89,
104,115,86,
103,112,83,
103,113,84,
103,111,83,
103,110,83,
103,111,83,
103,112,85,
103,113,85,
103,112,84,
103,113,85,
102,115,87,
103,114,87,
103,113,85,
102,113,86,
102,112,85,
103,114,87,
102,115,88,
102,115,89,
103,115,89,
102,112,84,
102,110,83,
102,111,83,
101,110,82,
102,112,84,
102,112,84,
102,111,83,
101,111,84,
102,112,84,
102,111,85,
101,112,85,
101,111,85,
102,111,84,
101,111,84,
101,114,87,
102,113,86,
101,115,89,
101,113,87,
101,111,85,
101,110,83,
101,111,84,
101,109,84,
101,110,85,
100,111,84,
101,111,85,
101,111,84,
100,110,84,
101,111,82,
100,110,82,
100,111,83,
101,110,84,
100,110,84,
101,111,87,
100,112,86,
100,113,88,
100,112,86,
100,112,84,
100,110,81,
100,110,83,
100,109,82,
100,108,83,
99,110,84,
100,109,84,
100,109,82,
100,109,82,
99,109,83,
100,109,82,
99,109,84,
100,109,82,
99,109,82,
99,111,85,
100,110,83,
99,112,86,
99,111,85,
99,109,83,
99,108,81,
100,108,82,
99,106,80,
99,108,81,
99,109,83,
99,109,84,
98,107,82,
99,108,82,
99,108,82,
99,108,82,
98,108,82,
99,109,83,
99,109,82,
98,109,82,
99,108,83,
98,109,83,
99,109,84,
98,109,81,
98,105,78,
99,106,80,
98,104,79,
98,105,79,
98,106,80,
98,107,82,
99,108,80,
98,108,81,
98,107,81,
98,107,82,
98,108,82,
98,107,82,
98,109,82,
98,109,82,
97,108,82,
98,109,83,
98,109,85,
98,108,82,
97,106,80,
98,106,80,
97,105,80,
98,104,78,
97,105,78,
97,106,80,
98,107,82,
97,108,81,
98,107,82,
97,107,81,
97,106,81,
97,106,80,
98,106,80,
97,107,83,
97,108,84,
97,110,85,
97,108,83,
97,106,80,
97,104,78,
97,105,79,
97,105,78,
96,105,79,
97,106,80,
97,106,80,
97,106,81,
96,106,81,
97,106,80,
97,105,80,
97,107,81,
96,106,80,
97,105,80,
96,106,80,
97,107,80,
96,107,82,
97,109,84,
96,107,83,
97,104,79,
96,105,80,
96,103,78,
97,104,78,
96,104,79,
96,105,79,
96,104,80,
96,106,80,
97,105,79,
96,105,79,
96,106,80,
96,105,81,
96,106,81,
96,105,78,
96,106,82,
96,106,81,
96,107,84,
96,106,81,
96,105,80,
95,105,80,
96,103,79,
96,103,78,
96,103,78,
95,105,79,
96,104,79,
96,105,79,
95,106,81,
96,105,80,
95,105,80,
96,104,79,
96,104,78,
95,104,80,
96,106,82,
95,106,81,
96,107,82,
95,106,80,
95,104,78,
96,103,77,
95,103,77,
95,102,77,
96,103,78,
95,103,78,
95,103,79,
95,104,80,
96,105,80,
95,104,79,
95,106,81,
95,104,79,
95,104,78,
95,105,79,
95,107,81,
95,105,79,
95,106,80,
95,106,81,
95,104,80,
95,103,78,
94,103,77,
95,102,77,
95,101,77,
95,102,79,
94,103,79,
95,103,78,
95,103,78,
95,104,78,
94,103,77,
95,103,80,
95,104,78,
94,104,78,
95,105,80,
94,105,81,
95,106,82,
94,104,82,
95,104,79,
94,102,78,
95,103,78,
94,101,75,
95,102,78,
94,102,78,
94,102,78,
94,103,78,
95,103,79,
94,103,77,
94,103,77,
95,102,78,
94,102,78,
94,102,77,
94,104,80,
94,105,80,
95,105,81,
94,105,80,
94,104,80,
94,102,76,
94,102,78,
94,100,75,
94,101,77,
94,103,79,
94,103,78,
94,103,79,
94,103,80,
94,102,78,
94,101,78,
94,102,78,
94,104,79,
94,103,79,
94,104,80,
94,104,79,
93,104,79,
94,105,81,
94,104,79,
94,101,76,
93,102,77,
94,101,77,
94,101,76,
93,103,78,
94,101,76,
94,102,77,
93,102,78,
94,100,77,
93,102,77,
94,101,77,
93,102,77,
94,102,78,
93,103,80,
94,104,80,
93,105,81,
94,105,82,
93,103,79,
93,101,77,
94,101,77,
93,101,77,
93,102,76,
94,103,77,
93,102,78,
93,102,77,
94,103,77,
93,102,76,
93,101,78,
93,101,77,
93,101,76,
93,102,77,
94,101,77,
93,103,79,
93,103,79,
93,104,81,
93,104,80,
93,101,78,
93,101,77,
93,99,76,
93,99,75,
93,99,75,
93,100,77,
93,101,76,
93,100,76,
93,101,75,
93,100,77,
93,102,76,
93,101,78,
93,102,77,
93,101,77,
93,103,79,
93,102,79,
93,105,82,
92,103,80,
93,103,77,
93,101,76,
93,100,75,
92,99,75,
93,101,76,
93,101,77,
92,101,76,
93,100,76,
93,100,75,
92,100,75,
93,101,77,
93,102,78,
92,101,77,
93,101,78,
93,103,80,
92,103,80,
93,104,82,
92,103,80,
93,101,79,
92,100,79,
93,100,79,
92,99,78,
93,100,80,
92,100,71,
93,102,79,
92,101,82,
92,101,83,
93,99,83,
92,101,84,
93,100,86,
92,101,88,
92,101,89,
93,102,91,
92,101,92,
93,103,93,
92,102,96,
92,100,96,
93,100,97,
92,100,96,
92,99,97,
93,99,98,
92,100,99,
92,100,102,
93,101,104,
92,101,103,
93,101,105,
92,99,104,
92,100,106,
93,101,106,
92,100,108,
92,102,110,
93,102,110,
92,102,112,
93,102,112,
92,101,113,
92,101,111,
93,101,112,
92,100,111,
93,100,111,
92,98,112,
93,100,111,
92,99,112,
93,100,112,
92,101,113,
93,101,113,
92,101,113,
92,101,114,
93,101,114,
92,103,115,
93,104,115,
92,105,117,
93,103,114,
92,102,112,
92,100,109,
93,100,109,
92,99,108,
93,99,107,
92,100,108,
92,100,108,
93,101,106,
92,100,108,
92,99,107,
92,100,107,
93,100,106,
92,100,104,
92,99,104,
93,101,105,
92,102,104,
92,103,106,
93,103,105,
92,102,105,
92,101,103,
92,100,102,
92,98,99,
92,100,99,
92,100,99,
93,101,98,
92,101,100,
92,101,98,
92,100,97,
92,100,97,
92,100,97,
92,100,96,
92,100,95,
92,100,98,
92,101,97,
92,102,97,
92,102,97,
91,102,94,
92,100,91,
92,99,91,
92,99,90,
92,98,90,
91,98,90,
92,98,91,
92,99,92,
91,101,91,
92,101,90,
92,99,91,
92,99,89,
91,99,88,
92,99,89,
92,101,90,
91,102,92,
92,101,92,
91,102,91,
92,101,90,
92,100,88,
91,99,87,
92,98,85,
91,98,87,
92,99,87,
91,98,85,
92,99,86,
91,99,86,
92,99,87,
91,100,87,
92,99,85,
91,99,86,
91,100,85,
92,98,86,
91,101,86,
91,100,87,
92,101,87,
91,101,85,
91,99,84,
91,98,81,
92,98,82,
91,98,82,
91,98,82,
91,98,82,
92,98,82,
91,99,83,
91,99,82,
91,100,84,
92,101,84,
91,100,83,
91,99,82,
91,99,83,
91,102,85,
91,101,86,
91,102,85,
92,100,84,
91,99,81,
91,97,79,
91,98,80,
91,97,80,
91,98,80,
91,99,81,
90,98,81,
91,99,82,
91,99,81,
91,99,83,
91,99,82,
91,99,81,
91,100,82,
91,100,81,
91,100,83,
91,100,82,
91,102,83,
91,101,82,
90,100,80,
91,97,79,
91,98,78,
91,97,77,
90,98,80,
91,99,81,
91,99,80,
91,99,79,
91,99,79,
90,98,80,
91,97,78,
91,99,79,
91,98,79,
90,99,80,
91,100,81,
91,101,81,
91,102,83,
90,101,80,
91,99,79,
91,96,78,
90,98,78,
91,96,77,
91,97,77,
90,99,78,
91,99,77,
90,98,77,
91,99,79,
91,98,78,
90,98,78,
91,98,77,
90,99,78,
91,98,79,
90,99,81,
91,100,81,
90,102,81,
91,101,81,
90,100,80,
91,98,78,
90,99,76,
91,98,76,
90,98,76,
91,98,77,
90,98,77,
91,98,77,
90,98,77,
90,98,78,
91,98,78,
90,99,78,
91,98,78,
90,97,77,
90,99,79,
91,100,79,
90,100,80,
91,101,80,
90,99,80,
90,97,78,
91,96,77,
90,97,76,
90,97,75,
90,98,74,
91,98,76,
90,97,77,
90,98,77,
91,97,77,
90,98,76,
90,98,77,
90,97,75,
90,98,77,
91,99,79,
90,100,82,
90,102,80,
90,100,80,
91,100,78,
90,97,76,
90,97,75,
90,97,75,
90,97,76,
91,97,77,
90,98,78,
90,99,77,
90,99,77,
90,97,76,
90,99,75,
90,98,77,
91,99,77,
90,98,76,
90,98,77,
90,99,79,
90,100,78,
90,100,80,
90,99,78,
90,99,78,
90,97,76,
90,96,74,
90,96,74,
90,96,75,
90,97,76,
90,97,76,
90,97,75,
90,97,75,
90,99,75,
90,99,76,
90,98,77,
90,97,76,
90,98,76,
90,98,77,
90,99,77,
90,101,77,
90,99,78,
90,98,76,
90,97,74,
89,96,75,
90,96,74,
90,96,74,
90,97,75,
90,98,76,
90,98,75,
90,99,77,
89,98,77,
90,98,74,
90,99,77,
90,97,76,
90,98,75,
90,100,78,
89,100,79,
90,100,80,
90,99,78,
90,98,76,
90,96,74,
89,96,73,
90,96,73,
90,97,75,
89,97,76,
90,98,75,
90,98,78,
90,98,76,
89,97,75,
90,98,76,
90,97,75,
89,97,76,
90,98,76,
90,99,77,
90,99,76,
89,99,78,
90,100,76,
90,100,76,
89,98,76,
90,99,76,
90,95,72,
89,97,74,
90,98,76,
90,98,75,
89,96,76,
90,97,75,
90,97,74,
89,97,76,
90,98,76,
89,97,75,
90,97,76,
90,98,76,
89,99,76,
90,100,78,
89,100,78,
90,99,77,
89,96,75,
90,96,75,
89,97,74,
90,96,75,
89,97,74,
90,98,75,
89,97,75,
90,96,74,
89,96,73,
90,96,74,
89,97,75,
90,97,74,
89,97,75,
90,98,75,
89,100,77,
89,99,78,
90,100,79,
89,98,75,
90,95,74,
89,96,74,
90,95,72,
89,95,74,
89,96,73,
90,96,73,
89,97,75,
90,96,74,
89,96,74,
89,97,76,
90,97,74,
89,98,75,
90,97,76,
89,98,76,
89,98,77,
90,99,78,
89,99,78,
89,99,76,
90,97,74,
89,96,74,
89,95,71,
90,96,71,
89,96,75,
89,97,75,
90,96,74,
89,96,75,
89,96,75,
90,96,75,
89,97,75,
89,98,76,
89,96,74,
90,97,74,
89,99,77,
89,99,78,
90,101,79,
89,100,76,
89,97,73,
89,97,74,
90,95,72,
89,95,72,
89,96,72,
89,96,73,
89,96,73,
90,95,74,
89,96,74,
89,96,73,
89,96,75,
89,98,74,
90,98,73,
89,97,74,
89,99,77,
89,98,75,
89,99,78,
90,99,75,
89,97,72,
89,95,74,
89,95,73,
89,96,72,
89,96,73,
89,95,74,
89,96,74,
89,96,73,
89,97,73,
89,97,74,
90,97,73,
89,97,75,
89,96,74,
89,96,74,
89,99,77,
89,97,76,
89,100,78,
89,99,77,
89,97,74,
89,96,72,
90,96,73,
89,94,71,
89,96,73,
89,97,74,
89,97,73,
89,97,75,
89,96,74,
89,98,76,
89,96,75,
89,97,74,
89,97,73,
89,97,72,
89,99,78,
89,98,75,
89,99,77,
88,98,75,
89,97,73,
89,95,72,
89,96,71,
89,94,72,
89,96,72,
89,96,73,
89,96,74,
89,96,74,
89,97,75,
89,96,74,
89,98,76,
89,97,75,
89,96,74,
89,97,73,
88,98,76,
89,98,76,
89,100,76,
89,98,75,
89,98,75,
89,95,73,
88,96,72,
89,94,73,
89,95,73,
89,97,72,
89,96,72,
89,96,73,
89,96,73,
89,96,72,
88,97,73,
89,97,74,
89,96,75,
89,97,74,
88,98,75,
89,97,76,
89,99,77,
89,98,76,
89,98,73,
89,96,72,
88,95,72,
89,95,70,
89,95,72,
89,96,73,
88,97,74,
89,97,74,
89,96,73,
89,97,73,
89,96,74,
89,97,74,
89,99,75,
89,97,75,
89,97,75,
89,99,76,
89,100,76,
90,100,75,
89,100,76,
90,98,74,
90,97,73,
90,96,73,
90,97,74,
91,100,75,
91,100,76,
92,100,77,
92,101,77,
93,102,77,
94,103,78,
95,105,78,
95,106,79,
97,109,80,
99,111,84,
101,115,87,
102,117,89,
106,121,92,
108,124,93,
111,126,92,
116,130,95,
120,135,98,
125,143,104,
131,151,111,
139,161,117,
146,172,124,
156,185,132,
166,198,144,
179,215,154,
192,232,166,
209,254,181,
226,276,195,
247,303,215,
270,333,237,
296,366,259,
326,406,287,
360,449,316,
397,493,346,
440,549,382,
487,608,423,
540,677,469,
599,751,521,
666,836,581,
740,930,644,
822,1034,714,
914,1148,793,
1014,1274,881,
1127,1417,979,
1249,1572,1084,
1386,1743,1201,
1536,1930,1333,
1699,2137,1476,
1880,2362,1629,
2076,2606,1801,
2292,2874,1985,
2526,3163,2185,
2782,3480,2401,
3058,3822,2638,
3359,4195,2894,
3684,4598,3176,
4035,5031,3478,
4413,5497,3800,
4820,5998,4148,
5258,6532,4520,
5727,7106,4919,
6228,7720,5347,
6763,8376,5801,
7332,9070,6288,
7938,9808,6799,
8580,10591,7344,
9259,11413,7918,
9977,12288,8531,
10734,13205,9171,
11530,14166,9840,
12364,15171,10543,
13238,16222,11277,
14151,17320,12045,
15102,18467,12855,
16091,19655,13689,
17115,20882,14546,
18176,22157,15441,
19267,23461,16358,
20392,24801,17305,
21546,26175,18273,
22728,27577,19260,
23932,29011,20266,
25157,30465,21285,
26398,31932,22323,
27654,33414,23382,
28920,34913,24445,
30192,36415,25499,
31470,37913,26563,
32748,39409,27629,
34024,40903,28701,
35290,42382,29748,
36545,43853,30793,
37784,45303,31822,
38999,46717,32830,
40197,48103,33822,
41363,49456,34796,
42503,50779,35745,
43609,52057,36665,
44680,53286,37553,
45716,54483,38415,
46716,55630,39245,
47675,56723,40038,
48589,57770,40795,
49461,58766,41520,
50287,59706,42198,
51065,60580,42843,
51799,61404,43449,
52479,62166,44016,
53110,62867,44537,
53696,63518,45021,
54231,64108,45462,
54715,64641,45860,
55149,65112,46209,
55538,65532,46524,
55882,65896,46808,
56179,66203,47057,
56438,66470,47267,
56644,66684,47439,
56805,66832,47568,
56927,66943,47666,
57001,66993,47724,
57037,67007,47756,
57036,66972,47748,
56998,66894,47710,
56930,66777,47647,
56824,66625,47554,
56685,66441,47446,
56516,66208,47301,
56317,65946,47126,
56094,65659,46936,
55839,65343,46731,
55558,64992,46496,
55252,64613,46237,
54921,64199,45959,
54563,63758,45657,
54186,63303,45346,
53784,62809,45007,
53366,62298,44656,
52932,61778,44288,
52483,61241,43909,
52019,60683,43521,
51540,60103,43124,
51049,59507,42710,
50549,58911,42290,
50038,58310,41863,
49516,57691,41424,
48984,57058,40987,
48447,56416,40538,
47904,55774,40079,
47351,55121,39623,
46796,54461,39157,
46235,53799,38695,
45673,53132,38225,
45106,52466,37747,
44535,51794,37265,
43962,51123,36795,
43388,50448,36315,
42813,49776,35824,
42236,49101,35346,
41662,48416,34865,
41087,47749,34390,
40520,47086,33918,
39952,46422,33444,
39386,45758,32974,
38822,45101,32506,
38257,44446,32030,
37697,43791,31557,
37140,43141,31092,
36588,42493,30631,
36038,41846,30177,
35497,41215,29721,
34957,40594,29273,
34421,39967,28825,
33887,39349,28380,
33358,38737,27935,
32834,38126,27499,
32314,37526,27069,
31802,36926,26638,
31295,36332,26212,
30795,35753,25793,
30301,35182,25388,
29816,34614,24974,
29338,34062,24581,
28868,33519,24195,
28401,32979,23810,
27941,32449,23418,
27488,31920,23037,
27040,31395,22660,
26598,30888,22289,
26162,30374,21924,
25736,29883,21570,
25317,29401,21218,
24906,28922,20878,
24503,28453,20541,
24106,27996,20207,
23716,27545,19881,
23335,27100,19563,
22959,26666,19242,
22590,26239,18937,
22228,25816,18635,
21874,25411,18337,
21524,25007,18046,
21179,24607,17759,
20842,24218,17478,
20513,23834,17204,
20189,23461,16931,
19871,23092,16667,
19560,22734,16407,
19256,22378,16153,
18956,22032,15902,
18663,21693,15656,
18379,21365,15418,
18095,21041,15183,
17818,20718,14947,
17547,20402,14716,
17280,20093,14492,
17020,19791,14273,
16764,19490,14063,
16514,19201,13857,
16269,18918,13652,
16028,18639,13451,
15792,18369,13249,
15560,18100,13050,
15335,17838,12860,
15114,17581,12680,
14897,17330,12499,
14686,17087,12324,
14477,16844,12148,
14272,16608,11981,
14071,16377,11809,
13876,16151,11647,
13683,15930,11488,
13496,15709,11332,
13312,15495,11175,
13132,15290,11021,
12955,15082,10871,
12781,14883,10726,
12611,14684,10587,
12444,14487,10449,
12281,14300,10310,
12119,14114,10175,
11962,13931,10045,
11808,13750,9913,
11657,13579,9789,
11509,13406,9665,
11363,13235,9542,
11222,13070,9425,
11083,12911,9306,
10946,12752,9195,
10810,12599,9080,
10678,12440,8964,
10548,12288,8852,
10420,12141,8750,
10295,11996,8641,
10171,11854,8535,
10050,11712,8436,
9931,11575,8340,
9815,11440,8243,
9701,11306,8148,
9589,11178,8055,
9480,11049,7965,
9371,10925,7874,
9264,10798,7780,
9159,10683,7699,
9055,10564,7613,
8954,10444,7522,
8853,10326,7441,
8755,10212,7356,
8657,10095,7273,
8562,9982,7190,
8469,9872,7112,
8376,9762,7029,
8286,9657,6953,
8195,9552,6879,
8107,9453,6806,
8020,9349,6731,
7932,9251,6657,
7847,9148,6587,
7764,9052,6520,
7682,8959,6452,
7600,8862,6384,
7520,8770,6321,
7442,8679,6255,
7363,8587,6186,
7287,8501,6120,
7211,8412,6062,
7135,8324,5994,
7061,8232,5932,
6988,8149,5872,
6916,8064,5807,
6846,7983,5750,
6777,7902,5697,
6709,7825,5638,
6640,7745,5581,
6572,7665,5520,
6505,7587,5464,
6440,7510,5410,
6374,7435,5358,
6310,7360,5303,
6248,7289,5250,
6185,7217,5201,
6123,7147,5150,
6063,7074,5094,
6003,7004,5045,
5943,6936,4995,
5885,6865,4944,
5827,6798,4897,
5770,6729,4845,
5713,6662,4796,
5659,6600,4753,
5604,6539,4712,
5549,6477,4665,
5496,6412,4621,
5442,6348,4577,
5390,6289,4531,
5336,6226,4485,
5286,6167,4441,
5234,6108,4398,
5185,6047,4357,
5135,5992,4315,
5085,5934,4274,
5036,5879,4234,
4989,5821,4195,
4942,5766,4152,
4894,5710,4112,
4848,5657,4077,
4802,5603,4035,
4757,5550,3995,
4713,5498,3960,
4668,5448,3922,
4624,5395,3883,
4580,5343,3849,
4538,5294,3816,
4496,5246,3779,
4453,5195,3744,
4412,5145,3710,
4371,5100,3677,
4330,5055,3643,
4290,5006,3609,
4249,4961,3576,
4210,4913,3542,
4171,4865,3504,
4132,4819,3472,
4093,4773,3441,
4056,4730,3411,
4019,4686,3380,
3981,4645,3347,
3944,4600,3315,
3908,4558,3283,
3871,4516,3254,
3836,4477,3223,
3800,4434,3194,
3766,4394,3169,
3731,4353,3138,
3697,4314,3109,
3663,4275,3084,
3630,4237,3056,
3596,4199,3031,
3564,4158,3000,
3532,4118,2969,
3499,4080,2939,
3468,4043,2913,
3437,4006,2887,
3406,3972,2864,
3374,3936,2839,
3343,3900,2813,
3313,3863,2787,
3283,3828,2762,
3252,3794,2734,
3223,3760,2713,
3193,3726,2689,
3164,3690,2663,
3136,3657,2639,
3108,3625,2615,
3080,3592,2588,
3052,3562,2569,
3025,3529,2548,
2998,3497,2522,
2972,3467,2499,
2944,3434,2474,
2918,3402,2452,
2892,3371,2430,
2866,3341,2410,
2839,3311,2390,
2815,3281,2368,
2789,3252,2348,
2764,3223,2327,
2739,3192,2305,
2715,3166,2287,
2691,3140,2264,
2667,3112,2244,
2644,3086,2228,
2620,3058,2208,
2598,3032,2190,
2574,3007,2169,
2551,2975,2148,
2529,2947,2126,
2507,2923,2107,
2484,2896,2088,
2463,2869,2068,
2441,2844,2050,
2420,2822,2033,
2398,2796,2016,
2377,2770,1999,
2357,2747,1983,
2336,2723,1967,
2316,2700,1949,
2296,2677,1933,
2275,2655,1917,
2256,2633,1901,
2237,2610,1886,
2217,2601,1884,
2198,2585,1879,
2179,2554,1849,
2159,2525,1826,
2141,2500,1808,
2122,2476,1788,
2104,2453,1773,
2085,2432,1759,
2068,2408,1744,
2050,2388,1727,
2032,2367,1711,
2014,2347,1696,
1998,2327,1681,
1980,2302,1659,
1963,2277,1639,
1946,2259,1629,
1930,2245,1622,
1913,2229,1611,
1897,2211,1597,
1881,2190,1583,
1864,2173,1570,
1849,2152,1552,
1833,2134,1541,
1817,2115,1527,
1802,2098,1515,
1787,2080,1502,
1772,2063,1490,
1757,2046,1477,
1742,2027,1466,
1727,2011,1457,
1713,1997,1444,
1698,1980,1432,
1684,1962,1415,
1670,1945,1405,
1656,1928,1395,
1641,1913,1384,
1628,1897,1372,
1613,1882,1362,
1601,1864,1349,
1586,1847,1335,
1574,1831,1323,
1560,1817,1310,
1548,1801,1301,
1534,1787,1291,
1522,1773,1281,
1508,1758,1269,
1497,1742,1262,
1484,1727,1250,
1471,1714,1239,
1460,1699,1229,
1448,1685,1220,
1435,1670,1208,
1424,1657,1199,
1412,1644,1190,
1401,1630,1179,
1389,1619,1171,
1378,1604,1161,
1367,1589,1148,
1355,1576,1139,
1344,1563,1129,
1334,1550,1120,
1323,1539,1116,
1312,1527,1104,
1302,1513,1094,
1291,1502,1086,
1280,1489,1076,
1270,1477,1068,
1260,1467,1062,
1249,1454,1051,
1240,1443,1043,
1229,1432,1036,
1220,1420,1029,
1210,1409,1020,
1200,1399,1013,
1191,1387,1003,
1181,1375,995,
1172,1363,986,
1163,1353,978,
1154,1341,972,
1144,1331,964,
1136,1321,957,
1126,1308,949,
1118,1299,941,
1109,1291,934,
1099,1279,928,
1092,1268,917,
1082,1260,909,
1074,1249,902,
1065,1237,895,
1058,1231,891,
1048,1220,884,
1041,1212,879,
1033,1202,871,
1024,1191,862,
1017,1181,856,
1009,1171,846,
1001,1161,840,
993,1153,833,
986,1146,830,
979,1137,824,
971,1129,819,
964,1120,812,
956,1110,804,
949,1104,798,
943,1096,793,
934,1087,786,
928,1078,782,
921,1072,778,
913,1062,770,
907,1056,766,
900,1047,759,
893,1038,753,
887,1028,746,
880,1020,741,
873,1014,734,
867,1006,728,
860,999,724,
855,991,719,
847,983,714,
842,976,709,
835,971,704,
830,963,699,
823,955,694,
817,949,688,
812,941,681,
805,936,678,
799,929,676,
794,923,671,
787,916,665,
782,906,657,
776,899,651,
770,894,646,
765,884,639,
759,880,635,
754,876,633,
748,869,629,
743,864,626,
738,856,621,
733,851,616,
727,845,614,
722,839,608,
718,832,603,
712,826,601,
708,821,599,
702,815,592,
697,810,589,
693,805,583,
688,799,579,
683,791,573,
678,785,569,
674,778,563,
669,775,561,
664,770,558,
659,764,555,
655,758,551,
651,754,548,
646,749,543,
642,745,541,
637,738,537,
633,733,532,
629,728,530,
624,723,527,
620,720,525,
616,715,523,
611,709,517,
608,704,512,
603,697,508,
599,693,504,
595,688,500,
591,684,495,
587,678,492,
583,674,490,
580,668,486,
575,666,483,
572,660,481,
568,657,478,
564,652,475,
561,648,471,
556,644,469,
554,642,468,
549,637,465,
546,633,461,
542,630,459,
539,625,455,
535,618,450,
532,615,447,
528,609,443,
525,605,440,
521,602,439,
518,599,437,
515,595,433,
512,591,430,
508,588,428,
505,583,424,
502,580,423,
499,576,421,
495,572,417,
493,570,414,
489,566,414,
487,563,411,
483,562,410,
480,556,404,
477,550,399,
474,545,396,
472,543,393,
468,537,391,
465,535,389,
463,533,388,
459,529,385,
457,528,386,
454,525,382,
451,520,380,
449,518,376,
446,514,375,
443,510,373,
441,509,372,
438,508,372,
436,505,369,
432,502,369,
431,499,365,
428,493,359,
425,490,357,
423,485,352,
420,482,350,
418,481,350,
415,478,350,
413,475,348,
410,472,345,
409,471,343,
405,468,340,
404,464,340,
401,463,338,
399,459,335,
396,457,334,
395,457,334,
392,454,331,
390,452,329,
387,448,327,
386,444,325,
383,439,321,
382,438,319,
379,435,317,
377,433,316,
375,432,315,
373,429,312,
371,427,312,
370,425,310,
367,423,309,
365,420,307,
363,418,306,
361,416,304,
360,413,303,
357,413,303,
356,411,302,
353,410,303,
352,406,298,
350,403,294,
348,399,290,
346,397,288,
344,393,288,
342,391,286,
341,390,285,
338,389,284,
338,388,284,
335,385,281,
334,384,280,
332,380,277,
330,379,276,
328,376,276,
327,375,273,
326,375,274,
324,374,273,
322,373,272,
320,369,270,
319,367,268,
317,363,265,
316,360,263,
314,358,263,
313,358,262,
311,356,259,
310,355,259,
308,353,256,
307,352,256,
305,350,255,
304,348,254,
302,347,253,
301,344,251,
299,342,249,
298,342,251,
297,342,249,
295,340,251,
294,338,248,
293,337,247,
291,332,243,
290,332,243,
288,329,241,
288,328,241,
286,326,240,
284,325,238,
283,323,237,
282,321,236,
281,321,236,
279,320,235,
279,319,234,
276,316,232,
276,315,231,
275,316,231,
273,315,231,
272,315,230,
271,313,230,
269,309,226,
269,306,223,
267,304,223,
266,302,221,
265,302,220,
264,301,221,
263,299,220,
261,298,220,
260,297,218,
260,296,217,
258,295,215,
257,294,216,
256,293,214,
255,291,213,
254,291,215,
253,291,214,
251,289,213,
251,290,213,
250,286,211,
249,284,208,
248,283,207,
246,280,206,
246,279,205,
245,279,204,
243,278,203,
243,277,204,
242,276,203,
241,275,202,
239,275,201,
239,274,200,
238,272,199,
238,270,199,
236,270,199,
235,270,199,
235,269,198,
233,269,199,
233,267,196,
232,264,193,
230,262,192,
231,262,191,
229,260,190,
228,259,189,
227,259,190,
227,257,190,
226,258,190,
225,256,188,
224,255,188,
224,254,186,
222,254,184,
222,252,185,
221,251,186,
220,251,187,
220,252,187,
219,250,185,
218,249,182,
217,245,181,
216,245,179,
216,243,180,
215,243,178,
214,242,179,
213,242,176,
213,241,178,
212,242,179,
211,239,176,
211,239,176,
210,237,173,
209,237,174,
208,237,175,
208,235,174,
207,237,176,
207,236,174,
205,237,177,
206,235,173,
204,234,173,
204,230,170,
203,229,169,
203,227,167,
201,228,167,
202,227,168,
200,227,167,
200,226,168,
199,225,167,
199,225,166,
198,224,166,
198,226,166,
197,223,164,
196,222,164,
196,224,165,
195,222,165,
194,223,166,
194,222,164,
194,219,161,
192,217,159,
193,217,161,
191,217,160,
191,215,159,
191,215,159,
190,215,159,
190,214,159,
188,214,159,
189,214,159,
188,213,156,
187,211,157,
187,210,156,
186,211,156,
186,213,159,
186,210,157,
184,211,157,
185,210,156,
184,208,153,
183,205,151,
183,206,151,
182,204,149,
182,205,150,
181,205,151,
181,204,151,
180,203,150,
180,203,150,
179,203,149,
179,203,149,
179,201,150,
178,201,149,
177,199,147,
177,201,149,
177,201,149,
176,201,150,
176,201,149,
175,198,147,
175,196,144,
174,195,144,
174,194,142,
174,194,142,
173,194,144,
173,194,143,
172,194,143,
172,193,143,
172,194,144,
171,194,143,
171,192,141,
170,193,143,
170,192,142,
170,192,143,
169,192,142,
169,193,143,
168,192,143,
168,191,142,
167,188,138,
167,188,139,
167,187,137,
166,185,137,
166,186,137,
166,188,139,
165,187,139,
165,187,139,
165,186,138,
164,185,140,
164,184,138,
163,184,137,
163,183,136,
163,183,137,
162,184,137,
162,185,137,
162,184,137,
161,182,135,
161,180,133,
160,179,133,
160,178,133,
160,179,133,
160,180,135,
159,178,133,
159,178,132,
159,177,133,
158,178,133,
158,179,132,
158,176,133,
157,175,132,
157,176,130,
157,175,130,
157,178,131,
156,176,131,
156,178,134,
155,175,132,
155,174,129,
155,173,128,
155,172,128,
154,171,127,
154,172,127,
154,171,127,
153,172,127,
153,171,128,
153,172,127,
152,171,127,
153,171,127,
152,170,127,
151,170,128,
152,170,127,
151,172,128,
151,171,130,
151,172,129,
150,170,128,
150,169,125,
150,166,123,
150,166,124,
149,165,124,
149,167,124,
149,166,125,
148,166,124,
149,165,124,
148,166,124,
148,166,124,
147,165,123,
148,165,122,
147,166,123,
147,166,123,
146,167,124,
147,166,123,
146,166,123,
146,164,123,
145,164,121,
146,162,120,
145,161,119,
145,159,117,
144,160,119,
145,161,120,
144,161,120,
144,161,120,
144,161,119,
144,161,119,
143,162,120,
143,161,120,
143,161,118,
143,159,119,
143,161,119,
142,161,121,
142,163,121,
142,161,121,
142,160,119,
141,156,116,
142,157,116,
141,155,115,
141,156,116,
140,157,116,
141,157,117,
140,157,117,
140,156,116,
140,157,118,
140,156,117,
139,157,117,
140,156,117,
139,155,118,
138,157,118,
139,157,118,
139,158,119,
138,157,118,
138,156,117,
138,154,114,
138,153,114,
138,151,112,
137,151,112,
137,153,111,
137,152,113,
137,154,114,
137,152,114,
136,151,113,
136,152,114,
136,153,114,
136,151,113,
136,153,114,
136,152,115,
135,152,114,
136,153,116,
135,154,116,
134,152,114,
135,150,111,
135,148,112,
134,147,111,
134,149,112,
134,149,111,
134,149,112,
134,150,112,
133,148,110,
134,149,111,
133,149,111,
133,147,110,
133,148,111,
133,149,110,
132,149,111,
133,149,112,
132,151,114,
132,149,112,
132,147,111,
132,145,108,
132,144,108,
131,144,108,
131,144,108,
132,145,109,
131,145,108,
131,145,108,
131,146,108,
130,144,108,
131,144,107,
130,146,108,
130,145,108,
130,145,108,
130,146,109,
130,147,109,
130,146,110,
129,145,110,
129,146,108,
129,145,106,
130,143,108,
128,142,106,
129,142,107,
129,143,107,
128,143,106,
129,142,107,
128,143,107,
128,143,108,
128,143,107,
128,143,108,
128,143,107,
127,141,106,
128,142,106,
127,144,107,
127,144,108,
128,145,110,
127,143,108,
126,140,105,
127,139,104,
127,140,104,
126,140,105,
126,140,104,
127,140,105,
126,141,105,
126,140,104,
126,139,105,
125,140,105,
126,140,105,
125,139,105,
126,139,104,
125,139,106,
125,141,107,
125,140,106,
126,141,106,
124,140,106,
125,139,104,
125,138,103,
124,137,103,
125,135,102,
124,137,103,
124,137,103,
124,138,104,
124,139,105,
124,138,104,
124,137,102,
123,137,102,
124,137,102,
123,139,103,
124,137,103,
123,140,106,
123,140,106,
123,140,105,
123,138,103,
123,138,102,
123,136,101,
122,136,101,
123,135,99,
122,134,101,
123,134,100,
122,135,101,
122,135,101,
122,136,102,
122,135,103,
122,135,101,
122,136,102,
121,133,100,
122,135,101,
121,137,104,
121,136,101,
122,137,104,
121,137,103,
121,135,102,
121,133,100,
121,134,101,
120,133,98,
121,133,99,
121,133,100,
120,134,101,
120,134,100,
121,133,99,
120,132,101,
120,133,101,
120,133,99,
120,133,100,
120,132,100,
120,135,101,
120,132,98,
119,132,98,
120,132,99,
119,133,99,
120,131,97,
119,130,98,
119,129,96,
119,132,98,
119,129,98,
119,131,97,
119,131,98,
118,130,99,
119,131,97,
118,131,99,
119,131,96,
118,131,98,
119,132,98,
118,134,99,
118,132,99,
118,133,101,
119,132,100,
117,132,99,
118,130,96,
118,131,97,
118,129,96,
117,128,96,
118,130,97,
117,129,97,
117,131,98,
118,131,100,
117,129,98,
117,130,96,
117,129,97,
117,129,96,
117,129,97,
117,131,99,
117,132,100,
116,131,100,
117,131,100,
117,130,99,
116,129,97,
117,128,97,
116,127,93,
116,128,94,
116,127,95,
116,128,95,
116,128,96,
116,128,97,
116,127,96,
116,128,95,
116,128,96,
116,129,96,
115,128,95,
116,128,95,
115,127,97,
115,128,97,
116,129,99,
115,129,97,
115,126,95,
115,127,94,
115,126,94,
115,126,95,
115,126,94,
115,127,95,
114,127,96,
115,126,94,
115,126,93,
114,127,95,
115,127,96,
114,126,95,
114,127,95,
115,128,95,
114,129,97,
114,127,97,
114,128,98,
114,127,97,
114,126,93,
114,126,93,
114,125,93,
114,125,93,
113,125,93,
114,125,94,
114,125,95,
113,125,96,
114,125,95,
113,125,95,
113,124,93,
114,123,92,
113,125,93,
113,125,95,
113,129,98,
113,128,97,
113,127,97,
113,128,96,
113,125,94,
113,124,95,
113,125,93,
113,124,93,
112,123,92,
113,123,92,
112,123,93,
113,124,93,
112,123,93,
113,123,94,
112,123,92,
112,122,92,
113,123,93,
112,124,94,
112,126,94,
112,125,95,
112,126,95,
112,125,95,
112,124,94,
112,124,91,
112,123,93,
111,122,92,
112,122,92,
112,123,93,
111,123,94,
112,123,93,
111,123,93,
112,124,93,
111,123,92,
111,124,92,
112,124,92,
111,124,92,
111,125,94,
111,124,93,
111,125,94,
111,125,95,
111,124,94,
111,121,91,
111,121,90,
110,121,89,
111,121,91,
111,122,94,
110,122,94,
111,121,91,
111,121,91,
110,120,91,
111,121,91,
110,120,91,
110,122,93,
111,121,92,
110,124,93,
110,123,94,
110,123,94,
110,123,94,
110,122,91,
110,121,89,
110,121,91,
110,119,89,
110,120,89,
110,122,91,
109,121,90,
110,121,91,
110,122,91,
109,122,91,
110,121,92,
109,122,90,
110,121,91,
109,121,92,
109,121,94,
110,122,93,
109,123,93,
109,124,94,
110,122,91,
109,120,89,
109,120,90,
109,118,89,
109,118,89,
109,119,90,
109,120,91,
109,120,90,
109,120,90,
108,119,89,
109,120,89,
109,121,89,
109,120,90,
108,119,90,
109,122,92,
108,120,92,
109,121,91,
108,122,94,
109,121,92,
108,119,90,
108,118,90,
109,117,87,
108,117,88,
108,118,89,
108,119,90,
109,118,90,
108,119,89,
108,119,90,
108,119,90,
108,119,91,
108,119,90,
108,119,91,
107,121,92,
108,121,93,
108,122,92,
108,121,93,
108,121,91,
107,117,89,
108,119,89,
107,117,88,
108,117,86,
107,118,87,
108,118,88,
107,117,87,
107,118,90,
108,119,90,
107,119,89,
107,117,88,
108,117,88,
107,118,89,
107,119,90,
107,120,92,
107,121,92,
107,120,91,
107,120,91,
107,117,89,
107,118,89,
107,117,88,
106,116,88,
107,116,87,
107,115,87,
107,116,88,
106,117,90,
107,118,91,
107,117,89,
106,117,89,
107,117,88,
106,117,89,
107,118,88,
106,120,91,
107,120,92,
106,120,92,
107,118,91,
106,117,89,
106,116,88,
106,116,86,
106,115,84,
107,115,87,
106,116,88,
106,117,89,
106,117,88,
106,117,89,
106,116,87,
106,117,87,
106,117,88,
106,117,88,
106,117,89,
105,118,90,
106,118,89,
106,119,91,
106,118,90,
105,117,90,
106,115,87,
106,115,87,
105,113,85,
106,115,87,
105,116,88,
106,116,88,
105,116,88,
106,115,88,
105,117,88,
105,116,88,
106,116,87,
105,116,88,
105,116,87,
106,117,89,
105,117,90,
105,119,92,
105,119,89,
105,117,88,
105,114,86,
105,115,86,
105,113,84,
105,114,86,
105,127,100,
106,130,105,
105,124,96,
105,119,92,
104,118,89,
105,114,86,
105,109,80,
104,105,77,
105,109,80,
105,114,87,
104,114,87,
105,116,89,
105,116,88,
104,115,87,
105,113,86,
104,115,87,
105,113,84,
104,113,86,
104,113,85,
105,114,86,
104,115,86,
104,115,86,
105,115,87,
104,115,88,
104,115,86,
105,114,86,
104,115,86,
104,116,87,
104,116,88,
104,118,90,
104,117,89,
104,117,88,
104,114,86,
104,115,86,
104,113,85,
104,112,85,
104,114,85,
104,114,86,
104,114,85,
103,114,86,
104,113,86,
104,114,87,
104,114,87,
103,115,87,
104,114,86,
104,115,87,
103,116,88,
104,115,89,
104,116,88,
103,115,88,
104,113,86,
103,112,85,
104,111,83,
103,111,83,
103,112,84,
104,113,87,
103,114,87,
103,114,88,
104,114,85,
103,113,85,
103,113,88,
104,114,85,
103,115,87,
103,114,87,
103,115,87,
103,115,87,
104,116,88,
103,114,87,
103,114,86,
103,114,87,
103,110,84,
103,110,84,
103,112,84,
103,113,85,
103,114,86,
102,114,87,
103,113,85,
103,112,84,
103,113,83,
103,114,86,
102,113,85,
103,114,87,
103,115,87,
103,115,86,
102,114,87,
103,114,86,
102,113,86,
103,112,86,
102,112,83,
103,111,84,
102,113,86,
103,111,84,
102,113,83,
103,112,85,
102,113,86,
102,112,85,
102,112,85,
103,113,84,
102,112,85,
102,112,85,
102,114,87,
102,114,88,
103,116,89,
102,114,87,
102,112,86,
102,110,83,
102,112,84,
102,111,83,
102,112,83,
102,111,84,
102,112,83,
102,113,85,
102,112,86,
102,112,86,
102,113,84,
102,112,85,
102,112,85,
102,113,85,
102,114,85,
101,113,85,
102,115,87,
102,113,85,
102,112,84,
102,112,83,
101,110,84,
102,109,82,
102,111,83,
101,111,83,
102,111,84,
101,111,85,
102,112,85,
101,111,85,
102,112,84,
101,111,86,
102,112,85,
101,112,84,
102,113,87,
101,113,85,
102,114,88,
101,113,86,
101,112,86,
102,109,82,
101,110,83,
101,108,80,
101,109,83,
101,111,84,
102,111,83,
101,110,84,
101,112,84,
101,111,84,
101,110,83,
101,111,84,
101,111,84,
101,112,83,
101,113,85,
101,113,87,
101,115,86,
101,114,86,
101,112,83,
101,109,83,
101,110,81,
101,108,81,
101,109,81,
100,109,83,
101,109,83,
101,111,83,
101,110,84,
100,112,84,
101,110,83,
101,110,84,
100,110,83,
101,111,83,
101,112,85,
100,112,86,
101,113,88,
101,113,86,
100,111,85,
101,110,83,
100,110,84,
101,109,82,
100,109,81,
101,109,82,
100,111,84,
101,110,83,
100,112,83,
100,111,83,
101,110,84,
100,110,85,
100,110,82,
101,109,83,
100,112,85,
100,111,85,
100,112,86,
101,113,86,
100,111,86,
100,109,83,
100,109,81,
100,108,81,
100,109,81,
100,110,82,
100,109,83,
100,110,83,
100,111,82,
101,110,82,
100,110,83,
100,110,82,
99,110,83,
100,111,84,
100,111,84,
100,112,86,
100,113,86,
100,112,86,
100,111,85,
100,109,83,
100,109,82,
99,108,81,
100,108,81,
100,108,82,
100,109,82,
99,109,81,
100,110,85,
100,110,85,
100,110,82,
99,109,80,
100,109,82,
99,110,83,
100,109,84,
100,111,86,
99,111,84,
100,111,86,
99,111,85,
100,109,83,
99,109,82,
100,108,80,
99,107,80,
100,107,82,
99,108,83,
100,108,82,
99,108,82,
100,109,81,
99,109,83,
99,108,83,
100,109,84,
99,110,84,
99,109,83,
99,109,84,
100,110,85,
99,112,86,
99,110,83,
99,109,84,
100,108,82,
99,107,79,
99,106,79,
99,110,82,
99,109,83,
99,108,83,
99,109,82,
100,108,82,
99,109,82,
99,110,83,
99,108,84,
99,108,83,
99,108,83,
99,109,84,
99,110,85,
99,113,86,
98,110,84,
99,110,84,
99,107,81,
99,105,80,
99,105,78,
99,107,81,
99,108,82,
99,108,83,
98,109,84,
99,110,82,
99,108,82,
99,107,81,
99,108,81,
98,108,83,
99,108,81,
99,110,84,
98,110,83,
99,111,85,
99,109,83,
99,108,82,
98,107,80,
99,107,82,
98,106,79,
99,108,81,
98,108,82,
99,109,81,
99,109,81,
98,108,81,
99,109,82,
98,108,81,
99,108,81,
98,109,82,
99,108,83,
98,110,83,
99,109,83,
98,110,86,
98,110,84,
99,109,84,
98,105,82,
98,107,82,
99,105,80,
98,108,82,
98,108,83,
99,108,83,
98,106,83,
98,107,83,
98,108,81,
99,108,83,
98,109,81,
98,107,81,
98,108,82,
98,109,84,
98,109,83,
99,110,86,
98,110,84,
98,109,83,
98,106,80,
98,107,79,
98,105,78,
98,106,80,
98,108,82,
98,107,82,
98,108,82,
98,108,84,
98,108,81,
98,107,82,
97,108,83,
98,108,81,
98,108,82,
98,108,81,
98,108,82,
98,109,82,
98,110,83,
98,110,84,
97,108,82,
98,107,81,
98,103,79,
98,105,79,
97,105,81,
98,107,81,
98,107,81,
97,106,81,
98,107,80,
98,106,81,
98,107,82,
97,107,83,
98,108,80,
98,108,82,
97,108,84,
98,109,82,
98,109,84,
97,109,83,
98,107,82,
97,106,81,
98,105,78,
97,105,79,
98,106,80,
97,107,81,
98,108,81,
97,107,82,
98,107,81,
97,107,81,
98,108,81,
97,108,83,
97,107,80,
98,107,82,
97,109,83,
98,108,84,
97,109,83,
97,108,82,
97,107,80,
98,105,79,
97,106,79,
97,104,78,
98,106,79,
97,107,81,
97,107,82,
97,108,82,
97,107,80,
97,106,81,
97,106,80,
98,107,81,
97,107,81,
97,105,82,
97,108,83,
97,107,83,
97,108,84,
98,108,82,
97,107,80,
97,105,79,
97,105,78,
97,103,77,
97,105,80,
97,106,82,
97,106,83,
97,106,81,
97,106,82,
97,107,82,
97,107,81,
97,108,81,
97,106,81,
97,106,81,
97,107,82,
97,108,82,
96,109,84,
97,108,83,
97,107,80,
97,105,79,
97,105,80,
96,104,78,
97,105,79,
97,105,78,
97,105,81,
97,106,81,
96,106,80,
97,106,80,
97,105,80,
97,106,80,
96,107,80,
97,106,80,
97,108,81,
96,106,80,
97,109,84,
96,108,82,
97,107,81,
97,106,77,
96,105,79,
97,104,77,
96,105,79,
97,106,80,
97,106,79,
96,106,81,
97,105,80,
96,106,81,
97,106,80,
96,105,79,
97,106,79,
96,105,80,
97,107,82,
96,107,82,
97,110,84,
96,108,82,
97,107,80,
96,104,79,
96,105,78,
97,103,77,
96,104,79,
96,105,80,
97,105,79,
96,105,79,
96,105,79,
97,105,80,
96,105,79,
96,106,80,
97,106,80,
96,106,79,
96,107,81,
97,107,82,
96,107,83,
96,108,84,
97,107,83,
96,105,80,
96,105,81,
96,103,78,
96,103,78,
97,106,79,
96,105,79,
96,106,80,
96,105,80,
96,105,79,
96,104,79,
96,105,80,
96,105,80,
96,105,80,
97,105,80,
96,107,82,
96,107,81,
96,107,83,
96,107,82,
96,105,80,
96,105,79,
96,103,78,
96,104,77,
96,104,78,
96,105,79,
96,104,79,
96,105,80,
96,105,79,
96,104,79,
96,105,79,
96,105,78,
96,104,78,
96,106,81,
95,106,83,
96,107,83,
96,108,82,
96,106,81,
96,109,84,
96,112,87,
96,106,80,
96,105,80,
96,105,81,
95,106,80,
96,105,81,
96,106,80,
95,105,80,
96,103,78,
96,103,76,
95,103,75,
96,103,77,
96,104,78,
95,107,80,
96,105,81,
96,106,83,
95,107,81,
96,105,80,
96,103,78,
95,102,76,
96,102,76,
95,104,77,
96,104,79,
96,105,80,
95,104,80,
96,105,79,
95,105,80,
96,105,79,
95,105,80,
96,104,78,
95,104,79,
95,106,82,
96,105,80,
95,106,83,
96,106,80,
95,104,79,
95,103,78,
96,104,78,
95,103,77,
95,103,77,
96,103,79,
95,104,80,
96,104,80,
95,105,79,
95,104,78,
96,103,79,
95,104,80,
96,103,79,
95,103,79,
95,106,82,
95,105,82,
96,108,83,
95,105,81,
95,105,79,
96,103,79,
95,103,77,
95,103,77,
95,103,77,
95,104,78,
96,104,78,
95,104,79,
95,105,79,
95,104,78,
95,104,79,
95,104,80,
96,103,79,
95,103,78,
95,106,80,
95,105,81,
95,106,81,
95,106,82,
95,104,79,
95,103,79,
96,102,77,
95,101,74,
95,103,77,
95,103,77,
95,104,80,
95,104,79,
95,104,78,
95,105,79,
95,104,80,
95,105,79,
95,104,80,
95,104,80,
95,105,81,
95,106,82,
94,106,81,
95,105,81,
95,105,80,
95,102,77,
95,103,78,
95,102,77,
95,102,78,
95,103,77,
95,102,77,
95,103,78,
95,102,79,
94,103,78,
95,102,78,
95,103,79,
95,103,81,
95,104,79,
95,105,81,
95,106,81,
95,106,83,
94,104,80,
95,105,79,
95,102,77,
95,103,77,
94,101,77,
95,101,77,
95,103,79,
95,104,78,
95,103,77,
94,104,79,
95,103,77,
95,103,78,
94,103,79,
95,104,79,
95,103,79,
94,105,80,
95,105,81,
95,105,81,
94,106,81,
95,105,81,
95,102,78,
94,102,78,
95,100,76,
94,102,76,
95,104,78,
95,103,79,
94,103,79,
95,103,79,
94,102,80,
95,103,79,
95,104,79,
94,104,80,
95,103,78,
94,103,77,
95,105,80,
94,106,82,
95,106,82,
94,105,81,
95,103,78,
94,102,77,
94,100,76,
95,103,77,
94,103,79,
95,103,78,
94,102,78,
94,101,75,
95,100,76,
94,102,77,
94,102,78,
95,102,78,
94,104,78,
94,104,79,
95,104,81,
94,106,81,
95,106,81,
94,105,81,
94,103,78,
94,102,77,
95,101,77,
94,101,76,
94,102,77,
95,103,78,
94,104,78,
94,103,78,
94,102,78,
95,102,78,
94,103,79,
94,104,79,
94,104,77,
95,103,78,
94,104,79,
94,105,79,
94,105,80,
95,105,80,
94,104,79,
94,102,76,
94,101,76,
94,100,75,
94,102,77,
94,103,78,
95,103,78,
94,103,78,
94,103,78,
94,102,78,
94,103,79,
94,104,79,
94,102,78,
94,103,76,
94,104,80,
94,104,79,
94,104,80,
94,104,80,
94,104,80,
94,102,77,
94,102,77,
94,101,76,
94,102,77,
94,102,78,
94,102,77,
94,102,78,
94,103,78,
94,102,78,
94,103,77,
94,103,78,
94,103,77,
94,103,77,
94,103,79,
94,105,79,
94,105,80,
94,104,80,
94,103,79,
94,101,76,
94,101,77,
93,101,75,
94,102,76,
94,102,77,
94,102,76,
94,102,78,
93,102,77,
94,101,78,
94,102,79,
94,102,77,
94,103,78,
93,102,77,
94,103,79,
94,105,80,
94,105,81,
94,104,80,
93,102,79,
94,101,77,
94,102,78,
94,101,74,
93,102,76,
94,102,78,
94,102,79,
94,102,78,
93,102,77,
94,102,78,
94,103,78,
93,104,79,
94,103,78,
94,101,79,
93,104,79,
94,104,80,
94,105,82,
94,107,81,
93,104,79,
94,100,76,
93,101,76,
94,101,77,
94,101,77,
93,103,77,
94,102,77,
93,102,77,
94,102,78,
93,102,78,
94,103,79,
93,104,80,
94,102,79,
93,102,77,
94,103,80,
93,105,81,
94,106,81,
94,104,81,
93,104,78,
94,101,78,
93,101,76,
94,100,76,
93,100,76,
94,101,77,
93,101,76,
93,101,78,
94,103,80,
93,103,79,
94,101,77,
93,102,77,
94,102,76,
93,101,77,
94,103,77,
93,106,80,
93,104,79,
94,106,81,
93,104,79,
93,102,78,
94,102,76,
93,100,75,
93,100,74,
94,100,75,
93,102,77,
93,101,77,
93,102,77,
94,101,76,
93,102,77,
93,101,77,
94,103,77,
93,102,78,
93,101,77,
94,104,80,
93,103,79,
93,104,80,
94,104,79,
93,102,79,
93,102,77,
93,102,76,
94,101,77,
93,101,77,
93,101,76,
93,101,77,
94,102,79,
93,103,77,
93,102,77,
93,101,77,
93,102,78,
93,102,78,
93,102,78,
94,104,80,
93,104,80,
93,104,80,
93,105,80,
93,103,77,
94,103,78,
93,100,75,
93,100,75,
93,100,76,
93,101,76,
93,101,78,
93,103,78,
93,102,78,
93,102,77,
93,102,77,
94,102,78,
93,101,78,
93,102,78,
93,104,80,
93,104,78,
93,103,79,
93,103,79,
93,101,77,
93,101,76,
93,100,75,
93,99,74,
93,100,76,
93,101,78,
93,100,78,
93,100,77,
93,102,77,
93,102,77,
93,102,78,
93,102,78,
93,101,78,
93,101,76,
93,103,80,
93,104,80,
93,104,81,
92,103,79,
93,100,77,
93,100,76,
93,100,77,
93,100,76,
93,100,77,
93,101,76,
93,100,76,
92,100,75,
93,102,78,
93,101,76,
93,101,76,
93,101,77,
93,101,77,
92,101,78,
93,103,77,
93,103,80,
93,104,79,
93,103,80,
93,103,77,
92,101,76,
93,100,76,
93,101,76,
93,100,75,
92,102,76,
93,101,77,
93,102,78,
93,101,76,
92,101,77,
93,101,77,
93,100,77,
92,101,76,
93,102,77,
93,103,79,
93,104,80,
92,104,81,
93,103,80,
93,102,80,
92,101,76,
93,100,76,
93,98,75,
92,99,76,
93,101,78,
93,101,78,
92,101,76,
93,101,76,
93,101,76,
92,101,76,
93,102,78,
92,102,78,
93,100,77,
93,102,78,
92,103,80,
93,104,80,
92,103,79,
93,102,78,
93,100,75,
92,100,76,
93,98,74,
92,99,74,
93,99,75,
92,100,76,
93,102,77,
93,102,78,
92,102,78,
93,102,76,
92,101,78,
93,102,77,
92,101,78,
93,103,78,
92,102,77,
93,102,78,
92,102,79,
93,103,80,
92,101,77,
93,100,75,
92,98,73,
93,100,75,
92,99,76,
92,101,76,
93,100,76,
92,100,76,
93,100,75,
92,100,76,
92,101,77,
93,100,77,
92,101,77,
93,101,78,
92,102,80,
92,103,80,
93,103,79,
92,103,79,
93,100,77,
92,99,75,
92,99,75,
93,99,75,
92,101,77,
92,100,78,
93,99,78,
92,101,77,
92,101,77,
92,101,78,
93,100,77,
92,101,75,
92,101,76,
93,101,76,
92,102,79,
93,102,79,
92,103,80,
92,103,80,
92,102,77,
93,100,75,
92,99,74,
92,99,75,
92,100,75,
93,100,74,
92,101,76,
92,101,77,
92,101,77,
93,100,77,
92,101,76,
92,102,78,
92,100,77,
93,101,77,
92,103,79,
92,103,79,
92,103,79,
92,102,80,
93,101,77,
92,99,75,
92,100,76,
92,97,73,
92,99,74,
92,99,75,
92,100,78,
93,101,77,
92,100,75,
92,99,76,
92,100,76,
92,99,76,
92,101,75,
92,100,77,
93,103,79,
92,102,78,
92,102,79,
92,103,80,
92,102,77,
92,99,74,
92,99,75,
92,99,74,
92,98,75,
92,100,77,
93,100,74,
92,99,76,
92,100,76,
92,100,77,
92,101,77,
92,100,77,
92,100,76,
92,100,77,
92,102,78,
92,102,77,
92,103,78,
92,104,79,
92,102,76,
92,100,73,
92,99,74,
92,99,73,
92,98,75,
92,99,75,
92,100,77,
92,100,78,
92,99,76,
92,101,77,
91,100,76,
92,99,75,
92,101,77,
92,101,76,
92,101,78,
92,102,79,
92,101,77,
92,102,78,
92,101,77,
92,98,74,
92,99,76,
92,98,74,
91,98,75,
92,100,75,
92,99,75,
92,100,75,
92,99,76,
92,100,76,
91,101,76,
92,101,76,
92,100,76,
92,101,76,
92,102,78,
92,102,78,
92,102,79,
91,103,78,
92,101,76,
92,99,74,
92,99,77,
92,99,75,
91,99,74,
92,99,76,
92,99,76,
92,100,77,
91,101,77,
92,100,77,
92,101,76,
92,99,76,
91,99,75,
92,99,76,
92,100,77,
92,102,79,
92,103,78,
91,102,78,
92,101,77,
92,99,74,
91,99,74,
92,100,73,
92,99,75,
92,99,75,
91,100,75,
92,99,76,
92,101,77,
91,101,76,
92,100,76,
92,101,76,
91,100,77,
92,99,77,
92,100,76,
91,101,79,
92,101,77,
92,103,80,
91,101,78,
92,101,74,
92,99,76,
91,97,74,
92,97,73,
91,99,76,
92,100,77,
92,99,75,
91,100,76,
92,100,76,
92,100,76,
91,100,76,
92,101,76,
91,101,76,
92,99,75,
92,103,78,
91,102,78,
92,103,77,
92,102,77,
91,100,75,
92,98,73,
91,99,75,
92,97,74,
91,99,75,
92,98,74,
92,100,76,
91,99,77,
92,101,77,
91,100,76,
92,100,76,
91,99,78,
92,99,77,
91,99,75,
92,101,77,
91,102,79,
92,103,79,
91,101,77,
92,100,77,
91,98,76,
92,98,74,
91,97,74,
92,99,75,
91,99,75,
92,100,76,
91,99,75,
92,100,76,
91,101,76,
91,101,77,
92,99,75,
91,100,76,
92,99,76,
91,101,78,
91,101,78,
92,102,78,
91,102,79,
92,102,78,
91,100,76,
92,99,75,
91,97,73,
91,97,75,
92,98,75,
91,99,76,
92,98,76,
91,99,75,
91,99,76,
92,100,75,
91,100,76,
92,101,77,
91,99,77,
91,101,78,
92,102,78,
91,102,80,
91,102,78,
92,101,78,
91,99,76,
91,99,76,
92,98,73,
91,98,74,
91,99,75,
92,99,75,
91,100,75,
91,100,76,
92,99,76,
91,99,75,
91,98,76,
91,98,76,
92,99,75,
91,101,78,
91,101,79,
91,101,78,
92,102,78,
91,100,77,
91,98,73,
91,98,76,
92,97,75,
91,98,74,
91,98,75,
91,98,74,
91,99,76,
92,100,76,
91,101,76,
91,100,75,
91,100,76,
91,100,76,
91,100,76,
92,101,77,
91,104,79,
91,102,79,
91,102,79,
91,99,77,
91,98,74,
92,98,77,
91,98,74,
91,97,75,
91,98,75,
91,98,76,
91,98,76,
91,98,75,
92,99,74,
91,100,75,
91,100,77,
91,100,77,
91,99,77,
91,99,76,
91,101,78,
91,101,79,
92,102,79,
91,101,76,
91,99,76,
91,98,74,
91,97,72,
91,97,74,
91,98,77,
91,99,75,
91,99,75,
91,100,75,
92,99,76,
91,99,77,
91,99,77,
91,99,75,
91,100,75,
91,99,76,
91,101,79,
91,102,78,
91,103,80,
91,101,77,
91,100,76,
91,100,75,
91,99,74,
91,98,74,
91,98,76,
91,98,74,
91,99,74,
91,99,76,
91,100,76,
91,99,76,
91,100,75,
91,98,75,
91,100,74,
91,99,74,
91,100,76,
91,101,78,
91,102,78,
91,101,78,
91,100,77,
91,98,76,
91,98,73,
91,96,73,
91,98,75,
91,101,76,
91,100,76,
91,98,75,
91,98,74,
91,98,75,
91,99,75,
91,99,76,
90,99,76,
91,99,75,
91,100,77,
91,101,76,
91,101,78,
91,102,78,
91,98,76,
91,98,74,
91,98,74,
91,96,73,
90,98,75,
91,98,75,
91,98,75,
91,100,75,
91,99,76,
91,99,76,
91,99,76,
91,98,75,
91,99,75,
91,99,74,
90,101,77,
91,101,77,
91,102,79,
91,101,79,
91,100,78,
91,98,73,
90,97,74,
91,96,73,
91,98,74,
91,98,75,
90,99,75,
91,99,75,
91,99,76,
91,98,74,
91,99,75,
90,99,75,
91,99,75,
91,99,76,
91,100,79,
91,100,78,
91,102,78,
90,101,79,
91,100,78,
91,98,76,
91,100,77,
90,97,74,
91,98,74,
91,99,74,
91,99,76,
90,98,76,
91,99,77,
91,99,75,
90,99,76,
91,97,75,
91,100,76,
90,100,76,
91,100,76,
91,101,77,
91,102,79,
90,103,78,
91,100,79,
91,99,75,
90,98,73,
91,96,72,
90,96,73,
91,99,75,
91,99,74,
90,98,76,
91,98,76,
90,98,75,
91,99,74,
91,99,76,
90,98,76,
91,97,76,
91,99,76,
90,100,76,
91,101,78,
91,101,78,
90,100,79,
91,99,76,
90,99,75,
91,97,74,
91,96,73,
90,97,74,
91,97,74,
91,98,76,
90,99,77,
91,99,76,
90,97,74,
91,98,75,
91,100,75,
90,99,77,
91,100,76,
91,101,77,
90,101,77,
91,101,76,
90,102,78,
91,99,77,
90,100,75,
91,97,74,
91,96,74,
90,98,73,
91,99,75,
90,99,76,
91,99,76,
90,99,76,
91,98,76,
90,97,75,
91,99,77,
90,99,76,
91,98,76,
90,100,78,
91,101,78,
90,101,78,
91,101,77,
90,99,76,
91,97,74,
90,98,75,
91,97,74,
90,100,75,
91,98,75,
90,98,73,
91,99,76,
90,99,77,
91,99,78,
90,100,78,
91,99,77,
90,98,77,
91,100,79,
90,101,83,
91,102,82,
90,102,84,
91,99,82,
90,98,81,
91,98,79,
90,97,82,
91,97,81,
90,98,82,
90,98,83,
91,98,83,
90,98,84,
91,99,87,
90,98,87,
91,98,87,
90,99,87,
91,98,87,
90,99,88,
91,100,90,
90,101,92,
91,102,95,
91,101,94,
90,100,92,
91,98,90,
90,99,90,
91,96,88,
90,98,91,
91,97,92,
90,98,91,
91,99,92,
90,99,92,
91,99,93,
90,98,94,
91,98,91,
91,100,93,
90,98,94,
91,100,93,
90,100,95,
91,100,94,
91,100,94,
91,100,94,
90,99,92,
91,99,91,
91,96,91,
90,98,94,
91,98,92,
91,99,92,
90,99,92,
91,99,91,
91,100,91,
91,99,92,
90,98,91,
91,97,90,
91,99,88,
90,99,91,
91,100,91,
91,102,93,
90,102,92,
91,100,89,
91,98,87,
90,98,86,
91,97,85,
91,96,85,
90,97,87,
91,97,86,
90,98,86,
91,99,85,
91,99,86,
90,99,86,
91,100,86,
90,99,85,
91,99,84,
91,99,86,
90,100,87,
91,101,86,
90,101,86,
91,100,84,
90,98,82,
91,98,84,
90,96,80,
91,96,79,
90,97,82,
91,98,82,
90,98,82,
91,98,82,
90,97,82,
91,98,82,
90,97,81,
90,98,81,
91,99,83,
90,100,83,
91,102,84,
90,101,84,
91,101,83,
90,100,82,
90,99,80,
91,98,79,
90,97,78,
91,97,76,
90,97,79,
90,97,78,
91,97,80,
90,98,80,
90,98,79,
91,99,81,
90,98,79,
90,99,79,
90,99,79,
91,99,81,
90,100,80,
90,100,79,
91,102,81,
90,100,80,
90,99,79,
91,97,78,
90,98,77,
90,96,77,
90,98,77,
91,98,79,
90,98,77,
90,98,77,
90,99,78,
91,97,76,
90,98,77,
90,99,79,
90,99,78,
91,98,77,
90,100,81,
90,100,81,
90,101,81,
91,100,80,
90,98,78,
90,98,78,
90,98,77,
91,95,75,
90,96,75,
90,97,76,
90,97,77,
90,98,77,
90,98,78,
90,97,77,
90,98,78,
90,97,76,
91,98,77,
90,98,77,
90,101,79,
90,99,79,
90,101,80,
90,100,78,
90,99,78,
90,97,75,
91,97,75,
90,95,74,
90,96,77,
90,98,76,
90,97,75,
90,98,76,
90,98,77,
90,99,76,
90,98,76,
91,99,76,
90,98,77,
90,98,76,
90,101,78,
90,100,78,
90,101,79,
90,100,79,
90,98,76,
90,96,74,
90,97,76,
90,96,74,
90,96,75,
90,97,77,
90,98,77,
90,98,76,
90,98,77,
90,99,77,
90,100,78,
90,98,77,
90,99,77,
90,98,75,
90,99,78,
90,100,78,
90,100,79,
90,101,79,
90,99,77,
90,97,75,
90,97,75,
90,96,73,
90,96,72,
90,98,74,
90,97,75,
90,98,76,
90,98,76,
90,98,76,
90,97,76,
90,98,77,
90,98,77,
90,98,77,
90,100,78,
90,101,78,
90,100,78,
90,100,77,
90,100,77,
90,98,74,
90,97,74,
89,96,73,
90,96,75,
90,98,75,
90,97,75,
90,97,74,
90,97,75,
90,99,77,
90,98,77,
90,98,77,
89,99,76,
90,97,76,
90,98,76,
90,99,77,
90,100,80,
90,101,81,
90,100,77,
90,97,74,
89,96,74,
90,95,72,
90,96,74,
90,97,75,
90,97,75,
90,97,75,
90,97,75,
89,98,76,
90,98,75,
90,96,73,
90,98,75,
90,98,75,
90,99,77,
90,99,78,
89,98,76,
90,100,79,
90,100,76,
90,97,76,
90,97,74,
90,96,73,
90,96,74,
89,97,75,
90,97,76,
90,97,75,
90,99,75,
89,97,74,
90,98,74,
90,97,76,
90,99,75,
90,98,76,
89,99,77,
90,99,77,
90,98,77,
90,100,78,
90,100,78,
89,97,75,
90,97,73,
90,97,73,
90,96,71,
89,98,74,
90,98,75,
90,98,75,
90,98,75,
89,97,75,
90,97,74,
90,98,74,
90,97,75,
89,97,74,
90,98,74,
90,99,77,
90,100,76,
89,100,78,
90,99,77,
90,97,75,
90,97,73,
89,96,73,
90,96,73,
90,96,73,
89,98,75,
90,98,76,
90,98,75,
89,99,74,
90,99,75,
90,98,75,
90,97,74,
89,98,73,
90,97,74,
90,99,78,
90,100,77,
89,99,78,
90,100,77,
90,99,76,
89,97,74,
90,98,75,
90,95,72,
89,96,72,
90,97,74,
90,96,75,
89,98,75,
90,98,74,
90,97,75,
89,99,74,
90,98,76,
89,96,74,
90,97,75,
90,99,75,
90,98,75,
89,100,77,
90,99,76,
89,98,75,
90,96,74,
89,96,73,
90,95,71,
90,96,72,
89,97,74,
90,98,74,
89,97,74,
90,97,76,
90,98,74,
89,99,76,
90,98,75,
89,98,74,
90,97,76,
89,99,77,
90,99,78,
89,101,78,
90,100,76,
90,99,77,
89,96,72,
90,97,73,
90,94,73,
89,96,73,
90,97,74,
89,99,74,
90,97,75,
90,98,74,
89,97,75,
90,98,76,
89,97,74,
90,97,73,
89,97,74,
90,98,76,
89,100,77,
90,100,78,
89,99,76,
90,98,75,
90,97,75,
89,96,75,
90,92,73,
89,94,73,
90,95,71,
90,96,72,
89,97,74,
90,98,74,
89,97,74,
90,96,74,
89,99,75,
90,98,75,
89,98,74,
90,99,78,
89,100,78,
90,100,78,
89,101,78,
90,99,76,
89,97,73,
90,96,72,
89,94,71,
90,99,77,
89,103,82,
90,101,77,
89,99,76,
90,97,75,
89,98,73,
90,97,75,
89,97,73,
90,97,74,
89,95,74,
90,95,72,
89,97,75,
90,98,75,
89,99,77,
89,98,75,
90,97,74,
89,97,73,
90,94,71,
89,95,73,
90,97,73,
89,96,74,
89,98,74,
90,97,74,
89,99,75,
90,98,75,
89,98,77,
90,97,75,
89,97,74,
90,98,74,
89,100,77,
90,99,76,
89,100,78,
89,99,76,
90,95,73,
89,89,74,
90,93,72,
89,95,73,
89,95,73,
90,96,74,
89,97,74,
89,97,73,
90,98,73,
89,97,74,
89,96,75,
90,97,75,
89,97,75,
89,98,75,
90,100,78,
89,100,76,
90,99,76,
89,99,76,
89,98,75,
90,97,71,
89,97,75,
89,95,71,
90,96,73,
89,97,75,
89,97,75,
90,97,75,
89,98,73,
89,98,73,
90,98,74,
89,98,75,
89,99,76,
90,98,75,
89,99,76,
90,98,77,
89,100,76,
89,99,77,
90,99,76,
89,96,73,
89,96,72,
89,94,70,
90,96,72,
89,96,74,
89,97,73,
90,97,74,
89,97,74,
89,96,73,
89,96,73,
90,97,75,
89,97,75,
89,97,75,
89,98,76,
90,98,76,
89,99,76,
89,99,76,
90,98,74,
89,95,73,
89,96,74,
90,96,71,
89,95,72,
89,95,72,
89,97,74,
90,97,74,
89,97,73,
89,97,73,
90,98,75,
89,97,74,
90,98,74,
89,97,73,
89,98,76,
90,100,77,
89,100,78,
90,100,77,
89,99,75,
90,97,71,
89,97,72,
90,94,71,
90,97,74,
90,97,76,
90,98,74,
90,99,76,
91,97,74,
91,98,75,
91,100,75,
92,100,76,
92,100,76,
92,101,76,
94,104,79,
94,105,81,
95,108,81,
96,108,84,
97,110,83,
99,110,83,
101,112,84,
103,115,85,
105,117,86,
108,121,89,
111,125,93,
115,131,97,
119,137,102,
125,144,105,
130,151,112,
138,162,118,
144,171,124,
154,181,131,
164,197,142,
176,212,154,
189,231,166,
204,249,181,
222,272,194,
241,295,208,
263,323,228,
289,355,249,
317,391,275,
349,432,302,
385,478,334,
425,529,369,
471,586,409,
522,652,452,
579,724,505,
643,805,560,
713,896,620,
791,994,687,
879,1105,766,
976,1228,851,
1082,1365,945,
1200,1511,1047,
1330,1672,1157,
1472,1849,1279,
1629,2044,1413,
1801,2257,1559,
1989,2491,1718,
2194,2748,1897,
2417,3026,2090,
2659,3325,2299,
2923,3652,2523,
3209,4005,2765,
3517,4386,3030,
3851,4798,3316,
4210,5241,3623,
4596,5714,3955,
5011,6222,4309,
5454,6769,4688,
5927,7347,5092,
6433,7962,5522,
6971,8621,5978,
7543,9316,6462,
8148,10054,6973,
8789,10830,7511,
9465,11648,8080,
10175,12506,8686,
10921,13411,9319,
11704,14355,9976,
12525,15346,10669,
13381,16378,11393,
14273,17454,12141,
15200,18565,12921,
16161,19714,13733,
17152,20897,14565,
18175,22121,15425,
19226,23376,16310,
20305,24661,17212,
21411,25975,18139,
22538,27312,19081,
23684,28672,20036,
24848,30048,21011,
26026,31440,21993,
27215,32844,22987,
28411,34254,23988,
29610,35661,24994,
30807,37058,25989,
32003,38464,26981,
33187,39848,27969,
34361,41218,28944,
35516,42561,29905,
36652,43891,30854,
37771,45190,31783,
38865,46454,32687,
39931,47688,33581,
40968,48883,34443,
41973,50040,35273,
42944,51157,36074,
43877,52222,36849,
44768,53240,37584,
45620,54211,38283,
46429,55134,38956,
47193,55995,39599,
47910,56800,40186,
48578,57548,40745,
49198,58248,41254,
49779,58896,41733,
50315,59490,42172,
50806,60031,42568,
51253,60514,42927,
51649,60942,43265,
51999,61316,43562,
52303,61640,43814,
52562,61913,44024,
52776,62127,44189,
52949,62288,44331,
53077,62404,44432,
53168,62474,44504,
53223,62502,44551,
53238,62485,44559,
53216,62429,44534,
53154,62330,44479,
53059,62191,44388,
52922,62005,44278,
52751,61774,44132,
52548,61512,43953,
52320,61218,43766,
52063,60892,43551,
51776,60531,43313,
51465,60142,43046,
51126,59725,42765,
50765,59281,42462,
50383,58815,42144,
49979,58329,41796,
49556,57820,41447,
49120,57289,41084,
48665,56735,40696,
48195,56170,40297,
47711,55588,39905,
47218,54997,39490,
46711,54394,39064,
46195,53778,38629,
45669,53147,38192,
45131,52512,37740,
44587,51866,37293,
44034,51210,36826,
43477,50554,36360,
42916,49893,35893,
42348,49221,35427,
41772,48541,34948,
41194,47865,34464,
40611,47177,33977,
40025,46484,33486,
39439,45797,33000,
38851,45108,32514,
38263,44413,32007,
37669,43726,31509,
37076,43034,31024,
36486,42337,30534,
35899,41650,30043,
35314,40968,29557,
34736,40296,29068,
34160,39626,28593,
33587,38955,28108,
33016,38284,27630,
32454,37633,27163,
31898,36987,26702,
31343,36342,26240,
30795,35707,25783,
30252,35074,25331,
29714,34444,24874,
29182,33824,24434,
28655,33216,23998,
28135,32611,23557,
27621,32009,23129,
27113,31422,22702,
26611,30840,22286,
26119,30268,21878,
25631,29708,21467,
25153,29153,21072,
24682,28607,20676,
24219,28070,20288,
23763,27539,19907,
23313,27020,19532,
22872,26509,19163,
22439,26008,18804,
22014,25519,18448,
21599,25038,18104,
21188,24558,17755,
20787,24091,17422,
20393,23635,17095,
20006,23188,16770,
19629,22753,16449,
19259,22323,16142,
18894,21902,15838,
18538,21490,15541,
18190,21087,15249,
17849,20695,14967,
17514,20309,14685,
17187,19928,14414,
16867,19560,14146,
16553,19198,13885,
16249,18844,13630,
15951,18502,13382,
15660,18162,13138,
15373,17833,12899,
15093,17512,12664,
14821,17194,12426,
14553,16885,12205,
14293,16583,11985,
14037,16287,11771,
13788,16001,11567,
13544,15720,11366,
13308,15446,11170,
13074,15176,10973,
12848,14912,10778,
12625,14655,10586,
12408,14406,10408,
12194,14160,10233,
11987,13918,10061,
11782,13684,9889,
11583,13454,9723,
11390,13233,9557,
11199,13014,9402,
11013,12796,9248,
10831,12586,9093,
10653,12378,8944,
10480,12177,8797,
10312,11982,8658,
10148,11793,8519,
9989,11611,8385,
9835,11431,8255,
9685,11256,8131,
9537,11085,8011,
9393,10920,7888,
9254,10761,7768,
9116,10604,7654,
8983,10447,7544,
8853,10295,7433,
8726,10146,7329,
8601,10002,7227,
8478,9861,7123,
8358,9724,7019,
8240,9586,6916,
8125,9452,6818,
8010,9317,6720,
7900,9190,6628,
7791,9067,6543,
7684,8943,6451,
7580,8824,6363,
7479,8705,6281,
7380,8590,6195,
7282,8476,6113,
7187,8365,6035,
7093,8256,5956,
7003,8151,5879,
6913,8048,5804,
6826,7950,5736,
6741,7852,5663,
6656,7754,5592,
6575,7659,5520,
6495,7561,5453,
6414,7468,5384,
6337,7381,5319,
6259,7290,5255,
6185,7202,5193,
6110,7116,5129,
6037,7033,5067,
5966,6949,5009,
5896,6868,4954,
5827,6787,4895,
5760,6712,4836,
5693,6635,4780,
5629,6558,4728,
5565,6483,4674,
5502,6413,4624,
5441,6341,4571,
5379,6269,4521,
5319,6200,4467,
5261,6131,4419,
5202,6059,4371,
5145,5993,4320,
5089,5928,4270,
5035,5865,4225,
4980,5802,4182,
4927,5739,4139,
4874,5677,4093,
4823,5619,4051,
4771,5560,4006,
4721,5502,3964,
4672,5446,3922,
4623,5388,3883,
4574,5333,3841,
4528,5280,3800,
4481,5226,3765,
4435,5172,3726,
4389,5119,3688,
4346,5067,3651,
4301,5015,3613,
4259,4962,3577,
4215,4910,3541,
4173,4865,3501,
4131,4816,3470,
4090,4765,3437,
4050,4718,3399,
4009,4672,3367,
3971,4626,3332,
3931,4582,3301,
3892,4537,3269,
3854,4490,3238,
3816,4448,3205,
3779,4405,3175,
3742,4364,3148,
3706,4323,3118,
3669,4280,3089,
3634,4236,3058,
3598,4194,3023,
3564,4154,2993,
3529,4113,2964,
3495,4074,2935,
3462,4035,2907,
3428,3997,2883,
3395,3957,2855,
3364,3920,2827,
3331,3881,2798,
3299,3848,2772,
3268,3811,2747,
3237,3774,2721,
3207,3740,2694,
3176,3704,2668,
3146,3668,2648,
3116,3632,2621,
3087,3602,2597,
3059,3568,2572,
3030,3532,2548,
3001,3499,2523,
2974,3465,2498,
2946,3431,2473,
2920,3402,2453,
2892,3369,2431,
2866,3339,2409,
2838,3308,2385,
2812,3277,2363,
2786,3247,2342,
2761,3218,2321,
2735,3188,2298,
2710,3158,2281,
2685,3131,2260,
2661,3102,2242,
2635,3073,2220,
2611,3047,2202,
2588,3016,2178,
2563,2987,2156,
2541,2960,2133,
2517,2932,2113,
2495,2905,2096,
2472,2879,2077,
2450,2855,2055,
2427,2827,2036,
2407,2802,2018,
2384,2779,2005,
2364,2755,1986,
2342,2728,1968,
2321,2704,1951,
2301,2679,1935,
2280,2655,1918,
2259,2633,1903,
2238,2609,1886,
2219,2587,1872,
2199,2564,1853,
2180,2540,1834,
2160,2516,1815,
2141,2493,1799,
2121,2470,1782,
2103,2449,1768,
2085,2427,1754,
2065,2407,1735,
2048,2387,1721,
2030,2363,1706,
2011,2341,1690,
1994,2322,1674,
1976,2301,1661,
1959,2283,1646,
1941,2262,1634,
1925,2244,1622,
1908,2224,1607,
1891,2205,1594,
1875,2185,1580,
1858,2163,1564,
1842,2144,1546,
1825,2124,1533,
1811,2105,1519,
1794,2087,1509,
1779,2070,1496,
1764,2053,1482,
1748,2035,1470,
1732,2017,1456,
1718,2000,1444,
1703,1984,1434,
1687,1967,1419,
1673,1949,1407,
1658,1929,1394,
1644,1915,1383,
1630,1898,1372,
1615,1883,1363,
1601,1866,1348,
1587,1848,1336,
1574,1831,1323,
1560,1816,1312,
1546,1798,1296,
1533,1795,1301,
1521,1790,1303,
1507,1766,1280,
1494,1745,1262,
1481,1729,1249,
1469,1713,1239,
1457,1698,1227,
1445,1685,1215,
1432,1667,1207,
1421,1654,1197,
1408,1641,1186,
1396,1628,1177,
1384,1615,1167,
1373,1597,1151,
1361,1576,1134,
1350,1562,1125,
1339,1553,1122,
1328,1539,1112,
1317,1527,1103,
1306,1516,1094,
1295,1505,1086,
1284,1492,1079,
1274,1480,1070,
1263,1469,1062,
1253,1457,1054,
1243,1446,1045,
1232,1434,1038,
1222,1422,1029,
1211,1410,1022,
1202,1400,1014,
1191,1388,1004,
1182,1376,995,
1172,1362,986,
1163,1350,977,
1153,1339,968,
1144,1328,959,
1134,1318,953,
1126,1309,948,
1116,1297,937,
1108,1286,931,
1098,1276,923,
1090,1266,915,
1081,1256,908,
1073,1247,901,
1064,1237,895,
1056,1226,887,
1047,1217,881,
1039,1210,877,
1031,1199,871,
1022,1191,865,
1015,1180,853,
1006,1167,845,
998,1157,836,
990,1148,831,
983,1141,826,
975,1133,820,
967,1124,812,
959,1114,808,
952,1105,802,
945,1098,798,
937,1089,790,
930,1080,784,
922,1071,777,
915,1063,772,
908,1054,765,
901,1048,760,
894,1041,753,
887,1032,747,
879,1022,741,
873,1013,733,
866,1005,729,
860,998,722,
853,988,714,
846,981,710,
839,975,705,
834,967,700,
826,959,694,
821,951,689,
814,943,683,
808,937,680,
802,931,674,
796,924,671,
790,917,666,
784,912,660,
778,904,655,
772,899,653,
766,891,646,
761,883,641,
756,875,636,
749,869,630,
744,861,624,
738,855,621,
733,849,616,
728,842,612,
721,837,608,
717,831,604,
711,825,599,
705,818,594,
700,812,589,
695,806,586,
690,800,580,
685,795,577,
680,789,572,
675,784,571,
670,779,565,
665,771,561,
660,764,555,
656,759,549,
651,751,544,
646,749,543,
641,742,539,
637,738,535,
633,732,531,
627,727,528,
624,722,525,
618,715,520,
615,710,516,
609,706,513,
606,702,510,
601,698,508,
597,693,504,
593,689,502,
588,683,497,
585,678,492,
580,670,487,
576,666,485,
572,659,481,
568,656,477,
565,653,474,
560,647,470,
556,645,467,
553,639,465,
549,635,462,
545,631,458,
541,626,457,
538,624,453,
534,617,449,
530,613,448,
527,610,444,
523,607,443,
520,603,440,
516,598,437,
513,591,431,
510,588,427,
506,583,420,
503,579,421,
499,577,420,
496,573,417,
493,569,413,
490,564,411,
487,561,409,
483,558,407,
480,555,406,
478,551,401,
474,548,398,
471,546,398,
468,541,396,
465,540,394,
463,537,392,
459,531,385,
456,525,381,
454,521,379,
451,516,376,
447,514,375,
445,512,374,
443,510,373,
439,507,371,
437,505,369,
434,501,365,
431,498,363,
429,495,361,
426,491,358,
423,488,355,
421,488,356,
418,486,353,
416,482,354,
413,480,349,
410,476,348,
408,469,342,
406,467,339,
403,462,337,
400,459,334,
398,457,333,
396,456,332,
393,452,330,
392,449,328,
388,447,327,
386,445,326,
384,442,322,
382,439,320,
380,437,318,
377,435,318,
375,433,316,
373,430,316,
370,428,314,
369,425,312,
366,421,307,
365,418,305,
362,416,303,
360,417,302,
358,415,302,
356,411,299,
354,407,297,
352,405,296,
350,403,295,
348,401,294,
347,399,290,
344,395,289,
342,394,286,
341,391,287,
339,392,286,
336,390,285,
335,388,286,
333,385,283,
332,379,278,
329,378,277,
328,375,276,
326,372,272,
324,371,272,
323,370,270,
320,367,268,
319,365,267,
318,363,266,
315,364,268,
314,360,263,
313,358,262,
310,356,261,
309,355,261,
308,354,261,
305,353,261,
305,352,259,
302,348,255,
301,345,252,
300,342,250,
298,341,250,
296,337,246,
295,337,245,
293,335,244,
292,334,244,
290,332,245,
289,332,244,
288,330,242,
286,328,240,
285,326,238,
283,324,236,
282,323,237,
281,322,238,
279,321,237,
278,320,236,
277,318,233,
275,315,232,
274,313,230,
272,311,230,
272,309,226,
269,308,226,
269,306,224,
267,306,223,
267,305,224,
265,302,222,
263,302,220,
263,301,220,
261,299,220,
260,296,219,
259,296,216,
258,295,219,
257,295,217,
255,295,218,
254,292,216,
253,290,214,
252,287,211,
251,285,209,
250,285,207,
249,283,207,
247,282,207,
247,281,206,
245,280,207,
244,278,206,
244,278,205,
242,276,203,
241,275,202,
240,273,200,
239,273,201,
238,274,203,
238,273,203,
236,273,201,
235,269,197,
234,267,197,
234,264,195,
232,263,195,
232,262,193,
230,261,193,
230,260,191,
228,258,190,
228,259,191,
227,259,190,
225,258,190,
225,256,188,
224,253,186,
223,252,184,
222,252,184,
222,253,187,
220,253,187,
220,253,189,
219,250,185,
218,249,184,
217,245,181,
216,244,182,
215,243,178,
215,241,177,
213,241,177,
213,240,177,
212,241,176,
212,241,177,
210,238,175,
210,237,175,
209,236,173,
208,236,174,
207,236,174,
207,236,175,
206,235,174,
205,234,174,
205,235,173,
203,233,172,
203,230,170,
203,230,168,
201,226,165,
201,226,165,
200,226,166,
199,225,166,
199,225,165,
198,224,165,
198,224,165,
196,224,165,
196,222,164,
196,222,165,
194,220,162,
195,221,163,
193,221,164,
193,221,162,
192,219,163,
192,219,163,
191,215,158,
190,214,159,
189,213,157,
189,213,157,
189,212,156,
188,212,157,
187,211,157,
187,210,155,
186,211,156,
186,209,155,
185,209,155,
184,208,154,
184,207,153,
183,207,154,
183,209,155,
182,208,156,
181,207,156,
182,206,153,
180,204,151,
180,202,151,
180,202,149,
178,200,147,
179,202,150,
178,202,147,
177,200,149,
177,202,150,
176,199,148,
176,199,148,
176,199,147,
175,197,147,
174,197,147,
174,197,146,
173,197,148,
174,196,147,
172,197,149,
172,196,146,
172,194,143,
171,192,142,
171,191,141,
170,189,139,
169,189,139,
170,190,141,
169,190,141,
168,190,141,
168,189,142,
167,189,140,
167,189,140,
167,188,139,
166,187,137,
166,187,139,
165,188,140,
165,188,139,
165,188,141,
164,186,139,
164,185,138,
163,183,135,
163,184,136,
162,183,135,
162,181,135,
162,181,134,
161,181,134,
161,181,134,
161,180,135,
160,181,135,
160,180,133,
159,178,132,
159,179,131,
159,179,133,
158,180,134,
158,180,134,
158,180,134,
157,179,133,
157,176,132,
156,175,130,
157,175,130,
155,174,130,
156,175,130,
155,174,130,
155,173,130,
154,173,129,
154,173,128,
154,173,127,
154,173,128,
153,173,129,
152,171,128,
153,171,127,
152,172,130,
151,171,129,
152,172,130,
151,172,130,
151,171,128,
150,168,124,
151,169,125,
150,166,124,
149,167,122,
149,166,123,
149,167,123,
149,166,124,
148,166,124,
148,165,123,
148,165,123,
148,164,122,
147,165,122,
147,163,121,
147,167,125,
146,166,125,
146,165,125,
146,165,124,
145,164,123,
145,162,120,
145,162,120,
145,159,118,
144,159,118,
144,160,118,
144,161,118,
143,161,119,
144,162,121,
143,161,120,
143,159,119,
142,160,119,
142,159,117,
142,160,120,
142,161,122,
141,161,122,
142,161,120,
141,160,120,
140,158,118,
141,157,117,
140,157,118,
140,156,116,
140,155,114,
139,155,115,
139,155,115,
139,155,115,
139,155,117,
138,156,116,
139,155,116,
138,153,114,
138,154,115,
137,154,115,
138,156,117,
137,156,118,
137,155,117,
137,155,116,
136,155,116,
137,151,114,
136,151,113,
136,150,111,
135,150,112,
136,151,113,
135,151,112,
135,150,112,
135,150,112,
135,150,110,
135,150,111,
134,149,111,
134,150,111,
134,149,113,
134,149,113,
133,150,114,
134,150,115,
133,151,113,
133,150,112,
133,148,111,
133,147,110,
132,146,109,
132,146,108,
132,146,108,
132,147,108,
132,147,109,
132,148,110,
131,147,110,
131,146,108,
131,147,109,
131,145,109,
131,147,110,
130,146,110,
131,147,110,
130,147,110,
130,147,109,
130,147,110,
130,145,110,
129,144,108,
129,144,108,
130,142,106,
128,141,106,
129,142,106,
129,142,107,
128,143,106,
129,143,106,
128,142,106,
128,142,106,
128,143,107,
128,142,107,
128,142,106,
127,144,109,
127,144,110,
128,145,109,
127,143,108,
126,142,106,
127,142,105,
127,140,104,
126,140,103,
126,140,104,
126,140,104,
126,140,105,
126,140,104,
125,140,105,
126,139,104,
125,139,103,
125,139,103,
125,140,103,
125,140,103,
125,141,106,
125,141,106,
124,141,107,
125,140,106,
124,139,104,
124,137,101,
124,136,102,
124,136,101,
124,136,100,
124,136,102,
123,136,103,
124,137,103,
123,137,103,
123,136,102,
123,136,102,
123,137,104,
122,137,103,
123,136,103,
123,138,105,
122,139,103,
122,138,105,
122,139,105,
123,138,105,
122,135,102,
121,135,101,
122,134,98,
121,133,99,
122,134,99,
121,134,101,
121,135,101,
121,134,101,
122,134,101,
120,134,103,
121,135,100,
121,134,99,
120,133,100,
121,135,101,
120,136,102,
120,136,103,
120,134,102,
120,134,101,
120,131,97,
120,131,98,
119,131,97,
120,131,97,
119,131,98,
119,131,98,
119,131,98,
120,132,101,
118,132,100,
119,133,100,
119,130,98,
119,132,98,
118,132,99,
119,134,101,
118,134,101,
118,133,101,
118,133,100,
119,131,99,
118,130,96,
118,130,97,
117,130,96,
118,129,97,
118,129,97,
117,129,97,
118,130,97,
117,129,97,
117,129,97,
117,129,97,
117,129,96,
117,130,98,
117,130,97,
117,130,98,
117,131,100,
116,131,98,
117,132,100,
116,131,99,
116,129,96,
117,128,96,
116,126,94,
116,126,95,
116,127,94,
116,128,97,
115,127,96,
116,127,96,
116,128,95,
115,127,96,
116,129,96,
115,129,97,
115,129,95,
115,128,97,
115,129,98,
115,130,98,
115,130,101,
115,130,98,
115,127,95,
114,127,95,
115,126,92,
115,124,91,
114,125,94,
114,126,95,
115,126,95,
114,127,97,
114,125,96,
114,126,95,
114,125,95,
114,126,95,
114,127,95,
114,125,94,
113,127,96,
114,127,95,
113,128,98,
114,126,95,
113,125,95,
113,125,93,
114,124,94,
113,124,92,
113,125,96,
113,125,93,
113,124,93,
113,125,95,
113,126,93,
113,123,94,
112,125,92,
113,124,94,
112,124,94,
113,125,95,
112,127,96,
112,126,95,
112,129,97,
113,127,95,
112,124,94,
112,123,91,
112,123,92,
