,,,
File,Raw,DataFile,
Time,Major,Minor1,
95,105,82,
95,105,80,
95,104,80,
95,107,81,
95,107,82,
95,108,84,
95,107,82,
95,105,81,
95,103,78,
95,103,79,
95,102,76,
95,103,78,
95,103,79,
95,104,80,
95,104,78,
95,105,80,
95,104,80,
95,104,79,
94,105,81,
95,104,81,
95,104,80,
95,106,80,
95,106,83,
95,106,82,
95,107,82,
94,106,82,
95,104,79,
95,104,81,
95,102,76,
95,102,77,
94,103,78,
95,102,79,
95,104,79,
95,103,79,
94,103,80,
95,104,80,
95,103,79,
95,104,79,
94,103,78,
95,105,80,
95,106,81,
94,106,81,
95,106,82,
95,105,82,
95,103,79,
94,102,80,
95,102,78,
94,103,78,
95,104,80,
95,103,78,
94,105,80,
95,104,80,
94,104,82,
95,103,82,
95,105,80,
94,104,79,
95,104,79,
94,105,79,
95,105,83,
94,106,82,
95,106,83,
94,105,81,
95,102,79,
94,103,79,
95,102,78,
94,101,78,
95,103,80,
94,103,79,
94,103,79,
95,105,80,
94,104,80,
95,103,79,
94,104,81,
94,104,81,
95,104,79,
94,104,81,
95,106,81,
94,105,80,
95,106,82,
94,106,81,
94,103,78,
95,103,79,
94,101,77,
94,101,77,
94,103,78,
95,101,78,
94,103,79,
94,104,79,
95,102,81,
94,103,80,
94,104,80,
95,104,79,
94,103,80,
94,103,79,
94,106,82,
95,104,81,
94,106,83,
94,105,81,
94,103,79,
94,102,78,
95,101,79,
94,101,77,
94,103,79,
94,102,80,
94,103,79,
94,103,79,
95,103,78,
94,103,79,
94,104,80,
94,103,81,
94,104,80,
94,103,80,
95,106,81,
94,105,81,
94,107,84,
94,105,82,
94,103,79,
94,102,78,
94,102,77,
94,100,76,
94,101,76,
94,102,78,
94,103,78,
94,104,79,
95,104,80,
93,102,78,
94,103,78,
94,103,79,
94,103,78,
95,104,81,
94,106,83,
94,105,82,
94,106,82,
94,105,81,
94,104,80,
93,102,79,
94,102,78,
94,101,76,
94,101,77,
94,102,77,
94,103,79,
94,102,79,
94,104,79,
94,102,76,
94,103,79,
94,102,77,
93,104,80,
94,103,79,
94,104,80,
94,105,81,
94,105,81,
94,106,82,
94,103,81,
93,101,78,
94,102,78,
94,101,77,
94,101,80,
93,103,79,
94,103,79,
94,102,79,
94,102,78,
93,103,80,
94,102,78,
94,103,77,
94,102,77,
93,102,78,
94,103,80,
94,103,80,
94,105,81,
93,106,81,
94,103,81,
94,102,79,
93,102,77,
94,99,77,
94,101,79,
93,102,78,
94,103,79,
94,104,80,
93,104,82,
94,103,81,
93,102,77,
94,102,77,
94,103,80,
93,103,79,
94,103,80,
94,105,81,
93,104,81,
94,105,81,
93,103,79,
94,101,78,
94,102,80,
93,101,76,
94,101,77,
93,102,79,
94,101,78,
93,103,78,
94,102,78,
93,102,79,
94,103,79,
93,102,79,
94,102,79,
93,103,80,
94,104,80,
93,105,81,
94,106,82,
93,105,83,
94,105,81,
93,102,79,
94,102,79,
93,102,77,
93,101,78,
94,103,78,
93,103,78,
94,101,79,
93,101,78,
94,101,78,
93,102,77,
93,102,79,
94,102,79,
93,103,77,
94,102,79,
93,104,80,
93,105,81,
94,105,81,
93,104,80,
94,101,77,
93,100,76,
93,101,76,
93,101,76,
94,101,79,
93,102,78,
93,104,79,
94,104,80,
93,103,78,
93,101,78,
94,102,78,
97,107,82,
1345,1504,1155,
6075,6796,5218,
10071,11275,8550,
12327,13809,10330,
13455,15077,11177,
13985,15672,11556,
14228,15938,11720,
14338,16067,11795,
14634,16396,12033,
16631,18622,13724,
19292,21599,15966,
21237,23776,17555,
22374,25059,18460,
22966,25729,18914,
23256,26059,19123,
23380,26200,19210,
23426,26252,19238,
23436,26268,19247,
23429,26258,19234,
23415,26244,19218,
23397,26228,19206,
23379,26207,19192,
23356,26183,19173,
23338,26160,19158,
23326,26145,19149,
23311,26120,19136,
23305,26117,19129,
23306,26115,19131,
23306,26118,19131,
23298,26111,19125,
23270,26081,19097,
23235,26037,19067,
23210,26009,19052,
23192,25990,19039,
23176,25976,19029,
23164,25962,19020,
23151,25945,19008,
23135,25928,18988,
23120,25913,18982,
23109,25903,18971,
23098,25891,18965,
23087,25881,18953,
23076,25867,18941,
23062,25847,18936,
23051,25834,18921,
23042,25823,18907,
23033,25817,18905,
23022,25808,18901,
23012,25794,18895,
23004,25784,18891,
22996,25773,18883,
22988,25764,18876,
22983,25759,18868,
22974,25750,18861,
22966,25742,18858,
22959,25735,18844,
22953,25732,18839,
22947,25721,18840,
22939,25708,18837,
22932,25704,18832,
22927,25696,18828,
22922,25689,18823,
22916,25684,18816,
22913,25676,18808,
22909,25668,18809,
22905,25667,18808,
22899,25666,18799,
22894,25657,18797,
22890,25653,18791,
22885,25649,18794,
22882,25647,18789,
22881,25645,18791,
22881,25643,18791,
22880,25641,18781,
22874,25639,18783,
22866,25629,18772,
22865,25623,18766,
22864,25627,18771,
22866,25629,18773,
22865,25620,18774,
22864,25618,18769,
22862,25619,18763,
22862,25618,18763,
22860,25619,18764,
22863,25624,18764,
22864,25625,18772,
22863,25620,18774,
22865,25620,18773,
22866,25621,18770,
22865,25619,18761,
22863,25617,18763,
22863,25613,18770,
22862,25618,18775,
22863,25619,18772,
22861,25618,18771,
22861,25616,18764,
22856,25611,18758,
22859,25614,18762,
22862,25619,18765,
22865,25622,18771,
22866,25624,18771,
22868,25626,18769,
22868,25624,18764,
22868,25627,18763,
22867,25625,18759,
22867,25625,18768,
22871,25624,18770,
22873,25625,18774,
22873,25625,18774,
22872,25630,18773,
22871,25628,18777,
22870,25625,18770,
22872,25625,18774,
22872,25628,18782,
22872,25629,18779,
22877,25632,18775,
22877,25634,18775,
22880,25632,18775,
22881,25633,18777,
22883,25633,18779,
22881,25635,18782,
22882,25637,18787,
22892,25650,18793,
22897,25655,18799,
22895,25655,18793,
22895,25654,18790,
22895,25655,18787,
22895,25653,18792,
22898,25654,18795,
22899,25658,18796,
22900,25662,18795,
22899,25659,18797,
22902,25657,18795,
22905,25660,18799,
22908,25667,18800,
22909,25666,18801,
22913,25670,18805,
22914,25671,18811,
22916,25670,18809,
22920,25678,18812,
22921,25676,18810,
22921,25678,18814,
22923,25684,18812,
22923,25685,18817,
22926,25688,18813,
22928,25691,18808,
22928,25694,18813,
22929,25694,18813,
22932,25693,18812,
22936,25702,18819,
22938,25703,18819,
22942,25705,18824,
22943,25706,18823,
22942,25705,18822,
22945,25706,18825,
22946,25711,18833,
22948,25710,18833,
22956,25717,18841,
22958,25722,18843,
22958,25721,18844,
22962,25727,18846,
22963,25730,18843,
22964,25733,18848,
22967,25734,18851,
22966,25734,18845,
22968,25738,18849,
22970,25736,18853,
22973,25741,18859,
22973,25741,18857,
22973,25742,18858,
22975,25744,18852,
22978,25744,18855,
22981,25743,18852,
22987,25750,18858,
22989,25756,18862,
22988,25760,18863,
22987,25754,18863,
22989,25757,18869,
22995,25766,18875,
22997,25770,18876,
22999,25772,18875,
23001,25773,18872,
23005,25777,18876,
23006,25778,18882,
23005,25773,18876,
23004,25777,18878,
23007,25778,18884,
23009,25779,18883,
23012,25784,18878,
23014,25785,18877,
23018,25786,18882,
23021,25791,18890,
23023,25790,18887,
23028,25798,18889,
23027,25802,18891,
23030,25803,18891,
23030,25806,18894,
23031,25809,18895,
23031,25806,18895,
23036,25809,18900,
23038,25813,18900,
23037,25813,18903,
23040,25817,18909,
23040,25817,18911,
23040,25815,18910,
23042,25815,18908,
23043,25815,18908,
23043,25811,18904,
23047,25817,18902,
23046,25818,18903,
23051,25828,18907,
23055,25834,18916,
23059,25836,18920,
23059,25832,18921,
23062,25839,18920,
23062,25841,18919,
23063,25840,18922,
23060,25837,18917,
23061,25836,18919,
23061,25837,18924,
23061,25843,18922,
23063,25845,18923,
23065,25847,18926,
23068,25853,18924,
23070,25852,18930,
23068,25850,18928,
23071,25849,18931,
23073,25849,18935,
23074,25850,18935,
23074,25849,18937,
23077,25854,18937,
23080,25857,18943,
23078,25860,18937,
23081,25859,18937,
23082,25855,18941,
23086,25864,18947,
23088,25866,18943,
23092,25873,18950,
23090,25870,18944,
23088,25866,18941,
23086,25866,18940,
23089,25870,18945,
23091,25873,18948,
23091,25878,18949,
23096,25879,18952,
23096,25879,18950,
23096,25878,18951,
23095,25879,18948,
23097,25874,18951,
23097,25878,18946,
23098,25877,18949,
23098,25876,18952,
23098,25876,18947,
23101,25883,18952,
23102,25886,18952,
23101,25882,18950,
23101,25881,18959,
23098,25879,18955,
23101,25886,18958,
23101,25880,18952,
23101,25877,18954,
23098,25876,18955,
23095,25873,18953,
23101,25879,18953,
23102,25884,18955,
23102,25883,18956,
23104,25888,18956,
23105,25896,18968,
23107,25894,18965,
23105,25890,18957,
23104,25891,18955,
23107,25889,18963,
23110,25898,18963,
23112,25898,18966,
23112,25898,18971,
23112,25903,18968,
23111,25900,18968,
23111,25895,18965,
23115,25897,18966,
23115,25898,18966,
23117,25900,18958,
23120,25905,18965,
23119,25907,18968,
23119,25905,18969,
23119,25908,18966,
23121,25910,18971,
23122,25907,18976,
23121,25910,18976,
23121,25908,18970,
23120,25908,18969,
23118,25903,18966,
23121,25909,18972,
23126,25912,18976,
23126,25916,18974,
23126,25918,18980,
23128,25919,18981,
23129,25916,18973,
23129,25912,18974,
22358,25051,18322,
16293,18289,13130,
9374,10550,7316,
4889,5518,3688,
2444,2769,1789,
1218,1383,873,
629,717,449,
355,406,259,
229,261,175,
170,194,136,
142,161,116,
128,145,107,
121,138,104,
116,132,101,
114,130,99,
111,126,96,
109,122,94,
108,120,91,
107,117,89,
106,116,87,
105,115,88,
104,115,88,
104,115,87,
102,115,88,
103,114,87,
102,112,85,
101,112,84,
101,112,85,
101,111,85,
100,111,84,
100,112,87,
100,111,85,
99,112,86,
99,112,86,
100,111,85,
98,108,81,
99,108,81,
99,107,82,
98,108,83,
98,108,83,
98,108,83,
98,107,83,
97,108,83,
98,107,82,
97,107,82,
97,107,82,
97,106,81,
97,107,83,
97,108,84,
97,108,83,
97,108,84,
96,109,84,
97,108,83,
96,106,81,
96,106,81,
97,106,80,
96,105,80,
96,106,80,
95,104,80,
96,106,81,
96,105,81,
96,105,80,
95,105,82,
96,105,81,
96,105,81,
95,104,81,
96,107,83,
95,106,83,
95,107,82,
96,107,83,
95,105,81,
95,103,79,
95,105,80,
95,101,77,
95,103,79,
95,104,80,
95,103,80,
95,104,79,
95,105,82,
94,105,81,
95,104,80,
95,105,79,
94,103,79,
95,102,77,
95,105,80,
94,105,82,
95,106,83,
94,105,82,
94,105,80,
95,102,77,
94,103,79,
94,101,76,
95,101,76,
94,102,77,
94,103,79,
94,103,80,
94,103,78,
94,104,78,
94,102,79,
94,103,79,
94,103,77,
94,102,79,
94,105,80,
94,105,81,
94,105,81,
94,105,81,
94,103,81,
93,102,79,
94,102,78,
94,101,77,
94,101,77,
93,103,79,
94,102,78,
93,102,77,
94,102,78,
94,102,80,
93,102,78,
94,101,79,
93,103,80,
94,101,79,
93,103,80,
94,104,82,
93,104,80,
93,104,81,
94,105,80,
93,102,79,
94,102,78,
93,100,77,
93,99,77,
93,101,78,
93,101,78,
94,101,78,
93,103,79,
93,102,78,
93,102,79,
93,101,77,
94,102,77,
93,101,78,
93,103,79,
93,104,82,
93,104,82,
93,105,81,
93,102,79,
93,101,76,
93,102,78,
93,100,76,
93,100,76,
93,101,77,
93,101,78,
92,101,79,
93,102,80,
93,102,80,
93,102,78,
93,101,78,
93,102,76,
93,101,78,
92,101,77,
93,104,79,
93,104,79,
93,104,81,
92,103,80,
93,103,78,
93,108,87,
93,104,81,
92,102,79,
93,101,78,
92,102,78,
93,103,79,
93,101,78,
92,101,77,
93,100,76,
93,99,74,
92,98,76,
93,101,77,
93,126,106,
93,121,100,
92,113,89,
93,111,87,
92,107,85,
93,104,81,
93,102,79,
92,102,78,
92,101,78,
93,102,78,
92,101,77,
93,101,76,
92,98,73,
92,90,65,
92,93,67,
93,95,72,
92,97,72,
92,96,74,
93,98,74,
92,101,78,
92,101,79,
93,103,80,
92,101,79,
92,101,78,
92,98,75,
93,99,75,
92,98,74,
92,98,75,
92,100,78,
93,99,76,
92,100,76,
92,102,78,
93,100,76,
92,100,77,
92,100,76,
92,103,78,
92,101,79,
93,102,81,
92,102,78,
92,104,80,
92,103,79,
92,104,80,
92,100,78,
92,100,78,
92,97,74,
92,98,75,
92,99,77,
93,100,77,
92,100,77,
92,101,78,
92,101,76,
92,102,76,
92,100,76,
92,102,79,
92,101,78,
92,102,79,
92,103,82,
92,103,82,
92,102,80,
92,102,79,
92,99,77,
92,99,77,
92,99,75,
92,99,75,
92,100,77,
91,100,76,
92,100,76,
92,100,76,
92,100,78,
92,100,76,
92,100,76,
92,101,78,
91,100,78,
92,102,79,
92,102,80,
92,103,80,
92,103,81,
91,101,79,
92,100,76,
92,99,76,
92,98,74,
91,99,75,
92,100,76,
92,101,78,
92,101,77,
91,100,77,
92,101,77,
92,100,77,
92,100,77,
91,100,76,
92,100,78,
92,101,78,
91,103,79,
92,102,79,
92,103,80,
92,101,79,
91,99,75,
92,100,77,
91,98,75,
92,98,76,
92,99,77,
91,100,77,
92,99,76,
91,100,77,
92,100,77,
92,100,79,
91,99,77,
92,100,78,
91,99,78,
92,101,78,
92,101,79,
91,102,78,
92,103,79,
91,102,78,
92,99,77,
92,99,75,
91,98,74,
91,99,76,
92,100,78,
91,99,78,
92,101,77,
91,101,76,
92,100,77,
92,100,77,
91,101,77,
91,100,78,
92,101,76,
91,100,78,
92,102,78,
91,103,79,
92,103,80,
91,103,78,
92,100,77,
91,99,75,
92,99,75,
91,99,73,
91,100,75,
92,100,77,
91,100,76,
92,100,77,
91,100,77,
91,99,77,
92,101,77,
91,99,76,
91,99,78,
92,99,75,
91,102,79,
91,102,78,
92,102,80,
91,102,80,
91,100,77,
92,100,76,
91,99,75,
91,97,74,
91,99,74,
92,99,75,
91,99,76,
91,99,77,
91,100,76,
92,100,77,
91,98,75,
91,100,76,
91,100,78,
91,99,78,
92,102,80,
91,102,79,
91,103,80,
92,102,80,
91,101,78,
91,99,77,
91,99,76,
91,97,75,
92,98,76,
91,99,76,
91,100,77,
91,99,76,
91,100,78,
91,99,77,
92,99,75,
91,99,76,
91,98,77,
91,99,76,
92,101,79,
91,102,80,
91,102,82,
91,101,77,
92,100,77,
91,99,76,
91,99,76,
91,98,75,
91,99,77,
91,99,75,
91,100,76,
91,99,75,
91,100,76,
92,99,77,
91,100,76,
91,99,76,
91,99,76,
91,100,77,
91,102,79,
91,101,79,
91,103,80,
91,101,80,
92,100,78,
91,98,77,
91,98,75,
91,97,73,
91,97,74,
91,99,76,
91,98,76,
91,100,77,
91,99,77,
91,100,77,
91,99,76,
91,100,78,
91,100,79,
91,99,77,
93,102,81,
3580,3981,3027,
21029,23433,17932,
29689,33198,25033,
29579,33145,24559,
27508,30852,22603,
25786,28923,21101,
24717,27711,20218,
24126,27042,19751,
23819,26697,19518,
23656,26518,19399,
23571,26422,19335,
23522,26360,19303,
23492,26329,19277,
23472,26306,19253,
23452,26285,19242,
23437,26266,19232,
23422,26243,19220,
23406,26230,19215,
23393,26215,19204,
23381,26204,19194,
23368,26192,19179,
23355,26176,19168,
23345,26165,19159,
23334,26151,19147,
23323,26133,19141,
23312,26121,19131,
23300,26107,19124,
23290,26097,19114,
23280,26086,19100,
23270,26075,19096,
23260,26065,19093,
23250,26052,19083,
23241,26042,19076,
23234,26031,19065,
23224,26020,19058,
23216,26015,19048,
23207,26008,19040,
23198,25998,19040,
23187,25986,19032,
23177,25973,19024,
23170,25968,19016,
23165,25963,19011,
23160,25955,19001,
23151,25940,18993,
23143,25925,18992,
23137,25920,18988,
23132,25920,18985,
23124,25911,18980,
23120,25909,18979,
23117,25904,18978,
23112,25902,18967,
23106,25898,18966,
23099,25884,18960,
23095,25877,18953,
23087,25873,18946,
23082,25868,18945,
23081,25867,18942,
23075,25855,18936,
23071,25849,18936,
23068,25845,18927,
23066,25844,18929,
23060,25838,18926,
23060,25835,18928,
23057,25837,18926,
23057,25839,18924,
23054,25833,18913,
23050,25827,18913,
23047,25827,18915,
23045,25824,18914,
23042,25815,18913,
23040,25815,18911,
23039,25813,18909,
23035,25809,18902,
23031,25807,18902,
23026,25801,18900,
23025,25800,18894,
23024,25797,18894,
23022,25795,18895,
23022,25794,18897,
23024,25793,18900,
23022,25791,18894,
23020,25790,18894,
23018,25784,18891,
23018,25787,18885,
23020,25792,18885,
23017,25792,18890,
23016,25788,18887,
23017,25788,18891,
23020,25791,18893,
23020,25792,18894,
23020,25795,18894,
23019,25792,18893,
23019,25797,18896,
23017,25790,18891,
23019,25789,18896,
23018,25792,18894,
23018,25789,18888,
23017,25788,18887,
23017,25784,18886,
23019,25790,18891,
23021,25792,18896,
23023,25792,18894,
23024,25795,18892,
23025,25793,18897,
23023,25794,18890,
23025,25800,18891,
23026,25797,18892,
23025,25793,18891,
23026,25793,18896,
23026,25795,18899,
23027,25800,18898,
23028,25797,18895,
23029,25802,18892,
23032,25802,18891,
23036,25809,18896,
23037,25807,18897,
23037,25810,18904,
23038,25808,18903,
23038,25809,18903,
23040,25814,18907,
23042,25816,18905,
23043,25816,18906,
23042,25815,18906,
23041,25817,18910,
23045,25818,18909,
23044,25817,18910,
23046,25825,18916,
23046,25821,18911,
23045,25824,18918,
23046,25821,18916,
23045,25816,18911,
23050,25824,18910,
23054,25832,18913,
23054,25831,18912,
23055,25829,18917,
23056,25829,18921,
23057,25827,18921,
23061,25832,18928,
23063,25834,18925,
23062,25836,18927,
23063,25838,18927,
23065,25843,18925,
23065,25843,18924,
23066,25844,18924,
23066,25839,18931,
23066,25845,18929,
23070,25849,18934,
23071,25849,18933,
23069,25843,18930,
23070,25846,18931,
23070,25848,18931,
23072,25847,18927,
23073,25848,18927,
23075,25850,18930,
23076,25846,18933,
23074,25845,18934,
23079,25855,18936,
23081,25858,18938,
23080,25859,18935,
23082,25861,18935,
23084,25860,18938,
23084,25863,18942,
23084,25860,18943,
23084,25863,18940,
23086,25865,18944,
23085,25865,18938,
23087,25867,18947,
23091,25871,18946,
23092,25873,18948,
23093,25870,18946,
23093,25871,18947,
23095,25874,18952,
23095,25877,18949,
23096,25873,18952,
23098,25878,18960,
23097,25875,18959,
23096,25878,18959,
23098,25877,18957,
23100,25876,18957,
23099,25877,18955,
23099,25878,18951,
23100,25880,18948,
23100,25882,18951,
23101,25879,18957,
23101,25876,18954,
23099,25873,18953,
23099,25878,18951,
23103,25879,18954,
23105,25882,18954,
23108,25885,18955,
23109,25890,18965,
23109,25891,18963,
23110,25889,18960,
23112,25892,18961,
23111,25890,18962,
23112,25890,18962,
23114,25896,18964,
23112,25895,18961,
23114,25894,18964,
23112,25895,18965,
23114,25898,18969,
23112,25902,18966,
23111,25893,18959,
23111,25891,18961,
23112,25892,18965,
23113,25895,18967,
23115,25894,18966,
23119,25903,18969,
23119,25904,18971,
23121,25904,18974,
23118,25902,18971,
23119,25902,18969,
23120,25901,18972,
23120,25901,18975,
23121,25905,18977,
23123,25905,18975,
23126,25912,18975,
23127,25915,18972,
23128,25917,18976,
23129,25914,18977,
23130,25914,18985,
23128,25914,18979,
23129,25917,18969,
23127,25912,18973,
23128,25907,18974,
23129,25910,18971,
23130,25911,18974,
23131,25913,18978,
23131,25911,18979,
23133,25915,18981,
23132,25917,18977,
23132,25917,18980,
23133,25919,18978,
23134,25915,18982,
23136,25917,18988,
23135,25917,18985,
23136,25918,18987,
23138,25924,18986,
23136,25922,18988,
23138,25920,18987,
22828,25573,18721,
17825,19996,14434,
10587,11905,8312,
5597,6313,4246,
2812,3183,2067,
1396,1586,1004,
713,813,510,
393,448,286,
245,279,184,
177,201,139,
144,163,118,
129,146,109,
120,136,104,
115,132,100,
112,127,97,
110,126,96,
108,122,94,
107,120,91,
105,115,88,
104,116,88,
104,112,84,
102,112,84,
102,112,85,
101,112,85,
101,110,86,
100,110,85,
100,111,85,
99,109,85,
99,109,83,
99,109,83,
98,110,84,
98,112,85,
98,109,84,
98,110,86,
97,109,85,
97,109,84,
97,106,81,
97,107,81,
96,104,80,
97,106,80,
96,105,80,
96,106,80,
96,104,80,
96,104,79,
96,105,81,
95,104,82,
96,105,82,
95,105,80,
95,104,80,
95,105,81,
96,106,82,
95,107,82,
95,106,83,
94,104,80,
95,104,78,
94,103,79,
95,102,77,
94,103,79,
95,102,79,
94,102,80,
94,103,79,
94,103,78,
94,104,80,
94,103,79,
94,103,80,
94,104,78,
94,102,78,
94,104,81,
93,104,80,
94,106,81,
94,104,81,
93,103,79,
94,101,77,
93,102,79,
93,101,78,
93,101,76,
94,101,78,
93,102,79,
93,102,80,
93,102,78,
93,101,79,
93,102,78,
93,101,78,
93,102,77,
93,102,79,
93,104,81,
93,104,80,
93,104,80,
93,105,81,
92,103,81,
93,101,77,
93,102,80,
92,100,77,
93,100,75,
93,99,76,
92,100,76,
93,100,76,
92,100,77,
93,101,78,
92,100,78,
93,101,78,
92,101,76,
92,101,78,
93,102,79,
92,102,81,
92,102,79,
92,103,82,
93,104,80,
92,101,78,
92,100,76,
92,99,76,
92,100,77,
92,100,78,
92,100,78,
92,102,78,
92,100,79,
92,100,78,
92,100,76,
92,100,75,
92,99,76,
92,100,76,
92,100,78,
92,101,79,
92,101,80,
92,103,79,
92,102,79,
91,100,78,
92,101,77,
92,99,79,
92,99,75,
91,99,76,
92,101,79,
92,100,78,
91,100,76,
92,100,76,
92,101,78,
91,101,77,
92,100,77,
91,101,78,
92,100,78,
92,103,80,
91,102,78,
92,103,79,
91,102,79,
92,101,76,
91,99,76,
92,99,75,
91,98,75,
92,99,76,
91,99,75,
92,99,77,
91,101,78,
91,100,77,
92,99,76,
91,99,76,
91,99,76,
92,100,77,
91,101,77,
91,103,80,
92,103,80,
91,103,82,
91,104,81,
92,101,79,
91,99,77,
91,99,76,
91,97,75,
91,98,76,
92,100,76,
91,100,78,
91,100,77,
91,98,76,
91,99,76,
92,100,76,
91,100,77,
91,101,76,
91,99,75,
91,100,78,
91,101,77,
91,102,80,
92,101,79,
91,100,77,
91,98,75,
91,98,74,
90,96,72,
91,97,75,
91,99,75,
91,98,74,
91,99,77,
91,99,77,
91,100,75,
91,99,75,
91,99,76,
91,100,77,
91,99,77,
91,101,79,
91,101,78,
91,103,81,
90,101,79,
91,100,77,
91,99,75,
91,98,74,
91,97,74,
91,98,75,
91,99,74,
90,99,75,
91,98,76,
91,98,76,
91,98,76,
90,98,75,
91,98,75,
91,99,74,
91,99,75,
90,101,75,
91,100,77,
91,103,78,
90,102,79,
91,100,77,
91,98,75,
90,99,77,
91,98,74,
91,97,74,
90,98,76,
91,100,77,
90,98,75,
91,95,70,
90,96,71,
91,97,73,
91,98,73,
90,98,76,
91,99,76,
90,98,77,
91,100,78,
90,99,77,
91,102,79,
91,99,77,
90,99,76,
91,97,75,
90,97,75,
91,97,76,
90,99,76,
91,98,74,
90,98,75,
91,98,75,
90,99,74,
91,98,74,
90,99,75,
91,99,77,
90,99,75,
90,99,78,
91,101,77,
90,100,78,
91,102,80,
90,100,76,
90,98,74,
91,98,76,
90,97,74,
90,97,74,
91,98,76,
90,98,75,
91,97,76,
90,98,76,
90,97,75,
91,98,76,
90,98,73,
91,99,74,
90,98,74,
90,99,75,
91,101,78,
90,101,78,
90,102,79,
91,100,78,
90,99,75,
90,98,74,
91,98,74,
90,97,73,
90,98,74,
90,98,75,
91,99,75,
90,97,75,
90,98,76,
90,98,75,
91,99,76,
90,98,76,
90,98,75,
90,98,76,
91,101,77,
90,101,79,
90,101,78,
91,100,78,
90,98,76,
90,98,74,
90,98,75,
90,97,73,
90,97,74,
91,98,74,
90,98,74,
90,99,76,
90,99,77,
90,98,76,
90,98,76,
90,98,76,
91,99,76,
90,98,76,
90,101,78,
90,101,78,
90,102,79,
90,99,76,
90,99,77,
90,98,75,
90,97,74,
90,96,74,
91,97,74,
90,97,75,
90,98,73,
90,98,74,
90,98,77,
90,99,77,
90,98,76,
90,97,76,
90,99,77,
90,98,76,
90,100,78,
90,99,77,
90,101,78,
90,99,76,
91,98,77,
90,97,73,
90,98,75,
90,95,72,
90,97,74,
90,97,75,
90,98,75,
90,97,75,
90,98,75,
90,97,75,
90,98,76,
90,98,75,
90,99,76,
90,99,75,
90,100,78,
90,100,79,
90,102,79,
90,99,79,
90,99,76,
90,96,73,
90,97,73,
89,96,72,
90,96,74,
90,98,75,
90,97,74,
90,98,73,
90,97,76,
90,98,77,
90,98,74,
90,99,74,
90,98,77,
89,97,75,
90,100,77,
90,100,76,
90,100,77,
90,101,76,
90,99,75,
90,96,73,
90,99,77,
90,95,74,
90,96,73,
89,98,75,
90,97,75,
90,99,76,
90,98,75,
90,99,75,
90,98,76,
89,98,75,
90,99,76,
90,99,76,
90,98,76,
90,100,77,
90,99,78,
89,100,78,
90,98,76,
90,97,74,
90,98,76,
90,97,75,
89,97,75,
90,98,75,
90,97,76,
90,97,73,
90,98,76,
89,98,75,
90,98,75,
90,98,77,
89,99,76,
90,98,77,
90,99,76,
90,99,77,
90,100,77,
89,101,78,
90,98,76,
90,97,71,
90,96,72,
89,97,73,
90,96,72,
90,96,73,
90,98,74,
89,98,75,
90,98,75,
90,98,76,
90,99,75,
89,98,74,
90,98,75,
90,99,76,
90,99,77,
89,101,78,
90,100,78,
90,100,78,
89,100,75,
90,98,74,
90,97,73,
90,97,74,
89,95,71,
90,97,73,
90,98,74,
89,99,76,
90,99,74,
90,98,75,
89,98,74,
90,97,74,
89,98,75,
90,98,73,
90,98,74,
89,100,77,
90,99,76,
90,101,79,
90,100,79,
89,99,76,
90,97,75,
90,96,74,
89,97,73,
90,97,75,
90,97,75,
89,97,74,
90,97,74,
89,98,75,
90,98,75,
90,98,74,
89,98,75,
90,97,75,
89,97,74,
90,99,78,
90,100,78,
89,101,78,
90,98,77,
89,97,73,
90,97,75,
90,96,74,
89,95,73,
90,97,74,
89,96,75,
90,97,75,
89,97,75,
90,99,74,
90,97,76,
89,96,75,
90,96,75,
89,98,76,
90,97,75,
89,100,78,
90,100,78,
89,100,78,
90,100,77,
89,99,75,
90,98,74,
89,98,73,
90,96,71,
89,97,75,
90,96,77,
90,98,78,
89,98,77,
90,97,77,
89,97,76,
90,97,76,
89,97,75,
90,97,75,
89,97,74,
90,99,74,
89,98,75,
90,100,77,
89,100,77,
90,98,75,
89,97,73,
90,96,75,
89,96,73,
90,97,75,
90,98,75,
89,96,75,
89,98,76,
90,98,75,
89,97,76,
90,97,74,
89,97,75,
90,96,75,
93,101,77,
5273,5860,4458,
24762,27591,21086,
32380,36208,27242,
31109,34869,25771,
28299,31743,23212,
26169,29355,21391,
24894,27917,20352,
24205,27133,19806,
23850,26729,19536,
23665,26520,19404,
23571,26416,19337,
23517,26351,19293,
23485,26315,19272,
23461,26291,19250,
23443,26272,19229,
23424,26251,19221,
23408,26227,19207,
23392,26207,19200,
23377,26197,19193,
23362,26181,19177,
23348,26164,19165,
23336,26147,19154,
23321,26130,19141,
23308,26113,19132,
23297,26102,19116,
23287,26092,19113,
23279,26081,19100,
23267,26064,19092,
23256,26055,19081,
23245,26043,19071,
23234,26033,19068,
23223,26022,19058,
23213,26014,19051,
23204,26004,19045,
23197,25998,19038,
23189,25987,19031,
23182,25975,19026,
23175,25967,19023,
23170,25960,19022,
23162,25953,19018,
23156,25943,19003,
23146,25931,18996,
23142,25925,18993,
23134,25920,18990,
23129,25920,18985,
23124,25915,18986,
23119,25908,18979,
23112,25902,18968,
23107,25894,18967,
23101,25889,18967,
23097,25881,18964,
23093,25877,18957,
23088,25872,18950,
23081,25861,18948,
23077,25859,18940,
23073,25860,18937,
23068,25847,18934,
23061,25839,18933,
23054,25828,18924,
23049,25827,18920,
23044,25821,18912,
23042,25818,18906,
23041,25814,18906,
23039,25813,18914,
23035,25809,18906,
23034,25804,18906,
23031,25804,18908,
23029,25802,18905,
23026,25799,18903,
23026,25800,18901,
23025,25800,18902,
23023,25799,18898,
23020,25796,18899,
23018,25792,18896,
23017,25795,18895,
23017,25795,18893,
23018,25791,18892,
23015,25782,18891,
23012,25780,18888,
23012,25778,18885,
23011,25775,18884,
23011,25774,18882,
23011,25778,18885,
23011,25782,18883,
23008,25777,18881,
23006,25772,18877,
23005,25774,18877,
23005,25770,18879,
23008,25774,18886,
23008,25779,18887,
23008,25779,18884,
23006,25776,18885,
23006,25779,18880,
23001,25771,18877,
23003,25773,18879,
23000,25767,18878,
23006,25769,18884,
23007,25770,18879,
23011,25773,18882,
23011,25774,18886,
23010,25777,18884,
23008,25774,18881,
23008,25780,18884,
23015,25788,18890,
23015,25788,18888,
23014,25782,18886,
23012,25784,18890,
23018,25787,18891,
23020,25789,18890,
23020,25790,18892,
23021,25789,18891,
23017,25789,18891,
23015,25787,18884,
23019,25792,18883,
23017,25789,18884,
23019,25790,18887,
23020,25790,18889,
23021,25790,18895,
23023,25792,18890,
23025,25793,18895,
23028,25799,18901,
23029,25803,18898,
23027,25803,18899,
23028,25801,18904,
23029,25806,18906,
23029,25808,18900,
23029,25804,18896,
23031,25804,18899,
23031,25808,18897,
23030,25806,18899,
23031,25802,18899,
23034,25805,18899,
23035,25805,18900,
23035,25809,18904,
23038,25808,18908,
23040,25807,18910,
23041,25807,18909,
23041,25808,18909,
23042,25812,18910,
23045,25816,18912,
23048,25818,18918,
23049,25823,18918,
23050,25824,18910,
23053,25822,18915,
23057,25830,18921,
23056,25834,18923,
23057,25830,18920,
23057,25832,18926,
23055,25834,18923,
23056,25834,18917,
23057,25831,18922,
23059,25830,18922,
23063,25839,18919,
23067,25846,18921,
23069,25849,18923,
23071,25846,18928,
23072,25849,18930,
23076,25849,18935,
23074,25852,18939,
23074,25851,18932,
23074,25852,18931,
23076,25855,18934,
23076,25855,18932,
23075,25851,18934,
23074,25845,18937,
23073,25847,18937,
23076,25844,18933,
23076,25845,18936,
23076,25848,18932,
23077,25849,18939,
23080,25852,18936,
23080,25854,18935,
23083,25861,18942,
23083,25858,18944,
23087,25861,18953,
23089,25865,18954,
23088,25864,18944,
23087,25863,18946,
23090,25866,18946,
23091,25872,18951,
23093,25874,18950,
23093,25876,18947,
23095,25879,18950,
23094,25875,18951,
23093,25871,18955,
23092,25869,18953,
23096,25873,18949,
23097,25870,18952,
23096,25869,18956,
23097,25876,18955,
23099,25878,18955,
23100,25882,18955,
23100,25883,18955,
23101,25882,18955,
23103,25884,18961,
23102,25882,18960,
23107,25885,18965,
23108,25882,18965,
23104,25875,18958,
23108,25880,18961,
23108,25886,18959,
23108,25887,18960,
23109,25891,18965,
23108,25890,18963,
23109,25893,18963,
23108,25887,18955,
23110,25886,18958,
23113,25893,18967,
23115,25896,18971,
23116,25896,18971,
23117,25896,18968,
23116,25895,18965,
23116,25895,18964,
23116,25896,18968,
23115,25894,18962,
23119,25899,18965,
23120,25901,18969,
23118,25901,18972,
23121,25904,18975,
23121,25908,18973,
23117,25899,18969,
23119,25902,18975,
23123,25904,18972,
23125,25905,18967,
23128,25901,18967,
22647,25367,18561,
17131,19216,13837,
10019,11268,7844,
5262,5936,3981,
2636,2985,1936,
1310,1488,941,
671,764,478,
372,424,270,
235,267,179,
171,195,137,
141,160,117,
127,145,111,
118,142,112,
114,135,105,
111,128,98,
108,121,93,
107,119,92,
105,116,89,
104,114,86,
103,113,85,
102,111,85,
101,110,83,
101,109,84,
100,109,84,
99,108,83,
99,109,83,
99,108,84,
98,108,83,
98,107,82,
97,110,85,
97,109,84,
97,109,84,
97,109,85,
96,107,81,
96,105,79,
96,105,81,
96,104,79,
96,105,81,
95,104,80,
95,104,81,
95,105,80,
95,104,81,
95,104,81,
95,105,80,
94,103,81,
94,105,81,
95,104,79,
94,105,81,
94,105,81,
94,106,82,
94,106,82,
94,103,81,
94,101,77,
93,102,77,
94,101,78,
93,102,77,
93,102,79,
94,103,80,
93,102,80,
93,102,78,
93,103,78,
93,102,77,
93,101,78,
93,102,78,
92,101,79,
93,102,80,
93,103,79,
92,103,81,
93,103,80,
93,101,79,
92,101,78,
92,101,77,
93,98,75,
92,101,77,
92,100,77,
93,100,78,
92,100,77,
92,100,76,
92,100,77,
92,101,77,
92,100,78,
92,102,78,
92,101,78,
92,102,79,
91,103,79,
92,103,80,
92,102,78,
92,102,79,
92,98,76,
91,100,77,
92,99,74,
91,100,78,
92,100,77,
91,99,77,
92,100,77,
91,100,79,
92,99,77,
91,100,77,
91,100,76,
92,100,76,
91,100,76,
91,100,78,
91,102,79,
92,101,80,
91,101,78,
91,100,76,
91,98,75,
91,98,75,
91,98,75,
91,98,73,
91,99,74,
91,100,78,
91,100,77,
91,99,77,
91,99,76,
91,99,76,
91,100,76,
91,100,77,
91,100,78,
91,100,78,
91,101,77,
91,102,80,
90,103,79,
91,101,80,
91,99,76,
91,98,75,
90,96,74,
91,97,73,
91,97,74,
90,99,76,
91,98,76,
90,99,75,
91,99,77,
91,99,77,
90,100,77,
91,99,75,
90,100,76,
91,99,76,
90,100,77,
91,101,79,
90,101,79,
91,101,79,
90,98,75,
91,98,77,
90,97,75,
90,99,75,
91,98,75,
90,100,77,
91,99,77,
90,99,76,
90,100,75,
91,99,75,
90,100,76,
90,98,75,
91,98,74,
90,98,75,
90,100,78,
90,101,78,
91,100,79,
90,101,77,
90,98,76,
90,97,75,
90,98,74,
90,97,74,
91,99,75,
90,98,76,
90,99,75,
90,99,76,
90,98,75,
90,98,76,
90,98,77,
90,98,75,
90,99,75,
90,97,75,
90,100,78,
90,101,78,
90,101,78,
90,101,77,
91,98,75,
89,98,74,
90,96,74,
90,96,74,
90,97,75,
90,97,74,
90,98,75,
90,97,76,
90,98,76,
90,98,75,
90,99,75,
90,98,76,
90,99,76,
90,97,74,
90,100,77,
90,99,76,
90,101,79,
90,101,76,
89,98,77,
90,97,73,
90,97,73,
90,95,73,
90,96,74,
89,97,75,
90,98,74,
90,98,77,
90,98,75,
90,99,76,
89,98,75,
90,97,75,
90,98,74,
90,98,75,
90,99,78,
89,99,78,
90,100,77,
90,100,77,
89,99,76,
90,98,73,
90,98,75,
89,96,74,
90,96,73,
90,97,75,
89,98,74,
90,98,74,
90,98,76,
89,97,74,
90,98,75,
90,97,76,
89,97,75,
90,97,75,
89,99,77,
90,99,76,
90,100,79,
89,100,78,
90,99,77,
89,98,75,
90,97,74,
89,96,72,
90,96,74,
89,97,73,
90,96,74,
89,97,74,
90,97,75,
89,97,75,
90,98,76,
89,99,77,
90,99,76,
89,97,75,
90,99,76,
90,100,76,
89,101,79,
90,100,79,
89,100,77,
89,97,74,
90,97,74,
89,95,73,
90,97,73,
89,97,73,
90,98,73,
89,98,74,
90,97,74,
89,97,75,
89,98,75,
90,98,77,
89,99,75,
90,97,73,
89,97,76,
89,99,77,
90,99,77,
89,101,78,
90,98,76,
89,96,73,
90,96,74,
89,95,72,
89,96,74,
89,96,74,
90,96,75,
89,97,74,
90,97,75,
89,97,75,
89,97,73,
89,98,74,
90,98,77,
89,97,75,
89,99,77,
90,99,77,
89,99,77,
89,99,79,
90,99,76,
89,96,75,
89,97,76,
89,95,73,
90,95,74,
89,97,74,
89,97,75,
90,97,74,
89,98,75,
89,97,75,
89,98,75,
89,97,74,
90,98,76,
89,97,76,
89,97,74,
89,100,75,
90,99,76,
89,99,78,
89,99,75,
89,97,74,
90,97,73,
89,95,71,
89,95,72,
89,96,74,
89,98,76,
89,97,75,
89,98,74,
90,98,75,
89,96,74,
89,98,75,
89,97,76,
89,98,76,
89,97,74,
89,100,77,
89,99,77,
90,102,78,
89,99,75,
89,97,75,
89,96,73,
89,94,71,
89,95,71,
89,95,74,
89,97,75,
89,96,75,
89,98,75,
89,97,75,
90,98,76,
89,97,74,
89,98,76,
89,97,76,
89,98,75,
89,99,77,
89,100,78,
89,100,78,
89,99,76,
89,96,75,
89,95,73,
89,97,74,
89,95,72,
89,96,73,
89,95,73,
89,97,74,
89,97,74,
89,97,75,
89,97,75,
89,97,74,
89,98,74,
89,98,74,
89,97,74,
89,100,75,
89,99,76,
89,100,78,
89,99,76,
89,98,74,
89,95,73,
89,96,74,
89,94,73,
89,96,73,
89,97,74,
89,96,73,
89,98,74,
89,97,74,
89,96,74,
89,96,75,
89,96,74,
89,97,74,
88,97,75,
89,98,76,
89,99,77,
89,99,76,
89,99,78,
89,98,76,
89,98,74,
89,96,75,
89,96,73,
89,96,73,
89,97,74,
89,97,74,
89,97,75,
89,96,74,
89,97,73,
89,96,74,
88,97,75,
89,97,75,
89,97,75,
89,97,75,
89,99,78,
89,99,78,
89,99,77,
89,98,76,
89,96,72,
89,96,73,
89,96,72,
89,96,74,
89,99,74,
88,96,74,
89,95,74,
89,96,75,
89,96,74,
89,96,76,
89,97,75,
89,97,74,
88,97,75,
89,98,75,
89,99,77,
89,101,77,
89,99,77,
89,99,76,
89,96,73,
88,95,72,
89,94,72,
89,95,72,
89,96,74,
89,97,75,
89,97,76,
89,98,75,
88,97,75,
89,97,74,
89,97,74,
89,98,75,
89,98,75,
88,98,76,
89,99,76,
89,98,75,
89,99,77,
89,98,76,
88,96,72,
89,97,73,
89,96,73,
89,95,70,
88,96,72,
89,97,74,
89,97,73,
89,97,73,
88,97,73,
89,97,73,
89,98,75,
89,98,75,
89,97,76,
88,98,76,
89,99,78,
89,99,77,
88,100,77,
89,98,75,
89,96,74,
89,96,73,
88,96,74,
89,95,72,
89,96,76,
88,97,77,
89,96,74,
89,97,73,
88,97,74,
89,96,74,
89,97,74,
88,96,74,
89,97,74,
89,97,75,
88,100,78,
89,98,77,
89,101,79,
89,98,77,
88,98,74,
89,95,72,
89,96,72,
88,94,71,
89,95,73,
89,96,75,
88,96,76,
89,96,73,
88,97,74,
89,96,75,
89,96,74,
88,96,75,
89,97,75,
89,96,74,
88,98,76,
89,99,77,
89,99,78,
89,98,77,
88,96,75,
89,94,73,
89,96,73,
88,93,70,
89,95,73,
88,95,71,
89,95,72,
89,96,73,
88,95,74,
89,96,74,
89,96,73,
88,96,74,
89,97,74,
89,96,75,
88,99,79,
89,99,77,
89,100,78,
88,99,76,
89,99,76,
89,96,74,
88,97,73,
89,94,74,
88,96,73,
89,96,74,
88,95,73,
89,95,74,
89,97,74,
88,97,74,
89,97,75,
88,98,76,
89,97,75,
89,96,75,
88,97,78,
89,98,76,
89,99,78,
88,99,78,
89,98,76,
88,95,74,
89,97,73,
88,94,72,
89,96,72,
88,97,73,
89,97,74,
89,97,73,
88,97,74,
89,96,74,
88,97,74,
89,96,73,
88,96,75,
89,96,75,
88,97,75,
89,98,75,
89,99,76,
88,99,77,
89,98,75,
88,97,73,
89,97,73,
88,94,72,
89,94,72,
88,96,73,
89,96,75,
88,96,73,
89,97,74,
89,97,75,
88,96,76,
89,96,75,
88,97,75,
89,97,73,
88,99,77,
89,99,76,
88,99,77,
89,99,77,
88,99,76,
89,95,74,
88,96,74,
89,94,73,
88,94,72,
89,95,73,
88,96,73,
89,96,73,
88,96,76,
89,96,72,
88,96,73,
89,95,73,
88,97,75,
88,97,73,
89,97,73,
88,98,76,
89,99,76,
88,99,77,
89,99,76,
88,96,74,
89,96,73,
88,94,73,
89,94,71,
88,95,73,
89,96,72,
88,96,72,
88,96,73,
89,96,74,
88,95,75,
89,97,75,
88,96,74,
89,95,73,
88,96,74,
89,98,75,
88,97,75,
89,99,77,
88,98,77,
89,96,75,
88,96,73,
89,94,71,
88,95,72,
89,95,73,
88,96,73,
88,96,73,
89,97,75,
88,96,75,
89,96,76,
88,96,74,
89,97,74,
88,96,74,
88,96,75,
89,99,77,
88,98,77,
89,100,78,
88,97,74,
89,95,73,
88,95,73,
88,95,73,
89,95,72,
88,95,72,
88,95,73,
89,96,75,
88,96,75,
89,97,73,
88,96,73,
88,96,75,
89,97,75,
88,97,73,
89,97,74,
88,99,77,
88,99,76,
89,99,77,
88,97,78,
89,98,76,
88,96,74,
89,95,72,
88,93,71,
88,95,71,
89,96,74,
88,96,74,
88,96,74,
89,96,74,
88,96,74,
89,96,72,
88,97,75,
88,97,73,
89,97,74,
88,99,77,
89,97,76,
88,99,77,
88,98,76,
88,97,75,
89,96,73,
88,95,72,
89,94,72,
88,94,72,
88,95,73,
88,96,73,
89,97,74,
88,96,74,
88,97,74,
89,97,74,
88,96,74,
88,97,74,
89,97,75,
88,97,76,
89,99,78,
88,99,78,
88,99,75,
89,97,75,
88,94,71,
88,95,73,
89,95,72,
88,95,73,
88,97,74,
89,96,74,
88,96,75,
88,96,75,
89,96,75,
88,96,74,
88,96,73,
89,97,73,
88,96,74,
88,97,76,
89,98,77,
88,99,77,
88,99,76,
89,98,75,
88,95,73,
88,95,73,
88,93,71,
89,95,73,
88,96,72,
88,96,72,
89,97,72,
88,96,73,
88,95,74,
88,96,74,
89,97,74,
88,96,75,
88,96,75,
89,97,76,
88,99,77,
88,99,77,
89,98,76,
88,98,76,
88,96,72,
89,95,73,
88,95,73,
88,94,72,
89,95,72,
88,96,74,
88,96,75,
88,97,73,
88,96,74,
89,95,74,
88,97,73,
88,95,74,
88,96,74,
89,96,74,
88,98,75,
88,99,75,
88,98,76,
89,97,76,
88,96,72,
88,94,73,
88,95,72,
89,94,73,
88,95,73,
88,96,75,
88,96,74,
88,96,75,
89,95,74,
88,95,74,
88,97,73,
88,95,74,
89,96,74,
88,96,75,
88,98,77,
88,96,76,
88,98,77,
89,98,76,
88,97,74,
88,95,71,
88,93,71,
88,94,70,
89,94,72,
88,95,73,
88,96,75,
88,97,75,
89,97,74,
88,96,75,
88,96,73,
88,97,75,
88,96,74,
89,97,75,
88,99,75,
88,104,82,
89,116,97,
88,109,87,
88,101,79,
89,98,75,
88,94,73,
88,91,67,
88,85,61,
88,89,65,
88,92,70,
89,95,73,
88,95,74,
88,96,74,
88,95,74,
89,96,73,
88,96,74,
88,97,75,
88,99,76,
88,98,76,
89,98,77,
88,97,76,
88,96,75,
88,94,71,
88,95,73,
89,94,71,
88,95,74,
88,95,73,
88,95,73,
88,95,75,
89,95,73,
88,96,73,
88,95,74,
88,95,74,
88,97,74,
89,96,74,
88,98,77,
88,98,77,
88,100,78,
88,98,76,
89,96,75,
88,94,71,
88,96,74,
88,94,72,
88,94,73,
88,96,74,
89,96,74,
88,96,75,
88,97,73,
88,97,75,
88,96,73,
88,95,74,
89,95,74,
88,96,75,
88,97,75,
88,97,76,
88,97,77,
88,98,77,
89,97,76,
88,94,73,
88,97,74,
88,94,72,
88,95,73,
88,95,75,
89,96,75,
88,96,74,
88,96,74,
88,96,75,
88,97,75,
88,96,75,
88,96,74,
88,95,74,
88,98,75,
88,97,76,
89,99,76,
88,98,77,
88,97,75,
88,95,73,
88,95,72,
88,94,71,
88,95,72,
88,95,73,
88,96,74,
88,96,73,
89,96,74,
88,96,74,
88,96,74,
88,97,73,
88,96,73,
88,97,74,
88,98,76,
88,99,76,
88,99,77,
88,97,77,
89,97,76,
88,96,72,
88,96,73,
88,94,71,
91,99,75,
4847,5385,4103,
22845,25451,19476,
30372,33962,25577,
29734,33316,24660,
27507,30842,22589,
25753,28875,21080,
24684,27672,20204,
24097,27008,19734,
23791,26660,19502,
23630,26480,19387,
23546,26389,19325,
23493,26333,19287,
23458,26291,19254,
23434,26263,19232,
23412,26236,19215,
23391,26211,19202,
23373,26190,19187,
23358,26174,19175,
23345,26163,19165,
23330,26146,19146,
23315,26129,19141,
23301,26111,19131,
23284,26092,19111,
23270,26078,19103,
23261,26066,19096,
23247,26050,19084,
23232,26034,19068,
23220,26022,19062,
23207,26005,19057,
23196,25991,19043,
23185,25978,19030,
23174,25966,19024,
23162,25951,19018,
23151,25938,19009,
23141,25925,19000,
23134,25915,18996,
23124,25903,18986,
23115,25897,18974,
23106,25886,18966,
23097,25872,18955,
23089,25867,18958,
23082,25857,18950,
23073,25850,18944,
23066,25843,18935,
23057,25838,18931,
23051,25830,18926,
23045,25827,18919,
23036,25818,18912,
23030,25814,18910,
23023,25803,18905,
23020,25794,18903,
23014,25783,18898,
23009,25777,18885,
23006,25776,18881,
23003,25772,18884,
22998,25768,18883,
22996,25767,18881,
22993,25769,18878,
22991,25761,18873,
22986,25755,18876,
22984,25750,18873,
22982,25747,18871,
22979,25743,18871,
22979,25743,18861,
22973,25741,18858,
22972,25740,18857,
22971,25738,18858,
22967,25731,18849,
22965,25728,18849,
22964,25728,18850,
22963,25728,18843,
22962,25725,18844,
22960,25725,18846,
22962,25726,18847,
22962,25727,18848,
22959,25722,18843,
22953,25710,18839,
22949,25707,18834,
22953,25710,18838,
22955,25720,18848,
22956,25717,18845,
22954,25719,18842,
22953,25717,18844,
22949,25709,18835,
22947,25712,18840,
22949,25712,18838,
22948,25708,18835,
22949,25709,18835,
22949,25711,18839,
22948,25707,18834,
22948,25715,18837,
22948,25713,18841,
22948,25708,18839,
22947,25703,18835,
22948,25707,18832,
22946,25709,18832,
22946,25706,18834,
22946,25705,18836,
22947,25703,18834,
22946,25697,18834,
22947,25701,18837,
22946,25707,18833,
22948,25715,18834,
22949,25713,18839,
22950,25709,18838,
22951,25708,18838,
22952,25713,18840,
22954,25714,18837,
22954,25710,18838,
22955,25713,18843,
22956,25717,18848,
22958,25717,18842,
22958,25718,18836,
22959,25715,18838,
22959,25715,18843,
22960,25721,18843,
22961,25719,18846,
22961,25713,18846,
22961,25719,18849,
22964,25728,18849,
22965,25732,18846,
22967,25732,18846,
22968,25730,18848,
22970,25734,18847,
22973,25733,18855,
22974,25730,18854,
22979,25736,18861,
22980,25739,18859,
22980,25740,18862,
22981,25744,18861,
22983,25746,18864,
22984,25748,18864,
22985,25749,18866,
22986,25749,18865,
22989,25749,18861,
22991,25755,18865,
22994,25760,18865,
22994,25762,18871,
22994,25762,18874,
22994,25763,18874,
22997,25764,18874,
22999,25761,18869,
23000,25761,18873,
22999,25761,18871,
23001,25764,18874,
23001,25767,18876,
23004,25771,18878,
23005,25770,18882,
23006,25770,18884,
23009,25773,18882,
23010,25775,18888,
23012,25779,18887,
23012,25777,18886,
23015,25779,18889,
23015,25780,18891,
23018,25782,18895,
23019,25785,18897,
23020,25789,18893,
23022,25792,18888,
23025,25791,18889,
23027,25793,18898,
23030,25793,18894,
23032,25797,18899,
23035,25803,18896,
23036,25807,18898,
23037,25808,18901,
23037,25807,18905,
23039,25809,18905,
23040,25805,18904,
23042,25811,18910,
23046,25811,18906,
23045,25815,18904,
23045,25817,18913,
23045,25819,18915,
23047,25820,18916,
23047,25824,18915,
23050,25820,18915,
23051,25821,18910,
23054,25825,18915,
23054,25824,18912,
23054,25822,18910,
23056,25825,18918,
23055,25825,18912,
23057,25827,18915,
23058,25831,18915,
23060,25833,18920,
23061,25835,18924,
23061,25834,18926,
23062,25835,18926,
23063,25834,18927,
23064,25835,18929,
23067,25840,18936,
23067,25840,18935,
23067,25839,18931,
23065,25834,18929,
23064,25831,18931,
23065,25831,18929,
23067,25835,18930,
23070,25840,18929,
23071,25840,18934,
23071,25847,18933,
23073,25846,18935,
23073,25846,18938,
23076,25849,18940,
23080,25848,18937,
23079,25850,18934,
23079,25854,18932,
23079,25853,18938,
23081,25852,18943,
23083,25856,18943,
23083,25857,18946,
23083,25859,18950,
23085,25861,18946,
23085,25863,18946,
23089,25863,18950,
23089,25860,18947,
23090,25861,18948,
23091,25864,18948,
23091,25869,18948,
23094,25874,18946,
23094,25873,18948,
23098,25874,18951,
23096,25872,18956,
23096,25871,18954,
23095,25873,18954,
23100,25875,18958,
23099,25878,18958,
23101,25878,18960,
23101,25881,18957,
23102,25884,18958,
23102,25882,18954,
23102,25880,18958,
23103,25881,18959,
23104,25880,18957,
23106,25878,18956,
23108,25883,18956,
23107,25884,18957,
23106,25884,18953,
23107,25889,18957,
23108,25889,18959,
23111,25890,18960,
23111,25893,18968,
23115,25893,18969,
23117,25896,18967,
23114,25895,18970,
23114,25892,18973,
23116,25895,18972,
23115,25898,18972,
23117,25897,18972,
23115,25896,18977,
23116,25897,18973,
23116,25895,18969,
23118,25898,18967,
23119,25899,18975,
23122,25900,18975,
21609,24212,17686,
14767,16581,11832,
8271,9311,6411,
4260,4811,3191,
2120,2401,1541,
1058,1202,756,
552,629,396,
317,361,233,
209,240,161,
159,181,129,
135,155,113,
122,140,107,
116,130,100,
112,123,94,
108,120,92,
107,116,89,
105,116,88,
104,115,88,
103,114,88,
102,113,86,
101,111,85,
100,110,84,
99,110,85,
99,110,83,
99,109,83,
98,108,83,
97,110,84,
97,110,84,
97,109,84,
97,108,84,
96,108,82,
96,105,79,
95,105,80,
96,103,79,
95,104,80,
95,103,80,
94,103,80,
95,103,79,
94,104,79,
94,103,79,
95,104,80,
94,103,80,
93,103,79,
94,103,80,
94,104,80,
93,105,82,
93,105,82,
93,104,80,
93,102,80,
93,100,77,
93,100,77,
93,99,76,
93,101,77,
93,101,76,
92,102,78,
93,102,79,
92,102,80,
92,102,77,
92,101,78,
93,101,78,
92,101,78,
92,101,80,
91,103,80,
92,103,79,
92,103,81,
92,103,80,
92,102,79,
91,100,77,
92,100,77,
91,98,75,
92,97,74,
91,98,77,
91,99,76,
92,100,77,
91,99,77,
91,100,76,
91,99,75,
92,99,76,
91,101,76,
91,101,79,
91,99,76,
90,101,80,
91,101,80,
91,103,79,
91,101,80,
91,100,76,
91,98,75,
91,97,75,
90,97,74,
91,97,75,
90,99,75,
91,98,74,
91,99,75,
90,98,75,
91,98,76,
90,98,74,
91,98,75,
90,98,75,
90,100,77,
91,100,78,
90,101,78,
91,102,81,
90,101,79,
90,99,75,
90,99,75,
90,98,75,
91,97,74,
90,98,75,
90,98,75,
90,99,77,
90,100,77,
90,99,76,
90,100,77,
90,99,75,
90,98,75,
90,98,75,
90,98,75,
90,100,78,
90,100,78,
90,101,79,
90,100,79,
90,97,75,
89,96,74,
90,97,74,
90,96,75,
90,97,74,
90,98,75,
89,97,76,
90,97,75,
90,98,75,
89,98,75,
90,98,77,
90,98,75,
89,98,75,
90,96,75,
90,101,79,
89,98,76,
90,101,78,
89,99,77,
90,98,75,
89,95,73,
90,96,75,
89,96,73,
90,97,75,
89,98,76,
90,96,75,
89,98,75,
90,98,76,
89,98,75,
90,99,76,
89,98,77,
89,97,76,
90,97,76,
89,100,77,
90,99,78,
89,101,80,
89,100,77,
90,97,75,
89,96,73,
89,97,72,
90,95,72,
89,96,73,
89,97,74,
89,97,76,
90,98,75,
89,97,74,
89,98,75,
89,97,75,
90,97,75,
89,98,77,
89,98,75,
89,98,78,
89,99,76,
90,100,79,
89,100,77,
89,98,77,
89,95,73,
89,97,74,
89,95,72,
89,94,71,
89,97,75,
89,97,75,
89,96,74,
89,97,75,
89,95,72,
89,96,74,
89,97,75,
89,97,76,
89,97,76,
89,98,77,
89,99,76,
89,99,77,
89,100,77,
89,98,77,
89,96,73,
89,95,74,
89,96,72,
89,96,74,
89,97,73,
89,96,74,
89,97,73,
88,97,74,
89,97,73,
89,97,75,
89,96,74,
89,97,74,
89,96,76,
89,98,76,
89,99,78,
88,100,79,
89,99,77,
89,98,76,
89,97,74,
89,98,75,
89,95,73,
88,96,73,
89,96,74,
89,96,73,
89,97,75,
88,96,74,
89,97,73,
89,97,75,
89,97,75,
88,96,74,
89,96,73,
89,96,74,
88,98,75,
89,97,76,
89,99,78,
89,99,77,
88,97,74,
89,96,74,
89,96,73,
88,95,72,
89,97,73,
89,96,75,
88,97,73,
89,97,73,
88,97,75,
89,96,75,
89,97,74,
88,98,74,
89,97,75,
88,99,75,
89,98,76,
89,99,76,
88,99,76,
89,99,75,
89,96,73,
88,96,73,
89,95,73,
88,96,72,
89,95,73,
88,96,74,
89,96,73,
89,96,74,
88,97,74,
89,97,74,
88,97,74,
89,97,73,
88,96,74,
89,97,75,
88,99,76,
89,97,74,
88,98,76,
89,98,76,
88,96,73,
89,95,71,
88,96,71,
88,94,71,
89,95,74,
88,96,74,
89,96,74,
88,95,72,
89,97,74,
88,97,74,
88,98,75,
89,98,74,
88,97,73,
89,97,74,
88,98,77,
89,99,77,
88,99,77,
89,99,77,
88,96,73,
89,94,72,
88,96,73,
88,94,72,
89,95,74,
88,96,73,
89,97,74,
88,96,74,
88,97,75,
89,97,74,
88,95,73,
89,96,73,
88,96,74,
88,97,75,
89,98,76,
88,99,76,
89,99,77,
88,98,75,
88,96,76,
88,96,73,
89,95,73,
88,95,72,
89,94,72,
88,96,74,
88,95,73,
89,96,74,
88,95,74,
88,93,72,
88,94,70,
89,95,73,
88,95,73,
88,96,73,
89,98,76,
88,98,77,
88,98,77,
89,98,77,
88,97,76,
88,96,73,
88,95,74,
89,94,72,
88,94,72,
88,96,73,
88,95,72,
89,97,74,
88,96,75,
88,95,73,
88,96,73,
89,95,71,
88,96,73,
88,96,73,
89,97,74,
88,98,74,
88,99,77,
88,98,76,
88,98,75,
89,95,73,
88,94,73,
88,93,71,
88,94,72,
88,95,74,
89,95,75,
88,96,74,
88,96,73,
88,96,74,
88,96,74,
88,96,74,
89,96,73,
88,94,73,
88,97,75,
88,98,76,
88,98,76,
89,98,78,
88,97,76,
88,96,73,
88,95,74,
88,93,71,
88,95,73,
88,94,73,
88,95,74,
88,96,74,
89,96,73,
88,97,73,
88,96,73,
88,95,73,
88,96,74,
88,96,74,
88,95,75,
89,97,77,
88,98,78,
88,99,75,
88,97,75,
88,95,73,
88,96,74,
89,94,71,
88,95,72,
88,96,73,
88,96,73,
88,96,72,
88,97,74,
88,96,74,
88,96,73,
88,97,75,
88,95,74,
89,95,73,
88,97,74,
88,97,75,
88,97,75,
88,98,76,
88,97,75,
88,96,74,
88,95,73,
88,93,72,
88,94,72,
88,95,73,
88,96,74,
88,96,74,
88,95,75,
88,96,74,
88,95,74,
88,95,72,
88,96,73,
88,97,72,
88,95,72,
88,97,76,
88,97,75,
89,97,77,
88,97,76,
88,96,74,
87,95,73,
88,95,73,
89,94,72,
88,96,74,
88,96,74,
88,95,73,
88,96,74,
88,96,73,
88,97,73,
88,96,73,
88,96,74,
88,95,74,
88,96,74,
88,98,76,
88,97,76,
88,100,77,
88,98,76,
88,97,74,
88,95,73,
88,94,73,
87,94,74,
88,94,71,
88,96,66,
88,95,69,
88,94,71,
88,96,73,
88,96,74,
88,95,74,
88,96,74,
88,96,73,
88,95,73,
88,97,75,
88,96,75,
87,99,77,
88,97,76,
88,97,75,
88,95,73,
88,96,74,
88,94,72,
88,94,73,
88,95,74,
88,95,73,
88,96,74,
88,96,72,
88,96,73,
88,95,73,
88,96,72,
87,96,73,
88,96,73,
88,97,76,
88,97,75,
88,97,76,
88,97,75,
88,97,74,
88,94,71,
88,94,72,
88,93,72,
88,95,73,
88,96,72,
87,95,74,
88,97,74,
88,96,75,
88,95,74,
88,96,74,
88,96,75,
88,97,74,
88,96,74,
88,98,76,
87,97,77,
88,99,78,
88,98,75,
88,97,74,
88,95,72,
88,95,72,
88,93,71,
88,95,73,
88,95,73,
87,96,74,
88,95,74,
88,95,74,
88,95,73,
88,96,73,
88,96,73,
87,95,73,
88,96,74,
88,97,75,
88,97,76,
88,98,77,
88,98,77,
88,97,74,
88,94,72,
87,95,74,
88,94,71,
88,93,73,
88,95,73,
88,95,73,
87,96,74,
88,96,74,
88,96,74,
88,96,75,
88,96,75,
87,96,75,
88,96,74,
88,95,73,
88,97,76,
88,97,75,
87,98,77,
88,96,76,
88,94,73,
88,95,74,
87,93,72,
88,94,72,
88,95,74,
88,96,73,
87,94,73,
88,96,75,
88,95,73,
88,96,74,
88,95,74,
87,95,72,
88,96,75,
88,97,75,
88,98,77,
88,97,77,
87,99,77,
88,97,75,
88,94,72,
88,94,70,
87,94,72,
88,94,71,
88,95,73,
87,95,71,
88,95,72,
88,95,73,
88,95,73,
88,97,73,
87,95,73,
88,95,73,
88,95,72,
88,95,73,
88,97,76,
87,97,76,
88,98,77,
88,97,76,
88,96,74,
87,95,74,
88,94,72,
88,95,72,
87,95,72,
88,96,74,
88,96,75,
88,96,74,
87,95,73,
88,96,73,
88,96,72,
88,96,72,
87,96,73,
88,95,74,
88,99,76,
88,105,85,
88,102,81,
88,98,77,
87,96,75,
88,95,73,
88,94,73,
87,94,74,
88,94,73,
88,94,71,
88,93,71,
87,94,71,
88,95,72,
88,94,72,
87,96,73,
88,95,74,
88,96,75,
88,95,73,
87,97,76,
88,97,74,
88,98,75,
88,97,75,
87,96,74,
88,94,72,
88,93,71,
87,93,70,
88,95,72,
88,94,72,
87,96,72,
88,95,73,
88,95,73,
88,96,72,
87,96,74,
88,95,74,
88,97,75,
87,96,72,
88,98,76,
88,96,76,
88,97,77,
87,98,76,
88,95,74,
88,95,71,
87,93,71,
88,92,70,
88,94,72,
87,95,72,
88,94,72,
88,96,73,
87,96,75,
88,96,73,
88,96,74,
88,97,76,
87,96,73,
88,95,75,
88,97,75,
87,97,77,
88,99,77,
88,98,76,
87,96,75,
88,94,71,
88,95,72,
87,93,70,
88,94,72,
88,95,73,
87,96,74,
88,96,74,
88,96,75,
87,96,72,
88,95,73,
87,94,72,
88,96,73,
88,95,73,
87,97,76,
88,98,77,
88,98,76,
87,98,76,
88,96,74,
87,94,72,
88,95,74,
88,94,70,
87,93,72,
88,95,74,
88,96,75,
87,95,74,
88,96,75,
88,94,73,
87,95,73,
88,97,74,
87,96,74,
88,96,73,
88,96,74,
87,97,76,
88,97,75,
88,97,75,
87,96,74,
88,96,72,
88,95,73,
87,94,71,
88,95,73,
87,95,74,
88,94,73,
87,96,73,
88,94,73,
88,95,73,
87,95,73,
88,95,74,
87,95,73,
88,95,73,
88,96,75,
87,98,75,
88,98,76,
87,98,76,
88,96,75,
87,93,72,
88,94,72,
88,94,71,
87,93,70,
88,93,71,
87,93,73,
88,94,73,
88,95,73,
87,95,73,
88,95,73,
88,96,73,
87,95,73,
88,95,73,
87,97,75,
88,97,77,
88,97,77,
87,98,79,
88,97,75,
291,323,240,
12100,13452,10285,
28958,32309,24588,
32118,35944,26863,
29861,33476,24628,
27286,30601,22342,
25540,28641,20879,
24540,27516,20077,
24010,26909,19660,
23735,26599,19457,
23595,26440,19351,
23517,26354,19301,
23471,26299,19263,
23438,26262,19241,
23415,26241,19231,
23395,26216,19211,
23376,26195,19192,
23361,26179,19180,
23346,26165,19167,
23330,26144,19155,
23317,26128,19142,
23301,26108,19121,
23289,26099,19117,
23277,26078,19108,
23265,26065,19101,
23253,26055,19091,
23240,26037,19073,
23227,26023,19067,
23217,26014,19056,
23207,26004,19047,
23196,25990,19037,
23185,25976,19029,
23174,25965,19021,
23161,25955,19009,
23148,25943,19005,
23139,25928,18992,
23131,25920,18985,
23122,25909,18974,
23116,25896,18969,
23107,25891,18964,
23102,25885,18961,
23094,25873,18961,
23086,25868,18959,
23080,25858,18954,
23072,25847,18945,
23065,25845,18938,
23061,25836,18933,
23053,25826,18926,
23049,25823,18921,
23044,25818,18917,
23035,25809,18914,
23030,25802,18908,
23025,25795,18905,
23019,25791,18897,
23016,25785,18897,
23012,25783,18886,
23008,25775,18886,
23008,25774,18885,
23006,25772,18879,
23004,25771,18880,
23002,25769,18883,
22998,25767,18881,
22993,25756,18869,
22993,25752,18862,
22990,25751,18861,
22988,25754,18866,
22983,25749,18865,
22981,25744,18860,
22979,25746,18861,
22978,25743,18869,
22975,25742,18863,
22971,25741,18857,
22970,25734,18862,
22966,25728,18858,
22968,25730,18857,
22965,25721,18847,
22963,25724,18848,
22960,25728,18842,
22960,25725,18842,
22961,25723,18843,
22958,25722,18843,
22957,25715,18844,
22953,25711,18844,
22955,25715,18847,
22954,25713,18839,
22960,25722,18845,
22960,25724,18848,
22959,25721,18849,
22959,25718,18850,
22956,25712,18842,
22954,25713,18837,
22953,25710,18835,
22954,25712,18833,
22956,25711,18836,
22956,25710,18830,
22955,25713,18839,
22956,25711,18838,
22956,25714,18841,
22959,25716,18850,
22957,25717,18844,
22956,25716,18840,
22955,25714,18840,
22955,25713,18839,
22954,25711,18837,
22953,25712,18834,
22953,25714,18834,
22953,25717,18840,
22956,25718,18843,
22958,25717,18848,
22959,25719,18838,
22960,25718,18841,
22962,25716,18839,
22966,25723,18845,
22966,25726,18848,
22966,25722,18850,
22970,25723,18848,
22971,25726,18850,
22973,25728,18852,
22974,25735,18854,
22975,25740,18856,
22979,25744,18856,
22977,25740,18856,
22979,25741,18858,
22981,25743,18865,
22985,25745,18867,
22985,25752,18865,
22987,25752,18865,
22987,25753,18865,
22987,25757,18865,
22989,25757,18861,
22991,25759,18865,
22994,25761,18871,
22994,25763,18865,
22998,25762,18869,
22999,25761,18870,
23001,25762,18876,
23004,25766,18876,
23003,25769,18877,
23002,25769,18876,
23003,25772,18878,
23007,25774,18880,
23007,25771,18878,
23009,25772,18884,
23010,25779,18886,
23010,25780,18886,
23014,25782,18886,
23018,25787,18886,
23019,25788,18887,
23020,25789,18887,
23022,25789,18888,
23021,25791,18890,
23024,25791,18893,
23025,25793,18892,
23026,25794,18897,
23028,25800,18899,
23028,25799,18901,
23031,25802,18903,
23030,25798,18902,
23033,25801,18902,
23034,25804,18901,
23037,25802,18904,
23037,25808,18907,
23039,25811,18905,
23038,25810,18899,
23040,25808,18900,
23042,25811,18905,
23045,25813,18910,
23044,25814,18905,
23050,25820,18916,
23054,25822,18918,
23053,25823,18919,
23055,25826,18913,
23055,25828,18920,
23055,25831,18923,
23055,25831,18918,
23056,25830,18923,
23058,25831,18919,
23061,25834,18927,
23060,25835,18926,
23057,25831,18927,
23060,25832,18934,
23061,25831,18925,
23062,25833,18921,
23064,25836,18922,
23064,25834,18923,
23065,25834,18926,
23067,25835,18925,
23067,25837,18923,
23068,25836,18924,
23069,25837,18927,
23071,25840,18928,
23071,25840,18929,
23072,25841,18931,
23076,25846,18935,
23076,25846,18933,
23075,25849,18934,
23077,25853,18940,
23077,25852,18937,
23076,25846,18933,
23078,25847,18935,
23078,25853,18938,
23077,25857,18936,
23079,25854,18933,
23084,25857,18937,
23088,25861,18944,
23091,25866,18953,
23092,25865,18949,
23090,25860,18943,
23091,25862,18948,
23092,25868,18946,
23092,25864,18949,
23092,25870,18951,
22838,25579,18735,
18039,20231,14624,
10773,12116,8478,
5710,6441,4344,
2870,3250,2117,
1423,1617,1025,
724,824,515,
397,451,286,
245,278,181,
175,197,136,
142,160,114,
126,142,106,
117,133,100,
113,126,97,
109,123,93,
107,119,91,
105,117,90,
104,115,89,
102,115,88,
102,114,89,
101,114,89,
99,114,89,
99,110,86,
99,109,84,
98,108,82,
97,107,83,
97,105,80,
97,105,80,
96,106,80,
96,105,81,
96,106,81,
95,106,83,
95,104,80,
95,105,80,
94,103,79,
95,103,78,
94,104,81,
94,105,81,
94,105,80,
94,105,81,
93,104,80,
94,103,79,
93,101,77,
93,104,79,
93,101,77,
93,101,76,
92,101,77,
93,102,78,
92,102,77,
93,101,79,
92,101,78,
92,101,77,
92,100,76,
93,101,78,
91,101,78,
92,100,78,
92,102,80,
92,102,79,
92,102,80,
91,101,78,
92,99,77,
91,100,76,
91,97,76,
92,98,75,
91,99,78,
91,100,77,
91,99,78,
91,100,78,
91,99,77,
91,100,77,
91,99,77,
91,100,78,
91,99,76,
91,101,76,
90,101,78,
91,101,78,
91,102,79,
91,100,78,
90,98,74,
91,98,76,
90,96,75,
90,97,75,
91,97,74,
90,99,75,
91,99,76,
90,99,76,
90,98,76,
90,98,75,
91,98,74,
90,97,74,
90,99,75,
90,98,76,
90,100,78,
90,100,77,
90,100,79,
90,100,77,
90,99,75,
90,98,75,
90,98,75,
90,96,73,
89,97,74,
90,98,74,
90,99,76,
89,98,77,
90,98,76,
90,97,75,
89,98,74,
90,97,76,
90,97,75,
89,98,76,
90,100,79,
89,99,76,
90,99,78,
89,98,77,
90,97,74,
89,95,72,
90,95,73,
89,95,72,
89,96,76,
90,97,75,
89,96,75,
89,98,75,
90,97,77,
89,98,75,
89,96,75,
90,97,76,
89,98,76,
89,99,75,
89,100,77,
90,100,76,
89,101,78,
89,99,77,
89,97,75,
89,96,74,
89,96,73,
89,95,72,
89,96,74,
89,96,74,
90,97,74,
89,98,73,
89,99,75,
89,97,73,
89,96,74,
89,96,73,
89,97,74,
88,96,75,
89,99,77,
89,99,77,
89,99,76,
89,99,75,
89,98,76,
89,96,74,
89,98,75,
89,94,74,
88,96,73,
89,97,73,
89,96,74,
89,97,75,
89,97,75,
88,96,74,
89,97,76,
89,96,75,
88,97,74,
89,96,75,
89,98,77,
89,98,75,
88,98,77,
89,99,78,
89,98,75,
89,96,73,
88,96,74,
89,95,73,
88,96,74,
89,95,73,
89,96,75,
88,96,74,
89,97,74,
88,96,75,
89,97,75,
88,96,73,
89,96,74,
89,97,74,
88,97,76,
89,99,78,
88,100,78,
89,99,77,
89,98,76,
88,95,72,
89,95,73,
88,94,72,
89,95,73,
88,95,73,
89,97,73,
88,97,75,
89,97,77,
88,96,74,
88,96,73,
89,97,76,
88,96,74,
89,97,74,
88,96,74,
88,97,76,
89,98,75,
88,98,77,
89,98,75,
88,96,74,
88,96,73,
89,93,70,
88,96,73,
88,96,74,
89,95,73,
88,96,74,
88,96,75,
89,96,75,
88,96,75,
88,98,76,
89,97,75,
88,96,73,
88,97,75,
89,98,76,
88,98,76,
88,99,78,
88,97,75,
89,95,73,
88,94,72,
88,95,71,
88,94,72,
88,96,74,
89,95,73,
88,95,75,
88,96,73,
88,95,72,
89,96,73,
88,96,74,
88,97,72,
88,95,74,
88,97,75,
88,99,76,
89,99,77,
88,98,77,
88,97,76,
88,95,73,
88,96,72,
88,94,71,
88,94,71,
88,94,72,
89,96,72,
88,95,72,
88,96,75,
88,97,75,
88,95,73,
88,96,73,
88,97,75,
88,98,76,
88,97,76,
89,99,76,
88,98,76,
88,99,78,
88,99,76,
88,96,73,
88,97,73,
88,94,73,
88,94,72,
88,95,73,
88,96,74,
88,96,74,
88,96,73,
88,95,74,
88,95,73,
88,96,74,
88,97,74,
88,96,75,
88,96,74,
88,97,76,
88,97,75,
88,99,75,
88,97,76,
88,95,75,
88,94,73,
88,94,71,
88,94,72,
88,95,73,
88,96,73,
88,96,74,
88,95,73,
88,96,74,
88,94,74,
88,96,74,
88,96,75,
88,96,74,
87,95,74,
88,98,75,
88,96,74,
88,99,77,
88,97,77,
88,95,74,
88,94,73,
88,93,72,
88,94,71,
88,93,72,
88,95,73,
87,95,72,
88,96,73,
88,97,76,
88,97,74,
88,96,73,
88,97,74,
88,96,74,
88,96,75,
88,98,77,
88,98,77,
88,99,76,
87,97,75,
88,96,75,
88,95,72,
88,96,73,
88,94,70,
87,94,72,
88,94,73,
88,96,74,
88,95,73,
88,96,73,
87,96,74,
88,96,74,
88,96,75,
88,95,74,
88,96,75,
88,96,75,
88,98,76,
87,98,76,
88,98,77,
88,96,74,
88,94,72,
87,95,73,
88,93,72,
88,94,71,
87,95,74,
88,95,72,
88,95,74,
88,96,74,
87,97,75,
88,96,74,
88,96,73,
87,96,73,
88,95,74,
88,97,74,
88,98,76,
87,97,76,
88,99,78,
88,98,75,
88,95,73,
88,95,73,
87,93,71,
88,94,71,
88,94,72,
87,95,72,
88,96,74,
88,96,74,
87,96,75,
88,97,73,
88,95,74,
87,96,72,
88,96,73,
88,96,74,
88,98,77,
87,98,75,
88,97,75,
88,97,75,
87,94,71,
88,95,74,
88,94,72,
87,93,71,
88,94,71,
88,95,72,
87,96,72,
88,95,74,
88,95,73,
87,96,73,
88,95,75,
88,96,74,
87,95,73,
88,96,75,
88,97,74,
87,96,74,
88,98,75,
88,97,74,
87,95,74,
88,94,72,
88,93,71,
87,94,72,
88,96,75,
88,95,76,
87,96,74,
88,95,75,
87,96,73,
88,95,74,
88,96,72,
87,95,72,
88,96,74,
87,96,73,
88,97,74,
87,96,74,
88,98,78,
88,96,74,
87,95,72,
88,94,71,
87,94,73,
88,93,72,
87,94,74,
88,95,73,
88,96,74,
87,95,73,
88,96,75,
87,95,73,
88,94,74,
87,95,73,
88,95,74,
88,95,73,
87,97,77,
88,96,75,
87,98,76,
88,96,75,
87,94,73,
88,95,73,
87,94,73,
88,93,71,
87,94,70,
88,94,72,
87,93,71,
88,95,73,
88,96,73,
87,96,74,
88,95,73,
87,96,73,
88,96,76,
87,95,74,
88,97,74,
88,97,76,
87,97,75,
88,97,76,
87,97,73,
88,94,71,
87,94,72,
88,93,70,
87,94,72,
88,95,72,
87,96,73,
88,96,73,
87,96,74,
88,95,75,
87,96,74,
88,95,73,
87,96,74,
88,96,74,
87,97,75,
88,98,76,
87,98,75,
88,97,75,
87,96,73,
88,94,71,
87,94,72,
88,92,70,
87,93,71,
87,95,72,
88,95,73,
87,96,74,
88,96,74,
87,95,71,
88,94,72,
87,95,72,
88,96,72,
87,95,73,
88,97,76,
87,97,75,
88,97,77,
87,97,76,
87,97,75,
88,95,73,
87,95,72,
88,93,71,
87,94,72,
88,94,72,
87,95,73,
88,95,73,
87,95,73,
88,95,74,
87,95,74,
88,94,74,
87,96,73,
88,95,73,
87,96,73,
88,97,73,
87,98,76,
88,97,76,
87,96,75,
87,94,72,
88,95,72,
87,94,72,
88,95,72,
87,94,73,
88,95,73,
87,96,74,
88,95,74,
87,95,73,
87,94,71,
88,96,74,
87,95,74,
88,95,72,
87,96,74,
88,97,75,
87,98,76,
88,97,75,
87,97,75,
88,93,72,
87,93,72,
87,93,71,
88,93,72,
87,94,73,
88,95,72,
87,95,72,
87,96,74,
88,95,73,
87,95,73,
87,96,73,
88,95,73,
87,96,72,
87,96,74,
88,97,77,
87,98,76,
88,98,77,
87,97,75,
87,95,75,
88,93,72,
87,93,69,
87,93,70,
88,94,73,
87,94,72,
87,95,73,
88,95,73,
87,96,73,
88,94,74,
87,95,75,
87,96,75,
88,95,74,
87,96,74,
87,97,74,
88,97,75,
87,97,76,
88,97,76,
87,94,72,
87,94,72,
88,94,71,
87,94,71,
87,95,73,
88,95,73,
87,96,73,
87,95,73,
88,95,73,
87,95,74,
87,95,73,
88,95,74,
87,94,72,
87,95,73,
88,98,75,
87,98,76,
87,99,77,
88,98,76,
87,96,76,
87,94,73,
88,93,72,
87,93,72,
87,93,72,
88,95,73,
87,95,72,
87,95,73,
87,96,73,
88,95,71,
87,96,75,
87,95,74,
88,96,75,
87,96,74,
87,98,77,
88,97,76,
87,98,77,
87,96,76,
88,95,73,
87,93,71,
87,94,70,
88,92,70,
87,94,72,
87,94,71,
87,96,73,
88,96,73,
87,95,73,
87,96,73,
88,96,75,
87,97,75,
87,96,74,
88,95,73,
87,97,74,
87,97,76,
88,98,76,
87,97,75,
87,95,74,
87,93,72,
88,95,72,
87,94,70,
87,94,72,
87,95,74,
88,96,73,
87,96,74,
87,95,73,
88,95,73,
87,96,74,
87,97,74,
87,96,73,
87,96,72,
88,96,74,
87,99,76,
87,99,77,
88,99,77,
87,95,73,
87,95,73,
88,94,72,
87,92,70,
87,94,70,
88,95,72,
87,95,73,
87,95,73,
87,94,72,
88,95,72,
87,94,73,
87,95,74,
87,94,72,
88,93,71,
87,96,75,
87,97,76,
87,96,75,
88,96,75,
87,97,75,
87,94,73,
87,94,72,
88,91,70,
87,92,70,
87,94,72,
87,96,73,
88,96,73,
87,94,74,
87,96,72,
88,94,72,
87,95,72,
87,94,72,
87,94,73,
88,97,76,
87,99,78,
87,97,76,
88,97,76,
87,96,75,
87,96,74,
87,94,71,
88,92,68,
87,93,69,
87,96,75,
87,95,74,
88,94,72,
87,95,72,
87,95,73,
87,95,75,
87,94,72,
88,93,72,
87,95,74,
87,97,77,
88,96,74,
87,95,73,
87,98,76,
88,122,105,
87,112,91,
88,103,81,
87,98,76,
87,98,77,
88,98,76,
87,96,74,
87,97,76,
87,98,78,
88,97,76,
87,94,71,
87,94,72,
87,94,71,
87,86,63,
87,85,63,
90,95,71,
4507,5006,3810,
22359,24912,19052,
30143,33703,25383,
29639,33206,24580,
27466,30796,22560,
25730,28848,21056,
24667,27652,20182,
24085,26998,19723,
23780,26653,19491,
23619,26469,19371,
23532,26370,19300,
23482,26313,19262,
23447,26275,19238,
23421,26249,19221,
23401,26218,19204,
23384,26200,19185,
23366,26184,19175,
23351,26171,19168,
23337,26154,19154,
23321,26136,19148,
23307,26119,19139,
23295,26105,19122,
23281,26088,19106,
23267,26075,19095,
23253,26058,19079,
23241,26042,19070,
23229,26028,19065,
23217,26016,19059,
23205,26005,19049,
23193,25989,19037,
23181,25976,19028,
23168,25964,19016,
23158,25951,19010,
23147,25935,18998,
23135,25920,18989,
23124,25908,18983,
23116,25900,18978,
23106,25888,18968,
23096,25879,18964,
23089,25869,18954,
23082,25861,18945,
23075,25855,18935,
23069,25845,18929,
23063,25838,18934,
23055,25832,18921,
23047,25825,18913,
23044,25819,18914,
23037,25813,18907,
23032,25808,18904,
23027,25797,18902,
23023,25794,18903,
23019,25787,18902,
23013,25787,18892,
23009,25782,18889,
23004,25779,18887,
23001,25775,18884,
22995,25769,18873,
22993,25763,18869,
22991,25761,18872,
22987,25754,18863,
22983,25751,18856,
22984,25753,18856,
22983,25752,18863,
22978,25750,18860,
22978,25749,18858,
22975,25745,18858,
22972,25738,18855,
22968,25739,18851,
22966,25736,18851,
22964,25733,18851,
22959,25722,18849,
22955,25720,18846,
22954,25719,18845,
22954,25718,18843,
22954,25720,18844,
22952,25717,18836,
22952,25715,18834,
22950,25711,18836,
22949,25709,18835,
22950,25710,18829,
22948,25711,18834,
22948,25709,18830,
22946,25710,18831,
22944,25712,18835,
22940,25703,18828,
22941,25704,18828,
22943,25707,18829,
22940,25705,18832,
22937,25703,18829,
22936,25697,18827,
22934,25694,18824,
22935,25698,18823,
22938,25698,18821,
22938,25700,18827,
22936,25703,18825,
22936,25698,18824,
22937,25693,18820,
22937,25693,18822,
22938,25698,18827,
22938,25695,18828,
22938,25696,18821,
22940,25699,18826,
22941,25702,18835,
22940,25701,18829,
22940,25702,18826,
22943,25707,18830,
22944,25705,18832,
22944,25700,18824,
22943,25701,18830,
22944,25706,18835,
22947,25709,18837,
22949,25712,18832,
22952,25714,18832,
22953,25717,18834,
22957,25723,18834,
22960,25722,18840,
22960,25724,18846,
22958,25720,18840,
22959,25725,18845,
22960,25726,18842,
22963,25724,18848,
22961,25721,18841,
22964,25724,18837,
22966,25728,18840,
22968,25729,18842,
22970,25733,18844,
22968,25735,18843,
22968,25738,18845,
22969,25737,18852,
22967,25731,18850,
22968,25732,18844,
22970,25735,18847,
22972,25735,18850,
22975,25735,18848,
22977,25737,18851,
22978,25744,18854,
22980,25746,18857,
22981,25743,18848,
22985,25747,18853,
22987,25752,18859,
22990,25749,18862,
22991,25750,18865,
22994,25757,18869,
22992,25757,18869,
22991,25758,18873,
22989,25758,18873,
22991,25759,18878,
22992,25760,18875,
22993,25761,18870,
22997,25762,18867,
22997,25762,18869,
23000,25763,18871,
23003,25764,18868,
23006,25763,18865,
23007,25765,18875,
23005,25769,18874,
23008,25776,18872,
23008,25774,18877,
23010,25776,18876,
23011,25778,18876,
23012,25779,18880,
23014,25779,18882,
23013,25783,18887,
23014,25783,18884,
23015,25784,18881,
23019,25787,18887,
23019,25785,18883,
23023,25789,18889,
23023,25789,18892,
23024,25788,18886,
23025,25793,18891,
23027,25792,18893,
23027,25788,18894,
23026,25789,18895,
23027,25791,18897,
23029,25794,18900,
23031,25802,18893,
23034,25806,18899,
23037,25805,18905,
23038,25806,18905,
23036,25809,18909,
23038,25812,18912,
23037,25816,18910,
23039,25814,18908,
23042,25814,18913,
23044,25812,18907,
23045,25811,18908,
23048,25814,18914,
23048,25819,18914,
23049,25821,18912,
23048,25820,18914,
23050,25820,18913,
23050,25823,18911,
23051,25824,18913,
23053,25820,18913,
23053,25818,18915,
23054,25821,18918,
23054,25825,18920,
23057,25832,18920,
23057,25828,18914,
23057,25829,18920,
23056,25830,18918,
23059,25835,18923,
23062,25833,18926,
23063,25835,18924,
23064,25833,18925,
23068,25840,18932,
23072,25842,18934,
23069,25844,18930,
23070,25843,18924,
23070,25841,18922,
23070,25842,18920,
23070,25838,18924,
23071,25843,18932,
23076,25848,18936,
23076,25848,18933,
23077,25857,18936,
23075,25850,18939,
23074,25850,18939,
23073,25852,18933,
23075,25851,18934,
23076,25850,18938,
23081,25856,18939,
23081,25853,18936,
23082,25856,18939,
23083,25855,18938,
23084,25857,18936,
23083,25860,18939,
23084,25862,18943,
23086,25861,18945,
23087,25862,18947,
23094,25869,18955,
23094,25867,18949,
23095,25868,18952,
23093,25868,18950,
23089,25862,18940,
23089,25861,18944,
23087,25861,18945,
23086,25860,18938,
23086,25861,18941,
23087,25860,18946,
22242,24914,18220,
16078,18041,12941,
9216,10369,7183,
4797,5415,3612,
2394,2711,1750,
1191,1354,854,
614,701,439,
346,393,253,
221,252,169,
164,187,131,
137,154,111,
123,140,105,
115,132,101,
112,127,96,
108,123,93,
107,120,91,
104,117,89,
103,115,88,
102,110,84,
101,111,84,
100,110,85,
100,109,82,
98,108,82,
99,109,83,
97,109,84,
97,108,82,
97,107,82,
96,108,84,
96,106,80,
96,105,81,
95,107,82,
95,106,82,
95,107,84,
95,105,81,
94,103,78,
94,103,80,
94,102,79,
93,101,78,
94,102,78,
93,102,79,
93,101,77,
93,102,78,
93,101,78,
93,103,79,
93,101,78,
92,102,77,
93,103,79,
92,103,79,
93,104,79,
92,104,79,
92,104,81,
92,103,80,
92,99,77,
92,99,75,
91,99,76,
92,99,75,
91,99,76,
92,100,78,
91,101,79,
92,101,78,
91,100,76,
91,101,78,
91,100,76,
91,100,77,
91,99,77,
91,100,77,
91,101,78,
90,99,77,
91,101,79,
91,102,79,
91,100,77,
90,99,76,
91,97,75,
90,98,74,
91,97,76,
90,97,74,
90,98,74,
91,99,76,
90,98,74,
90,98,75,
90,98,75,
91,100,77,
90,98,74,
90,99,75,
90,101,80,
90,100,79,
90,101,78,
90,100,76,
89,98,76,
90,97,74,
90,97,72,
90,96,73,
89,97,75,
90,98,74,
90,96,75,
90,98,74,
89,98,76,
90,97,76,
90,97,74,
89,99,75,
90,99,76,
89,97,75,
90,98,76,
89,99,77,
90,101,79,
89,100,78,
89,98,76,
90,96,73,
89,95,73,
89,95,73,
89,97,76,
90,97,76,
89,98,75,
89,96,74,
89,97,74,
89,96,72,
90,96,72,
89,97,74,
89,97,74,
89,97,76,
89,98,75,
89,98,77,
89,101,80,
89,101,78,
89,99,77,
89,96,74,
89,95,73,
89,95,71,
89,96,73,
89,95,74,
88,96,74,
89,95,72,
89,96,73,
89,95,74,
89,96,73,
89,97,76,
88,97,74,
89,97,74,
89,99,78,
89,98,76,
88,98,77,
89,99,78,
89,99,78,
88,96,74,
89,96,74,
89,95,74,
88,96,75,
89,96,74,
88,96,73,
89,96,74,
89,96,73,
88,95,74,
89,97,74,
88,97,74,
89,97,74,
88,96,74,
89,97,74,
88,98,77,
89,100,79,
88,99,76,
89,98,74,
89,96,72,
88,95,73,
88,94,71,
89,95,72,
88,97,75,
89,96,73,
88,96,72,
88,96,74,
89,97,74,
88,95,73,
88,96,75,
89,97,74,
88,96,75,
88,96,76,
89,97,75,
88,98,76,
88,99,78,
89,97,76,
88,96,74,
88,96,75,
88,94,72,
89,95,73,
88,97,73,
88,97,73,
88,96,74,
89,95,74,
88,97,75,
88,96,75,
88,96,74,
88,97,75,
89,96,73,
88,96,73,
88,97,75,
88,97,76,
88,99,76,
89,98,75,
88,95,73,
88,96,75,
88,94,73,
88,96,75,
88,95,75,
88,95,74,
88,96,73,
88,96,73,
88,96,73,
88,96,74,
88,97,74,
88,97,75,
88,96,75,
89,97,75,
88,98,77,
88,99,77,
88,99,78,
88,97,75,
88,94,73,
88,94,71,
88,93,72,
88,93,71,
88,95,72,
88,95,74,
88,96,74,
87,96,74,
88,95,74,
88,97,74,
88,96,74,
88,95,72,
88,95,72,
88,96,73,
88,98,76,
88,96,75,
88,98,76,
88,96,75,
88,96,74,
88,96,73,
88,94,71,
88,93,70,
87,94,71,
88,95,73,
88,96,73,
88,95,74,
88,95,72,
88,97,74,
87,96,75,
88,97,74,
88,96,75,
88,96,75,
88,97,76,
88,97,75,
87,98,76,
88,97,76,
88,95,73,
88,94,72,
88,94,71,
88,94,71,
87,94,73,
88,95,73,
88,95,73,
88,95,74,
87,96,73,
88,95,73,
88,96,72,
87,95,73,
88,96,73,
88,96,72,
88,97,75,
87,97,76,
88,98,78,
88,97,76,
88,96,73,
87,94,72,
88,94,72,
88,93,71,
87,94,72,
88,96,75,
88,95,74,
88,96,74,
87,95,74,
88,95,72,
87,95,73,
88,95,73,
88,95,73,
87,95,72,
88,96,75,
88,97,76,
87,98,77,
88,97,76,
88,97,75,
87,96,74,
88,95,75,
88,95,73,
87,94,74,
88,95,73,
87,96,75,
88,96,74,
88,94,72,
87,95,73,
88,96,74,
87,95,73,
88,95,74,
88,94,73,
87,96,74,
88,98,76,
88,97,74,
87,98,77,
88,96,75,
87,94,71,
88,94,71,
87,92,69,
88,94,73,
88,96,75,
87,96,73,
88,96,72,
87,95,73,
88,96,73,
87,97,75,
88,97,75,
87,96,75,
88,95,73,
87,96,74,
88,98,76,
88,98,76,
87,97,75,
88,97,73,
87,94,71,
87,93,71,
88,92,69,
87,91,69,
88,94,73,
87,96,73,
88,94,75,
87,96,74,
88,96,76,
87,95,73,
88,95,73,
87,94,73,
87,94,74,
88,94,74,
87,97,75,
88,98,76,
87,98,77,
88,98,76,
87,95,75,
88,96,74,
87,94,73,
88,94,71,
87,95,73,
87,96,73,
88,94,71,
87,93,72,
87,94,72,
88,95,73,
87,95,74,
88,95,73,
87,94,72,
88,95,75,
87,97,75,
88,97,75,
87,98,76,
87,96,75,
88,95,71,
87,93,71,
88,92,69,
87,94,70,
87,94,72,
88,95,73,
87,95,74,
87,93,72,
88,94,72,
87,95,72,
87,96,73,
88,96,74,
87,96,75,
88,97,75,
87,98,76,
87,96,75,
88,98,75,
87,98,76,
87,97,76,
88,94,72,
87,94,71,
87,93,71,
88,95,71,
87,95,74,
87,94,73,
88,94,72,
87,94,72,
87,94,73,
87,96,74,
88,96,75,
87,96,74,
87,96,73,
88,98,76,
87,98,77,
87,98,76,
88,98,75,
87,95,73,
87,93,72,
88,93,72,
87,94,72,
87,93,72,
88,94,72,
87,95,73,
87,95,73,
88,95,73,
87,95,74,
87,95,75,
88,96,74,
87,95,73,
87,94,74,
87,96,75,
88,97,75,
87,98,77,
87,96,75,
88,96,75,
87,94,72,
87,94,72,
87,93,69,
87,92,72,
88,95,75,
87,95,73,
87,94,71,
88,94,71,
87,96,72,
87,95,74,
87,94,74,
88,94,72,
87,96,75,
87,95,73,
87,93,71,
88,96,74,
87,97,75,
87,97,73,
87,93,70,
88,93,72,
87,94,71,
87,94,71,
87,93,71,
87,95,73,
88,97,75,
87,95,74,
87,95,73,
87,94,72,
88,95,73,
87,95,73,
87,93,72,
87,95,74,
88,97,75,
87,97,76,
87,96,74,
87,96,74,
87,95,73,
88,95,74,
87,94,71,
87,95,72,
87,96,74,
87,94,72,
87,94,73,
88,94,72,
87,95,71,
87,94,72,
87,93,70,
88,95,71,
87,95,72,
87,95,73,
87,97,75,
87,98,77,
88,98,77,
87,96,74,
87,94,70,
87,94,73,
87,93,71,
87,93,70,
88,95,72,
87,94,73,
87,93,71,
87,94,71,
87,94,73,
88,94,73,
87,95,73,
87,94,72,
87,94,73,
87,96,72,
87,96,75,
88,97,75,
87,97,76,
87,97,77,
87,95,73,
87,94,73,
87,94,71,
87,94,72,
87,94,73,
87,94,72,
87,94,72,
88,94,72,
87,94,72,
87,94,73,
87,95,72,
87,94,73,
87,95,74,
88,96,74,
87,97,75,
87,97,75,
87,98,76,
87,97,76,
87,95,73,
88,93,73,
87,94,72,
87,92,71,
87,93,72,
87,93,73,
87,95,73,
87,93,73,
87,95,72,
87,95,73,
88,96,74,
87,95,74,
87,95,74,
87,96,73,
87,96,75,
87,97,73,
87,98,76,
87,97,75,
87,95,71,
87,94,71,
88,94,71,
87,93,71,
87,95,73,
87,96,73,
87,94,73,
87,95,73,
87,94,73,
87,96,72,
87,95,72,
87,96,72,
88,95,71,
87,96,74,
87,98,76,
87,97,75,
87,98,77,
87,97,76,
87,94,72,
87,95,72,
87,94,72,
87,93,70,
87,94,70,
87,93,71,
87,93,71,
87,95,73,
87,95,73,
87,95,72,
88,93,73,
87,94,72,
87,94,74,
87,97,75,
87,97,76,
87,97,75,
87,98,77,
87,97,75,
87,96,75,
87,94,71,
87,94,72,
87,94,70,
87,93,70,
87,95,72,
87,96,72,
87,95,72,
87,94,73,
88,94,73,
87,95,74,
87,94,72,
87,95,73,
87,95,73,
87,96,76,
87,95,74,
87,97,77,
87,96,76,
87,96,72,
87,92,71,
88,93,71,
87,93,72,
87,94,74,
87,95,72,
87,94,71,
87,95,72,
87,94,73,
87,93,73,
87,94,72,
87,94,73,
87,93,73,
86,94,73,
87,95,74,
87,96,74,
87,98,77,
87,98,78,
88,97,75,
86,95,73,
88,93,72,
86,93,71,
88,93,69,
87,94,72,
87,95,72,
87,95,75,
86,94,74,
87,94,72,
87,94,73,
87,93,71,
87,94,73,
87,96,74,
87,97,75,
88,97,75,
87,97,75,
87,97,75,
87,95,74,
87,94,71,
87,94,72,
87,93,70,
87,93,71,
87,94,72,
86,94,73,
87,94,72,
87,95,73,
87,94,73,
87,96,73,
87,94,74,
87,95,72,
87,95,74,
87,97,74,
87,96,74,
87,95,76,
87,96,75,
87,94,74,
87,92,70,
87,93,72,
87,93,69,
87,92,70,
87,95,73,
87,94,72,
87,95,72,
87,94,72,
87,95,72,
87,96,75,
87,95,73,
87,96,74,
87,95,73,
87,95,73,
87,96,73,
87,97,76,
87,98,77,
87,95,72,
86,93,70,
87,94,70,
87,93,71,
87,93,70,
87,93,70,
87,92,73,
87,95,73,
87,94,73,
87,95,74,
87,94,72,
87,95,74,
87,95,73,
87,96,73,
87,97,74,
87,97,76,
87,96,75,
87,97,76,
87,97,76,
87,94,73,
87,94,71,
87,93,70,
87,92,71,
87,94,71,
86,93,72,
87,93,71,
87,96,72,
87,94,72,
87,94,72,
87,95,72,
87,94,72,
87,94,72,
87,95,73,
86,96,74,
87,94,74,
87,97,75,
87,95,75,
87,95,74,
87,94,73,
87,93,71,
87,93,72,
87,95,74,
87,94,72,
87,94,73,
87,96,74,
87,94,73,
87,95,73,
87,94,73,
87,94,73,
86,95,73,
87,94,74,
87,96,75,
87,95,73,
87,97,75,
87,96,75,
87,94,72,
87,92,71,
87,93,71,
87,92,69,
87,94,72,
86,94,72,
87,94,74,
87,94,74,
87,95,72,
87,96,74,
87,95,72,
87,95,73,
87,95,72,
87,93,72,
87,96,74,
87,96,74,
87,97,75,
86,96,74,
87,95,73,
87,94,71,
87,95,72,
87,92,70,
87,93,71,
87,93,72,
87,95,72,
87,94,73,
86,94,73,
87,95,73,
87,95,73,
87,94,72,
87,94,72,
87,94,72,
87,96,75,
87,97,74,
87,97,76,
87,97,74,
87,96,74,
86,93,71,
87,92,70,
87,92,69,
87,93,71,
87,94,75,
87,95,74,
87,95,73,
87,95,72,
87,95,72,
87,94,72,
86,95,74,
87,95,73,
87,95,73,
87,96,75,
87,96,73,
87,97,75,
87,98,75,
86,95,74,
87,92,71,
87,93,70,
87,91,71,
87,94,72,
87,93,72,
87,94,71,
86,94,72,
87,95,72,
87,97,75,
87,94,73,
87,95,73,
87,95,73,
86,95,72,
87,94,75,
87,97,76,
87,96,75,
87,97,75,
87,96,75,
87,94,72,
86,94,72,
87,93,71,
87,93,70,
87,93,71,
87,93,72,
87,94,72,
87,94,72,
86,94,73,
87,95,73,
87,95,73,
87,93,73,
87,95,72,
87,95,76,
86,97,74,
87,97,75,
87,98,76,
87,96,74,
87,94,72,
87,93,70,
87,92,69,
87,93,70,
87,95,72,
86,95,74,
87,93,71,
87,94,73,
87,94,72,
87,94,72,
87,94,74,
87,94,74,
87,95,74,
86,95,73,
87,96,75,
87,97,76,
87,98,76,
87,97,76,
87,92,70,
86,93,72,
87,93,72,
87,94,72,
87,94,74,
87,95,74,
87,94,72,
86,94,72,
87,94,72,
87,96,73,
87,94,72,
87,95,72,
86,94,71,
87,94,73,
87,96,75,
87,96,75,
87,97,78,
87,96,76,
87,94,72,
86,93,70,
87,93,70,
87,93,70,
87,93,71,
87,93,73,
86,93,73,
87,94,72,
87,94,73,
87,94,73,
87,96,73,
86,95,73,
87,94,72,
87,95,73,
87,97,75,
87,96,75,
87,96,75,
86,95,73,
87,94,71,
87,93,71,
87,91,69,
87,92,69,
86,94,73,
87,93,72,
87,94,73,
87,95,73,
87,94,71,
86,94,73,
87,95,72,
87,95,74,
87,95,72,
86,94,73,
87,96,76,
87,96,74,
87,98,76,
87,96,74,
87,95,73,
86,93,72,
87,93,73,
87,93,70,
87,93,71,
87,94,72,
87,94,72,
86,94,73,
87,95,73,
87,94,73,
87,95,72,
87,95,72,
86,95,72,
87,94,73,
87,96,76,
87,96,75,
86,96,76,
87,96,76,
87,95,73,
87,93,72,
86,94,73,
87,93,71,
87,94,72,
86,93,71,
87,94,71,
87,94,72,
87,94,73,
86,94,73,
87,93,72,
87,93,71,
87,94,71,
86,94,73,
87,97,74,
87,97,75,
87,98,76,
87,98,76,
86,96,75,
87,92,70,
87,94,71,
87,92,70,
86,93,72,
87,94,71,
87,95,73,
87,95,73,
86,95,73,
87,93,72,
87,94,71,
87,94,72,
86,93,71,
87,94,71,
87,96,73,
87,97,74,
86,96,74,
87,97,75,
87,96,73,
87,94,72,
86,95,73,
87,92,70,
87,93,72,
87,94,73,
86,93,71,
87,95,73,
87,95,73,
86,95,72,
87,95,73,
87,95,73,
87,96,73,
86,96,73,
87,96,74,
87,98,77,
87,96,76,
86,97,75,
87,95,74,
87,94,72,
87,94,72,
86,92,70,
87,93,73,
87,96,74,
87,94,73,
86,94,71,
87,93,72,
87,95,72,
86,94,72,
87,94,73,
87,95,73,
87,95,72,
87,95,74,
86,97,76,
87,96,76,
87,98,76,
87,96,75,
86,94,72,
87,94,72,
87,94,71,
87,93,69,
86,93,71,
87,95,73,
87,95,72,
86,94,71,
87,94,73,
87,95,72,
86,94,72,
87,94,72,
87,94,73,
87,95,73,
86,96,75,
87,96,74,
87,97,75,
87,96,73,
86,95,73,
87,93,72,
87,94,71,
87,92,69,
86,93,73,
87,94,73,
87,94,73,
86,94,72,
87,94,71,
