,,,
File,Raw,DataFile,
Time,Major,Minor1,
85,93,73,
85,93,70,
85,92,73,
85,94,72,
85,94,73,
85,94,73,
85,94,73,
85,94,72,
85,91,70,
84,91,69,
86,91,70,
85,91,72,
84,92,72,
85,91,70,
85,93,71,
85,91,71,
85,92,71,
85,91,71,
85,92,70,
85,91,71,
85,92,71,
85,93,71,
85,94,73,
85,95,73,
85,95,72,
85,93,72,
85,91,70,
85,88,66,
85,87,65,
85,88,68,
85,90,69,
85,91,70,
85,90,70,
85,92,71,
85,91,70,
85,92,70,
85,91,71,
85,91,71,
85,92,70,
85,92,72,
85,93,72,
85,94,73,
85,95,74,
85,94,73,
85,93,70,
85,92,71,
85,89,68,
85,89,68,
85,90,70,
85,91,70,
85,91,71,
85,92,70,
85,92,72,
85,92,71,
85,93,72,
85,93,72,
85,93,72,
85,92,71,
85,94,73,
85,93,73,
85,95,74,
85,94,74,
85,92,72,
85,92,69,
85,91,68,
85,90,68,
85,92,71,
85,93,71,
85,91,70,
85,91,70,
85,90,70,
85,91,71,
85,93,71,
85,93,71,
85,91,71,
85,92,72,
85,93,74,
85,94,72,
85,96,76,
85,95,75,
85,93,70,
85,92,70,
85,91,71,
85,91,70,
85,92,71,
85,93,72,
85,92,71,
85,92,70,
85,92,71,
85,92,71,
85,92,69,
85,93,70,
85,93,72,
85,92,73,
85,94,74,
85,93,73,
85,94,74,
85,94,74,
85,92,71,
85,91,69,
85,92,70,
85,90,69,
85,91,70,
84,90,70,
85,92,70,
85,92,71,
86,93,71,
85,93,72,
85,92,73,
85,92,72,
84,92,71,
85,93,71,
85,95,74,
85,93,73,
86,95,73,
85,94,72,
85,93,71,
85,91,69,
85,92,70,
84,91,69,
85,91,70,
85,92,72,
85,91,69,
85,92,70,
86,92,71,
85,93,71,
85,92,72,
85,92,72,
85,93,71,
84,93,72,
85,94,74,
85,95,74,
86,96,75,
85,94,74,
85,93,72,
85,92,71,
85,92,70,
85,91,69,
85,91,70,
85,92,72,
85,91,70,
85,91,71,
85,93,74,
84,91,70,
85,92,70,
85,92,71,
85,93,71,
85,93,71,
85,93,73,
85,94,72,
85,96,72,
85,95,73,
85,93,72,
85,92,71,
85,93,71,
85,90,68,
85,91,69,
85,91,72,
85,92,72,
85,92,71,
85,93,71,
91,99,76,
1436,1605,1237,
5948,6659,5112,
9638,10796,8177,
11703,13113,9811,
12732,14274,10577,
13217,14819,10925,
13437,15067,11074,
13537,15179,11137,
13886,15571,11429,
15902,17815,13141,
18407,20617,15240,
20202,22628,16702,
21245,23805,17527,
21785,24414,17941,
22043,24709,18132,
22155,24839,18204,
22198,24883,18231,
22206,24896,18240,
22199,24889,18230,
22187,24873,18218,
22172,24855,18207,
22156,24842,18196,
22140,24825,18185,
22121,24804,18179,
22104,24787,18158,
22089,24772,18147,
22069,24751,18129,
22053,24723,18104,
22036,24705,18090,
22019,24689,18077,
22002,24667,18068,
21989,24655,18061,
21973,24636,18041,
21960,24620,18025,
21944,24604,18015,
21928,24585,18006,
21915,24566,17996,
21902,24552,17983,
21908,24558,17990,
21907,24561,17994,
21900,24553,17989,
21890,24546,17973,
21876,24535,17963,
21863,24518,17957,
21852,24504,17948,
21840,24488,17933,
21824,24470,17917,
21809,24453,17900,
21795,24432,17886,
21783,24423,17882,
21774,24413,17883,
21761,24397,17872,
21748,24383,17860,
21738,24371,17841,
21724,24357,17832,
21711,24342,17823,
21701,24334,17816,
21689,24319,17808,
21678,24310,17796,
21669,24294,17794,
21657,24280,17783,
21647,24273,17774,
21636,24262,17766,
21623,24246,17753,
21610,24222,17737,
21600,24215,17734,
21589,24202,17728,
21576,24189,17714,
21561,24171,17706,
21545,24151,17692,
21531,24141,17678,
21519,24122,17669,
21503,24110,17651,
21493,24094,17643,
21484,24089,17642,
21472,24077,17633,
21462,24063,17619,
21448,24049,17607,
21434,24031,17598,
21421,24022,17593,
21411,24009,17585,
21405,23998,17578,
21395,23987,17569,
21391,23978,17564,
21388,23976,17560,
21380,23970,17556,
21372,23958,17551,
21369,23952,17545,
21362,23945,17537,
21355,23940,17530,
21347,23935,17524,
21341,23928,17522,
21334,23920,17519,
21329,23912,17514,
21323,23902,17509,
21319,23902,17504,
21310,23892,17494,
21308,23887,17494,
21304,23883,17492,
21300,23881,17495,
21297,23876,17482,
21293,23872,17478,
21288,23866,17470,
21288,23861,17471,
21286,23859,17477,
21282,23853,17474,
21275,23848,17468,
21272,23842,17467,
21268,23838,17462,
21267,23834,17460,
21268,23837,17459,
21263,23834,17453,
21259,23831,17448,
21260,23831,17458,
21261,23836,17458,
21256,23834,17454,
21253,23823,17448,
21251,23813,17444,
21250,23812,17442,
21251,23812,17438,
21254,23814,17439,
21254,23818,17445,
21255,23823,17452,
21256,23824,17444,
21256,23824,17448,
21256,23826,17447,
21257,23824,17450,
21259,23826,17451,
21257,23823,17451,
21256,23825,17445,
21261,23830,17452,
21261,23829,17460,
21260,23832,17453,
21261,23834,17453,
21260,23835,17451,
21260,23835,17450,
21265,23832,17450,
21265,23833,17451,
21267,23834,17447,
21267,23832,17448,
21263,23831,17452,
21264,23829,17450,
21263,23830,17445,
21269,23837,17455,
21270,23840,17460,
21273,23842,17457,
21273,23839,17462,
21269,23834,17455,
21267,23836,17452,
21265,23832,17454,
21269,23836,17452,
21266,23836,17452,
21271,23843,17460,
21268,23835,17461,
21266,23830,17448,
21267,23831,17451,
21268,23833,17450,
21270,23837,17454,
21274,23840,17457,
21273,23842,17455,
21275,23839,17458,
21274,23843,17452,
21275,23842,17456,
21275,23845,17457,
21280,23854,17465,
21282,23851,17464,
21284,23851,17469,
21285,23848,17464,
21285,23852,17467,
21288,23857,17473,
21287,23860,17473,
21287,23857,17467,
21291,23861,17467,
21293,23861,17466,
21295,23858,17472,
21297,23862,17479,
21296,23862,17475,
21298,23866,17475,
21297,23862,17468,
21297,23866,17479,
21300,23871,17480,
21300,23872,17480,
21301,23874,17480,
21306,23881,17481,
21307,23877,17482,
21307,23878,17483,
21306,23878,17485,
21308,23879,17492,
21309,23883,17494,
21312,23887,17487,
21314,23889,17483,
21317,23891,17487,
21317,23890,17490,
21323,23891,17497,
21325,23897,17498,
21323,23894,17498,
21324,23893,17493,
21327,23896,17503,
21328,23901,17502,
21332,23903,17500,
21332,23904,17499,
21334,23904,17502,
21336,23905,17507,
21336,23910,17507,
21339,23911,17510,
21342,23916,17510,
21340,23919,17509,
21341,23914,17504,
21343,23913,17509,
21344,23914,17505,
21346,23918,17502,
21347,23920,17510,
21350,23924,17521,
21352,23924,17516,
21349,23920,17515,
21355,23929,17515,
21359,23931,17518,
21358,23936,17524,
21359,23938,17524,
21360,23940,17525,
21362,23941,17530,
21363,23942,17523,
21361,23940,17524,
21359,23940,17529,
21363,23946,17525,
21363,23944,17520,
21365,23940,17525,
21366,23939,17522,
21370,23943,17532,
21375,23947,17533,
21376,23950,17531,
21379,23952,17539,
21379,23952,17542,
21378,23953,17540,
21381,23961,17537,
21383,23964,17542,
21381,23965,17539,
21382,23960,17541,
21387,23964,17551,
21388,23964,17544,
21388,23970,17547,
21392,23977,17545,
21394,23977,17549,
21394,23975,17551,
21393,23974,17551,
21394,23971,17555,
21398,23977,17552,
21396,23979,17553,
21397,23978,17559,
21398,23982,17561,
21400,23982,17560,
21402,23982,17557,
21407,23989,17558,
21407,23991,17557,
21404,23987,17557,
21404,23986,17563,
21408,23996,17562,
21410,23996,17564,
21409,23995,17561,
21408,23994,17560,
21411,23995,17566,
21412,23997,17565,
21412,23993,17570,
21410,23990,17568,
21411,23996,17574,
21413,23993,17568,
21415,23994,17571,
21418,23999,17577,
21420,23998,17576,
21417,23998,17570,
21420,24001,17568,
21425,24006,17574,
21430,24012,17580,
21431,24010,17579,
21432,24015,17575,
21433,24017,17577,
21437,24024,17587,
21437,24027,17586,
21435,24023,17578,
21433,24023,17581,
21430,24015,17579,
21433,24014,17575,
21431,24011,17571,
21432,24014,17574,
21436,24017,17583,
21440,24022,17587,
21444,24031,17594,
21444,24032,17593,
21445,24035,17592,
21446,24035,17590,
21446,24038,17599,
21450,24037,17600,
21450,24038,17598,
21448,24033,17598,
21450,24036,17598,
21452,24043,17601,
21454,24044,17603,
21454,24047,17601,
20637,23134,16900,
14870,16695,11964,
8515,9581,6632,
4432,5000,3335,
2216,2507,1617,
1105,1255,791,
574,654,411,
325,370,238,
211,240,161,
158,178,127,
132,150,109,
120,134,102,
113,126,96,
109,121,91,
106,118,91,
104,116,91,
103,116,89,
101,114,89,
100,112,87,
99,109,84,
98,108,83,
97,107,80,
97,107,82,
96,105,79,
95,105,80,
95,106,81,
95,104,80,
94,105,81,
94,104,80,
94,103,79,
94,102,78,
93,103,78,
92,102,78,
93,103,80,
92,105,82,
93,105,80,
92,102,79,
92,100,77,
91,100,76,
92,98,75,
91,98,75,
91,98,75,
91,99,75,
91,98,75,
91,99,76,
91,98,76,
90,97,76,
91,98,75,
90,98,75,
90,98,75,
90,98,76,
90,101,79,
90,100,78,
90,101,80,
90,100,79,
90,99,77,
89,97,74,
90,96,73,
89,96,73,
90,97,75,
89,97,76,
89,98,76,
90,97,76,
89,97,74,
89,96,73,
89,98,75,
89,98,75,
89,97,75,
89,97,74,
89,98,76,
88,98,76,
89,100,78,
89,98,76,
88,97,74,
89,95,72,
88,96,73,
89,95,75,
88,95,74,
89,96,75,
88,96,75,
88,95,73,
89,94,72,
88,95,73,
88,96,73,
88,96,74,
88,96,74,
88,95,74,
88,97,75,
88,96,75,
88,98,76,
88,98,77,
88,96,74,
88,94,73,
88,95,71,
88,93,72,
88,94,72,
88,96,75,
88,96,74,
87,95,73,
88,95,72,
88,94,72,
87,95,73,
88,95,75,
88,95,74,
87,95,73,
88,96,75,
87,97,76,
88,98,77,
87,98,75,
88,95,72,
87,94,71,
88,93,71,
87,93,70,
87,93,70,
88,94,72,
87,95,72,
87,95,72,
88,95,75,
87,95,73,
87,94,73,
87,95,72,
87,94,72,
88,96,73,
87,96,74,
87,97,76,
87,97,76,
87,97,76,
87,96,75,
87,95,71,
87,94,71,
87,93,70,
87,93,70,
87,94,72,
87,93,72,
87,95,71,
87,94,72,
87,95,72,
87,94,72,
87,94,72,
87,94,72,
87,94,73,
87,96,74,
87,96,75,
87,97,75,
87,97,77,
87,96,74,
86,94,72,
87,94,72,
87,92,70,
87,94,73,
87,94,73,
86,94,72,
87,94,71,
87,94,72,
87,94,70,
86,94,71,
87,94,70,
87,94,70,
86,92,71,
87,95,72,
87,97,75,
87,97,75,
86,97,77,
87,96,76,
87,94,72,
86,94,71,
87,93,70,
86,92,70,
87,94,71,
86,94,70,
87,94,71,
86,94,70,
87,94,73,
87,96,74,
86,101,80,
87,97,75,
86,97,73,
87,96,73,
86,96,74,
87,96,75,
86,96,76,
87,94,73,
86,91,68,
87,91,70,
86,90,67,
86,91,68,
87,91,69,
86,93,71,
87,93,69,
86,94,70,
86,94,72,
87,93,71,
86,94,73,
86,94,73,
87,94,74,
86,93,72,
86,96,74,
87,95,74,
86,96,76,
86,95,75,
87,94,73,
86,93,72,
86,92,71,
87,93,71,
86,94,73,
86,94,72,
87,95,72,
86,94,73,
86,94,71,
86,93,71,
87,94,72,
86,94,72,
86,93,73,
86,94,73,
86,95,75,
86,95,73,
87,97,75,
86,96,74,
86,94,74,
86,93,70,
86,92,70,
87,91,71,
86,93,71,
86,94,72,
86,93,72,
86,94,71,
87,95,73,
86,94,73,
86,93,70,
86,94,72,
86,94,72,
86,95,75,
87,97,75,
86,95,75,
86,96,75,
86,95,75,
86,94,74,
87,93,71,
86,91,70,
86,91,68,
86,92,70,
86,92,71,
86,92,71,
86,93,71,
86,94,71,
86,93,70,
86,93,71,
86,94,72,
86,95,74,
86,93,72,
86,95,74,
86,95,74,
86,97,75,
86,96,74,
86,95,72,
86,92,69,
86,92,70,
86,91,68,
86,92,71,
86,93,71,
86,92,71,
86,93,72,
85,92,72,
86,93,72,
86,93,73,
86,94,71,
86,93,72,
86,93,71,
86,94,73,
86,95,71,
86,96,75,
86,95,73,
86,94,73,
86,93,71,
86,93,72,
85,91,70,
86,91,70,
86,92,71,
86,92,70,
86,93,71,
86,95,73,
86,93,72,
86,94,72,
86,93,72,
86,93,72,
85,93,73,
86,94,73,
86,95,74,
86,95,74,
86,95,72,
86,94,72,
86,93,70,
86,94,71,
86,91,68,
85,92,69,
86,92,71,
86,93,71,
86,93,70,
86,93,71,
86,94,73,
86,93,71,
85,93,72,
86,93,72,
86,93,71,
86,95,73,
86,96,73,
86,95,74,
86,95,73,
85,95,72,
86,93,71,
86,93,71,
86,91,69,
86,92,69,
85,93,71,
86,94,71,
86,94,71,
86,93,71,
85,93,71,
86,93,72,
86,93,72,
86,92,71,
86,93,71,
86,93,72,
85,95,74,
86,95,74,
86,96,75,
86,95,74,
86,93,71,
85,93,71,
86,92,70,
86,91,70,
86,93,70,
85,93,71,
86,93,71,
86,93,72,
86,94,72,
85,94,73,
86,93,72,
86,94,73,
86,93,72,
85,95,72,
86,96,75,
86,95,75,
86,96,75,
86,95,73,
85,92,71,
86,92,71,
85,93,71,
86,92,70,
86,92,70,
85,92,73,
86,92,70,
86,92,72,
85,92,72,
86,94,72,
86,92,72,
86,93,72,
85,93,72,
86,93,73,
86,95,74,
85,93,72,
86,96,74,
86,96,73,
85,94,70,
86,92,69,
85,92,68,
86,93,70,
86,94,70,
85,95,73,
86,92,70,
86,93,71,
85,92,71,
86,92,71,
86,92,70,
85,92,72,
86,92,71,
85,93,70,
86,94,72,
86,94,72,
1111,1238,932,
14398,16034,12275,
25459,28447,21556,
27022,30259,22524,
25609,28704,21098,
24111,27033,19758,
23113,25912,18915,
22544,25268,18454,
22240,24923,18216,
22078,24742,18098,
21995,24649,18042,
21947,24599,18007,
21916,24564,17981,
21895,24543,17960,
21875,24515,17945,
21861,24497,17939,
21847,24482,17932,
21833,24466,17913,
21816,24450,17900,
21808,24442,17896,
21799,24430,17886,
21780,24406,17864,
21767,24392,17852,
21758,24378,17845,
21752,24377,17845,
21740,24366,17839,
21728,24352,17829,
21715,24338,17814,
21703,24319,17803,
21690,24305,17790,
21679,24293,17787,
21670,24283,17783,
21669,24281,17778,
21659,24268,17771,
21645,24257,17757,
21638,24250,17754,
21628,24241,17750,
21622,24229,17741,
21611,24218,17730,
21603,24206,17723,
21592,24193,17718,
21584,24185,17708,
21578,24179,17703,
21575,24181,17702,
21570,24174,17699,
21561,24165,17692,
21555,24156,17683,
21549,24150,17684,
21542,24141,17683,
21532,24127,17671,
21529,24126,17662,
21519,24115,17660,
21519,24118,17657,
21513,24111,17656,
21507,24102,17650,
21503,24100,17648,
21497,24090,17640,
21489,24077,17628,
21485,24078,17622,
21480,24069,17619,
21476,24065,17616,
21472,24061,17613,
21469,24057,17614,
21459,24047,17611,
21458,24048,17601,
21454,24043,17598,
21455,24046,17605,
21452,24039,17606,
21449,24036,17600,
21430,24014,17588,
21419,24002,17578,
21431,24014,17587,
21445,24031,17601,
21435,24019,17590,
21430,24017,17584,
21426,24006,17581,
21424,24003,17577,
21424,24002,17573,
21423,24003,17574,
21421,24007,17572,
21419,24002,17568,
21417,23997,17560,
21416,23995,17561,
21417,23997,17567,
21418,24001,17568,
21415,23999,17564,
21394,23977,17546,
21410,23994,17562,
21418,24002,17570,
21412,23995,17560,
21409,23991,17557,
21408,23989,17560,
21409,23991,17558,
21405,23984,17554,
21405,23987,17562,
21407,23986,17562,
21408,23987,17563,
21407,23989,17565,
21406,23987,17564,
21405,23986,17564,
21404,23989,17559,
21402,23985,17558,
21398,23982,17555,
21403,23990,17560,
21405,23986,17560,
21404,23979,17565,
21407,23984,17562,
21402,23984,17561,
21404,23987,17560,
21403,23989,17560,
21403,23986,17556,
21406,23987,17553,
21406,23990,17556,
21406,23988,17556,
21406,23988,17556,
21407,23988,17554,
21407,23990,17557,
21406,23988,17561,
21407,23988,17563,
21410,23994,17565,
21409,23997,17556,
21410,24000,17557,
21412,23994,17566,
21413,23996,17570,
21410,23992,17567,
21410,23994,17565,
21412,23994,17567,
21412,23992,17570,
21413,23995,17572,
21414,23995,17566,
21414,23997,17562,
21412,23994,17566,
21413,23995,17571,
21419,24000,17577,
21419,23998,17571,
21419,24001,17573,
21424,24008,17580,
21423,24007,17579,
21424,24008,17573,
21422,24004,17573,
21425,24007,17577,
21430,24010,17583,
21430,24012,17587,
21432,24017,17583,
21431,24019,17578,
21431,24019,17581,
21430,24016,17581,
21432,24016,17583,
21434,24017,17582,
21435,24013,17577,
21434,24009,17574,
21432,24011,17577,
21436,24017,17582,
21436,24021,17584,
21436,24021,17584,
21437,24022,17586,
21440,24021,17587,
21440,24024,17593,
21441,24025,17588,
21443,24029,17586,
21444,24029,17585,
21445,24028,17588,
21447,24032,17590,
21446,24028,17589,
21443,24022,17585,
21444,24028,17591,
21446,24033,17589,
21446,24031,17594,
21450,24033,17599,
21451,24035,17596,
21448,24030,17592,
21451,24036,17596,
21454,24037,17591,
21451,24035,17592,
21453,24039,17592,
21452,24037,17591,
21453,24040,17599,
21456,24042,17602,
21458,24045,17602,
21459,24050,17605,
21458,24047,17601,
21457,24040,17603,
21458,24040,17599,
21458,24042,17603,
21463,24050,17604,
21464,24053,17605,
21462,24050,17600,
21459,24044,17603,
21462,24048,17605,
21465,24054,17604,
21463,24050,17605,
21463,24052,17603,
21467,24057,17602,
21467,24057,17605,
21468,24055,17603,
21468,24052,17609,
21467,24053,17614,
21466,24058,17614,
21463,24051,17607,
21463,24055,17617,
21463,24055,17608,
21466,24064,17610,
21470,24061,17615,
21474,24061,17618,
21474,24057,17612,
21472,24062,17609,
21474,24065,17611,
21476,24066,17613,
21475,24064,17611,
21472,24060,17608,
21471,24061,17607,
21474,24066,17612,
21475,24066,17617,
21473,24062,17611,
21473,24063,17618,
21474,24065,17618,
21475,24068,17618,
21476,24064,17620,
21476,24060,17617,
21475,24062,17611,
21476,24063,17614,
21477,24069,17616,
21479,24070,17617,
21479,24062,17620,
21480,24067,17627,
21479,24072,17619,
21480,24071,17621,
21483,24075,17616,
21481,24077,17612,
21479,24070,17611,
21481,24067,17618,
21484,24072,17618,
21485,24075,17615,
21483,24075,17624,
21484,24080,17626,
21492,24089,17632,
21489,24083,17630,
21490,24085,17629,
21490,24081,17617,
21471,24059,17598,
21460,24046,17589,
21473,24062,17608,
21488,24079,17617,
21502,24099,17634,
21488,24080,17624,
21480,24070,17615,
21497,24086,17633,
21502,24092,17642,
21495,24090,17635,
21496,24088,17626,
21497,24085,17629,
21497,24088,17630,
21496,24092,17634,
21498,24092,17635,
21498,24091,17637,
21495,24087,17628,
21491,24081,17622,
21491,24081,17623,
21496,24087,17627,
21503,24095,17639,
21492,24085,17628,
21494,24088,17628,
21499,24092,17636,
21499,24092,17635,
21499,24093,17633,
21501,24094,17631,
21498,24091,17631,
21503,24092,17642,
21502,24092,17643,
21499,24089,17635,
21497,24092,17636,
21496,24088,17637,
21501,24097,17642,
21502,24100,17641,
21504,24098,17640,
21503,24097,17641,
21507,24098,17638,
21504,24094,17632,
21509,24101,17643,
21509,24105,17646,
21506,24101,17641,
21507,24105,17643,
19602,21980,16018,
12979,14582,10359,
7182,8091,5545,
3682,4161,2749,
1832,2079,1330,
920,1047,657,
487,557,352,
286,327,212,
192,223,152,
150,170,123,
128,145,105,
118,132,98,
112,125,93,
109,119,90,
105,118,89,
104,116,87,
102,113,86,
101,113,85,
100,111,85,
99,110,84,
98,108,84,
98,107,82,
96,107,81,
97,107,82,
95,107,83,
96,107,83,
95,108,83,
94,105,81,
94,103,78,
94,103,78,
94,101,78,
93,100,78,
93,101,78,
92,102,77,
93,101,77,
92,101,78,
93,101,78,
92,100,78,
91,101,77,
92,99,76,
92,100,76,
91,99,77,
91,101,79,
91,101,77,
91,102,79,
91,101,77,
91,100,76,
91,97,75,
90,97,74,
91,96,74,
90,97,74,
90,98,77,
90,98,76,
90,98,75,
90,97,76,
90,98,76,
90,98,75,
90,98,75,
89,98,75,
90,97,74,
90,99,76,
89,98,76,
89,100,76,
90,100,78,
89,98,76,
89,96,74,
89,96,74,
90,95,72,
89,96,74,
89,96,74,
88,97,73,
89,96,73,
89,96,74,
89,97,73,
89,96,73,
88,96,72,
89,96,74,
89,97,76,
88,98,76,
89,99,75,
88,98,76,
89,98,76,
88,97,75,
88,95,72,
89,96,74,
88,95,73,
88,95,75,
88,95,74,
89,96,74,
88,95,73,
88,96,74,
88,95,73,
88,95,73,
88,96,72,
88,96,71,
88,96,73,
88,96,76,
88,98,76,
88,99,77,
88,99,76,
88,97,75,
87,95,71,
88,95,72,
88,94,69,
87,94,72,
88,95,72,
88,94,72,
88,95,73,
87,96,72,
88,96,73,
87,95,73,
88,96,74,
87,96,72,
88,96,74,
87,96,74,
88,97,76,
87,97,76,
88,98,77,
87,96,75,
88,94,73,
87,94,71,
87,92,71,
88,93,72,
87,95,73,
87,95,74,
88,94,74,
87,94,73,
87,94,73,
87,95,72,
88,95,72,
87,94,73,
87,95,73,
87,95,73,
87,96,75,
88,96,74,
87,98,77,
87,96,76,
87,94,71,
87,93,71,
87,93,70,
87,93,71,
87,94,71,
87,94,72,
87,94,72,
87,96,72,
87,95,73,
87,95,72,
87,95,70,
87,93,71,
87,93,71,
87,95,72,
87,95,74,
86,96,74,
87,97,76,
87,95,73,
87,94,73,
87,93,73,
87,93,74,
86,93,71,
87,94,72,
87,93,72,
87,94,74,
86,95,73,
87,94,74,
87,93,71,
87,94,72,
86,94,71,
87,94,73,
87,95,73,
87,97,76,
86,97,75,
87,97,75,
87,96,73,
86,93,71,
87,93,70,
87,92,70,
86,91,69,
87,94,70,
86,94,71,
87,93,71,
87,94,73,
86,94,70,
87,93,72,
86,94,72,
87,94,72,
87,94,73,
86,94,72,
87,95,74,
86,96,74,
87,97,75,
86,96,74,
87,94,74,
86,93,71,
87,93,71,
86,91,69,
87,92,71,
86,94,71,
86,93,73,
87,94,72,
86,94,71,
87,94,71,
86,93,73,
87,94,72,
86,94,72,
87,93,71,
86,95,74,
87,96,75,
86,97,77,
87,96,74,
86,95,72,
86,92,69,
87,92,71,
86,91,69,
87,91,70,
86,92,72,
86,94,72,
87,93,71,
86,94,71,
86,94,72,
87,93,73,
86,93,73,
86,93,72,
86,94,73,
87,96,74,
86,96,75,
86,97,76,
87,96,75,
86,95,73,
86,93,71,
86,93,71,
87,92,71,
86,93,72,
86,94,74,
86,94,71,
87,93,71,
86,94,71,
86,93,72,
86,93,71,
86,94,72,
86,94,72,
87,93,71,
86,95,72,
86,94,73,
86,97,75,
86,95,75,
86,95,75,
86,94,72,
87,93,72,
86,92,69,
86,93,71,
86,93,72,
86,93,72,
86,94,72,
87,94,72,
86,95,72,
86,94,72,
86,93,71,
86,93,72,
86,94,71,
86,94,72,
86,94,73,
86,95,74,
87,96,74,
86,95,73,
86,93,72,
86,92,70,
86,91,68,
86,91,69,
86,92,71,
86,93,70,
86,93,71,
86,93,71,
86,94,71,
86,93,71,
86,93,71,
86,93,72,
86,94,74,
86,95,73,
86,96,75,
86,96,74,
86,95,75,
86,94,72,
86,91,71,
86,93,69,
86,90,69,
86,92,70,
86,92,70,
86,92,70,
86,92,70,
86,92,71,
86,94,72,
86,92,72,
86,93,72,
86,94,73,
85,93,71,
86,94,70,
86,95,74,
86,95,74,
86,97,76,
86,96,75,
86,93,73,
86,94,72,
86,92,71,
86,91,68,
86,91,70,
86,93,70,
86,92,71,
86,93,71,
86,92,71,
85,93,71,
86,92,71,
86,93,72,
86,93,72,
86,94,72,
86,95,74,
86,95,74,
86,96,76,
86,95,74,
86,93,72,
85,92,71,
86,91,69,
86,90,71,
86,92,70,
86,92,72,
86,92,71,
85,92,70,
86,92,69,
86,93,71,
86,93,71,
86,93,72,
86,92,71,
86,93,71,
85,95,73,
86,95,74,
86,96,75,
86,96,74,
86,93,71,
86,91,69,
85,91,69,
86,91,69,
86,92,70,
86,92,71,
86,93,69,
85,92,70,
86,92,71,
86,94,72,
86,92,70,
85,93,72,
86,93,71,
86,94,72,
86,94,74,
86,94,73,
86,95,74,
85,94,73,
86,93,72,
86,92,70,
86,91,71,
85,91,69,
86,90,68,
86,91,71,
86,93,71,
85,93,72,
86,93,72,
86,94,72,
86,93,72,
85,93,71,
86,92,72,
86,93,72,
86,95,75,
86,94,74,
86,95,74,
85,95,71,
86,93,71,
86,92,70,
86,92,71,
85,92,69,
86,91,69,
86,93,69,
85,92,71,
86,94,71,
86,93,73,
86,94,72,
85,93,72,
86,93,72,
86,93,71,
85,93,73,
86,94,74,
86,95,74,
85,95,75,
86,95,73,
86,94,72,
86,92,70,
85,92,70,
86,91,68,
86,93,70,
85,92,70,
86,93,71,
86,93,70,
85,93,72,
86,93,73,
86,94,71,
86,94,72,
85,92,72,
86,93,72,
86,94,72,
85,95,74,
86,96,74,
86,96,73,
85,94,73,
86,92,70,
86,91,69,
85,92,68,
86,91,70,
86,91,70,
85,92,71,
86,94,72,
86,93,71,
85,93,73,
86,93,71,
86,92,71,
85,93,72,
86,93,71,
85,93,71,
86,94,73,
86,94,73,
85,95,75,
86,93,73,
86,93,71,
85,92,71,
86,92,71,
85,92,70,
86,92,72,
86,92,71,
85,93,72,
86,93,72,
85,93,70,
86,92,70,
86,92,71,
85,92,70,
86,92,71,
85,93,72,
86,95,73,
86,95,75,
85,96,74,
86,94,73,
86,92,71,
85,93,70,
86,93,70,
85,91,69,
86,92,72,
85,94,72,
86,94,70,
85,94,71,
86,93,70,
86,94,72,
85,94,71,
86,94,71,
85,94,71,
86,94,71,
85,95,73,
86,94,74,
86,95,74,
85,94,73,
86,92,72,
85,93,72,
86,91,69,
85,89,69,
86,92,71,
85,91,71,
86,92,71,
86,93,71,
85,93,70,
86,93,71,
86,92,71,
85,93,72,
86,93,71,
85,93,71,
86,95,74,
86,95,74,
85,95,74,
86,94,72,
85,92,71,
86,91,68,
85,90,70,
86,91,68,
85,91,70,
86,92,70,
85,93,70,
86,92,71,
86,94,72,
85,93,72,
86,93,72,
85,92,72,
86,93,71,
85,93,71,
86,95,75,
85,94,73,
86,94,75,
85,95,74,
86,95,71,
86,93,69,
85,93,70,
86,90,68,
85,92,69,
86,92,71,
85,93,71,
86,93,71,
85,93,69,
86,91,70,
85,93,70,
86,93,71,
85,93,71,
86,94,72,
85,95,72,
86,95,72,
86,95,73,
85,94,73,
86,95,74,
85,92,71,
85,91,70,
86,90,69,
85,92,71,
86,93,71,
85,93,72,
86,93,72,
85,94,72,
86,93,70,
85,93,71,
86,94,71,
85,93,72,
86,94,72,
85,94,72,
86,95,74,
85,96,75,
86,94,72,
85,93,70,
86,91,69,
85,92,70,
86,91,70,
85,90,70,
86,91,70,
85,91,71,
86,92,70,
85,93,72,
85,92,72,
86,93,72,
85,92,70,
86,94,71,
85,92,72,
86,94,71,
85,94,73,
86,95,73,
85,95,73,
86,95,73,
85,92,71,
86,93,70,
85,90,68,
86,92,69,
85,92,71,
86,93,72,
85,93,72,
85,93,72,
86,92,71,
85,93,73,
86,93,72,
85,93,73,
86,94,72,
85,93,73,
86,95,72,
85,94,73,
86,95,74,
85,94,73,
86,92,70,
85,91,71,
85,91,69,
86,92,70,
85,92,70,
86,92,70,
85,92,70,
86,92,71,
85,93,70,
86,93,72,
85,93,71,
85,91,70,
86,92,71,
85,93,71,
86,95,73,
85,95,75,
86,96,75,
85,95,74,
86,92,70,
85,92,71,
85,91,70,
86,91,72,
85,92,72,
86,92,71,
85,93,72,
86,93,71,
85,94,73,
85,93,71,
86,93,71,
85,94,71,
86,92,70,
85,92,70,
85,94,73,
86,94,73,
85,96,73,
86,93,72,
85,93,69,
86,91,69,
85,90,69,
85,90,69,
86,92,71,
85,93,71,
85,92,71,
86,93,70,
85,93,71,
86,93,72,
85,93,73,
86,93,73,
85,93,71,
86,92,72,
85,95,75,
86,94,74,
85,95,75,
85,95,73,
86,93,71,
85,91,69,
86,90,69,
85,91,70,
86,91,71,
85,92,71,
85,91,70,
86,92,71,
85,92,70,
86,93,71,
85,93,71,
85,93,71,
86,93,70,
85,93,70,
86,95,73,
85,95,75,
86,96,74,
85,95,73,
85,94,70,
86,91,69,
85,92,69,
85,91,68,
86,92,72,
85,92,70,
85,91,70,
86,93,71,
85,92,71,
85,93,69,
86,92,71,
85,93,71,
85,93,72,
86,93,71,
85,94,73,
85,94,75,
86,96,75,
85,95,75,
86,93,73,
85,92,73,
86,91,71,
85,90,72,
85,92,72,
86,91,75,
85,92,76,
85,93,77,
86,93,79,
85,92,79,
86,93,80,
85,93,82,
86,93,82,
85,94,83,
85,95,88,
86,94,90,
85,96,91,
86,94,93,
85,92,93,
86,91,92,
85,92,94,
86,90,94,
85,91,96,
86,91,99,
85,91,99,
85,91,102,
86,91,104,
86,93,104,
85,91,106,
86,92,107,
86,92,107,
85,92,107,
86,93,109,
86,95,112,
85,95,113,
86,95,111,
86,93,110,
86,91,107,
86,90,107,
85,90,105,
86,91,108,
86,92,109,
86,92,108,
86,91,108,
86,92,109,
86,92,108,
86,92,108,
86,92,109,
86,92,107,
86,92,106,
86,93,108,
86,95,110,
86,95,109,
86,95,107,
86,93,105,
87,91,102,
86,92,102,
86,90,99,
86,90,98,
86,92,99,
86,92,102,
86,92,100,
86,92,99,
86,92,99,
86,92,97,
86,92,98,
86,93,97,
86,93,97,
86,93,95,
86,93,97,
86,94,96,
86,94,96,
86,95,94,
86,92,90,
86,92,89,
86,92,89,
85,91,88,
86,92,89,
86,93,90,
86,92,88,
86,93,89,
86,92,88,
86,92,88,
86,93,87,
86,93,87,
85,93,87,
86,93,88,
86,96,89,
86,93,87,
86,96,87,
86,95,86,
85,93,83,
86,93,83,
86,91,82,
86,90,81,
85,91,83,
86,92,81,
86,93,82,
85,93,80,
86,94,83,
86,93,81,
85,93,81,
86,93,80,
86,94,80,
86,93,80,
85,95,82,
86,94,82,
85,96,84,
86,95,82,
86,92,79,
85,90,78,
86,91,77,
86,91,75,
85,92,78,
86,92,77,
85,93,78,
86,92,78,
86,92,76,
85,92,76,
86,92,78,
86,93,77,
85,93,78,
86,92,79,
85,95,79,
86,96,80,
86,95,79,
85,94,79,
86,93,76,
85,92,74,
86,92,76,
86,91,74,
85,90,75,
86,91,75,
85,93,77,
86,94,78,
85,94,76,
86,93,76,
85,93,75,
86,93,75,
86,94,76,
85,94,76,
86,95,77,
85,95,76,
86,96,77,
86,95,76,
85,94,74,
86,91,73,
85,91,73,
85,90,71,
86,91,72,
85,92,73,
86,92,74,
85,93,74,
86,92,75,
85,92,73,
86,93,74,
85,93,75,
86,93,75,
85,93,75,
86,94,76,
85,94,75,
86,94,77,
85,95,75,
86,93,75,
85,92,73,
86,92,73,
85,90,71,
85,92,74,
86,92,73,
85,91,73,
86,91,74,
85,93,74,
86,92,73,
85,92,75,
85,93,74,
86,92,74,
85,91,74,
86,94,75,
85,94,75,
86,96,76,
85,94,76,
86,94,75,
85,91,72,
86,91,72,
85,90,71,
86,91,72,
85,92,72,
85,92,73,
86,91,72,
85,92,72,
86,93,73,
85,91,72,
86,91,72,
85,92,71,
86,93,73,
85,93,75,
86,94,75,
85,95,74,
85,93,75,
86,94,74,
85,92,72,
86,93,73,
85,91,69,
85,91,70,
86,91,71,
85,92,72,
86,92,72,
85,91,73,
85,93,73,
86,92,73,
85,92,71,
85,93,73,
86,93,72,
85,94,73,
86,95,76,
85,95,75,
86,95,76,
85,94,73,
86,91,71,
85,91,73,
85,92,72,
86,92,70,
85,92,72,
85,93,72,
86,92,72,
85,93,72,
86,93,73,
85,92,72,
86,91,73,
85,92,72,
85,92,74,
86,92,72,
85,95,76,
86,94,75,
85,96,77,
86,94,74,
85,92,71,
85,91,71,
86,90,69,
85,91,70,
85,91,69,
86,90,72,
85,92,72,
86,92,72,
85,93,72,
85,93,73,
86,92,73,
85,91,74,
86,92,72,
85,93,70,
86,93,74,
85,95,72,
85,96,74,
86,95,73,
85,92,70,
85,91,71,
86,90,71,
85,90,70,
85,92,70,
86,92,71,
85,91,72,
85,92,72,
86,92,72,
85,92,72,
86,92,72,
85,93,72,
85,93,73,
86,93,72,
85,94,75,
86,95,75,
85,95,76,
85,94,73,
86,94,72,
85,92,70,
85,91,70,
86,90,69,
85,91,69,
85,91,71,
86,92,71,
85,93,71,
85,92,71,
86,92,72,
85,92,69,
86,92,72,
85,93,72,
85,93,73,
86,94,73,
85,94,74,
85,95,73,
86,94,73,
85,93,72,
85,93,71,
85,91,70,
86,88,69,
85,91,69,
85,92,71,
86,92,71,
85,92,71,
85,92,71,
86,92,71,
85,92,71,
85,93,72,
86,93,72,
85,92,70,
85,94,74,
86,93,75,
85,95,74,
86,95,73,
85,93,71,
85,92,71,
86,92,71,
85,90,69,
85,92,71,
86,92,71,
85,92,72,
86,92,72,
85,92,72,
85,91,72,
85,92,70,
86,93,71,
85,92,72,
85,93,70,
86,93,72,
85,94,73,
85,95,75,
86,96,76,
85,93,71,
85,91,70,
86,92,70,
85,90,69,
85,90,70,
86,92,71,
85,93,73,
85,93,72,
86,92,70,
85,94,72,
85,93,72,
86,93,71,
85,92,71,
86,93,71,
85,94,73,
85,95,76,
86,94,76,
85,94,73,
85,93,71,
86,91,69,
85,91,70,
85,91,68,
86,89,68,
85,92,69,
85,92,70,
86,93,70,
85,92,70,
85,92,71,
85,92,71,
86,93,72,
85,92,72,
85,92,72,
86,92,73,
85,95,75,
85,95,74,
86,96,74,
85,93,73,
85,91,70,
85,91,69,
86,89,68,
85,91,69,
85,92,70,
85,91,72,
86,92,71,
85,93,72,
85,91,70,
86,93,71,
85,92,71,
85,93,70,
86,93,71,
85,93,72,
85,94,74,
86,95,74,
85,95,75,
85,94,74,
86,93,73,
85,91,71,
85,90,69,
85,90,68,
86,91,68,
85,91,70,
85,92,70,
86,92,71,
85,93,70,
85,92,71,
86,94,72,
85,92,70,
85,92,70,
85,93,71,
86,95,73,
85,94,72,
85,95,75,
86,94,73,
85,93,72,
85,92,70,
86,91,71,
85,91,71,
85,91,71,
85,91,71,
86,91,70,
85,92,71,
85,92,72,
85,92,71,
86,92,71,
85,92,70,
85,92,71,
85,93,72,
86,94,74,
85,95,73,
86,95,74,
85,95,73,
85,92,71,
86,92,69,
85,91,69,
85,92,69,
86,92,71,
85,93,73,
86,92,72,
85,91,72,
86,92,71,
86,92,71,
86,92,70,
86,93,71,
86,93,71,
86,93,71,
86,95,73,
87,96,75,
88,99,77,
87,98,75,
88,96,74,
89,96,73,
89,97,73,
90,97,73,
91,99,76,
92,102,77,
94,103,78,
95,106,81,
97,109,83,
99,110,83,
102,113,85,
104,117,88,
109,122,91,
112,127,96,
116,136,101,
122,141,106,
128,150,112,
135,158,116,
143,168,122,
152,178,130,
163,192,141,
175,206,149,
188,222,161,
203,244,174,
221,266,192,
241,293,210,
263,319,227,
287,352,249,
316,387,272,
346,425,298,
382,469,329,
419,517,364,
463,572,404,
511,632,443,
562,698,491,
621,770,540,
684,848,592,
754,933,651,
830,1027,716,
915,1129,788,
1004,1242,868,
1104,1364,953,
1211,1497,1044,
1327,1639,1144,
1452,1793,1249,
1586,1958,1366,
1731,2136,1489,
1887,2326,1624,
2051,2528,1766,
2229,2744,1914,
2417,2975,2077,
2617,3217,2247,
2829,3476,2429,
3052,3746,2619,
3286,4028,2813,
3535,4326,3018,
3794,4639,3238,
4066,4964,3469,
4348,5303,3710,
4643,5657,3956,
4949,6022,4216,
5266,6404,4484,
5594,6796,4760,
5931,7196,5042,
6277,7608,5332,
6632,8032,5630,
6995,8462,5934,
7366,8902,6246,
7743,9349,6562,
8126,9802,6885,
8512,10260,7209,
8899,10714,7536,
9289,11171,7863,
9679,11627,8181,
10071,12086,8506,
10460,12541,8836,
10847,12993,9161,
11231,13439,9476,
11606,13875,9787,
11975,14303,10094,
12338,14721,10398,
12691,15128,10691,
13031,15523,10973,
13363,15906,11248,
13684,16275,11511,
13992,16626,11769,
14284,16964,12019,
14561,17280,12252,
14827,17581,12464,
15078,17864,12669,
15307,18121,12851,
15521,18358,13029,
15720,18578,13196,
15901,18779,13345,
16061,18954,13478,
16206,19113,13597,
16333,19250,13703,
16442,19366,13793,
16532,19461,13867,
16603,19537,13928,
16656,19586,13975,
16690,19611,13998,
16710,19624,14017,
16715,19622,14007,
16699,19592,13999,
16668,19550,13978,
16624,19490,13937,
16567,19415,13890,
16494,19310,13826,
16407,19198,13749,
16314,19082,13669,
16208,18948,13579,
16090,18803,13475,
15961,18645,13369,
15823,18476,13254,
15679,18302,13132,
15521,18113,13000,
15355,17913,12859,
15181,17702,12710,
15002,17490,12564,
14814,17265,12416,
14621,17035,12251,
14424,16797,12090,
14222,16560,11919,
14011,16312,11743,
13802,16064,11567,
13586,15806,11385,
13371,15551,11205,
13155,15296,11025,
12936,15038,10840,
12719,14780,10653,
12501,14526,10473,
12281,14270,10291,
12062,14010,10103,
11840,13752,9922,
11619,13491,9739,
11399,13234,9556,
11183,12979,9374,
10966,12730,9195,
10753,12480,9018,
10541,12236,8842,
10333,11992,8665,
10125,11748,8488,
9918,11507,8317,
9715,11267,8149,
9515,11035,7981,
9317,10805,7813,
9122,10577,7647,
8930,10354,7485,
8740,10136,7331,
8554,9919,7176,
8372,9707,7024,
8191,9498,6874,
8015,9290,6728,
7842,9088,6582,
7673,8894,6443,
7506,8702,6299,
7343,8513,6162,
7182,8324,6026,
7025,8144,5894,
6870,7965,5764,
6719,7789,5640,
6571,7616,5516,
6427,7448,5395,
6284,7283,5276,
6146,7121,5157,
6010,6961,5043,
5880,6811,4932,
5751,6664,4827,
5625,6518,4723,
5504,6377,4620,
5384,6241,4520,
5270,6106,4426,
5156,5975,4330,
5045,5848,4237,
4937,5723,4144,
4832,5603,4056,
4730,5485,3975,
4630,5372,3891,
4534,5259,3811,
4439,5148,3730,
4348,5041,3652,
4259,4936,3573,
4173,4837,3501,
4088,4738,3430,
4008,4646,3365,
3927,4555,3297,
3849,4466,3234,
3774,4377,3170,
3700,4292,3108,
3628,4210,3046,
3558,4129,2989,
3490,4052,2931,
3424,3976,2875,
3360,3901,2821,
3298,3829,2773,
3237,3760,2724,
3177,3690,2672,
3121,3624,2625,
3065,3558,2575,
3012,3495,2528,
2958,3434,2487,
2907,3374,2441,
2858,3318,2400,
2809,3261,2360,
2763,3208,2320,
2717,3154,2282,
2672,3105,2244,
2628,3052,2208,
2586,3004,2170,
2545,2957,2136,
2505,2910,2103,
2465,2863,2073,
2428,2820,2044,
2389,2778,2011,
2353,2738,1982,
2318,2695,1949,
2284,2656,1920,
2250,2614,1890,
2218,2577,1861,
2185,2539,1834,
2155,2502,1807,
2124,2469,1786,
2095,2435,1761,
2067,2401,1738,
2039,2371,1718,
2011,2339,1691,
1984,2308,1667,
1957,2276,1643,
1932,2245,1623,
1908,2217,1600,
1883,2189,1583,
1859,2164,1562,
1836,2139,1545,
1813,2111,1527,
1791,2084,1507,
1770,2057,1488,
1748,2032,1469,
1729,2008,1450,
1708,1984,1435,
1688,1963,1418,
1670,1941,1404,
1650,1917,1387,
1632,1897,1371,
1613,1876,1357,
1595,1856,1342,
1578,1835,1328,
1560,1816,1311,
1544,1795,1297,
1526,1776,1286,
1511,1758,1272,
1494,1739,1258,
1478,1720,1245,
1463,1702,1230,
1447,1681,1216,
1433,1664,1202,
1418,1647,1189,
1403,1630,1180,
1389,1614,1167,
1375,1597,1156,
1362,1581,1142,
1348,1566,1129,
1335,1550,1120,
1322,1535,1110,
1309,1521,1100,
1297,1506,1089,
1283,1491,1079,
1272,1478,1069,
1259,1466,1061,
1248,1454,1053,
1235,1440,1040,
1224,1427,1031,
1213,1410,1020,
1201,1397,1007,
1190,1381,996,
1179,1369,987,
1169,1359,982,
1157,1346,974,
1147,1333,964,
1137,1321,955,
1126,1309,947,
1117,1297,938,
1106,1285,929,
1097,1273,922,
1087,1262,914,
1077,1252,906,
1068,1243,901,
1059,1231,891,
1049,1222,885,
1040,1212,876,
1032,1199,867,
1022,1187,859,
1014,1177,851,
1005,1165,842,
996,1157,836,
988,1147,830,
980,1136,823,
971,1128,816,
962,1118,810,
955,1108,803,
946,1099,796,
939,1090,788,
931,1081,782,
922,1071,776,
916,1065,770,
907,1054,764,
900,1047,761,
893,1039,752,
885,1030,743,
879,1019,736,
871,1011,729,
864,1002,724,
857,993,721,
850,987,714,
843,978,707,
837,971,704,
829,963,698,
823,955,693,
817,946,686,
810,939,681,
803,933,675,
797,924,670,
790,918,667,
785,910,661,
777,904,656,
772,898,650,
766,887,643,
759,879,636,
753,872,631,
748,864,627,
742,859,623,
735,852,618,
731,847,613,
724,841,609,
719,834,605,
713,828,603,
708,820,594,
703,815,591,
696,807,586,
692,802,581,
686,797,582,
681,791,576,
676,786,574,
670,779,567,
665,770,559,
661,763,554,
655,758,551,
650,750,543,
645,745,540,
641,741,538,
635,735,533,
631,731,529,
626,724,527,
621,719,524,
617,712,519,
612,708,516,
607,705,511,
603,700,509,
599,694,504,
594,689,501,
590,684,499,
585,679,495,
581,673,490,
577,665,483,
572,661,482,
569,655,476,
564,650,473,
560,648,471,
556,643,468,
552,638,464,
549,633,460,
544,630,457,
540,623,452,
536,620,449,
533,616,446,
528,612,443,
525,609,441,
521,603,439,
518,600,437,
513,596,435,
510,590,430,
506,583,425,
502,579,421,
499,574,416,
495,570,413,
492,568,411,
488,564,409,
485,560,406,
481,556,405,
478,552,402,
475,548,399,
471,542,395,
468,539,394,
465,537,390,
461,533,389,
459,532,388,
455,526,384,
452,523,383,
449,519,380,
446,514,374,
442,510,370,
440,506,369,
437,522,388,
434,520,387,
431,509,376,
428,500,367,
425,494,361,
422,489,357,
419,485,354,
416,481,353,
413,477,349,
411,474,347,
408,471,344,
405,469,343,
402,464,337,
399,452,326,
397,449,324,
395,449,325,
391,446,324,
390,443,320,
387,440,320,
384,439,320,
382,439,319,
379,436,319,
377,433,318,
375,430,313,
372,426,312,
369,425,311,
368,422,309,
365,420,306,
363,417,306,
360,415,305,
358,412,303,
356,411,301,
354,408,299,
351,404,295,
349,401,292,
347,396,288,
345,395,287,
342,392,286,
341,391,285,
338,389,285,
337,387,282,
334,384,281,
333,382,280,
330,379,279,
328,378,278,
327,375,275,
324,372,270,
322,371,272,
321,369,270,
318,367,270,
317,365,267,
315,361,265,
313,358,262,
310,355,260,
310,352,258,
307,352,258,
306,349,255,
303,347,255,
302,346,254,
301,344,252,
298,343,253,
297,340,249,
295,337,248,
293,336,245,
292,334,245,
290,334,247,
289,331,245,
286,332,246,
285,329,241,
284,324,238,
282,322,235,
280,320,233,
279,317,232,
277,316,232,
276,315,232,
274,313,230,
272,311,230,
271,310,228,
270,308,227,
267,305,224,
267,305,224,
265,304,223,
264,302,222,
262,302,223,
261,300,221,
259,298,220,
258,298,219,
257,295,218,
255,292,214,
254,290,214,
253,286,211,
251,285,208,
250,285,209,
249,283,209,
247,282,208,
246,282,208,
245,279,206,
243,277,205,
243,275,204,
240,274,202,
240,273,201,
239,273,203,
237,272,200,
236,271,201,
235,269,200,
233,267,198,
233,264,194,
231,264,194,
231,260,192,
229,260,191,
228,260,192,
227,259,189,
225,256,188,
225,255,187,
224,255,188,
222,253,186,
222,253,187,
220,251,185,
220,249,184,
218,249,184,
217,249,185,
217,248,185,
215,248,184,
214,245,182,
213,242,178,
212,241,178,
212,239,175,
210,238,174,
209,238,175,
208,236,175,
207,236,173,
207,234,174,
205,233,172,
205,233,174,
203,231,171,
203,230,171,
201,229,170,
201,229,171,
200,228,169,
199,227,170,
199,227,169,
197,225,168,
197,222,164,
195,221,163,
195,219,161,
194,218,161,
194,218,161,
192,218,160,
192,218,162,
191,216,160,
190,216,159,
189,215,161,
188,212,159,
188,212,157,
187,210,156,
186,212,157,
185,211,158,
185,210,157,
184,212,157,
183,209,155,
182,204,152,
182,204,151,
181,202,149,
180,202,149,
179,203,151,
179,202,150,
178,200,149,
178,199,149,
176,198,148,
176,199,149,
176,198,147,
174,197,146,
174,197,146,
174,195,145,
173,198,148,
172,197,147,
171,196,148,
171,195,145,
170,191,143,
170,190,141,
169,190,140,
168,188,139,
168,187,139,
167,188,139,
167,187,139,
166,188,140,
165,186,141,
165,185,138,
164,185,138,
164,184,137,
163,183,137,
162,184,135,
162,184,138,
161,183,137,
161,184,138,
161,182,136,
159,181,134,
159,179,134,
159,177,132,
158,176,130,
158,176,131,
157,176,132,
156,176,131,
156,174,130,
156,175,131,
155,175,130,
154,174,130,
154,173,129,
154,173,130,
153,172,128,
152,173,128,
153,172,129,
151,173,130,
151,171,129,
151,169,128,
150,168,125,
150,168,124,
150,166,123,
149,167,123,
148,167,124,
148,165,123,
148,166,124,
147,166,125,
146,164,123,
147,164,123,
145,163,123,
146,162,122,
144,161,121,
145,164,123,
144,163,124,
144,163,125,
143,163,124,
143,161,122,
142,158,120,
142,157,120,
142,157,120,
141,157,121,
141,157,122,
140,157,121,
141,156,122,
139,156,123,
140,156,125,
139,156,124,
138,155,123,
138,154,124,
138,154,122,
138,154,124,
137,154,125,
137,156,127,
136,154,125,
136,152,124,
136,150,122,
135,151,123,
136,149,122,
134,151,125,
135,151,125,
134,150,123,
134,148,121,
133,148,122,
133,147,121,
133,146,121,
133,147,122,
132,146,121,
132,146,120,
131,147,122,
131,147,122,
131,148,122,
131,146,121,
131,145,119,
130,144,117,
129,144,117,
130,142,115,
129,142,116,
129,143,117,
129,143,116,
128,143,116,
128,143,116,
128,142,114,
128,141,115,
127,141,114,
127,140,113,
127,141,111,
126,142,114,
126,143,115,
126,142,115,
126,143,115,
126,141,112,
125,139,109,
125,137,109,
124,135,107,
124,137,108,
124,136,109,
124,137,109,
124,137,109,
123,137,107,
123,137,108,
122,135,107,
123,136,108,
122,137,108,
122,134,107,
122,136,106,
122,137,108,
121,137,108,
121,137,108,
121,135,106,
121,132,104,
120,132,103,
120,131,103,
121,132,102,
119,133,104,
120,131,102,
119,132,103,
119,132,102,
119,131,102,
119,130,101,
118,131,102,
119,129,101,
118,130,100,
118,132,103,
118,132,105,
117,132,105,
117,132,103,
117,131,102,
117,129,99,
117,128,97,
116,128,97,
116,127,98,
116,128,98,
116,127,99,
116,128,98,
116,128,99,
115,128,98,
115,127,96,
115,127,95,
115,126,96,
114,127,96,
114,126,98,
115,129,100,
114,128,98,
114,129,99,
113,128,97,
114,127,95,
113,124,94,
113,122,93,
113,122,93,
113,123,94,
113,123,94,
113,124,95,
112,124,95,
112,124,95,
113,123,95,
112,124,94,
111,124,96,
112,123,94,
112,122,93,
111,124,94,
111,122,95,
111,125,95,
111,123,95,
111,123,94,
110,121,92,
110,121,91,
111,120,91,
110,122,94,
110,121,93,
110,122,92,
109,120,92,
110,121,93,
109,120,92,
110,121,93,
109,121,92,
109,120,93,
109,121,92,
108,121,94,
109,121,92,
109,122,95,
108,121,94,
108,118,91,
108,117,89,
108,118,90,
108,115,86,
107,117,88,
108,118,90,
107,118,90,
108,118,90,
107,117,89,
107,119,90,
107,118,90,
106,117,90,
107,117,90,
107,118,91,
106,118,93,
107,118,91,
106,119,92,
106,119,91,
106,118,90,
106,115,88,
106,117,88,
106,113,86,
105,114,86,
105,115,86,
106,115,88,
105,115,88,
105,116,88,
105,115,89,
105,115,89,
105,115,88,
105,116,89,
104,115,89,
105,117,90,
104,117,89,
105,118,91,
104,118,91,
104,118,90,
104,114,87,
104,115,88,
104,113,85,
103,112,85,
104,114,87,
103,113,86,
104,114,87,
103,113,85,
104,113,86,
103,113,85,
103,112,86,
103,112,85,
102,112,86,
103,114,88,
103,115,89,
103,115,88,
102,115,89,
103,114,87,
102,111,85,
102,112,84,
102,110,83,
102,112,83,
102,113,85,
102,112,84,
102,112,85,
102,112,86,
101,112,86,
102,111,84,
101,112,85,
102,111,84,
101,111,84,
101,110,84,
101,113,87,
102,112,86,
101,114,89,
101,113,87,
100,111,85,
101,110,84,
101,108,81,
100,109,81,
101,110,84,
100,111,85,
101,110,86,
100,110,84,
100,110,84,
101,110,85,
100,111,85,
100,111,84,
100,111,84,
100,111,83,
100,110,85,
99,111,85,
100,112,86,
100,111,84,
99,110,84,
100,109,83,
99,108,81,
100,108,82,
99,109,82,
99,108,82,
99,109,83,
100,108,82,
99,109,83,
99,108,82,
98,107,81,
99,106,81,
99,107,81,
99,108,82,
98,110,85,
99,111,85,
99,111,86,
98,109,84,
98,107,82,
99,106,80,
98,105,81,
98,106,79,
98,106,80,
98,107,81,
98,107,81,
99,107,82,
98,108,83,
97,106,81,
98,107,81,
98,107,82,
98,107,81,
98,107,81,
97,109,84,
98,108,84,
98,109,85,
97,109,86,
98,108,82,
97,106,82,
97,105,80,
97,104,78,
97,106,81,
98,105,81,
97,104,81,
97,105,81,
97,106,81,
97,106,80,
97,106,81,
96,106,82,
97,108,83,
97,105,81,
97,107,81,
97,107,81,
96,108,84,
97,108,83,
96,106,82,
97,104,79,
96,104,79,
97,102,78,
96,104,80,
96,105,81,
97,105,80,
96,104,80,
96,105,79,
96,105,80,
96,104,80,
96,105,81,
96,105,79,
96,104,80,
96,105,80,
96,106,81,
95,107,83,
96,107,83,
96,105,82,
95,103,79,
96,104,79,
96,103,79,
95,103,78,
96,105,79,
95,103,80,
96,104,79,
95,105,82,
95,106,81,
96,104,79,
95,104,80,
95,104,80,
95,103,81,
96,106,82,
95,106,82,
95,106,81,
95,106,81,
95,105,79,
95,103,77,
95,104,78,
95,101,75,
94,102,77,
95,103,78,
95,102,78,
95,103,78,
95,103,79,
94,103,79,
95,103,79,
94,104,79,
95,104,79,
95,103,80,
94,106,80,
95,105,80,
94,105,80,
94,105,80,
95,104,80,
94,102,78,
94,102,78,
94,102,77,
95,103,77,
94,101,78,
94,102,77,
94,102,77,
94,102,78,
94,104,78,
94,103,78,
94,104,79,
94,103,78,
94,103,78,
94,103,79,
94,104,81,
94,105,81,
93,106,80,
94,103,79,
94,102,77,
93,101,77,
94,100,75,
94,100,77,
93,102,77,
94,102,78,
93,101,79,
94,101,77,
93,101,77,
94,100,76,
93,101,78,
94,102,77,
93,102,78,
93,101,77,
94,103,80,
93,104,81,
93,103,81,
94,103,79,
93,102,77,
93,100,76,
93,101,76,
93,100,77,
93,101,77,
93,100,76,
93,101,78,
93,101,76,
93,102,78,
93,101,77,
93,101,77,
93,103,79,
93,102,77,
93,101,78,
93,103,79,
93,103,78,
93,104,80,
92,103,79,
93,102,77,
93,100,76,
92,100,76,
93,100,74,
93,100,76,
92,100,75,
93,102,77,
92,101,77,
93,101,77,
93,101,77,
92,101,77,
93,99,76,
92,99,75,
93,100,76,
93,101,79,
92,103,80,
93,103,79,
93,103,79,
92,101,77,
93,101,75,
93,101,76,
93,102,76,
93,101,78,
94,102,78,
93,102,77,
94,102,79,
95,103,78,
94,103,79,
95,104,79,
96,105,80,
97,107,80,
97,105,81,
99,109,84,
100,111,86,
101,114,90,
102,115,89,
105,117,88,
107,120,89,
109,121,89,
112,124,92,
116,130,96,
120,136,101,
125,142,104,
130,149,110,
136,157,116,
143,165,122,
151,177,128,
160,188,138,
170,201,145,
182,216,156,
195,234,169,
210,254,182,
226,275,201,
246,299,213,
266,323,229,
289,350,249,
315,383,271,
345,418,295,
376,461,325,
412,505,356,
452,553,389,
494,607,428,
542,667,467,
594,731,513,
651,802,561,
713,878,615,
780,961,674,
854,1052,737,
933,1152,806,
1019,1258,878,
1112,1372,959,
1212,1495,1044,
1318,1623,1132,
1434,1760,1226,
1555,1910,1331,
1687,2067,1442,
1824,2236,1560,
1972,2417,1685,
2127,2605,1815,
2292,2800,1952,
2465,3011,2099,
2646,3230,2256,
2836,3459,2414,
3035,3698,2584,
3241,3947,2757,
3458,4206,2937,
3681,4473,3130,
3913,4750,3326,
4152,5038,3528,
4398,5329,3736,
4650,5631,3947,
4907,5933,4158,
5173,6248,4380,
5442,6570,4606,
5720,6893,4838,
5997,7222,5070,
6279,7554,5304,
6561,7888,5544,
6845,8224,5779,
7133,8558,6020,
7417,8889,6260,
7701,9223,6497,
7983,9549,6733,
8260,9870,6962,
8538,10194,7190,
8808,10509,7417,
9072,10816,7638,
9333,11115,7850,
9586,11405,8060,
9831,11687,8262,
10070,11963,8461,
10291,12214,8641,
10510,12463,8823,
10720,12703,8999,
10913,12920,9158,
11096,13131,9312,
11263,13320,9451,
11424,13500,9580,
11572,13665,9700,
11704,13813,9808,
11823,13945,9908,
11930,14058,9995,
12024,14159,10076,
12107,14246,10142,
12175,14317,10200,
12229,14373,10248,
12271,14414,10280,
12300,14437,10296,
12318,14448,10311,
12321,14445,10311,
12311,14426,10303,
12289,14397,10286,
12259,14352,10260,
12217,14297,10223,
12163,14226,10177,
12097,14141,10125,
12024,14048,10062,
11937,13941,9986,
11843,13825,9906,
11743,13702,9825,
11639,13571,9737,
11522,13436,9641,
11402,13289,9542,
11276,13138,9437,
11145,12982,9327,
11010,12817,9209,
10868,12643,9091,
10720,12468,8965,
10571,12292,8843,
10416,12108,8708,
10258,11923,8580,
10097,11734,8445,
9936,11540,8315,
9772,11346,8179,
9603,11147,8035,
9433,10950,7898,
9265,10751,7755,
9094,10553,7610,
8927,10357,7471,
8755,10157,7331,
8586,9958,7185,
8416,9758,7044,
8248,9560,6905,
8084,9367,6766,
7916,9173,6625,
7750,8976,6486,
7585,8783,6350,
7423,8595,6214,
7264,8409,6081,
7104,8224,5947,
6948,8043,5816,
6792,7862,5690,
6640,7685,5560,
6487,7507,5431,
6339,7334,5309,
6196,7168,5190,
6053,7005,5069,
5915,6843,4957,
5777,6683,4840,
5641,6527,4730,
5509,6373,4618,
5378,6219,4504,
5250,6071,4398,
5127,5927,4295,
5004,5784,4193,
4885,5648,4094,
4768,5514,3994,
4656,5383,3903,
4544,5256,3808,
4437,5132,3716,
4331,5009,3630,
4228,4887,3545,
4128,4773,3462,
4029,4660,3380,
3933,4550,3298,
3841,4442,3223,
3749,4336,3147,
3661,4236,3073,
3574,4136,3000,
3490,4037,2928,
3408,3942,2858,
3329,3849,2790,
3251,3758,2724,
3176,3671,2662,
3103,3587,2600,
3033,3507,2543,
2963,3428,2484,
2896,3350,2430,
2831,3275,2374,
2768,3202,2320,
2707,3132,2271,
2647,3062,2221,
2589,2995,2171,
2534,2930,2125,
2479,2870,2081,
2425,2809,2039,
2373,2749,1994,
2323,2690,1952,
2275,2632,1908,
2228,2577,1870,
2182,2522,1828,
2139,2473,1793,
2095,2425,1757,
2053,2377,1720,
2013,2328,1688,
1973,2284,1655,
1935,2240,1623,
1898,2196,1591,
1862,2155,1560,
1826,2113,1531,
1793,2075,1502,
1759,2038,1478,
1728,2003,1451,
1697,1968,1428,
1666,1940,1410,
1637,1902,1380,
1609,1864,1351,
1581,1831,1328,
1554,1797,1302,
1528,1769,1281,
1504,1742,1261,
1479,1713,1241,
1455,1683,1218,
1432,1655,1198,
1410,1631,1182,
1387,1606,1163,
1367,1583,1147,
1345,1559,1128,
1325,1535,1113,
1305,1514,1097,
1287,1495,1082,
1267,1472,1064,
1250,1452,1050,
1232,1429,1034,
1214,1408,1019,
1198,1388,1004,
1181,1366,988,
1166,1349,976,
1150,1331,963,
1134,1313,951,
1120,1298,940,
1105,1281,928,
1091,1264,915,
1078,1249,905,
1063,1232,891,
1051,1219,881,
1037,1203,872,
1025,1187,863,
1013,1175,853,
1001,1163,844,
990,1148,834,
978,1134,824,
967,1120,811,
956,1107,802,
945,1094,791,
935,1082,783,
924,1071,776,
914,1060,767,
905,1047,759,
895,1037,750,
886,1026,743,
876,1013,734,
867,1004,726,
859,993,719,
849,984,715,
842,975,706,
833,967,701,
824,959,696,
817,947,687,
809,937,681,
800,927,671,
793,918,665,
786,906,657,
778,900,650,
771,892,646,
763,883,641,
757,876,634,
749,868,628,
743,861,624,
736,853,619,
729,845,611,
723,837,607,
717,830,603,
710,824,599,
704,817,595,
697,810,587,
692,803,585,
685,794,577,
680,786,569,
673,779,565,
668,772,558,
662,765,553,
657,758,550,
651,751,545,
646,747,542,
640,739,537,
635,734,533,
629,728,528,
624,721,523,
619,716,519,
614,710,516,
609,705,511,
604,700,510,
599,694,503,
594,690,502,
590,684,496,
585,676,489,
580,669,485,
575,664,482,
571,657,477,
567,654,474,
562,649,470,
557,644,468,
553,638,466,
549,634,463,
545,628,457,
540,624,453,
537,620,450,
532,615,447,
528,609,441,
524,606,442,
520,603,437,
517,599,436,
512,594,432,
508,586,426,
505,581,422,
500,576,419,
497,571,416,
494,569,414,
490,564,411,
486,562,408,
482,558,407,
480,554,402,
475,551,400,
472,546,394,
469,541,393,
465,544,399,
463,549,408,
458,540,398,
455,532,390,
452,527,385,
449,518,378,
445,510,370,
443,498,357,
439,498,359,
436,498,360,
433,497,361,
430,495,359,
428,492,357,
424,488,356,
421,485,352,
418,481,350,
416,478,347,
413,475,345,
409,471,341,
407,467,340,
404,465,340,
401,464,339,
399,461,338,
395,457,334,
393,453,331,
390,447,325,
388,445,325,
385,441,322,
383,439,322,
380,436,319,
377,434,319,
375,431,317,
372,427,315,
370,425,315,
368,423,313,
365,419,311,
362,417,309,
360,414,307,
358,412,306,
356,410,306,
353,408,305,
351,405,303,
349,402,300,
347,396,296,
344,394,296,
342,389,292,
340,388,292,
337,387,291,
336,384,289,
333,383,289,
332,380,287,
329,377,285,
327,374,283,
326,373,281,
323,371,282,
321,367,277,
319,366,278,
317,365,277,
315,364,274,
314,361,274,
311,358,272,
309,353,269,
308,351,265,
306,347,262,
303,345,261,
302,343,261,
301,343,259,
298,341,257,
296,339,256,
295,337,255,
293,335,254,
291,333,252,
289,332,253,
288,329,247,
286,327,246,
284,327,247,
283,324,247,
281,324,246,
279,322,242,
278,317,239,
276,316,238,
275,313,235,
273,310,234,
271,309,232,
270,307,230,
268,306,230,
267,304,230,
266,303,226,
263,300,227,
263,299,226,
261,298,224,
259,295,223,
258,296,222,
257,295,221,
255,294,220,
254,293,219,
253,290,217,
251,286,213,
249,285,213,
249,282,210,
247,279,208,
245,279,209,
245,278,206,
243,277,205,
242,275,206,
240,274,205,
239,272,203,
238,271,201,
237,269,200,
236,268,198,
234,267,197,
233,268,199,
232,264,198,
230,265,198,
230,263,195,
228,260,195,
227,258,192,
226,255,189,
225,255,187,
223,254,189,
223,252,188,
221,251,187,
221,250,186,
219,249,187,
218,248,184,
217,246,183,
216,246,183,
216,245,181,
214,243,181,
213,244,182,
212,241,180,
211,241,181,
210,240,180,
209,237,177,
208,235,175,
207,233,173,
206,232,172,
205,231,171,
204,231,172,
203,230,171,
202,230,171,
201,228,170,
201,226,168,
199,226,167,
199,224,167,
198,225,167,
196,224,166,
196,225,168,
195,222,166,
195,222,165,
193,221,164,
192,218,163,
192,216,160,
191,215,160,
190,213,157,
189,213,157,
188,214,158,
188,211,156,
187,211,156,
186,210,155,
185,209,156,
184,208,154,
184,208,155,
183,208,153,
182,207,153,
182,207,155,
180,206,154,
180,206,154,
180,206,154,
178,204,153,
178,200,148,
177,200,147,
176,196,145,
176,197,146,
175,196,147,
174,197,145,
173,196,145,
173,195,146,
172,195,146,
172,194,144,
171,192,143,
170,192,143,
170,191,143,
169,192,143,
168,191,143,
168,191,144,
167,190,143,
166,188,141,
166,185,139,
166,185,138,
164,184,136,
164,184,137,
164,185,136,
163,183,136,
162,182,137,
162,182,136,
161,181,135,
160,180,135,
160,180,135,
160,179,134,
159,179,132,
158,179,134,
158,178,134,
158,179,135,
157,178,134,
156,177,133,
156,174,129,
155,174,129,
154,171,128,
155,171,128,
153,172,128,
153,171,128,
153,172,128,
152,171,127,
152,169,127,
151,168,124,
150,168,125,
150,169,125,
150,169,127,
149,168,125,
149,168,127,
148,167,126,
148,168,128,
148,166,125,
147,164,122,
146,163,123,
146,162,120,
146,161,120,
145,162,121,
144,161,122,
145,162,121,
143,161,120,
144,160,120,
143,159,119,
143,160,118,
142,159,118,
142,159,118,
141,158,119,
141,158,120,
140,157,120,
141,158,119,
140,156,118,
139,155,117,
139,155,117,
139,153,115,
138,153,113,
138,152,114,
137,153,115,
137,153,114,
137,152,114,
136,152,114,
136,152,114,
136,151,113,
135,151,113,
135,151,113,
135,151,114,
134,153,116,
134,152,116,
134,152,115,
133,150,112,
133,148,111,
132,146,109,
133,145,109,
131,146,108,
132,147,110,
131,146,109,
131,145,110,
131,146,109,
130,145,110,
130,145,111,
130,145,110,
130,144,107,
129,143,108,
129,143,108,
128,144,109,
128,144,109,
128,146,109,
128,145,109,
127,141,106,
127,141,104,
127,140,105,
126,139,104,
127,140,106,
126,140,106,
125,139,104,
125,138,103,
126,139,105,
124,139,106,
125,139,105,
124,138,104,
124,137,103,
124,137,104,
124,139,105,
123,138,104,
123,140,106,
123,138,104,
122,137,102,
122,134,101,
122,135,102,
122,134,99,
122,134,100,
121,135,101,
121,134,101,
121,133,100,
121,133,101,
120,133,102,
120,134,102,
120,133,102,
120,131,99,
119,132,100,
119,134,102,
120,134,102,
118,135,103,
119,134,102,
118,132,100,
119,130,96,
117,131,97,
118,128,95,
118,129,98,
117,130,98,
117,129,97,
117,130,98,
117,129,98,
116,130,98,
116,129,98,
116,129,97,
116,128,98,
116,128,97,
116,129,97,
115,129,97,
115,130,97,
115,128,97,
115,127,97,
115,125,95,
114,124,94,
114,124,92,
114,124,93,
114,125,94,
114,125,95,
113,125,96,
113,126,96,
113,126,94,
113,124,95,
113,126,95,
113,125,95,
112,124,95,
113,126,96,
112,125,96,
112,125,95,
112,125,96,
111,124,94,
112,122,93,
111,122,92,
111,121,91,
111,121,91,
111,122,92,
111,123,93,
110,122,91,
111,121,91,
110,121,91,
110,121,92,
110,121,92,
110,122,92,
109,120,92,
110,122,92,
109,122,94,
109,122,94,
110,123,96,
109,122,93,
108,119,90,
109,118,89,
109,117,88,
108,118,90,
108,119,91,
108,119,91,
108,120,89,
108,118,90,
108,118,90,
107,118,89,
108,119,89,
107,118,89,
107,119,90,
107,118,90,
107,119,91,
107,119,91,
107,121,92,
106,120,90,
107,117,89,
106,117,87,
106,115,87,
106,115,88,
106,115,87,
106,117,88,
106,117,89,
105,116,89,
106,116,90,
105,116,89,
105,117,90,
106,116,90,
105,117,89,
105,116,88,
105,116,90,
104,118,90,
105,118,91,
105,116,89,
104,115,88,
104,114,86,
104,113,84,
104,112,84,
104,113,86,
104,114,86,
104,114,87,
104,115,87,
103,113,87,
104,115,87,
103,114,87,
103,114,87,
103,113,86,
104,114,86,
103,115,89,
102,115,88,
103,115,89,
103,114,87,
103,112,86,
102,111,85,
103,112,82,
102,110,82,
102,111,83,
102,111,86,
102,112,85,
102,111,86,
102,112,86,
102,112,86,
102,112,85,
102,110,85,
101,112,85,
102,111,83,
101,113,86,
102,113,85,
101,114,87,
102,113,85,
102,111,85,
101,109,83,
102,111,83,
101,109,81,
102,111,83,
103,111,84,
102,112,83,
103,114,86,
103,113,86,
103,116,88,
105,116,89,
105,116,87,
106,116,89,
108,121,90,
108,124,94,
111,126,96,
113,130,99,
116,131,100,
118,133,101,
123,137,104,
126,143,107,
132,150,111,
138,157,117,
145,169,124,
153,179,131,
163,191,140,
175,207,150,
188,226,164,
204,244,176,
222,268,192,
243,295,210,
267,328,232,
295,363,259,
327,405,288,
363,454,321,
406,507,357,
453,566,398,
509,634,444,
570,714,498,
640,800,559,
721,901,627,
810,1013,706,
911,1143,795,
1024,1285,893,
1152,1445,1003,
1293,1622,1127,
1452,1820,1263,
1628,2042,1414,
1824,2283,1581,
2040,2553,1769,
2278,2852,1979,
2542,3179,2209,
2831,3534,2454,
3147,3926,2724,
3494,4355,3022,
3872,4818,3340,
4282,5323,3694,
4728,5871,4073,
5211,6461,4484,
5730,7096,4925,
6291,7781,5404,
6891,8514,5915,
7537,9297,6461,
8228,10137,7045,
8962,11025,7665,
9742,11972,8327,
10569,12969,9028,
11440,14018,9761,
12356,15119,10537,
13315,16274,11348,
14318,17479,12192,
15366,18735,13070,
16450,20029,13982,
17570,21364,14923,
18722,22737,15889,
19904,24142,16872,
21109,25574,17882,
22338,27030,18915,
23588,28509,19961,
24851,29997,21015,
26115,31485,22070,
27387,32983,23126,
28657,34468,24179,
29922,35947,25237,
31168,37402,26269,
32407,38848,27298,
33634,40272,28317,
34835,41666,29307,
35954,42955,30234,
37023,44195,31116,
38058,45375,31963,
39063,46522,32800,
40023,47618,33591,
40917,48634,34314,
41759,49589,35004,
42551,50481,35663,
43291,51318,36267,
43965,52070,36818,
44579,52750,37320,
45145,53375,37781,
45643,53918,38194,
46063,54375,38533,
46449,54784,38845,
46773,55122,39110,
47039,55397,39330,
47252,55612,39500,
47407,55761,39616,
47523,55857,39719,
47584,55889,39772,
47600,55873,39771,
47570,55799,39734,
47484,55664,39656,
47377,55506,39550,
47235,55313,39427,
47039,55056,39268,
46815,54761,39092,
46555,54432,38872,
46256,54056,38621,
45945,53667,38357,
45595,53233,38063,
45224,52778,37753,
44824,52291,37414,
44389,51764,37056,
43954,51243,36699,
43501,50698,36324,
43030,50127,35924,
42537,49534,35523,
42023,48917,35089,
41494,48283,34644,
40961,47648,34195,
40418,47006,33744,
39864,46349,33292,
39304,45681,32828,
38741,45016,32357,
38170,44342,31879,
37590,43659,31396,
37000,42962,30909,
36413,42270,30418,
35827,41587,29928,
35239,40896,29443,
34648,40204,28943,
34051,39500,28451,
33451,38804,27946,
32854,38110,27462,
32262,37409,26966,
31665,36712,26465,
31071,36014,25963,
30486,35328,25474,
29903,34653,24995,
29322,33977,24516,
28745,33301,24039,
28173,32633,23558,
27606,31971,23083,
27045,31316,22629,
26488,30675,22156,
25932,30031,21682,
25383,29395,21225,
24845,28769,20782,
24312,28145,20340,
23778,27529,19895,
23254,26922,19461,
22741,26328,19032,
22235,25743,18608,
21734,25158,18185,
21237,24581,17766,
20756,24021,17364,
20287,23480,16974,
19824,22940,16591,
19362,22409,16204,
18912,21888,15836,
18471,21378,15468,
18043,20882,15108,
17624,20402,14756,
17210,19915,14410,
16805,19446,14074,
16408,18984,13746,
16019,18534,13419,
15638,18097,13103,
15267,17667,12794,
14901,17246,12490,
14547,16837,12190,
14202,16437,11899,
13866,16048,11615,
13538,15668,11342,
13218,15295,11078,
12907,14937,10818,
12602,14588,10563,
12304,14243,10314,
12014,13908,10073,
11731,13579,9837,
11455,13257,9606,
11187,12952,9379,
10927,12652,9163,
10673,12358,8951,
10425,12072,8743,
10182,11795,8541,
9948,11522,8342,
9721,11258,8155,
9498,10999,7971,
9282,10750,7785,
9071,10504,7608,
8867,10269,7436,
8669,10040,7264,
8477,9820,7110,
8289,9603,6953,
8106,9393,6800,
7928,9189,6652,
7756,8992,6510,
7589,8798,6369,
7427,8610,6233,
7269,8429,6101,
7115,8251,5974,
6967,8079,5849,
6823,7912,5730,
6681,7750,5604,
6545,7592,5491,
6413,7442,5383,
6284,7292,5273,
6160,7147,5169,
6039,7006,5066,
5922,6868,4970,
5807,6736,4873,
5697,6611,4781,
5589,6485,4692,
5484,6361,4604,
5385,6248,4518,
5287,6135,4438,
5190,6025,4357,
5096,5916,4278,
5006,5809,4201,
4918,5709,4129,
4833,5613,4060,
4750,5518,3991,
4669,5426,3925,
4591,5334,3857,
4514,5245,3791,
4440,5157,3724,
4369,5073,3664,
4299,4996,3609,
4232,4916,3552,
4165,4840,3496,
4101,4767,3443,
4039,4695,3389,
3978,4624,3339,
3918,4554,3290,
3860,4490,3242,
3804,4424,3196,
3748,4359,3148,
3696,4297,3104,
3643,4237,3057,
3590,4177,3017,
3541,4118,2976,
3493,4064,2935,
3446,4009,2896,
3399,3954,2854,
3355,3901,2814,
3310,3851,2777,
3269,3801,2741,
3228,3754,2710,
3186,3705,2675,
3146,3660,2640,
3106,3616,2607,
3067,3571,2574,
3031,3527,2544,
2994,3485,2513,
2959,3441,2483,
2924,3403,2454,
2891,3365,2427,
2856,3324,2401,
2824,3287,2372,
2792,3251,2347,
2760,3215,2319,
2729,3177,2294,
2699,3138,2265,
2669,3103,2240,
2639,3071,2214,
2611,3039,2191,
2583,3008,2172,
2555,2975,2147,
2528,2941,2121,
2501,2911,2097,
2474,2878,2074,
2449,2851,2056,
2423,2821,2034,
2399,2791,2012,
2374,2764,1992,
2350,2739,1974,
2326,2712,1953,
2303,2683,1938,
2279,2656,1916,
2257,2629,1895,
2235,2600,1874,
2213,2574,1856,
2191,2549,1837,
2170,2526,1820,
2149,2502,1802,
2128,2479,1786,
2107,2455,1768,
2088,2430,1750,
2068,2407,1735,
2049,2384,1719,
2029,2363,1703,
2010,2340,1687,
1992,2319,1673,
1975,2302,1658,
1956,2280,1644,
1938,2260,1630,
1921,2239,1616,
1902,2217,1598,
1886,2193,1580,
1868,2175,1567,
1851,2153,1553,
1834,2134,1541,
1818,2116,1528,
1802,2097,1512,
1786,2080,1499,
1770,2061,1485,
1754,2043,1472,
1739,2026,1461,
1724,2006,1448,
1708,1988,1434,
1693,1970,1420,
1678,1955,1410,
1663,1936,1398,
1649,1921,1386,
1635,1905,1372,
1620,1887,1359,
1606,1869,1345,
1593,1853,1336,
1579,1834,1320,
1565,1820,1312,
1552,1804,1302,
1539,1790,1291,
1526,1776,1281,
1512,1760,1273,
1500,1745,1261,
1487,1732,1249,
1475,1718,1239,
1462,1700,1228,
1450,1686,1217,
1438,1675,1210,
1425,1661,1200,
1414,1648,1189,
1401,1633,1180,
1390,1619,1167,
1378,1602,1155,
1366,1589,1147,
1356,1575,1134,
1344,1562,1126,
1333,1549,1118,
1322,1536,1108,
1312,1524,1099,
1301,1512,1092,
1290,1501,1082,
1280,1489,1075,
1269,1476,1068,
1260,1464,1056,
1249,1451,1047,
1239,1440,1041,
1229,1430,1036,
1219,1420,1027,
1209,1407,1020,
1199,1394,1008,
1190,1381,998,
1180,1371,992,
1170,1359,981,
1161,1348,976,
1151,1338,966,
1142,1327,959,
1134,1317,952,
1124,1306,945,
1115,1296,937,
1106,1286,930,
1097,1275,922,
1088,1264,915,
1080,1254,908,
1071,1245,900,
1062,1237,894,
1054,1228,888,
1046,1218,880,
1038,1206,872,
1029,1195,864,
1021,1186,856,
1013,1175,849,
1005,1167,842,
998,1157,837,
989,1149,832,
982,1140,823,
974,1130,817,
967,1122,812,
959,1114,808,
952,1106,801,
944,1095,793,
936,1088,787,
930,1080,781,
922,1072,775,
915,1063,770,
908,1056,765,
900,1047,758,
894,1036,750,
887,1028,745,
880,1021,738,
873,1012,733,
867,1005,728,
860,997,722,
854,990,718,
847,982,712,
840,976,709,
835,969,704,
828,960,697,
821,954,690,
816,947,685,
809,939,681,
803,934,678,
798,929,673,
791,921,668,
786,913,662,
779,905,655,
774,896,649,
768,888,642,
763,884,640,
757,876,634,
751,872,632,
745,864,624,
740,858,623,
735,851,618,
730,846,614,
724,839,609,
719,832,604,
714,828,600,
708,821,596,
703,818,593,
698,812,590,
693,806,585,
688,798,579,
683,792,575,
677,784,567,
673,777,562,
668,770,558,
663,767,556,
659,761,553,
653,756,550,
649,751,545,
644,746,540,
640,741,535,
635,737,534,
631,731,531,
626,725,527,
621,720,521,
617,715,520,
613,710,517,
609,708,515,
604,702,510,
600,696,505,
596,689,500,
592,683,495,
587,679,490,
584,674,487,
580,669,484,
575,666,481,
572,661,479,
567,656,476,
564,650,472,
560,646,468,
555,640,467,
552,638,465,
548,634,459,
545,631,457,
541,628,456,
537,624,453,
533,618,448,
530,613,446,
526,607,442,
523,605,439,
519,599,434,
515,594,432,
513,592,430,
509,587,427,
505,585,424,
502,579,422,
498,576,417,
495,572,414,
492,567,411,
489,563,409,
485,560,407,
483,556,405,
479,553,403,
476,551,402,
472,547,399,
470,542,396,
466,536,392,
464,533,387,
460,529,385,
458,526,384,
455,524,380,
451,521,378,
449,516,377,
446,514,374,
443,511,373,
440,508,370,
438,506,368,
435,503,366,
431,497,361,
430,495,361,
426,493,361,
425,492,359,
421,489,356,
419,483,353,
416,478,348,
413,476,347,
411,471,343,
408,470,343,
406,466,340,
403,463,337,
400,461,336,
398,458,333,
395,455,332,
393,452,330,
391,449,328,
389,447,326,
386,444,324,
383,442,323,
381,440,323,
379,439,322,
377,437,320,
374,432,316,
373,427,312,
369,424,310,
368,421,308,
365,419,307,
364,418,306,
361,415,304,
359,412,303,
357,411,300,
356,410,299,
353,406,297,
351,404,296,
348,401,293,
347,397,292,
345,396,290,
343,395,291,
341,393,291,
339,392,289,
338,388,288,
335,383,284,
333,382,282,
331,380,278,
330,376,277,
327,374,276,
326,374,276,
324,371,274,
323,369,275,
320,368,274,
319,365,270,
317,365,270,
315,361,268,
314,360,268,
311,359,267,
310,358,268,
309,354,266,
306,354,265,
305,351,263,
303,346,259,
302,345,257,
300,341,255,
298,340,255,
296,338,254,
295,338,253,
294,335,252,
292,333,249,
290,332,248,
289,331,247,
287,328,246,
286,327,246,
284,324,245,
283,323,243,
282,323,243,
280,321,242,
278,323,242,
277,318,240,
276,314,237,
274,311,236,
273,310,232,
271,308,230,
270,307,231,
269,307,229,
268,305,229,
266,304,229,
265,302,227,
263,300,225,
262,297,223,
261,297,221,
260,296,221,
258,295,220,
257,295,221,
256,294,220,
254,293,220,
254,290,217,
252,288,215,
251,286,215,
250,283,211,
248,281,209,
248,281,210,
246,281,209,
245,279,208,
244,278,208,
242,277,206,
242,276,204,
240,273,205,
240,273,204,
238,272,202,
237,269,200,
236,270,203,
235,269,202,
234,268,202,
233,267,200,
232,265,197,
231,262,195,
230,260,195,
229,260,192,
228,259,193,
227,258,191,
226,257,192,
225,255,191,
224,254,191,
223,253,189,
222,252,187,
221,251,187,
220,250,187,
219,249,186,
218,248,186,
218,249,186,
216,249,186,
216,246,183,
214,244,182,
214,242,179,
213,241,178,
211,238,175,
212,239,176,
210,238,176,
209,237,177,
209,236,177,
207,237,177,
207,234,174,
206,234,174,
206,233,173,
204,232,174,
204,231,172,
203,231,172,
202,231,174,
201,230,174,
200,228,170,
200,228,170,
198,224,165,
199,225,168,
197,221,164,
196,220,162,
196,220,163,
195,219,164,
195,219,162,
193,219,163,
193,218,162,
192,218,161,
192,216,160,
191,215,160,
190,216,160,
189,216,161,
189,216,161,
188,215,161,
187,214,160,
187,212,159,
186,209,155,
185,209,153,
185,207,152,
184,207,155,
183,207,153,
182,206,154,
183,206,153,
181,205,152,
181,204,150,
180,204,152,
180,202,151,
179,201,150,
178,200,148,
178,201,149,
177,202,150,
177,202,151,
176,201,150,
176,199,148,
174,196,144,
175,196,146,
173,194,143,
174,194,143,
172,193,143,
172,194,144,
172,193,144,
171,194,145,
170,192,143,
170,191,143,
169,191,143,
169,189,141,
168,190,142,
168,189,142,
168,191,142,
166,189,143,
167,190,143,
166,188,140,
165,184,138,
164,185,137,
165,183,137,
163,181,135,
164,183,136,
162,183,136,
163,182,136,
162,182,138,
161,181,136,
161,181,135,
161,181,134,
159,180,134,
160,179,132,
159,179,135,
159,181,135,
158,180,135,
157,179,135,
158,179,135,
156,176,132,
157,175,130,
156,174,129,
155,174,128,
155,174,129,
155,173,129,
155,174,129,
153,173,129,
154,172,130,
153,172,128,
153,172,130,
152,172,129,
152,171,129,
152,170,128,
151,172,129,
151,171,130,
150,172,130,
150,168,128,
150,168,126,
149,165,124,
149,165,123,
148,165,122,
148,164,122,
148,165,124,
148,164,124,
147,165,123,
146,165,124,
147,164,124,
146,163,123,
145,164,122,
145,162,122,
145,162,122,
145,163,122,
144,163,123,
144,164,121,
144,162,121,
143,162,121,
143,161,121,
143,160,120,
142,158,117,
142,159,119,
142,158,118,
141,159,120,
141,158,120,
141,157,117,
140,158,119,
140,156,117,
140,156,117,
139,156,118,
140,155,116,
138,156,119,
139,156,118,
138,157,119,
138,156,117,
138,153,116,
137,152,113,
138,151,115,
136,151,113,
137,151,114,
136,152,114,
136,152,114,
136,150,111,
135,151,112,
135,151,113,
135,152,114,
135,150,112,
134,150,113,
134,150,111,
134,150,113,
134,151,114,
133,152,114,
134,152,114,
132,150,111,
133,146,109,
132,147,109,
132,145,108,
132,145,109,
131,146,110,
132,146,108,
131,145,110,
131,145,109,
130,146,108,
131,145,108,
130,144,109,
130,144,108,
130,144,108,
129,144,108,
130,146,109,
129,146,110,
129,147,110,
128,145,109,
129,141,106,
128,142,107,
128,139,104,
127,140,105,
128,141,106,
127,141,106,
127,141,104,
127,140,105,
127,141,107,
126,142,108,
127,142,107,
126,141,105,
126,139,104,
125,140,106,
126,142,106,
125,142,107,
125,141,107,
125,140,104,
125,137,102,
124,137,104,
124,136,102,
125,136,103,
123,137,103,
124,137,103,
124,137,103,
123,136,103,
123,137,102,
123,137,103,
123,136,103,
123,136,103,
123,136,102,
122,136,104,
122,137,104,
122,137,102,
122,138,105,
122,137,102,
121,135,100,
122,134,99,
121,132,100,
121,132,99,
120,133,101,
121,135,102,
120,134,100,
121,133,101,
120,133,100,
120,133,101,
120,133,99,
119,132,100,
120,132,98,
119,133,98,
120,133,101,
119,133,100,
119,135,102,
119,133,102,
118,131,99,
119,131,97,
118,130,97,
118,129,97,
118,129,97,
118,130,98,
118,129,99,
117,130,98,
118,130,98,
117,129,98,
117,129,97,
117,129,98,
117,130,98,
117,129,97,
117,131,99,
116,132,100,
117,132,101,
116,132,99,
116,128,97,
116,127,95,
116,127,95,
115,127,94,
116,127,96,
115,127,95,
116,128,95,
115,128,97,
115,126,94,
115,127,94,
114,127,95,
115,127,96,
115,127,95,
114,127,97,
114,129,99,
114,127,99,
114,129,99,
114,128,98,
114,127,96,
114,126,94,
113,123,92,
114,122,91,
113,124,92,
113,123,93,
113,125,95,
113,124,94,
113,125,94,
113,124,93,
112,123,93,
113,124,95,
112,125,94,
112,124,93,
112,125,95,
112,124,94,
112,126,95,
112,126,96,
112,125,95,
112,122,93,
111,122,92,
112,121,91,
111,123,93,
111,123,95,
111,123,92,
111,123,92,
111,122,92,
111,122,92,
111,121,91,
111,122,93,
110,122,94,
111,122,92,
110,123,94,
110,122,94,
110,125,94,
110,123,95,
110,122,93,
110,119,91,
110,120,90,
110,119,89,
109,120,90,
110,121,91,
110,121,94,
109,122,92,
110,121,92,
109,121,92,
109,120,90,
110,121,89,
109,121,92,
109,121,91,
110,121,92,
109,122,93,
110,123,94,
109,123,94,
110,124,94,
110,120,91,
111,121,91,
110,120,88,
112,121,91,
112,123,93,
112,125,94,
114,127,95,
115,127,94,
115,129,97,
118,130,97,
119,134,101,
122,138,103,
124,142,106,
127,146,109,
131,151,113,
135,156,116,
140,163,121,
146,170,125,
152,176,129,
159,186,135,
169,196,141,
179,210,151,
190,226,163,
204,242,174,
219,262,188,
237,284,203,
256,310,221,
279,338,240,
305,372,264,
334,408,289,
366,451,317,
404,497,351,
444,551,388,
491,609,428,
542,675,474,
600,746,521,
664,823,574,
735,912,636,
814,1009,703,
900,1116,778,
997,1235,861,
1102,1367,953,
1217,1510,1053,
1344,1667,1160,
1481,1837,1279,
1632,2024,1407,
1795,2227,1547,
1972,2443,1697,
2163,2678,1861,
2369,2929,2038,
2591,3202,2230,
2829,3492,2431,
3084,3803,2646,
3355,4133,2876,
3645,4484,3120,
3952,4855,3379,
4278,5249,3655,
4624,5668,3947,
4986,6110,4256,
5369,6570,4580,
5769,7050,4917,
6189,7551,5270,
6626,8080,5640,
7079,8630,6028,
7551,9191,6418,
8037,9767,6824,
8543,10367,7247,
9064,10988,7686,
9598,11628,8137,
10146,12275,8600,
10703,12937,9066,
11270,13606,9534,
11845,14285,10011,
12429,14973,10500,
13015,15663,10986,
13605,16354,11477,
14197,17052,11978,
14791,17745,12470,
15383,18438,12967,
15968,19121,13452,
16546,19796,13933,
17113,20452,14402,
17669,21097,14872,
18211,21720,15317,
18733,22323,15747,
19242,22910,16169,
19731,23474,16573,
20201,24013,16961,
20651,24530,17335,
21079,25017,17686,
21484,25471,18020,
21866,25902,18338,
22222,26306,18627,
22554,26675,18897,
22861,27024,19156,
23140,27336,19392,
23394,27606,19600,
23617,27849,19788,
23815,28075,19949,
23989,28260,20079,
24138,28412,20206,
24256,28531,20305,
24350,28627,20384,
24420,28696,20433,
24463,28729,20466,
24483,28734,20481,
24479,28715,20476,
24453,28669,20450,
24408,28596,20412,
24343,28504,20361,
24253,28388,20283,
24148,28247,20190,
24025,28096,20086,
23887,27919,19971,
23731,27720,19839,
23560,27519,19694,
23375,27293,19540,
23173,27048,19365,
22961,26789,19196,
22738,26518,19013,
22500,26233,18814,
22248,25934,18604,
21991,25624,18390,
21728,25311,18168,
21461,24989,17945,
21186,24662,17715,
20899,24323,17477,
20615,23984,17239,
20325,23639,16996,
20029,23291,16741,
19726,22935,16489,
19423,22577,16240,
19120,22219,15991,
18815,21858,15739,
18506,21495,15476,
18200,21141,15224,
17888,20776,14963,
17579,20414,14699,
17271,20051,14443,
16965,19692,14192,
16666,19347,13948,
16356,18986,13687,
16052,18630,13437,
15744,18269,13175,
15447,17921,12923,
15154,17577,12673,
14862,17242,12427,
14577,16909,12190,
14294,16576,11957,
14017,16252,11728,
13742,15935,11499,
13469,15618,11274,
13197,15300,11045,
12931,14991,10825,
12672,14692,10607,
12418,14397,10396,
12169,14107,10187,
11923,13823,9983,
11683,13545,9779,
11444,13269,9579,
11208,12997,9385,
10978,12729,9194,
10753,12471,9012,
10534,12214,8818,
10317,11960,8633,
10107,11714,8456,
9901,11476,8289,
9698,11244,8123,
9502,11015,7962,
9310,10793,7802,
9123,10577,7646,
8942,10366,7491,
8762,10160,7342,
8587,9956,7196,
8417,9758,7056,
8250,9567,6916,
8088,9381,6779,
7928,9198,6648,
7773,9019,6519,
7619,8841,6389,
7471,8668,6261,
7325,8497,6142,
7185,8333,6024,
7048,8171,5905,
6914,8018,5792,
6785,7872,5685,
6657,7725,5580,
6531,7580,5474,
6411,7440,5373,
6293,7305,5275,
6178,7172,5176,
6066,7039,5082,
5956,6911,4991,
5851,6793,4906,
5746,6671,4822,
5646,6556,4740,
5546,6441,4656,
5450,6333,4576,
5357,6222,4494,
5266,6114,4416,
5179,6014,4340,
5093,5913,4268,
5008,5814,4196,
4925,5719,4129,
4847,5627,4062,
4769,5541,4001,
4692,5452,3934,
4619,5364,3872,
4545,5282,3811,
4475,5204,3752,
4407,5122,3696,
4339,5043,3639,
4275,4968,3585,
4211,4898,3535,
4148,4825,3481,
4088,4757,3432,
4029,4685,3383,
3971,4617,3333,
3914,4551,3282,
3860,4487,3236,
3806,4424,3189,
3754,4364,3147,
3704,4309,3105,
3654,4249,3064,
3604,4193,3024,
3557,4138,2982,
3512,4082,2947,
3466,4030,2909,
3422,3980,2873,
3379,3930,2838,
3335,3879,2801,
3294,3834,2767,
3253,3787,2730,
3212,3741,2699,
3174,3695,2665,
3135,3648,2630,
3097,3605,2596,
3061,3560,2566,
3025,3517,2534,
2989,3479,2506,
2954,3440,2476,
2921,3399,2449,
2886,3360,2421,
2854,3324,2398,
2822,3286,2369,
2791,3248,2342,
2760,3212,2314,
2728,3175,2288,
2698,3142,2264,
2669,3109,2242,
2639,3074,2217,
2610,3040,2190,
2583,3006,2168,
2556,2972,2145,
2528,2942,2119,
2502,2912,2099,
2477,2881,2076,
2451,2852,2057,
2427,2825,2037,
2402,2797,2017,
2378,2769,1997,
2354,2743,1977,
2331,2715,1956,
2307,2687,1936,
2284,2659,1917,
2262,2633,1898,
2239,2608,1878,
2218,2583,1862,
2195,2558,1845,
2175,2533,1825,
2153,2509,1810,
2133,2484,1791,
2113,2459,1770,
2092,2436,1754,
2073,2411,1737,
2055,2390,1721,
2035,2368,1705,
2016,2346,1690,
1999,2325,1677,
1979,2306,1662,
1961,2284,1646,
1944,2261,1632,
1925,2239,1617,
1907,2219,1601,
1890,2199,1586,
1873,2179,1572,
1855,2159,1558,
1838,2140,1545,
1822,2122,1532,
1806,2101,1516,
1790,2081,1498,
1773,2063,1489,
1758,2044,1472,
1743,2025,1461,
1727,2009,1450,
1712,1991,1435,
1697,1975,1424,
1682,1957,1412,
1667,1940,1402,
1652,1921,1387,
1638,1904,1375,
1624,1888,1362,
1609,1871,1351,
1596,1857,1343,
1581,1842,1331,
1568,1827,1320,
1554,1809,1306,
1540,1792,1293,
1528,1776,1281,
1514,1763,1272,
1502,1746,1259,
1489,1730,1246,
1477,1717,1238,
1464,1704,1229,
1452,1691,1220,
1439,1675,1210,
1428,1661,1199,
1416,1647,1189,
1404,1633,1178,
1392,1620,1168,
1381,1604,1158,
1368,1593,1151,
1358,1581,1143,
1346,1568,1135,
1335,1556,1125,
1323,1541,1115,
1313,1524,1101,
1301,1512,1089,
1291,1498,1079,
1281,1487,1073,
1270,1476,1067,
1260,1464,1056,
1249,1452,1048,
1240,1441,1040,
1229,1430,1032,
1219,1418,1025,
1209,1406,1015,
1199,1395,1008,
1190,1383,998,
1179,1372,993,
1171,1363,984,
1161,1351,976,
1151,1342,971,
1142,1330,960,
1133,1315,948,
1123,1304,940,
1115,1295,933,
1105,1284,927,
1097,1274,920,
1087,1264,912,
1080,1254,905,
1070,1245,898,
1062,1235,891,
1053,1225,884,
1046,1215,876,
1037,1205,870,
1028,1195,862,
1021,1186,856,
1013,1178,851,
1005,1169,845,
996,1159,840,
989,1150,833,
981,1138,824,
974,1128,819,
966,1121,811,
958,1111,803,
950,1102,797,
944,1094,793,
936,1086,786,
929,1079,781,
922,1071,773,
914,1063,768,
908,1054,763,
900,1045,755,
894,1037,752,
886,1030,745,
880,1024,742,
873,1015,735,
867,1008,731,
859,999,722,
853,991,716,
847,982,711,
840,973,704,
833,964,699,
828,960,694,
821,954,689,
815,945,683,
808,938,678,
803,929,672,
796,923,667,
790,916,663,
784,911,659,
778,903,655,
773,897,651,
768,892,647,
761,884,642,
756,879,638,
749,871,631,
745,863,626,
738,855,618,
733,850,616,
728,841,609,
723,835,605,
717,833,604,
712,826,599,
706,818,594,
702,814,590,
696,807,586,
691,801,582,
686,795,576,
681,789,573,
676,783,569,
671,779,566,
666,774,562,
662,770,559,
656,763,554,
652,755,547,
647,749,542,
643,743,539,
637,736,533,
634,732,530,
629,728,529,
624,722,525,
620,718,519,
616,711,515,
611,708,514,
607,702,511,
602,698,508,
599,693,504,
594,688,500,
590,683,498,
586,678,493,
581,674,491,
578,671,487,
574,664,481,
569,658,477,
566,653,473,
562,647,468,
558,644,467,
554,641,465,
550,635,462,
547,633,459,
542,627,459,
540,625,453,
535,618,450,
532,615,447,
528,610,443,
524,606,440,
521,603,440,
518,600,436,
514,595,433,
510,592,432,
507,586,428,
504,579,421,
500,576,418,
497,571,415,
493,569,413,
490,565,410,
488,562,406,
483,559,404,
481,554,403,
477,552,401,
474,548,398,
471,544,395,
469,540,391,
465,536,389,
462,534,390,
459,532,390,
456,529,386,
453,526,384,
451,521,379,
447,516,375,
444,513,372,
442,508,368,
439,505,367,
436,503,366,
433,499,364,
431,496,360,
428,493,361,
425,489,358,
422,486,353,
420,483,352,
418,480,350,
415,479,348,
412,477,348,
409,473,346,
407,471,343,
405,469,344,
402,464,339,
400,460,335,
397,457,332,
395,452,328,
393,451,329,
390,449,327,
388,447,326,
385,444,324,
384,441,323,
381,438,320,
378,437,317,
376,432,316,
375,431,313,
372,427,312,
369,424,310,
368,424,310,
365,423,311,
363,421,310,
361,416,304,
359,411,300,
356,409,298,
355,405,295,
352,403,294,
351,403,294,
348,399,293,
347,399,292,
344,396,289,
343,394,288,
340,391,284,
339,388,282,
337,387,281,
334,384,280,
333,382,280,
332,381,281,
329,380,279,
328,379,278,
325,375,275,
324,372,272,
322,370,270,
321,367,268,
318,363,265,
317,362,265,
315,360,263,
314,360,265,
311,358,263,
311,356,261,
308,354,259,
307,351,258,
305,349,255,
303,348,255,
302,346,253,
300,346,254,
298,344,253,
297,343,253,
296,341,249,
293,336,247,
293,333,245,
290,330,243,
289,329,240,
288,328,241,
286,327,241,
285,326,238,
284,324,238,
281,322,236,
281,321,234,
279,318,234,
277,318,233,
277,315,231,
274,314,231,
273,314,231,
272,313,230,
271,314,232,
269,309,228,
268,306,225,
266,303,222,
265,302,222,
264,298,219,
263,298,219,
261,298,218,
259,295,216,
259,294,216,
257,293,218,
257,292,216,
254,291,215,
254,288,213,
253,288,211,
251,287,210,
250,287,212,
249,286,211,
247,286,213,
247,285,211,
245,280,208,
244,278,202,
243,278,205,
242,274,201,
241,273,201,
239,272,199,
239,272,199,
237,270,198,
237,269,197,
235,266,194,
234,267,195,
234,265,194,
232,265,196,
231,264,195,
230,264,195,
230,263,193,
228,262,193,
227,260,193,
226,258,191,
225,255,189,
225,255,188,
223,252,186,
222,252,186,
222,253,186,
220,250,184,
220,249,183,
218,248,183,
218,245,182,
217,246,181,
216,244,180,
215,243,179,
214,243,179,
213,244,180,
213,243,183,
211,244,182,
211,243,181,
210,240,178,
208,237,175,
209,235,173,
207,233,171,
206,233,171,
206,233,172,
205,231,172,
204,231,172,
203,231,170,
202,228,169,
202,228,167,
201,228,168,
200,227,167,
199,226,168,
199,225,169,
198,227,168,
197,225,168,
197,225,167,
195,223,167,
195,220,163,
194,220,161,
193,217,160,
193,216,159,
192,216,160,
192,216,160,
190,216,159,
190,215,158,
189,214,158,
189,214,157,
188,213,157,
187,213,158,
187,212,156,
186,211,158,
185,212,157,
185,210,156,
184,210,157,
183,209,155,
183,206,154,
182,205,151,
181,203,150,
181,202,147,
180,203,149,
180,202,150,
179,201,150,
178,201,150,
178,200,148,
177,200,148,
177,200,148,
176,199,149,
176,199,149,
175,199,149,
174,200,149,
174,199,149,
173,200,149,
173,196,148,
172,195,145,
172,193,143,
170,191,141,
171,189,139,
170,189,141,
169,189,139,
169,189,142,
169,191,142,
167,189,141,
168,190,142,
167,187,139,
166,186,138,
166,186,138,
165,186,138,
165,187,141,
165,186,139,
163,187,140,
164,186,140,
163,184,137,
162,182,135,
162,181,134,
162,179,133,
161,181,133,
160,181,134,
160,179,133,
160,179,132,
160,179,134,
158,178,133,
159,176,131,
157,177,131,
158,176,131,
157,175,131,
156,178,133,
156,177,134,
156,176,133,
156,177,131,
154,175,132,
155,174,129,
154,172,128,
154,170,125,
153,170,126,
153,171,126,
152,169,127,
152,171,128,
152,170,127,
151,169,126,
151,168,127,
151,169,126,
150,169,127,
150,169,126,
149,170,129,
149,169,127,
149,170,127,
148,167,127,
148,166,124,
148,164,124,
148,164,122,
146,162,120,
147,162,120,
146,163,120,
146,162,120,
146,163,121,
145,162,121,
145,161,121,
145,162,121,
144,161,120,
144,162,122,
144,160,119,
143,162,122,
143,161,121,
143,162,122,
142,160,121,
142,158,118,
142,156,114,
141,156,117,
141,156,116,
141,156,117,
141,157,118,
140,156,115,
140,157,117,
139,156,117,
140,155,116,
139,156,116,
139,156,117,
138,155,116,
139,154,113,
138,155,117,
137,156,116,
138,156,117,
137,155,116,
137,152,113,
137,150,111,
136,152,113,
136,150,113,
136,151,113,
135,151,113,
135,150,113,
136,149,112,
134,151,112,
135,150,112,
134,148,111,
134,149,112,
134,150,112,
134,150,113,
133,149,112,
133,151,114,
133,150,112,
132,150,113,
133,149,111,
132,147,109,
131,146,108,
132,144,107,
131,144,107,
131,145,108,
131,144,108,
131,144,110,
131,146,110,
130,145,109,
130,145,108,
130,144,108,
129,146,110,
130,144,109,
129,146,109,
129,146,112,
129,146,110,
128,146,112,
128,146,110,
129,141,106,
127,140,105,
128,140,104,
127,139,104,
128,141,105,
127,141,106,
126,140,105,
127,140,105,
126,141,105,
127,141,104,
126,140,105,
125,140,104,
126,140,105,
126,139,104,
125,141,105,
125,140,106,
125,142,108,
125,139,105,
124,138,103,
125,137,102,
124,136,102,
124,135,100,
124,136,103,
123,136,102,
124,137,103,
123,137,103,
123,139,105,
123,138,103,
123,137,104,
123,137,103,
122,137,103,
122,135,102,
122,137,103,
122,136,103,
122,138,105,
122,137,104,
121,135,101,
121,134,101,
122,133,100,
120,133,99,
121,133,99,
121,133,99,
120,132,101,
121,134,99,
120,133,99,
120,133,99,
120,132,100,
119,133,100,
120,133,100,
119,133,101,
120,136,103,
119,135,104,
119,136,104,
