,,,
File,Raw,DataFile,
Time,Major,Minor1,
86,95,74,
86,95,73,
86,97,76,
85,94,74,
86,93,70,
86,92,71,
86,91,68,
85,92,69,
86,93,72,
86,94,71,
86,93,70,
85,92,71,
86,93,72,
86,93,71,
85,94,72,
86,94,71,
86,93,73,
85,94,73,
86,96,74,
86,96,75,
86,96,75,
85,95,73,
86,93,71,
86,91,70,
85,91,68,
86,92,70,
86,92,70,
85,92,72,
86,93,72,
86,93,71,
85,94,73,
86,94,72,
86,93,71,
85,92,71,
86,93,72,
86,94,74,
85,95,75,
86,97,74,
86,96,76,
85,96,75,
86,94,72,
86,92,72,
85,93,71,
86,91,72,
86,93,71,
85,93,70,
86,93,72,
85,93,74,
86,93,72,
86,94,72,
85,93,73,
86,93,72,
85,93,72,
86,94,72,
86,96,75,
85,94,73,
86,95,75,
86,95,74,
85,92,71,
86,92,71,
86,91,69,
85,92,69,
86,93,71,
86,94,72,
85,93,73,
86,93,71,
85,93,73,
86,93,72,
85,94,71,
86,93,70,
86,94,71,
85,93,71,
86,95,74,
85,94,73,
86,97,74,
85,95,74,
86,93,70,
85,92,70,
86,91,70,
85,91,69,
86,92,71,
85,93,72,
86,92,72,
85,93,72,
86,94,73,
85,94,72,
86,94,72,
86,93,72,
85,93,71,
86,93,73,
85,96,74,
86,96,73,
85,96,74,
86,96,75,
86,93,73,
85,92,70,
86,93,71,
85,93,69,
86,92,69,
85,93,71,
86,92,70,
85,92,70,
86,92,70,
85,93,70,
86,93,71,
85,92,70,
86,93,72,
85,93,71,
86,97,74,
85,95,73,
86,95,74,
85,96,75,
86,93,73,
85,93,71,
86,93,71,
85,91,70,
86,93,71,
85,93,72,
86,93,72,
85,93,71,
86,92,71,
85,93,72,
86,93,71,
85,93,71,
86,92,71,
85,94,72,
86,94,73,
85,95,73,
86,96,75,
85,96,74,
86,93,73,
85,92,71,
86,92,70,
85,91,70,
85,93,71,
86,93,72,
85,93,72,
86,93,70,
85,94,72,
86,94,72,
85,93,71,
86,93,71,
85,92,70,
86,93,72,
85,94,74,
86,94,73,
85,95,74,
86,95,73,
85,93,71,
85,91,67,
86,92,69,
85,91,67,
86,91,68,
85,92,71,
85,92,70,
86,93,71,
85,93,72,
86,94,72,
85,93,71,
86,93,71,
85,93,73,
86,93,73,
85,104,86,
86,120,102,
86,110,89,
85,103,83,
86,100,79,
85,96,74,
86,95,73,
85,95,71,
86,94,71,
85,95,73,
85,94,71,
86,93,71,
85,93,70,
85,89,65,
86,81,58,
85,85,63,
85,88,67,
86,90,69,
85,91,69,
85,93,71,
86,95,72,
85,95,73,
86,94,72,
85,91,70,
85,92,70,
86,90,67,
85,91,70,
85,92,70,
86,93,73,
85,93,72,
86,93,72,
85,93,72,
86,92,71,
85,92,70,
85,92,71,
86,93,71,
85,94,73,
85,94,74,
86,94,74,
85,95,74,
86,95,73,
85,91,71,
85,93,71,
86,90,70,
85,90,69,
86,91,70,
85,92,70,
85,93,71,
86,93,71,
85,93,72,
86,93,72,
85,93,71,
85,93,70,
86,95,72,
85,93,71,
85,94,73,
86,94,73,
85,95,76,
86,95,73,
85,92,70,
85,91,71,
86,91,70,
85,92,69,
85,92,71,
86,93,72,
85,92,70,
85,93,71,
86,93,71,
85,93,72,
85,93,73,
86,92,72,
85,92,71,
86,94,71,
85,94,73,
85,95,73,
86,97,77,
85,95,72,
85,94,71,
86,92,69,
85,92,70,
85,92,68,
86,93,70,
85,93,70,
86,93,72,
85,93,72,
85,93,72,
86,92,71,
85,93,72,
85,93,71,
86,93,71,
85,92,71,
85,94,73,
86,94,72,
85,96,74,
86,95,71,
85,93,71,
85,91,69,
85,93,71,
86,90,69,
85,91,69,
85,92,72,
86,93,70,
85,93,71,
85,94,70,
86,93,73,
85,94,71,
86,94,71,
85,93,72,
85,95,73,
86,96,74,
85,95,73,
85,96,74,
86,96,74,
85,93,71,
85,92,69,
86,92,69,
85,91,68,
85,92,70,
86,92,69,
85,92,70,
85,91,70,
86,93,71,
85,92,70,
85,92,72,
86,93,73,
85,94,72,
85,94,73,
85,95,75,
86,95,74,
85,97,77,
86,96,75,
412,474,356,
5218,6070,4578,
11818,13767,10271,
16023,18677,13742,
18226,21254,15472,
19294,22505,16271,
19791,23096,16623,
20016,23367,16781,
20164,23540,16886,
21870,25519,18360,
25579,29823,21560,
28777,33548,24257,
30789,35906,25902,
31888,37201,26763,
32441,37857,27190,
32703,38168,27379,
32817,38310,27457,
32860,38355,27481,
32868,38364,27488,
32864,38358,27486,
32853,38349,27474,
32839,38333,27451,
32824,38314,27446,
32810,38299,27444,
32795,38277,27427,
32781,38260,27408,
32765,38244,27396,
32750,38232,27389,
32737,38220,27379,
32724,38204,27367,
32710,38190,27355,
32697,38171,27342,
32684,38158,27328,
32672,38144,27317,
32660,38138,27308,
32647,38121,27304,
32636,38109,27297,
32627,38093,27289,
32615,38074,27277,
32606,38061,27264,
32597,38048,27255,
32587,38037,27252,
32580,38029,27248,
32571,38023,27242,
32562,38013,27235,
32554,38002,27232,
32545,37994,27230,
32538,37991,27217,
32531,37982,27202,
32523,37969,27197,
32513,37957,27186,
32507,37943,27184,
32498,37938,27182,
32490,37927,27174,
32483,37923,27170,
32478,37912,27168,
32474,37908,27162,
32470,37902,27160,
32464,37899,27150,
32457,37888,27143,
32451,37878,27137,
32445,37872,27136,
32440,37872,27137,
32437,37867,27128,
32432,37863,27122,
32427,37858,27115,
32422,37851,27117,
32419,37854,27117,
32416,37851,27110,
32412,37847,27105,
32407,37836,27112,
32405,37833,27108,
32401,37833,27100,
32395,37826,27092,
32389,37817,27088,
32385,37809,27081,
32385,37809,27075,
32383,37808,27077,
32379,37804,27077,
32377,37798,27075,
32373,37794,27071,
32369,37788,27070,
32364,37780,27069,
32361,37781,27066,
32357,37778,27064,
32353,37773,27056,
32351,37772,27059,
32347,37774,27056,
32346,37769,27057,
32344,37762,27057,
32339,37763,27059,
32339,37756,27053,
32337,37749,27049,
32334,37744,27052,
32334,37751,27048,
32333,37752,27044,
32332,37753,27035,
32328,37748,27034,
32324,37743,27031,
32321,37742,27031,
32320,37739,27028,
32320,37735,27034,
32318,37739,27037,
32317,37734,27032,
32315,37730,27032,
32312,37727,27016,
32308,37722,27017,
32308,37723,27019,
32306,37723,27018,
32305,37720,27018,
32304,37715,27015,
32304,37716,27013,
32304,37719,27014,
32303,37712,27011,
32300,37709,27010,
32300,37708,27014,
32298,37708,27013,
32299,37714,27018,
32299,37712,27018,
32299,37715,27018,
32299,37715,27021,
32299,37711,27018,
32297,37709,27014,
32297,37710,27020,
32295,37710,27019,
32294,37713,27018,
32293,37712,27014,
32291,37704,27006,
32288,37700,27008,
32289,37698,27013,
32292,37697,27007,
32292,37700,27007,
32292,37700,27009,
32291,37698,27006,
32287,37697,26996,
32285,37695,26990,
32284,37695,26998,
32281,37695,26996,
32281,37693,27000,
32283,37693,27011,
32283,37691,27015,
32279,37690,27003,
32276,37689,26991,
32276,37693,26997,
32274,37690,26992,
32274,37683,26995,
32274,37687,26990,
32275,37686,26991,
32274,37690,26989,
32275,37691,26995,
32276,37686,27003,
32274,37680,26995,
32274,37681,26994,
32273,37680,26997,
32274,37687,26993,
32274,37683,26995,
32274,37685,26991,
32272,37680,26992,
32271,37680,26986,
32269,37682,26988,
32265,37681,26982,
32264,37681,26976,
32263,37677,26975,
32262,37671,26981,
32262,37670,26984,
32263,37673,26985,
32266,37669,26982,
32267,37671,26988,
32267,37676,26981,
32267,37676,26985,
32266,37673,26984,
32266,37676,26986,
32264,37677,26983,
32265,37674,26982,
32264,37671,26981,
32264,37671,26994,
32263,37671,26986,
32259,37671,26980,
32258,37665,26980,
32257,37670,26983,
32256,37673,26981,
32256,37670,26967,
32257,37664,26972,
32257,37664,26975,
32258,37657,26977,
32259,37666,26981,
32261,37670,26991,
32262,37676,26987,
32260,37670,26982,
32257,37664,26977,
32254,37657,26976,
32253,37659,26978,
32252,37657,26974,
32251,37655,26975,
32251,37656,26977,
32251,37658,26978,
32253,37659,26978,
32254,37662,26983,
32253,37661,26984,
32251,37656,26984,
32252,37656,26979,
32251,37662,26983,
32252,37662,26977,
32251,37660,26980,
32250,37658,26973,
32250,37661,26973,
32249,37655,26972,
32248,37657,26966,
32248,37662,26968,
32244,37657,26975,
32241,37654,26971,
32240,37655,26972,
32240,37649,26974,
32241,37652,26972,
32239,37653,26969,
32236,37649,26968,
32236,37645,26971,
32233,37643,26972,
32232,37643,26969,
32233,37641,26967,
32233,37634,26962,
32233,37639,26956,
32235,37646,26960,
32233,37647,26963,
32233,37646,26961,
32233,37644,26967,
32232,37643,26961,
32234,37642,26957,
32233,37642,26963,
32234,37639,26960,
32232,37642,26964,
32231,37641,26969,
32231,37643,26968,
32230,37647,26963,
32228,37637,26963,
32227,37633,26963,
32225,37628,26958,
32227,37635,26954,
32226,37633,26952,
32227,37633,26953,
32228,37635,26957,
32228,37637,26959,
32228,37636,26954,
32228,37636,26959,
32228,37639,26960,
32226,37634,26959,
32225,37638,26957,
32224,37634,26963,
32223,37633,26961,
32222,37632,26962,
32220,37634,26957,
32220,37631,26961,
32218,37629,26961,
32216,37628,26952,
32215,37622,26946,
32213,37620,26945,
32213,37613,26938,
32212,37615,26944,
32211,37614,26949,
32211,37619,26942,
32209,37619,26940,
32209,37619,26943,
32211,37621,26944,
32210,37620,26946,
32208,37611,26949,
32206,37616,26946,
32206,37613,26946,
32208,37615,26947,
32206,37613,26949,
32205,37620,26948,
32202,37615,26951,
32201,37606,26942,
32202,37602,26941,
32203,37606,26936,
32204,37607,26935,
32206,37606,26941,
32206,37610,26937,
32204,37612,26933,
32203,37607,26935,
32199,37600,26925,
32199,37600,26934,
32197,37602,26932,
32196,37606,26940,
32197,37603,26939,
32196,37596,26932,
32193,37600,26928,
32190,37600,26924,
32191,37596,26928,
32189,37593,26933,
32189,37596,26931,
32190,37599,26935,
32191,37596,26927,
32189,37591,26929,
32189,37591,26927,
32185,37585,26927,
32184,37585,26922,
32183,37588,26922,
32183,37582,26917,
32113,37498,26853,
27369,31988,22716,
17154,20095,13858,
9291,10915,7255,
4714,5553,3559,
2329,2752,1712,
1161,1375,841,
607,720,444,
349,415,263,
229,271,179,
173,202,140,
146,167,120,
132,151,110,
123,139,104,
119,135,101,
115,130,98,
112,127,96,
110,126,97,
108,122,92,
107,119,92,
105,118,90,
104,117,89,
103,115,89,
102,114,88,
102,115,89,
100,115,87,
100,114,87,
100,113,86,
98,111,85,
99,109,83,
97,107,81,
97,106,81,
97,107,81,
97,107,82,
96,107,82,
96,106,80,
96,106,82,
96,105,80,
95,106,80,
95,106,81,
94,105,80,
95,105,80,
94,106,82,
94,106,83,
94,106,82,
93,107,82,
94,104,78,
93,104,77,
93,102,77,
93,101,77,
93,101,78,
93,102,77,
93,101,77,
92,102,79,
92,101,78,
93,102,78,
92,101,78,
92,101,79,
92,102,77,
91,101,77,
92,103,80,
92,103,81,
91,104,81,
92,102,79,
91,101,78,
91,98,76,
91,99,75,
91,98,75,
91,99,74,
91,100,76,
91,100,77,
90,101,77,
91,100,77,
90,99,76,
91,98,76,
90,99,76,
91,99,77,
90,99,74,
90,99,77,
90,99,76,
91,101,78,
90,100,78,
90,98,77,
89,98,74,
90,97,73,
90,96,73,
90,98,74,
90,99,76,
89,99,75,
90,98,76,
89,98,75,
90,98,75,
89,98,75,
90,97,76,
89,99,77,
90,98,75,
89,98,77,
89,99,76,
89,100,77,
90,99,77,
89,100,76,
89,97,74,
89,97,75,
89,97,73,
89,97,76,
89,98,75,
88,96,75,
89,98,76,
89,97,74,
89,97,74,
89,96,73,
88,97,74,
89,97,75,
89,97,75,
88,98,76,
89,99,77,
88,100,77,
89,99,77,
88,98,75,
89,95,72,
88,95,72,
89,94,71,
88,95,71,
88,95,73,
89,95,74,
88,95,74,
88,96,74,
89,97,75,
88,96,73,
88,96,74,
88,96,73,
88,97,74,
88,97,76,
89,99,77,
88,98,76,
88,98,76,
88,97,74,
88,95,72,
88,95,73,
88,94,73,
88,94,72,
88,95,72,
87,96,74,
88,95,72,
88,96,74,
88,95,73,
88,96,73,
88,95,73,
88,96,75,
88,95,73,
87,97,76,
88,97,76,
88,98,78,
88,98,76,
87,98,75,
88,95,72,
88,94,72,
87,94,71,
88,94,71,
87,96,73,
88,96,72,
87,94,73,
88,95,72,
88,95,73,
87,96,75,
88,95,74,
87,95,73,
87,96,74,
88,97,75,
87,97,75,
88,99,76,
87,97,76,
88,97,74,
87,94,71,
87,94,73,
88,94,73,
87,93,72,
87,95,72,
88,95,72,
87,95,73,
87,96,74,
87,95,72,
88,94,71,
87,94,72,
87,94,72,
87,95,72,
88,96,73,
87,96,74,
87,97,75,
87,98,76,
88,96,75,
87,95,74,
87,95,72,
87,93,70,
87,92,72,
87,94,70,
87,94,71,
87,95,72,
87,95,74,
87,95,73,
87,95,72,
87,96,72,
87,96,73,
87,95,75,
87,96,73,
87,96,74,
87,96,73,
87,98,75,
87,96,76,
87,96,75,
87,93,71,
87,93,70,
87,92,69,
87,94,71,
87,94,70,
87,93,72,
87,95,72,
87,95,74,
86,96,72,
87,95,74,
87,96,73,
87,96,74,
87,95,74,
86,97,76,
87,96,75,
87,98,76,
87,96,74,
87,95,73,
86,92,71,
87,93,72,
87,92,70,
86,93,71,
87,93,70,
87,93,73,
86,93,73,
87,96,73,
87,94,71,
87,93,72,
86,95,72,
87,94,72,
87,94,72,
87,96,74,
86,97,74,
87,97,75,
87,96,76,
86,95,74,
87,94,71,
86,94,72,
87,92,69,
87,94,71,
86,94,71,
87,94,72,
86,95,72,
87,95,72,
87,95,73,
86,94,73,
87,95,72,
86,95,72,
87,94,73,
86,95,74,
87,96,74,
86,97,76,
87,95,74,
86,96,73,
87,93,71,
86,93,71,
87,92,70,
87,93,71,
86,94,73,
86,94,72,
87,95,72,
86,93,72,
87,94,71,
86,94,71,
87,94,72,
86,94,73,
86,94,72,
87,95,74,
86,94,71,
87,94,72,
86,95,73,
86,94,72,
87,92,69,
86,92,70,
86,92,69,
87,93,71,
86,94,72,
87,94,72,
86,95,74,
86,95,74,
87,94,72,
86,94,73,
86,93,72,
87,93,71,
86,92,71,
86,94,73,
86,94,75,
87,96,75,
86,96,74,
86,96,72,
87,92,69,
86,94,72,
86,93,68,
87,92,70,
86,92,72,
86,92,70,
86,93,71,
87,94,72,
86,93,71,
86,94,72,
86,94,73,
87,94,74,
86,94,72,
86,94,75,
86,96,76,
87,96,75,
86,97,74,
86,96,75,
86,94,71,
86,93,71,
87,92,70,
86,91,71,
86,93,70,
86,94,72,
86,94,72,
87,95,71,
86,93,71,
86,94,71,
86,93,72,
86,94,71,
86,93,73,
86,94,73,
87,96,75,
86,96,74,
86,97,76,
86,96,74,
86,93,71,
86,93,69,
87,91,69,
86,91,70,
86,93,71,
86,93,72,
86,93,71,
86,94,71,
86,94,71,
86,93,72,
87,94,72,
86,94,73,
86,95,72,
86,95,74,
86,97,75,
86,97,74,
86,99,75,
86,95,74,
87,94,72,
86,94,70,
86,92,70,
86,92,70,
86,94,72,
86,93,70,
86,94,74,
86,93,72,
86,93,70,
86,93,71,
86,95,72,
86,96,72,
86,94,72,
86,94,72,
86,95,73,
87,96,74,
86,97,75,
86,95,74,
86,93,70,
86,92,70,
86,92,70,
86,92,70,
86,93,72,
86,93,72,
86,94,71,
86,94,71,
86,95,73,
86,94,72,
86,93,69,
85,93,71,
86,93,70,
86,93,70,
86,96,73,
86,95,73,
86,97,76,
86,95,74,
86,95,73,
86,94,74,
86,92,73,
86,93,70,
86,93,70,
86,94,71,
86,94,73,
86,93,72,
86,93,72,
85,93,72,
86,93,70,
86,93,71,
86,93,73,
86,93,71,
86,94,72,
86,94,72,
86,95,73,
86,96,73,
86,93,72,
86,92,70,
86,93,70,
86,92,70,
85,94,74,
86,94,73,
86,93,71,
86,92,71,
86,93,71,
86,94,71,
86,93,72,
86,94,73,
86,94,73,
86,94,72,
86,95,75,
85,95,74,
86,98,77,
86,95,74,
86,94,71,
86,91,71,
86,92,71,
86,92,68,
85,92,70,
86,92,69,
86,93,70,
86,92,71,
86,93,72,
85,93,70,
86,92,71,
86,93,71,
86,94,73,
85,94,73,
86,95,74,
86,95,74,
86,97,76,
86,96,74,
86,96,74,
85,93,72,
86,94,72,
86,91,68,
86,91,71,
86,93,71,
85,92,71,
86,94,71,
86,94,71,
86,93,71,
86,94,71,
85,93,70,
86,94,72,
86,93,70,
86,95,73,
86,95,72,
86,95,74,
85,96,75,
86,93,73,
86,93,70,
86,93,71,
86,92,69,
85,93,72,
86,94,73,
86,92,71,
86,93,70,
85,94,71,
86,93,72,
86,92,72,
86,93,70,
85,93,73,
86,93,71,
86,95,74,
86,95,73,
85,97,76,
86,96,76,
86,95,73,
86,93,71,
85,93,71,
86,91,69,
86,91,70,
86,91,70,
85,93,70,
86,92,71,
86,94,72,
86,94,71,
86,93,73,
85,93,72,
86,94,71,
86,92,71,
86,93,71,
85,93,72,
86,93,73,
86,94,73,
85,94,73,
86,93,70,
86,92,72,
86,91,68,
85,91,70,
86,92,71,
86,94,72,
85,93,74,
86,94,73,
86,95,74,
86,94,74,
85,95,74,
86,96,75,
86,95,73,
85,94,73,
86,95,74,
86,95,73,
86,95,74,
85,95,75,
86,92,70,
86,92,69,
85,90,69,
86,92,69,
86,92,72,
85,92,71,
86,92,70,
86,93,70,
85,94,70,
86,93,70,
86,94,71,
86,94,72,
85,93,71,
86,94,73,
86,96,74,
85,96,75,
86,97,73,
86,95,71,
86,92,70,
85,92,71,
86,92,71,
85,92,71,
86,92,70,
86,93,71,
85,94,71,
86,93,73,
86,93,71,
85,94,72,
86,93,73,
85,93,71,
86,93,71,
86,98,77,
85,103,81,
86,98,76,
86,97,76,
85,94,73,
86,94,72,
86,93,72,
85,92,70,
86,91,69,
85,90,68,
86,90,68,
86,91,70,
85,93,72,
86,93,71,
85,92,71,
86,92,71,
85,94,72,
86,93,72,
86,94,72,
85,96,74,
86,95,75,
85,96,74,
86,94,73,
86,94,71,
85,92,70,
86,92,70,
86,92,70,
85,92,71,
86,92,71,
86,93,72,
85,92,72,
86,93,71,
85,93,71,
86,92,71,
86,94,72,
85,93,73,
86,94,71,
85,96,75,
86,96,75,
85,96,74,
86,95,73,
86,92,71,
85,92,70,
86,91,72,
85,91,69,
86,92,69,
85,93,70,
86,93,70,
85,93,71,
86,94,70,
85,92,70,
86,93,72,
85,93,71,
86,93,71,
85,93,70,
86,95,74,
86,95,72,
85,97,74,
86,97,74,
85,95,74,
86,92,69,
85,92,71,
86,89,69,
85,92,71,
86,93,70,
85,92,70,
86,93,71,
86,92,70,
85,93,70,
86,92,70,
85,92,70,
86,93,70,
85,92,70,
86,96,76,
85,96,75,
86,98,76,
85,96,75,
86,93,72,
85,91,71,
86,93,71,
85,92,71,
86,91,71,
85,93,72,
86,93,72,
85,92,73,
86,93,73,
85,93,72,
86,92,73,
85,91,73,
86,93,75,
85,93,74,
86,96,78,
86,94,79,
85,96,81,
86,95,79,
85,95,80,
86,93,79,
86,92,79,
85,90,78,
86,91,81,
85,91,83,
86,92,84,
85,91,88,
86,94,89,
86,93,90,
85,93,91,
86,92,95,
85,93,96,
86,92,98,
86,94,103,
85,94,106,
86,96,109,
86,97,114,
86,95,114,
85,91,112,
86,92,116,
86,91,118,
86,91,122,
86,92,125,
85,93,129,
86,93,133,
86,92,136,
86,94,140,
86,93,141,
86,93,143,
86,92,147,
86,93,149,
87,94,154,
86,95,158,
86,96,160,
86,96,163,
86,95,164,
87,92,162,
86,92,167,
86,91,166,
87,91,169,
86,93,171,
87,93,173,
86,93,175,
87,94,177,
87,93,178,
86,93,178,
87,93,179,
87,93,180,
87,94,182,
87,95,184,
86,95,185,
87,96,185,
87,96,188,
87,95,186,
87,92,182,
87,92,182,
87,91,180,
88,92,181,
87,93,181,
87,94,182,
87,94,180,
87,94,181,
87,93,180,
87,94,179,
88,95,177,
87,94,176,
87,94,175,
87,95,176,
88,95,175,
87,96,176,
87,97,174,
87,96,172,
88,93,167,
87,93,166,
87,92,164,
87,92,163,
87,93,161,
87,93,160,
88,93,159,
87,93,159,
87,94,158,
87,95,155,
87,95,153,
88,95,153,
87,95,152,
87,96,153,
87,97,152,
87,97,151,
87,98,150,
87,96,148,
87,93,143,
87,94,142,
87,92,139,
87,90,137,
87,92,136,
87,93,134,
87,94,135,
87,92,133,
87,94,131,
87,93,131,
87,94,130,
87,94,130,
86,95,127,
87,94,127,
87,96,129,
87,96,128,
87,97,127,
87,96,125,
86,95,121,
87,94,120,
87,92,118,
86,92,116,
87,93,116,
87,94,117,
86,93,115,
87,93,116,
86,93,113,
87,94,113,
87,95,113,
86,94,111,
87,92,111,
86,93,109,
87,96,113,
86,95,109,
87,98,112,
86,95,109,
86,95,106,
87,93,104,
86,93,105,
87,92,103,
86,94,104,
86,93,104,
87,94,104,
86,94,102,
86,94,103,
87,95,102,
86,94,102,
86,93,99,
87,93,99,
86,92,98,
86,94,101,
87,95,100,
86,96,101,
86,95,100,
86,94,98,
86,93,97,
87,93,95,
86,92,94,
86,92,94,
86,93,93,
86,92,93,
87,92,92,
86,93,93,
86,93,94,
86,93,94,
86,94,93,
86,93,92,
87,94,92,
86,95,93,
86,95,93,
86,96,94,
86,94,91,
86,94,91,
86,92,88,
86,91,88,
86,90,87,
86,93,89,
86,93,89,
86,94,88,
86,93,88,
86,93,87,
86,94,89,
86,95,88,
86,94,89,
86,94,86,
86,93,87,
86,95,89,
86,94,88,
86,96,89,
86,96,89,
86,94,88,
86,93,85,
86,92,84,
86,92,83,
86,92,83,
86,93,84,
86,93,84,
86,93,83,
85,93,84,
86,93,85,
86,93,84,
86,94,83,
86,94,84,
86,93,85,
86,95,86,
86,95,86,
86,96,86,
85,95,86,
86,93,86,
86,92,83,
86,92,81,
86,91,80,
86,92,81,
85,93,81,
86,92,82,
86,94,82,
86,93,81,
86,93,80,
86,92,81,
86,93,80,
85,94,83,
86,94,81,
86,94,83,
86,95,83,
86,96,84,
86,96,83,
86,94,83,
85,92,80,
86,94,80,
86,92,79,
86,92,80,
86,94,80,
85,92,80,
86,91,78,
86,91,79,
86,93,79,
85,91,78,
86,92,79,
86,92,79,
86,92,78,
86,93,80,
85,95,81,
86,95,82,
86,96,81,
86,93,79,
85,91,76,
86,92,77,
86,91,77,
86,91,77,
85,93,77,
86,92,78,
86,94,79,
86,93,78,
85,94,80,
86,93,79,
86,94,78,
86,93,79,
85,93,77,
86,94,77,
86,94,78,
86,95,79,
85,96,81,
86,95,78,
86,92,75,
85,93,77,
86,90,74,
86,90,75,
85,91,76,
86,92,76,
86,92,77,
85,93,77,
86,93,77,
86,93,75,
85,93,76,
86,92,75,
86,94,76,
85,92,77,
86,95,78,
85,95,78,
86,95,79,
86,95,78,
85,93,77,
86,91,75,
86,92,75,
85,91,75,
86,93,77,
86,92,75,
85,92,75,
86,93,74,
86,92,75,
85,94,76,
86,93,76,
86,93,75,
85,92,75,
86,94,76,
86,95,79,
85,95,78,
86,96,79,
86,94,77,
85,93,74,
86,92,74,
86,92,73,
85,91,74,
86,93,74,
86,92,74,
85,92,73,
86,93,75,
86,93,76,
85,93,75,
86,92,74,
85,94,75,
86,93,74,
86,93,75,
85,94,76,
86,95,76,
85,95,77,
86,95,77,
86,92,74,
85,93,73,
86,91,72,
85,90,71,
86,92,73,
85,93,74,
86,92,74,
86,93,74,
85,93,73,
86,93,74,
86,94,75,
85,92,74,
86,94,74,
85,94,75,
86,94,77,
85,94,76,
86,96,76,
86,95,76,
85,94,73,
86,91,73,
85,91,72,
86,90,70,
85,92,72,
86,92,74,
85,92,72,
86,93,74,
86,93,74,
85,94,74,
86,93,73,
85,92,73,
86,93,73,
85,92,73,
86,95,76,
86,95,74,
85,96,78,
86,95,75,
86,93,73,
85,91,71,
86,91,72,
85,90,72,
86,92,72,
85,92,73,
86,93,74,
86,93,73,
85,93,75,
86,93,74,
85,91,72,
86,91,72,
85,92,73,
86,92,72,
85,93,72,
86,93,74,
86,94,75,
85,95,73,
86,93,74,
85,91,70,
86,93,70,
85,91,71,
86,91,71,
85,92,71,
86,93,71,
85,94,73,
86,94,73,
85,94,72,
86,94,73,
86,94,72,
85,93,73,
86,94,75,
85,95,75,
86,94,73,
85,94,75,
86,94,74,
85,94,74,
86,91,71,
85,91,71,
86,90,70,
85,91,70,
86,92,72,
85,93,72,
86,92,72,
85,93,73,
86,91,70,
85,93,71,
86,92,72,
85,93,73,
86,93,73,
85,94,74,
86,95,74,
86,95,75,
85,96,76,
86,94,73,
85,91,70,
86,90,71,
85,90,69,
85,90,69,
86,93,72,
85,92,70,
86,92,73,
85,93,71,
86,93,73,
85,92,70,
86,93,70,
85,93,71,
86,93,72,
85,94,73,
86,95,75,
85,94,76,
86,96,76,
85,95,75,
86,93,72,
85,94,73,
86,91,71,
85,92,70,
86,93,72,
85,93,71,
86,93,70,
85,93,71,
86,92,71,
85,93,70,
86,92,71,
85,92,70,
86,92,71,
85,94,74,
86,95,74,
85,95,75,
86,96,76,
85,95,75,
86,93,70,
85,93,72,
86,91,71,
85,93,72,
86,93,71,
85,92,71,
86,92,71,
85,93,72,
85,92,72,
86,93,72,
85,93,72,
86,92,72,
85,92,71,
86,92,72,
85,95,74,
86,96,75,
85,94,74,
86,95,73,
85,94,72,
86,93,72,
85,92,71,
85,90,69,
86,91,69,
85,92,71,
86,92,72,
85,93,72,
86,93,72,
85,92,71,
86,93,73,
85,92,71,
86,93,72,
85,93,73,
86,95,74,
85,94,73,
86,96,74,
85,95,73,
86,93,71,
85,92,69,
86,90,69,
85,91,68,
86,90,69,
85,92,70,
86,93,73,
85,92,71,
86,92,72,
85,92,73,
86,93,71,
85,93,71,
85,94,73,
86,93,72,
85,95,74,
86,93,74,
85,96,75,
86,94,75,
85,92,73,
85,92,69,
86,91,70,
85,91,70,
86,91,73,
85,92,72,
85,92,70,
86,92,72,
85,91,70,
86,92,71,
85,93,71,
86,93,72,
85,92,70,
85,92,71,
86,95,74,
85,95,74,
86,96,75,
85,97,75,
86,95,72,
85,93,71,
85,93,70,
86,91,69,
85,92,70,
86,92,70,
85,92,72,
86,93,71,
85,93,74,
85,92,72,
86,92,72,
85,92,71,
86,92,70,
85,93,70,
86,93,74,
85,95,73,
86,95,74,
85,95,74,
86,94,73,
85,92,70,
85,92,71,
86,92,71,
85,93,70,
86,92,69,
85,92,70,
86,92,70,
85,93,70,
85,92,71,
86,92,70,
85,92,72,
85,93,71,
86,92,71,
85,94,72,
86,93,73,
85,95,73,
85,94,73,
86,93,74,
85,92,74,
86,92,72,
85,91,67,
85,93,69,
86,93,71,
85,93,72,
86,94,72,
85,94,73,
85,91,70,
86,92,71,
85,93,70,
85,92,70,
86,92,70,
85,94,73,
86,94,73,
85,96,75,
85,96,76,
86,95,74,
85,93,70,
86,91,70,
85,91,69,
85,93,69,
86,92,70,
85,92,71,
85,93,72,
86,93,72,
85,93,71,
86,93,70,
85,92,70,
85,94,72,
86,93,71,
85,94,72,
86,94,73,
85,95,74,
85,95,73,
86,93,73,
85,92,69,
86,91,71,
85,90,69,
85,92,69,
86,92,71,
85,93,72,
85,93,71,
86,93,72,
85,92,71,
86,92,71,
85,93,71,
86,93,70,
85,93,71,
85,95,73,
86,95,74,
85,96,75,
86,96,74,
85,92,74,
86,91,70,
85,91,70,
86,90,69,
85,90,70,
85,91,71,
86,93,72,
86,93,71,
85,92,73,
86,94,72,
86,92,71,
85,93,71,
86,95,73,
86,111,93,
86,107,86,
87,102,80,
86,99,77,
86,97,76,
86,94,73,
87,87,63,
86,86,64,
87,87,67,
87,90,68,
88,93,72,
87,95,72,
88,95,73,
88,95,73,
89,97,73,
90,98,75,
89,99,76,
91,99,76,
91,100,76,
92,102,78,
93,105,78,
94,106,81,
96,109,82,
96,109,83,
98,109,84,
100,111,82,
101,112,83,
104,115,85,
106,119,90,
108,122,91,
112,126,93,
114,131,97,
118,134,99,
122,141,103,
126,146,108,
131,152,110,
136,159,116,
142,167,120,
149,177,129,
156,186,136,
163,197,144,
172,206,151,
181,216,155,
192,229,164,
203,243,172,
215,257,181,
229,276,192,
243,294,207,
258,313,221,
276,336,236,
295,360,253,
315,386,272,
338,412,290,
360,443,310,
387,476,333,
414,511,355,
444,550,384,
477,591,413,
511,636,444,
548,680,473,
588,726,505,
630,779,541,
676,836,580,
725,894,620,
777,958,663,
832,1030,712,
890,1103,762,
954,1181,817,
1020,1264,877,
1091,1349,936,
1166,1441,998,
1245,1540,1067,
1329,1645,1138,
1417,1752,1212,
1510,1868,1293,
1608,1988,1376,
1711,2116,1466,
1819,2246,1557,
1933,2383,1651,
2050,2525,1750,
2175,2677,1856,
2305,2835,1964,
2440,3001,2083,
2581,3171,2201,
2727,3350,2321,
2880,3535,2453,
3038,3728,2590,
3203,3927,2726,
3373,4133,2871,
3550,4345,3020,
3731,4565,3174,
3920,4790,3332,
4112,5026,3497,
4312,5265,3664,
4517,5513,3840,
4726,5762,4015,
4942,6015,4194,
5162,6277,4378,
5388,6546,4567,
5619,6820,4758,
5853,7101,4959,
6092,7389,5160,
6335,7676,5365,
6582,7971,5576,
6833,8271,5786,
7086,8571,5996,
7342,8872,6210,
7602,9180,6426,
7862,9492,6642,
8125,9798,6865,
8388,10111,7089,
8653,10425,7310,
8919,10739,7533,
9183,11049,7753,
9448,11360,7972,
9713,11669,8194,
9977,11976,8414,
10238,12281,8635,
10500,12584,8852,
10758,12884,9064,
11014,13181,9279,
11265,13470,9494,
11514,13758,9697,
11757,14041,9904,
11996,14321,10102,
12231,14592,10298,
12462,14859,10490,
12684,15117,10669,
12902,15370,10859,
13112,15607,11032,
13314,15839,11201,
13509,16064,11361,
13699,16274,11518,
13880,16479,11669,
14056,16676,11815,
14222,16865,11954,
14382,17044,12085,
14532,17214,12215,
14673,17373,12334,
14806,17521,12440,
14931,17659,12541,
15048,17787,12634,
15154,17904,12724,
15252,18011,12803,
15342,18102,12879,
15421,18186,12947,
15491,18265,13004,
15554,18331,13056,
15607,18387,13106,
15652,18432,13138,
15687,18462,13162,
15712,18485,13181,
15732,18503,13199,
15742,18504,13207,
15742,18497,13209,
15733,18477,13201,
15717,18451,13190,
15693,18413,13168,
15662,18373,13137,
15622,18323,13105,
15577,18264,13067,
15523,18193,13020,
15464,18116,12966,
15400,18033,12913,
15329,17941,12857,
15251,17845,12792,
15168,17739,12726,
15078,17630,12650,
14984,17511,12568,
14885,17387,12476,
14779,17262,12390,
14670,17126,12299,
14554,16984,12204,
14434,16845,12105,
14311,16696,11999,
14184,16545,11893,
14055,16392,11791,
13919,16228,11676,
13783,16064,11554,
13642,15894,11440,
13499,15722,11321,
13352,15548,11198,
13205,15377,11076,
13056,15204,10954,
12904,15028,10823,
12752,14844,10700,
12599,14658,10572,
12445,14475,10441,
12292,14296,10310,
12136,14112,10175,
11982,13931,10047,
11825,13747,9918,
11668,13558,9783,
11512,13376,9656,
11354,13191,9522,
11198,13004,9393,
11041,12824,9261,
10884,12641,9130,
10728,12458,8997,
10573,12275,8866,
10418,12094,8739,
10263,11916,8611,
10109,11734,8485,
9956,11558,8353,
9803,11378,8223,
9653,11200,8097,
9502,11025,7972,
9354,10852,7845,
9208,10677,7724,
9061,10507,7605,
8918,10343,7486,
8775,10176,7364,
8635,10011,7246,
8495,9848,7129,
8358,9688,7012,
8222,9534,6899,
8089,9379,6788,
7956,9222,6676,
7826,9072,6570,
7699,8924,6464,
7571,8777,6358,
7446,8636,6250,
7323,8491,6148,
7200,8347,6042,
7080,8208,5943,
6961,8068,5840,
6845,7934,5744,
6731,7802,5652,
6618,7672,5559,
6508,7543,5468,
6401,7418,5376,
6293,7297,5288,
6190,7174,5198,
6087,7055,5112,
5986,6939,5029,
5887,6825,4944,
5790,6712,4863,
5693,6601,4786,
5600,6493,4707,
5508,6388,4630,
5417,6283,4555,
5329,6177,4479,
5241,6075,4406,
5157,5977,4332,
5072,5880,4263,
4991,5787,4196,
4912,5694,4124,
4833,5605,4058,
4757,5518,3992,
4683,5433,3931,
4608,5345,3872,
4537,5261,3811,
4466,5179,3751,
4397,5100,3689,
4328,5021,3635,
4262,4946,3584,
4196,4872,3529,
4133,4797,3479,
4071,4722,3427,
4010,4651,3371,
3950,4581,3316,
3891,4515,3265,
3833,4448,3221,
3776,4381,3176,
3722,4317,3127,
3667,4256,3081,
3615,4193,3036,
3562,4132,2995,
3512,4073,2952,
3461,4016,2908,
3412,3961,2866,
3364,3906,2827,
3317,3852,2789,
3270,3799,2750,
3225,3745,2710,
3180,3693,2677,
3136,3643,2640,
3093,3594,2602,
3052,3540,2565,
3009,3491,2528,
2970,3443,2494,
2929,3398,2462,
2891,3354,2432,
2852,3311,2397,
2815,3269,2366,
2778,3227,2334,
2743,3184,2305,
2707,3144,2277,
2672,3104,2250,
2638,3064,2219,
2604,3027,2189,
2572,2991,2165,
2539,2952,2138,
2507,2917,2112,
2476,2879,2085,
2446,2842,2060,
2415,2804,2031,
2386,2771,2006,
2356,2735,1979,
2328,2703,1955,
2300,2670,1932,
2273,2639,1909,
2245,2608,1888,
2219,2577,1868,
2193,2548,1845,
2167,2518,1823,
2141,2489,1802,
2116,2461,1781,
2092,2432,1761,
2068,2404,1741,
2043,2375,1721,
2021,2350,1701,
1997,2322,1680,
1975,2296,1660,
1952,2269,1639,
1931,2244,1624,
1908,2218,1602,
1888,2193,1589,
1866,2168,1569,
1846,2146,1553,
1826,2121,1535,
1805,2098,1520,
1786,2074,1501,
1767,2052,1484,
1747,2032,1469,
1729,2009,1453,
1709,1988,1440,
1692,1969,1425,
1673,1945,1408,
1656,1927,1392,
1638,1906,1379,
1621,1885,1363,
1603,1863,1346,
1586,1843,1332,
1569,1819,1318,
1553,1802,1305,
1536,1783,1293,
1520,1764,1278,
1504,1746,1263,
1489,1729,1251,
1474,1712,1239,
1458,1693,1226,
1443,1676,1215,
1428,1660,1204,
1413,1642,1191,
1400,1627,1179,
1385,1610,1169,
1371,1595,1156,
1356,1579,1144,
1343,1562,1131,
1329,1543,1116,
1315,1528,1105,
1302,1511,1093,
1289,1497,1084,
1276,1481,1072,
1263,1467,1064,
1251,1453,1054,
1238,1437,1044,
1226,1424,1031,
1214,1409,1020,
1202,1396,1011,
1190,1382,1002,
1179,1369,993,
1167,1356,985,
1156,1343,975,
1144,1332,967,
1134,1317,957,
1122,1302,945,
1112,1289,935,
1101,1276,925,
1090,1262,914,
1079,1250,906,
1070,1239,898,
1059,1228,891,
1049,1216,883,
1039,1205,875,
1029,1195,866,
1019,1183,858,
1010,1171,851,
1000,1159,843,
991,1151,836,
981,1140,828,
972,1130,822,
962,1118,814,
954,1108,805,
945,1096,798,
935,1084,788,
927,1073,780,
919,1062,771,
910,1051,762,
901,1043,756,
893,1033,751,
884,1026,745,
877,1015,737,
868,1005,730,
860,998,725,
852,988,717,
845,979,710,
836,970,703,
829,960,698,
821,953,693,
814,944,687,
807,937,683,
799,927,675,
792,918,666,
784,908,660,
778,900,651,
771,890,646,
764,885,643,
757,876,637,
750,868,631,
744,861,624,
737,853,620,
731,846,613,
724,838,610,
718,831,604,
712,823,598,
705,818,595,
699,811,591,
693,804,585,
688,799,583,
681,791,575,
675,781,568,
669,774,563,
663,767,556,
657,759,551,
652,754,547,
646,747,543,
641,742,539,
635,734,534,
629,727,529,
624,722,525,
619,715,518,
613,710,515,
608,703,511,
604,698,508,
597,694,508,
594,689,503,
588,684,498,
582,676,491,
578,669,487,
573,660,481,
568,656,477,
563,648,472,
559,644,469,
554,640,466,
549,635,462,
545,629,459,
540,624,454,
535,619,450,
532,614,447,
527,608,444,
522,603,439,
519,599,437,
515,596,435,
510,592,430,
506,588,427,
502,582,423,
498,576,420,
494,568,415,
491,565,411,
486,560,408,
482,557,403,
479,553,404,
475,547,399,
471,544,396,
467,539,394,
464,536,391,
461,530,386,
456,526,383,
453,522,381,
450,517,378,
446,516,377,
442,511,373,
439,508,372,
436,505,370,
432,499,364,
429,492,359,
426,490,358,
422,484,354,
419,482,353,
416,479,350,
413,474,345,
409,471,344,
407,468,342,
403,466,341,
401,461,338,
397,457,334,
395,455,333,
391,450,330,
389,449,328,
385,445,327,
384,443,326,
380,438,322,
377,435,319,
375,430,314,
372,427,312,
370,422,309,
366,417,307,
364,416,304,
362,415,304,
359,412,303,
356,410,300,
354,406,299,
351,404,296,
349,400,292,
347,396,291,
344,395,289,
341,393,290,
340,392,289,
337,390,288,
334,386,284,
332,384,281,
330,378,276,
328,373,274,
326,371,272,
323,369,271,
321,367,269,
319,365,267,
317,363,267,
314,361,266,
313,357,263,
310,355,261,
309,353,258,
306,351,258,
305,348,257,
302,347,255,
301,346,254,
298,343,254,
297,342,252,
294,339,249,
293,336,246,
291,333,245,
289,329,240,
287,327,241,
285,326,238,
284,324,239,
281,321,238,
280,320,236,
278,317,235,
276,316,231,
275,312,231,
273,311,230,
271,309,226,
269,307,226,
268,305,225,
266,305,225,
264,306,226,
263,309,231,
262,302,223,
259,298,220,
259,296,217,
256,293,215,
255,291,214,
254,289,212,
252,287,212,
251,284,209,
250,281,206,
247,280,205,
247,280,205,
245,279,204,
244,276,205,
242,278,204,
241,276,204,
240,275,202,
238,276,204,
237,272,200,
236,268,196,
234,266,196,
233,263,194,
232,262,194,
230,262,194,
230,261,193,
228,262,193,
227,259,191,
225,258,191,
225,254,189,
223,253,188,
222,253,186,
221,251,187,
220,251,184,
219,252,187,
217,249,186,
216,248,184,
216,245,183,
214,242,179,
213,240,176,
212,239,174,
211,237,174,
210,235,173,
208,236,174,
208,236,174,
207,234,174,
206,233,172,
204,232,171,
204,230,170,
203,231,171,
201,229,170,
201,228,172,
200,230,172,
199,228,168,
198,227,169,
197,225,168,
196,223,166,
195,220,163,
194,218,162,
193,216,161,
192,217,161,
192,217,161,
190,215,157,
190,214,158,
189,214,158,
188,213,158,
187,212,158,
187,212,156,
185,210,156,
185,210,156,
184,210,157,
183,210,157,
183,210,158,
181,208,155,
181,205,152,
180,201,149,
180,202,148,
178,199,148,
178,200,149,
177,200,148,
176,198,146,
176,198,146,
175,197,146,
174,197,146,
173,196,145,
173,195,145,
172,193,144,
171,193,146,
170,195,145,
170,193,143,
170,193,144,
168,192,144,
168,190,141,
168,188,138,
166,188,138,
166,187,137,
166,185,138,
164,185,137,
165,184,137,
163,185,138,
163,185,138,
163,183,137,
162,182,135,
161,181,135,
160,180,135,
160,180,135,
160,182,136,
159,179,134,
158,179,134,
158,178,133,
157,176,131,
157,174,128,
156,174,129,
156,172,128,
155,172,129,
154,174,129,
154,172,128,
154,172,128,
153,172,129,
152,172,128,
152,170,127,
152,168,125,
151,167,123,
151,168,125,
150,170,129,
149,170,127,
149,169,128,
149,169,128,
148,167,125,
148,163,121,
147,164,122,
147,163,121,
146,163,121,
146,163,123,
146,163,122,
145,164,121,
145,163,122,
144,163,122,
144,161,121,
143,161,120,
143,160,119,
142,159,118,
143,160,121,
141,161,120,
142,160,121,
141,159,121,
140,158,118,
140,155,117,
140,156,117,
140,154,115,
139,154,114,
138,154,115,
139,154,115,
137,154,114,
138,154,115,
137,152,114,
137,153,114,
136,152,115,
136,152,116,
136,153,115,
135,154,116,
135,153,115,
135,154,115,
135,152,115,
134,150,114,
133,149,110,
134,148,108,
133,147,108,
132,146,109,
133,147,110,
132,147,110,
132,147,109,
131,148,111,
132,145,109,
130,145,109,
131,145,108,
130,145,108,
130,144,108,
130,145,109,
129,146,111,
129,147,111,
129,146,112,
129,146,111,
128,143,109,
128,143,108,
128,141,105,
127,140,105,
127,141,105,
127,140,105,
127,140,103,
126,139,103,
126,140,104,
126,139,103,
126,139,103,
125,139,103,
125,138,103,
125,138,104,
125,139,106,
124,139,105,
124,140,106,
124,138,104,
124,136,102,
123,135,102,
123,135,101,
123,136,101,
123,136,104,
122,137,103,
122,136,103,
122,136,102,
122,136,103,
121,135,101,
122,135,102,
121,133,101,
120,134,100,
121,134,101,
120,135,102,
120,135,104,
120,136,104,
120,134,102,
120,133,99,
119,131,98,
119,131,99,
119,130,98,
119,130,99,
119,131,99,
118,131,99,
118,132,97,
118,131,99,
118,132,98,
117,131,100,
118,130,97,
117,130,98,
117,131,98,
117,132,101,
116,132,100,
117,132,101,
116,130,98,
116,128,95,
116,127,96,
116,126,95,
115,126,93,
116,127,95,
115,127,95,
115,128,94,
115,127,97,
114,128,96,
115,128,94,
114,128,95,
114,127,95,
115,127,96,
113,128,96,
114,128,97,
114,128,96,
113,129,97,
114,126,95,
113,125,93,
113,123,91,
113,123,92,
112,122,92,
113,124,94,
112,124,92,
112,124,93,
112,124,92,
112,123,93,
112,123,92,
112,123,93,
111,123,93,
112,123,94,
111,122,93,
111,125,96,
111,124,94,
111,126,97,
111,125,95,
110,123,93,
111,121,91,
110,121,92,
110,121,89,
110,121,92,
110,122,92,
110,121,92,
109,121,93,
110,121,91,
109,122,92,
109,119,91,
109,120,90,
109,119,90,
109,120,91,
109,121,93,
109,121,92,
109,123,93,
108,122,93,
108,122,91,
109,118,87,
108,120,89,
108,118,86,
107,118,88,
108,118,88,
108,119,90,
107,119,89,
108,118,90,
107,118,90,
107,117,89,
107,118,89,
107,118,90,
107,117,90,
107,119,92,
107,119,91,
106,118,92,
107,118,93,
106,119,90,
106,115,88,
106,117,89,
106,114,88,
106,116,89,
106,117,91,
106,117,91,
106,117,89,
105,117,91,
106,117,90,
105,116,90,
105,116,91,
106,115,91,
105,115,91,
105,117,93,
105,118,93,
105,117,95,
104,118,97,
105,115,94,
105,114,92,
104,113,93,
105,112,93,
104,111,94,
104,114,96,
104,114,98,
104,114,98,
104,114,101,
104,115,101,
104,115,101,
104,114,102,
104,114,100,
103,113,103,
104,115,104,
103,117,106,
104,117,107,
103,116,106,
104,116,106,
103,112,104,
103,112,106,
103,112,104,
103,111,106,
103,111,107,
103,112,108,
103,112,109,
103,113,110,
102,112,109,
103,112,110,
103,112,111,
102,113,111,
103,112,110,
102,113,113,
103,114,113,
102,114,113,
102,115,115,
103,113,115,
102,112,112,
102,111,111,
102,111,112,
102,110,110,
102,112,112,
102,111,111,
101,110,111,
102,111,111,
102,111,110,
101,111,111,
102,111,111,
102,111,111,
101,112,111,
101,111,111,
102,113,114,
101,114,113,
101,115,113,
102,114,112,
101,111,110,
101,111,109,
101,110,107,
101,109,106,
100,110,108,
101,112,107,
101,110,106,
101,110,105,
100,110,106,
101,109,107,
100,109,104,
101,109,103,
100,109,105,
101,108,106,
100,111,106,
100,111,106,
100,113,106,
101,111,105,
100,109,103,
100,109,101,
100,109,101,
99,107,100,
100,108,99,
100,109,101,
100,109,99,
99,108,101,
100,109,99,
99,108,99,
100,109,100,
99,109,99,
99,109,98,
100,110,98,
99,110,99,
99,109,97,
99,111,99,
99,110,98,
99,108,95,
99,106,94,
99,107,93,
99,107,92,
99,108,93,
98,108,93,
99,107,93,
99,108,94,
98,109,95,
99,108,94,
98,108,93,
99,108,93,
98,108,93,
98,107,92,
99,110,96,
98,109,94,
98,111,95,
98,109,94,
98,107,91,
98,106,90,
98,106,91,
98,106,88,
98,106,88,
98,107,90,
98,106,89,
97,107,90,
98,106,89,
98,106,88,
97,107,87,
98,106,87,
97,107,88,
98,106,89,
97,108,91,
98,108,90,
97,109,92,
97,108,91,
98,107,89,
97,106,86,
97,105,86,
97,103,84,
97,105,85,
97,105,86,
97,107,86,
97,107,86,
97,106,86,
97,106,86,
97,107,88,
97,106,87,
96,106,86,
97,107,86,
97,108,87,
97,107,86,
96,109,88,
97,107,88,
96,106,86,
97,105,83,
96,105,83,
97,102,82,
96,104,85,
97,105,84,
96,105,84,
96,105,85,
96,104,85,
97,105,84,
96,105,84,
96,105,83,
96,105,84,
96,105,83,
96,106,86,
96,108,85,
96,107,86,
96,107,87,
96,105,84,
96,104,82,
96,103,84,
96,102,81,
96,104,83,
95,103,82,
96,105,82,
96,104,82,
96,105,82,
95,103,82,
96,105,82,
95,104,80,
96,105,82,
95,104,81,
96,104,84,
95,106,84,
95,107,85,
96,106,84,
95,107,84,
95,104,82,
96,105,81,
95,103,79,
95,103,82,
95,104,82,
95,105,82,
95,104,82,
96,104,82,
95,105,80,
95,104,82,
95,103,82,
95,104,83,
95,104,82,
95,104,83,
94,105,84,
95,105,85,
95,106,84,
95,105,82,
95,102,80,
95,103,82,
94,103,79,
95,102,80,
95,103,81,
94,103,80,
95,101,80,
94,102,81,
95,103,81,
94,104,82,
95,103,81,
94,103,81,
95,103,82,
94,104,81,
95,106,84,
94,106,84,
95,105,82,
94,104,82,
95,101,78,
94,102,79,
94,101,77,
94,101,80,
94,102,79,
95,103,81,
94,104,82,
94,103,80,
94,104,81,
94,103,79,
94,102,80,
94,102,80,
94,103,79,
94,103,80,
94,106,82,
94,105,82,
94,106,83,
94,104,81,
94,102,78,
94,102,80,
94,100,77,
94,100,76,
94,102,77,
93,101,79,
94,102,79,
94,102,78,
94,103,79,
93,102,79,
94,102,80,
94,102,80,
93,101,78,
94,103,81,
94,103,81,
93,103,81,
94,105,83,
93,104,81,
94,102,78,
93,101,77,
94,101,79,
93,101,79,
94,102,79,
93,101,80,
93,102,79,
94,102,80,
93,103,79,
93,101,78,
94,102,78,
93,102,78,
93,102,79,
94,103,80,
93,105,81,
93,103,80,
93,106,82,
93,103,80,
94,102,78,
93,101,78,
93,100,78,
93,101,78,
93,101,77,
93,101,77,
93,103,78,
93,102,78,
93,103,78,
93,100,77,
93,101,78,
93,101,77,
93,102,78,
93,101,78,
93,103,80,
93,103,79,
93,104,81,
93,103,80,
93,102,78,
93,103,77,
92,100,76,
93,99,76,
93,100,77,
93,101,77,
93,100,77,
92,101,78,
93,101,79,
93,101,79,
92,103,80,
93,102,79,
93,100,78,
92,100,76,
93,101,79,
93,102,79,
92,103,80,
93,102,78,
92,101,77,
93,100,77,
92,99,75,
93,98,75,
92,101,77,
93,101,78,
92,100,77,
93,102,79,
92,100,78,
92,101,77,
93,100,78,
92,101,77,
93,101,79,
92,101,78,
92,104,81,
93,104,80,
92,104,81,
92,104,79,
92,101,77,
93,100,75,
92,99,75,
92,98,73,
92,99,74,
92,100,76,
92,100,77,
93,100,77,
92,100,78,
92,102,79,
92,101,78,
92,100,77,
92,100,76,
92,101,77,
92,103,78,
92,103,80,
92,104,81,
92,103,81,
92,102,79,
92,100,77,
92,101,75,
92,99,76,
92,98,74,
92,99,75,
92,100,77,
92,100,77,
91,100,76,
92,99,76,
92,100,76,
92,100,77,
92,100,77,
91,101,77,
92,103,78,
92,103,80,
92,103,80,
92,104,80,
91,102,79,
92,99,75,
92,99,76,
92,99,75,
91,99,75,
92,99,76,
92,99,76,
91,100,75,
92,99,76,
91,99,76,
92,99,75,
92,99,76,
91,98,75,
92,99,75,
91,101,78,
92,101,77,
91,101,80,
92,103,81,
92,102,78,
91,98,74,
92,99,76,
91,99,76,
92,99,76,
91,100,76,
91,100,76,
92,100,76,
91,101,77,
92,100,77,
91,100,78,
91,99,76,
92,98,75,
91,99,76,
91,100,76,
92,101,77,
91,101,77,
91,101,77,
92,101,78,
91,98,75,
91,99,74,
91,99,75,
92,99,76,
91,100,76,
91,100,76,
91,100,76,
92,100,77,
91,100,77,
91,100,77,
91,99,76,
91,99,75,
92,99,76,
91,99,78,
91,101,79,
91,101,78,
91,100,78,
91,100,76,
91,98,74,
91,98,73,
91,97,74,
91,97,75,
91,98,74,
91,98,75,
91,100,76,
91,100,78,
91,99,77,
91,99,76,
91,100,76,
91,100,78,
91,100,77,
91,100,77,
91,101,79,
91,101,80,
91,102,79,
90,100,78,
91,99,76,
91,98,74,
91,97,74,
91,97,74,
90,99,74,
91,99,74,
91,99,75,
91,99,77,
91,100,76,
91,99,78,
90,99,76,
91,99,76,
91,99,75,
90,99,75,
91,100,78,
91,101,76,
91,101,79,
90,101,78,
91,98,76,
91,97,73,
90,98,73,
91,98,74,
91,98,73,
90,98,75,
91,99,75,
91,98,76,
90,98,77,
91,100,76,
90,99,75,
91,99,74,
91,98,76,
90,99,75,
91,101,77,
90,102,79,
91,101,79,
91,101,78,
90,97,74,
91,97,72,
90,98,73,
91,96,73,
90,98,74,
90,97,75,
91,97,74,
90,99,76,
91,98,75,
90,98,75,
91,98,76,
90,98,75,
91,98,75,
90,99,75,
90,100,78,
91,99,77,
90,102,79,
91,101,78,
90,100,77,
90,97,75,
91,97,74,
90,97,73,
90,98,74,
91,100,77,
90,99,77,
90,99,76,
91,99,76,
90,98,75,
90,98,75,
90,97,74,
91,98,75,
90,96,75,
90,99,77,
90,100,76,
91,100,78,
90,99,77,
90,98,75,
90,97,73,
91,96,73,
90,96,72,
90,97,74,
90,98,74,
90,98,74,
90,98,76,
90,99,75,
91,99,76,
90,98,76,
90,99,76,
90,98,74,
90,97,75,
90,100,77,
90,100,77,
90,100,78,
90,100,78,
90,99,76,
90,98,75,
90,97,75,
90,96,71,
90,97,73,
90,97,74,
90,97,74,
90,96,74,
90,98,76,
90,98,76,
90,98,75,
90,97,75,
90,98,74,
90,98,74,
90,100,76,
90,100,76,
90,101,77,
90,99,76,
89,100,75,
90,97,75,
90,97,74,
90,95,72,
90,96,74,
90,96,73,
90,97,73,
90,97,73,
89,98,74,
90,97,75,
90,98,75,
90,98,76,
90,99,76,
89,97,75,
90,99,77,
90,100,76,
90,101,78,
90,101,79,
90,99,76,
90,98,73,
89,98,75,
90,96,72,
90,97,74,
90,97,74,
89,96,73,
90,97,73,
90,97,74,
90,98,74,
89,97,74,
90,97,75,
90,98,74,
90,97,74,
89,99,75,
90,99,78,
90,101,79,
90,100,78,
89,99,76,
90,98,73,
90,97,74,
90,96,71,
89,97,73,
90,98,75,
90,98,74,
89,98,74,
90,98,75,
90,97,73,
90,97,74,
90,97,74,
90,98,75,
90,98,75,
90,100,76,
90,101,77,
90,101,78,
90,101,77,
91,100,76,
91,98,75,
90,98,74,
91,98,74,
92,98,76,
91,99,76,
92,100,77,
92,102,79,
93,103,78,
93,103,79,
94,103,79,
94,104,80,
95,105,79,
96,105,80,
96,107,82,
98,110,84,
99,111,85,
100,115,86,
102,115,87,
104,116,87,
105,117,88,
108,119,89,
110,124,91,
113,127,94,
116,132,98,
119,137,101,
124,141,105,
128,148,108,
132,154,113,
139,161,117,
144,169,123,
151,179,131,
159,188,137,
168,202,146,
176,212,154,
187,226,164,
198,240,171,
211,254,180,
225,271,191,
240,291,204,
258,312,219,
275,336,236,
297,364,254,
319,390,273,
343,422,293,
370,457,318,
400,494,345,
431,535,373,
467,580,402,
505,627,436,
547,682,471,
591,740,514,
641,802,554,
694,868,601,
751,940,650,
813,1015,701,
880,1098,757,
952,1187,819,
1029,1284,884,
1114,1387,956,
1203,1500,1032,
1300,1620,1116,
1402,1749,1204,
1514,1887,1301,
1632,2034,1400,
1758,2191,1509,
1893,2359,1623,
2037,2535,1747,
2189,2724,1877,
2353,2925,2017,
2524,3136,2161,
2706,3362,2318,
2899,3599,2483,
3103,3846,2654,
3318,4109,2836,
3545,4387,3027,
3784,4677,3230,
4035,4986,3443,
4299,5306,3666,
4575,5645,3902,
4864,5998,4148,
5167,6371,4411,
5483,6774,4698,
5812,7166,4962,
6155,7574,5245,
6511,8000,5542,
6884,8444,5853,
7268,8911,6181,
7669,9392,6517,
8082,9894,6866,
8510,10408,7226,
8950,10936,7594,
9404,11483,7974,
9872,12040,8369,
10351,12612,8764,
10843,13197,9172,
11347,13794,9595,
11862,14410,10031,
12387,15041,10478,
12923,15680,10928,
13468,16326,11385,
14020,16984,11848,
14582,17650,12316,
15149,18323,12791,
15724,19004,13276,
16303,19689,13763,
16888,20375,14248,
17474,21065,14742,
18064,21761,15234,
18655,22454,15727,
19246,23148,16215,
19835,23838,16708,
20420,24521,17195,
21002,25206,17683,
21578,25882,18165,
22151,26544,18637,
22715,27200,19105,
23274,27851,19578,
23823,28492,20028,
24365,29116,20478,
24895,29729,20929,
25415,30328,21363,
25920,30908,21778,
26408,31474,22187,
26888,32025,22586,
27362,32566,22985,
27813,33077,23362,
28244,33565,23717,
28655,34039,24050,
29049,34485,24377,
29426,34912,24689,
29785,35313,24986,
30125,35698,25259,
30448,36061,25532,
30751,36399,25790,
31037,36719,26028,
31299,37008,26246,
31544,37275,26448,
31768,37521,26636,
31973,37745,26804,
32158,37940,26954,
32324,38118,27087,
32469,38269,27196,
32598,38407,27304,
32705,38516,27393,
32795,38599,27472,
32866,38664,27534,
32919,38701,27566,
32953,38717,27595,
32972,38723,27618,
32970,38709,27614,
32952,38675,27597,
32916,38619,27559,
32865,38543,27514,
32799,38456,27455,
32716,38341,27385,
32621,38208,27305,
32512,38067,27213,
32388,37909,27108,
32249,37736,26996,
32097,37547,26871,
31933,37342,26728,
31756,37119,26574,
31567,36886,26414,
31370,36646,26253,
31165,36394,26087,
30948,36129,25899,
30722,35851,25709,
30487,35565,25517,
30246,35278,25314,
29996,34980,25103,
29740,34671,24896,
29472,34344,24665,
29197,34018,24435,
28922,33688,24207,
28640,33354,23973,
28353,33007,23735,
28062,32662,23492,
27766,32313,23245,
27466,31959,22994,
27163,31601,22742,
26858,31232,22484,
26548,30865,22222,
26235,30492,21962,
25918,30121,21695,
25601,29743,21431,
25283,29369,21160,
24964,28996,20895,
24644,28618,20624,
24323,28242,20356,
24000,27866,20087,
23680,27489,19822,
23359,27116,19558,
23038,26736,19289,
22716,26357,19020,
22397,25988,18755,
22078,25613,18490,
21759,25242,18224,
21443,24872,17959,
21127,24503,17693,
20812,24134,17424,
20501,23771,17161,
20191,23408,16904,
19885,23050,16649,
19579,22694,16399,
19276,22339,16143,
18977,21996,15899,
18680,21652,15650,
18386,21309,15400,
18094,20966,15158,
17805,20633,14910,
17519,20301,14672,
17237,19974,14438,
16959,19654,14210,
16683,19335,13983,
16411,19016,13753,
16146,18707,13528,
15883,18400,13310,
15623,18094,13095,
15369,17800,12875,
15117,17507,12659,
14869,17220,12450,
14626,16937,12252,
14387,16659,12056,
14150,16388,11858,
13918,16119,11669,
13689,15853,11475,
13465,15594,11283,
13242,15340,11099,
13025,15089,10917,
12809,14840,10735,
12598,14597,10558,
12390,14357,10388,
12186,14119,10216,
11986,13889,10051,
11788,13665,9887,
11594,13435,9722,
11402,13211,9563,
11215,12994,9405,
11031,12780,9245,
10851,12575,9098,
10673,12369,8949,
10499,12164,8806,
10327,11967,8658,
10159,11772,8521,
9994,11582,8383,
9832,11396,8250,
9673,11211,8112,
9518,11031,7982,
9365,10857,7857,
9216,10685,7735,
9069,10514,7612,
8927,10352,7494,
8786,10189,7373,
8649,10028,7257,
8515,9872,7143,
8385,9721,7030,
8256,9574,6925,
8129,9428,6822,
8007,9285,6718,
7886,9146,6618,
7768,9009,6520,
7652,8875,6422,
7538,8744,6325,
7427,8614,6231,
7316,8489,6141,
7209,8364,6054,
7103,8243,5960,
7000,8127,5878,
6898,8009,5794,
6799,7894,5711,
6701,7780,5629,
6605,7667,5546,
6511,7556,5468,
6419,7449,5388,
6329,7344,5310,
6240,7244,5238,
6154,7142,5166,
6069,7045,5093,
5985,6945,5020,
5903,6850,4954,
5822,6759,4887,
5743,6670,4822,
5666,6583,4759,
5590,6494,4692,
5516,6406,4630,
5443,6325,4575,
5371,6243,4513,
5301,6161,4452,
5231,6083,4394,
5165,6003,4336,
5098,5921,4278,
5033,5847,4225,
4969,5773,4168,
4907,5701,4117,
4844,5629,4066,
4783,5558,4015,
4722,5490,3965,
4663,5422,3917,
4606,5355,3866,
4548,5287,3819,
4491,5221,3772,
4437,5157,3725,
4384,5094,3680,
4331,5033,3638,
4278,4973,3592,
4227,4916,3552,
4177,4856,3510,
4127,4799,3467,
4078,4741,3423,
4031,4685,3384,
3984,4627,3343,
3938,4575,3304,
3892,4524,3266,
3848,4474,3229,
3803,4421,3194,
3759,4372,3159,
3717,4321,3121,
3674,4273,3087,
3633,4226,3051,
3590,4175,3011,
3551,4127,2980,
3510,4081,2948,
3471,4038,2918,
3432,3995,2884,
3393,3951,2852,
3356,3904,2819,
3318,3857,2790,
3281,3813,2756,
3245,3769,2722,
3209,3728,2693,
3174,3689,2666,
3139,3648,2636,
3104,3608,2609,
3071,3570,2581,
3038,3533,2552,
3006,3496,2524,
2973,3457,2494,
2942,3422,2469,
2910,3384,2443,
2880,3348,2421,
2848,3314,2399,
2819,3280,2371,
2790,3248,2347,
2760,3212,2321,
2732,3177,2295,
2702,3144,2273,
2675,3108,2248,
2646,3075,2223,
2619,3044,2201,
2591,3011,2177,
2564,2980,2153,
2537,2948,2131,
2511,2917,2112,
2485,2888,2089,
2459,2859,2066,
2434,2829,2045,
2409,2801,2026,
2385,2775,2005,
2359,2747,1986,
2336,2718,1968,
2312,2693,1949,
2288,2661,1925,
2265,2632,1902,
2241,2606,1885,
2219,2578,1864,
2197,2553,1846,
2174,2528,1828,
2152,2501,1808,
2131,2476,1791,
2109,2453,1773,
2088,2429,1755,
2067,2404,1737,
2046,2378,1718,
2026,2354,1700,
2006,2331,1683,
1985,2311,1668,
1966,2289,1656,
1946,2265,1641,
1928,2244,1625,
1907,2219,1606,
1889,2195,1588,
1870,2172,1572,
1852,2151,1556,
1833,2129,1539,
1816,2109,1525,
1797,2088,1511,
1780,2069,1496,
1763,2048,1482,
1745,2029,1468,
1729,2008,1452,
1712,1988,1440,
1695,1970,1427,
1679,1949,1409,
1663,1933,1396,
1647,1915,1387,
1630,1897,1374,
1615,1879,1361,
1599,1861,1347,
1583,1841,1329,
1568,1821,1317,
1554,1804,1303,
1538,1786,1291,
1524,1772,1279,
1509,1753,1268,
1495,1736,1258,
1480,1721,1246,
1467,1705,1236,
1453,1688,1223,
1439,1671,1212,
1425,1656,1200,
1412,1641,1188,
1398,1625,1176,
1385,1611,1167,
1372,1596,1155,
1359,1582,1147,
1346,1565,1132,
1334,1548,1121,
1321,1532,1109,
1309,1517,1099,
1297,1502,1088,
1286,1491,1078,
1273,1476,1070,
1261,1464,1061,
1250,1452,1052,
1238,1438,1041,
1226,1425,1032,
1215,1411,1023,
1203,1398,1013,
1192,1385,1005,
1182,1372,995,
1170,1362,989,
1160,1348,979,
1148,1337,971,
1139,1324,961,
1127,1309,950,
1118,1295,938,
1107,1284,930,
1098,1270,918,
1087,1260,912,
1078,1250,905,
1069,1240,896,
1058,1228,891,
1050,1218,880,
1039,1205,873,
1031,1196,867,
1021,1184,860,
1013,1175,853,
1003,1165,845,
995,1155,839,
986,1145,831,
977,1137,824,
969,1125,816,
960,1115,807,
952,1103,798,
943,1093,791,
936,1083,782,
927,1074,779,
919,1065,773,
911,1055,765,
904,1047,759,
895,1038,752,
888,1029,746,
880,1020,739,
872,1011,734,
865,1002,727,
857,993,720,
850,987,716,
843,979,710,
835,972,707,
828,961,699,
821,952,693,
814,942,684,
807,934,679,
800,925,670,
794,919,666,
786,911,661,
781,904,657,
773,896,652,
767,888,645,
761,881,640,
754,873,635,
748,866,629,
742,858,625,
736,851,617,
729,847,614,
723,840,609,
718,834,606,
711,825,601,
705,818,595,
700,809,586,
693,804,583,
688,794,575,
683,789,570,
677,783,568,
671,776,564,
665,769,560,
660,764,555,
655,757,552,
650,750,547,
644,745,542,
639,739,537,
634,733,534,
629,729,528,
623,722,525,
619,716,523,
614,711,519,
609,705,515,
604,697,506,
600,692,503,
594,685,499,
590,680,495,
586,675,491,
581,670,487,
576,665,485,
573,660,482,
567,655,479,
563,651,475,
559,646,470,
555,640,466,
550,635,462,
546,632,460,
542,629,458,
538,623,454,
534,619,453,
530,612,447,
525,606,441,
522,601,438,
518,597,433,
514,592,432,
510,588,428,
506,583,425,
503,580,422,
498,575,419,
495,571,417,
492,567,413,
488,564,410,
484,559,408,
480,553,404,
477,552,402,
474,547,400,
470,544,399,
467,540,395,
463,536,391,
460,529,384,
456,525,383,
453,521,379,
450,516,377,
447,514,375,
443,510,371,
441,507,369,
437,504,366,
434,500,365,
431,496,363,
429,494,360,
425,489,356,
422,486,355,
419,483,354,
416,481,351,
414,478,349,
411,477,349,
407,472,345,
406,466,341,
402,463,337,
399,459,335,
397,456,331,
395,453,331,
391,450,328,
389,446,327,
387,444,325,
383,441,321,
382,438,321,
378,434,317,
377,432,315,
374,428,314,
371,427,313,
369,425,312,
366,423,309,
365,421,310,
361,418,306,
359,413,302,
357,409,300,
355,406,298,
353,403,295,
350,402,295,
348,399,292,
346,398,290,
344,395,289,
342,392,285,
339,390,284,
338,387,283,
335,385,281,
333,381,280,
332,380,279,
329,380,279,
327,376,276,
325,375,277,
324,373,275,
321,369,270,
319,366,268,
318,363,265,
315,360,262,
314,358,261,
312,357,261,
310,354,260,
308,353,260,
306,351,259,
305,349,257,
302,347,255,
301,345,253,
299,343,254,
298,340,252,
296,340,252,
294,339,249,
292,337,250,
291,335,246,
289,330,244,
287,326,241,
286,325,238,
284,322,236,
282,322,237,
281,319,234,
280,319,234,
278,316,232,
276,316,233,
275,313,231,
274,313,229,
272,311,228,
271,310,228,
269,308,225,
268,307,226,
266,307,227,
265,305,226,
264,303,223,
262,301,220,
261,296,218,
259,297,216,
258,294,213,
257,292,214,
255,291,214,
254,288,213,
253,288,212,
252,286,211,
250,285,210,
249,283,208,
248,282,208,
246,280,209,
246,280,208,
244,281,206,
243,278,203,
241,278,201,
241,275,202,
239,274,202,
239,271,200,
237,269,198,
236,266,196,
235,265,195,
233,266,196,
233,264,194,
232,262,196,
230,261,192,
230,261,192,
228,259,190,
227,259,191,
227,257,192,
225,256,190,
225,257,190,
223,257,189,
222,255,190,
222,254,188,
220,252,186,
219,248,183,
219,246,182,
217,245,180,
217,244,180,
215,243,178,
215,243,178,
213,242,178,
213,241,179,
212,240,177,
211,240,176,
210,238,177,
210,237,176,
208,237,176,
208,237,177,
207,238,177,
206,238,176,
205,235,176,
205,234,174,
204,230,170,
203,231,170,
202,228,169,
202,228,168,
201,228,169,
201,228,169,
199,227,167,
200,226,167,
199,227,167,
199,225,166,
198,225,166,
198,225,166,
198,225,166,
198,226,167,
197,227,167,
198,227,169,
199,228,169,
198,228,168,
199,226,167,
200,227,168,
201,227,166,
201,229,168,
203,232,170,
205,234,171,
207,237,173,
208,240,176,
212,244,179,
214,248,183,
218,254,186,
222,261,190,
227,266,194,
231,273,199,
238,281,205,
244,290,209,
251,299,217,
260,309,222,
269,319,228,
279,332,235,
291,346,244,
304,363,257,
318,381,271,
334,402,285,
352,425,301,
371,451,317,
392,477,335,
416,507,355,
442,540,379,
471,578,407,
502,617,433,
536,661,463,
574,711,495,
615,763,533,
659,819,571,
708,879,610,
761,943,654,
819,1016,703,
881,1093,756,
948,1178,816,
1021,1271,877,
1100,1370,946,
1186,1478,1021,
1277,1592,1096,
1376,1714,1179,
1482,1847,1270,
1596,1988,1368,
1718,2139,1473,
1849,2304,1585,
1989,2477,1708,
2139,2665,1836,
2298,2861,1972,
2468,3072,2117,
2649,3294,2268,
2842,3530,2433,
3046,3781,2607,
3263,4048,2788,
3492,4327,2982,
3737,4626,3190,
3993,4942,3410,
4265,5276,3640,
4551,5626,3885,
4852,5993,4140,
5167,6379,4405,
5499,6783,4684,
5845,7205,4980,
6209,7646,5287,
6588,8105,5609,
6985,8586,5946,
7398,9085,6291,
7827,9604,6655,
8273,10144,7031,
8737,10702,7418,
9218,11282,7821,
9715,11882,8236,
10229,12500,8670,
10760,13138,9118,
11307,13795,9576,
11868,14466,10050,
12445,15158,10537,
13037,15865,11034,
13642,16585,11538,
14262,17323,12054,
14893,18072,12581,
15537,18844,13125,
16191,19618,13672,
16855,20409,14232,
17528,21205,14798,
18210,22015,15368,
18899,22838,15945,
19591,23655,16525,
20288,24471,17101,
20990,25292,17682,
21692,26124,18266,
22395,26952,18857,
23097,27774,19445,
23793,28589,20026,
24489,29402,20602,
25180,30206,21176,
25863,31006,21744,
26539,31792,22308,
27206,32568,22864,
27863,33332,23412,
28508,34078,23948,
29140,34811,24476,
29760,35524,24994,
30367,36227,25501,
30958,36907,25987,
31534,37569,26468,
32091,38207,26927,
32628,38814,27362,
33143,39403,27802,
33638,39970,28214,
34111,40501,28604,
34561,41017,28977,
34987,41499,29332,
35390,41957,29667,
35768,42383,29988,
36122,42772,30272,
36446,43131,30534,
36755,43473,30788,
37044,43787,31042,
37312,44081,31256,
37555,44348,31447,
37777,44587,31634,
37980,44803,31802,
38160,44995,31948,
38319,45162,32076,
38458,45296,32194,
38574,45413,32293,
38670,45504,32371,
38744,45566,32427,
38796,45609,32471,
38828,45626,32494,
38835,45614,32501,
38826,45586,32489,
38796,45541,32467,
38750,45468,32423,
38684,45371,32367,
38601,45262,32294,
38502,45128,32220,
38386,44968,32126,
38257,44799,32016,
38111,44615,31894,
37951,44415,31754,
37777,44189,31613,
37593,43958,31455,
37392,43707,31283,
37183,43451,31112,
36959,43179,30932,
36722,42897,30732,
36475,42593,30524,
36219,42274,30302,
35951,41946,30079,
35674,41607,29840,
35388,41267,29603,
35094,40919,29352,
34795,40564,29102,
34490,40196,28860,
34178,39821,28602,
33860,39442,28348,
33535,39058,28063,
33207,38661,27784,
32872,38262,27505,
32534,37867,27223,
32192,37458,26933,
31843,37042,26638,
31492,36626,26349,
31134,36202,26058,
30777,35780,25762,
30416,35360,25454,
30056,34936,25145,
29695,34511,24848,
29332,34083,24547,
28967,33656,24244,
28602,33228,23938,
28235,32798,23629,
27868,32366,23324,
27503,31942,23029,
27138,31512,22719,
26772,31081,22418,
26411,30652,22109,
26049,30233,21808,
25689,29810,21509,
25330,29390,21207,
24973,28976,20908,
24617,28558,20609,
24260,28143,20313,
23908,27732,20019,
23557,27324,19729,
23213,26924,19441,
22869,26523,19155,
22531,26128,18869,
22196,25738,18590,
21864,25349,18314,
21535,24967,18043,
21211,24589,17771,
20890,24215,17506,
20573,23846,17236,
20260,23480,16968,
19951,23123,16708,
19647,22767,16456,
19341,22418,16200,
19037,22068,15945,
18740,21718,15699,
18446,21377,15458,
18158,21040,15212,
17873,20708,14972,
17591,20387,14742,
17315,20070,14514,
17044,19755,14287,
16777,19442,14059,
16512,19135,13838,
16252,18836,13622,
15994,18543,13412,
15743,18250,13194,
15494,17961,12986,
15250,17675,12784,
15013,17399,12582,
14778,17129,12385,
14547,16862,12195,
14318,16597,12003,
14094,16335,11819,
13871,16077,11629,
13655,15829,11448,
13444,15585,11268,
13235,15346,11100,
13030,15110,10933,
12830,14877,10763,
12631,14646,10595,
12435,14423,10431,
12244,14201,10273,
12057,13984,10116,
11872,13771,9963,
11693,13563,9814,
11516,13356,9663,
11343,13157,9511,
11172,12956,9370,
11004,12764,9228,
10839,12574,9091,
10677,12385,8956,
10518,12202,8822,
10362,12022,8692,
10208,11841,8564,
10056,11663,8433,
9908,11493,8306,
9764,11330,8191,
9621,11166,8071,
9482,11005,7956,
9346,10848,7845,
9213,10690,7729,
9082,10545,7621,
8953,10394,7509,
8829,10248,7406,
8707,10108,7306,
8586,9968,7204,
8467,9833,7104,
8351,9697,7010,
8237,9566,6915,
8124,9437,6822,
8014,9310,6730,
7906,9183,6634,
7800,9058,6542,
7695,8940,6456,
7592,8817,6372,
7492,8701,6283,
7394,8589,6198,
7296,8479,6122,
7201,8369,6044,
7108,8263,5969,
7015,8153,5889,
6925,8045,5813,
6836,7941,5738,
6748,7839,5665,
6663,7739,5590,
6579,7644,5521,
6497,7549,5452,
6415,7455,5385,
6336,7365,5319,
6257,7273,5253,
6178,7182,5187,
6101,7093,5121,
6025,7003,5057,
5951,6918,4995,
5877,6831,4933,
5805,6748,4875,
5735,6668,4813,
5665,6589,4757,
5598,6511,4699,
5531,6433,4642,
5466,6354,4585,
5401,6279,4530,
5339,6205,4477,
5276,6134,4424,
5215,6063,4374,
5154,5993,4329,
5095,5924,4280,
5037,5857,4229,
4978,5789,4180,
4921,5725,4133,
4866,5659,4085,
4810,5593,4038,
4756,5529,3994,
4702,5470,3949,
4649,5409,3906,
4596,5350,3862,
4544,5288,3819,
4492,5225,3777,
4441,5165,3731,
4393,5107,3688,
4343,5050,3640,
4294,4993,3602,
4247,4938,3563,
4199,4884,3527,
4153,4833,3490,
4108,4778,3451,
4063,4725,3413,
4019,4674,3377,
3977,4622,3339,
3933,4574,3305,
3891,4529,3268,
3850,4479,3235,
3809,4429,3199,
3768,4384,3166,
3729,4338,3133,
3689,4293,3100,
3650,4246,3064,
3611,4202,3033,
3575,4157,3000,
3537,4113,2967,
3500,4068,2938,
3463,4026,2904,
3427,3986,2877,
3391,3945,2850,
3356,3907,2821,
3321,3866,2791,
3285,3825,2761,
3252,3784,2732,
3217,3743,2703,
3184,3706,2676,
3151,3666,2646,
3119,3629,2620,
3086,3594,2595,
3055,3552,2567,
3024,3515,2536,
2993,3479,2512,
2963,3444,2485,
2933,3409,2461,
2903,3376,2437,
2873,3343,2412,
2845,3308,2390,
2816,3275,2365,
2787,3243,2343,
2758,3209,2320,
2730,3177,2295,
2703,3145,2272,
2676,3111,2250,
2648,3084,2226,
2622,3053,2206,
2596,3023,2187,
2570,2994,2163,
2544,2963,2139,
2520,2930,2115,
2494,2901,2094,
2470,2869,2072,
2445,2842,2053,
2421,2814,2032,
2397,2786,2013,
2374,2761,1994,
2350,2735,1975,
2328,2706,1955,
2304,2680,1939,
2283,2654,1921,
2259,2627,1904,
2238,2601,1882,
2217,2578,1865,
2195,2554,1848,
2173,2530,1832,
2152,2504,1811,
2131,2480,1793,
2110,2453,1774,
2090,2429,1757,
2069,2403,1739,
2049,2384,1722,
2030,2360,1706,
2010,2337,1688,
1991,2313,1673,
1972,2291,1658,
1952,2269,1642,
1935,2248,1628,
1915,2228,1611,
1897,2207,1595,
1879,2185,1579,
1861,2163,1563,
1844,2144,1552,
1825,2124,1538,
1809,2104,1523,
1791,2083,1507,
1774,2061,1491,
1757,2041,1476,
1741,2021,1462,
1725,2003,1449,
1709,1986,1435,
1692,1966,1422,
1677,1948,1410,
1661,1931,1399,
1646,1912,1385,
1630,1893,1371,
1616,1875,1359,
1600,1858,1344,
1585,1842,1332,
1571,1826,1322,
1556,1811,1310,
1541,1793,1296,
1527,1777,1286,
1513,1760,1274,
1499,1742,1259,
1485,1725,1249,
1471,1708,1235,
1458,1691,1224,
1445,1678,1216,
1431,1663,1205,
1418,1649,1193,
1405,1634,1184,
1393,1618,1172,
1379,1604,1163,
1367,1587,1150,
1354,1573,1140,
1342,1559,1129,
1329,1544,1119,
1317,1532,1108,
1306,1518,1099,
1293,1506,1091,
1281,1488,1079,
1270,1474,1068,
1259,1460,1058,
1247,1446,1049,
1236,1433,1037,
1225,1422,1031,
1214,1409,1022,
1203,1398,1010,
1192,1384,1002,
1182,1372,993,
1172,1361,986,
1160,1348,978,
1151,1336,970,
1140,1324,961,
1130,1311,951,
1120,1302,945,
1111,1290,933,
1100,1281,929,
1091,1269,920,
1081,1255,910,
1072,1242,900,
1062,1231,892,
1053,1220,882,
1043,1210,878,
1035,1201,870,
1026,1191,863,
1017,1180,854,
1008,1171,847,
999,1161,841,
991,1151,834,
982,1139,826,
974,1130,820,
965,1120,812,
958,1113,809,
949,1103,801,
942,1095,794,
933,1084,787,
926,1074,778,
917,1061,770,
910,1055,763,
903,1045,757,
894,1037,751,
887,1028,743,
880,1022,739,
872,1012,734,
865,1003,727,
858,994,722,
851,988,715,
844,978,710,
836,970,705,
830,960,699,
822,956,695,
816,947,687,
809,940,682,
803,932,679,
795,923,670,
790,914,663,
782,907,657,
776,896,650,
770,890,646,
764,883,642,
757,877,637,
751,870,631,
746,862,626,
739,856,621,
733,848,616,
727,842,613,
721,836,608,
716,830,603,
710,824,598,
704,818,593,
699,813,592,
693,807,587,
688,798,580,
682,789,574,
678,784,569,
672,775,563,
667,772,561,
661,766,558,
657,760,553,
651,755,548,
646,747,542,
642,741,541,
637,736,535,
631,730,532,
627,725,527,
622,719,523,
618,716,522,
612,710,519,
609,705,515,
603,700,513,
599,693,505,
595,686,498,
590,682,496,
585,675,489,
582,670,488,
577,665,485,
572,660,481,
569,657,478,
565,652,475,
560,647,470,
556,643,468,
552,637,463,
549,634,461,
544,627,458,
540,626,456,
537,621,453,
532,617,450,
529,613,448,
524,607,443,
521,600,437,
517,596,433,
514,589,429,
510,586,428,
506,584,427,
503,579,422,
499,575,421,
496,572,418,
492,569,415,
489,564,412,
486,560,408,
482,556,406,
478,553,403,
476,549,402,
472,546,401,
468,543,398,
466,540,396,
462,536,393,
459,529,386,
456,525,381,
453,520,379,
450,516,376,
447,514,375,
444,510,372,
441,507,370,
438,503,367,
435,501,366,
433,497,363,
429,494,362,
427,491,358,
424,488,355,
421,485,354,
418,484,353,
416,480,352,
413,479,351,
411,474,348,
407,469,344,
405,465,340,
403,463,337,
400,458,335,
397,457,333,
395,453,331,
393,451,331,
390,447,326,
387,445,325,
386,443,323,
382,440,321,
381,436,318,
378,433,319,
375,431,317,
374,432,317,
371,428,315,
368,427,314,
367,424,310,
364,419,307,
362,415,303,
360,412,301,
358,410,299,
355,409,298,
353,406,298,
352,404,296,
349,401,294,
347,399,293,
345,396,290,
344,394,286,
341,390,287,
339,388,285,
337,387,284,
336,386,284,
333,383,279,
332,383,282,
330,379,278,
327,375,275,
326,372,272,
324,370,270,
322,368,269,
321,367,269,
319,365,269,
316,364,266,
316,360,264,
313,360,264,
312,355,261,
310,354,260,
309,351,258,
306,350,256,
306,349,254,
303,349,255,
302,347,252,
301,345,254,
299,343,253,
297,340,249,
296,339,248,
294,334,245,
293,332,243,
291,332,241,
290,332,243,
288,330,244,
286,328,241,
286,326,240,
284,325,240,
282,325,240,
281,322,237,
280,321,237,
278,319,235,
277,318,235,
275,317,235,
274,316,233,
273,313,231,
271,310,230,
270,307,225,
269,306,222,
267,303,222,
267,304,223,
265,303,222,
263,300,221,
262,299,219,
261,297,217,
260,296,217,
259,296,218,
257,294,215,
257,293,215,
255,291,215,
254,292,216,
252,290,214,
252,290,214,
251,288,213,
249,286,209,
248,282,206,
247,281,206,
246,279,203,
245,279,204,
244,278,205,
243,277,206,
241,277,204,
241,274,203,
240,274,201,
238,270,198,
238,269,198,
236,267,197,
236,267,196,
234,267,197,
234,267,198,
233,267,198,
231,265,197,
231,264,195,
230,261,192,
229,261,191,
227,257,188,
227,257,188,
226,258,190,
226,257,190,
224,256,188,
223,254,187,
223,253,186,
221,251,186,
221,251,186,
220,250,186,
219,248,183,
218,250,186,
217,248,185,
217,247,185,
215,247,184,
215,245,182,
214,241,177,
213,241,178,
213,238,175,
211,239,176,
211,238,177,
210,238,175,
209,237,175,
209,237,175,
208,235,174,
207,235,172,
206,235,172,
206,233,172,
205,233,172,
204,233,173,
203,233,172,
203,232,174,
202,232,173,
202,229,169,
200,225,167,
201,225,165,
199,223,163,
199,224,163,
198,224,165,
197,223,165,
197,223,166,
196,223,166,
195,222,165,
195,220,165,
194,220,163,
194,219,162,
192,219,161,
193,219,162,
191,218,163,
191,218,162,
191,219,163,
189,215,161,
190,212,157,
188,214,156,
188,210,155,
188,211,154,
186,210,155,
187,211,155,
185,210,155,
186,209,155,
184,209,154,
184,207,153,
184,206,152,
183,208,154,
182,207,152,
182,207,153,
182,207,155,
181,207,154,
180,206,155,
180,205,154,
179,203,149,
179,202,148,
178,199,146,
178,199,148,
177,199,148,
177,198,148,
176,198,147,
176,199,146,
175,198,148,
175,197,147,
174,197,146,
174,198,147,
174,196,146,
173,195,145,
172,197,147,
172,198,147,
172,196,147,
171,196,145,
171,193,142,
171,191,141,
170,190,140,
169,189,139,
169,190,140,
169,190,141,
168,188,140,
168,190,142,
167,189,140,
167,187,140,
166,188,139,
166,186,139,
166,186,138,
165,186,138,
165,187,141,
165,186,139,
164,187,140,
164,185,137,
163,184,136,
163,183,135,
163,181,132,
162,179,132,
162,181,135,
161,181,134,
161,181,135,
161,181,134,
160,181,134,
160,180,133,
160,179,133,
159,180,134,
159,179,132,
159,179,134,
158,180,134,
158,179,134,
158,180,135,
157,179,132,
157,177,130,
156,175,128,
157,175,129,
156,174,128,
155,175,130,
156,175,130,
155,174,130,
154,174,130,
155,173,129,
154,173,131,
153,173,130,
154,173,130,
153,173,128,
153,171,130,
152,174,131,
152,171,129,
152,173,130,
152,171,129,
151,169,126,
151,167,124,
151,167,125,
151,167,123,
150,167,124,
150,168,127,
149,167,126,
150,167,123,
149,168,124,
149,166,124,
148,167,125,
149,166,124,
148,166,124,
147,166,125,
148,167,124,
147,166,123,
147,168,125,
147,166,124,
146,165,124,
146,162,122,
146,163,120,
146,160,119,
145,163,121,
145,162,122,
145,163,122,
145,161,121,
144,160,120,
145,161,119,
144,161,120,
143,160,121,
144,162,121,
143,161,120,
143,162,122,
143,162,120,
143,163,123,
142,161,122,
142,160,119,
142,158,117,
142,157,116,
141,157,115,
142,156,116,
141,157,118,
141,157,116,
140,156,116,
141,156,116,
140,156,116,
140,157,118,
140,157,117,
139,157,116,
140,157,119,
139,158,119,
139,158,120,
139,159,120,
139,159,120,
138,158,117,
138,155,115,
138,155,115,
138,152,113,
138,153,115,
137,152,114,
138,153,113,
137,152,114,
136,152,114,
137,152,116,
137,151,112,
136,152,114,
136,152,113,
136,151,113,
136,151,114,
135,153,115,
136,152,115,
135,153,116,
135,152,114,
135,150,112,
134,150,111,
135,148,110,
134,149,112,
134,150,111,
134,150,112,
134,150,111,
134,149,111,
133,149,110,
133,148,111,
133,149,112,
133,149,111,
133,148,111,
133,149,112,
132,150,113,
133,149,113,
132,148,112,
132,147,111,
132,146,107,
131,145,109,
132,145,108,
131,145,108,
131,145,109,
132,146,108,
131,146,109,
130,147,109,
131,146,109,
131,146,109,
130,145,108,
130,145,107,
130,145,107,
130,146,110,
130,147,110,
130,147,111,
129,146,111,
130,145,109,
129,143,108,
129,144,107,
129,143,106,
129,142,107,
128,142,107,
129,143,107,
129,142,107,
128,144,108,
128,143,107,
128,142,105,
128,141,106,
128,142,107,
127,143,109,
128,143,108,
127,144,109,
128,143,108,
127,144,109,
127,143,108,
127,141,105,
126,140,104,
127,138,103,
126,139,103,
126,139,105,
127,140,106,
126,140,106,
126,141,106,
126,139,104,
125,140,104,
126,141,105,
125,141,107,
126,140,106,
125,139,105,
125,141,107,
125,140,106,
125,142,107,
125,140,105,
125,139,104,
124,137,104,
124,136,103,
125,137,102,
124,138,101,
124,137,104,
124,137,103,
124,137,102,
123,139,104,
124,138,103,
124,138,104,
123,138,103,
123,138,104,
123,137,103,
123,139,105,
123,137,103,
123,139,106,
123,138,105,
123,137,101,
123,135,101,
122,135,102,
122,134,101,
123,135,102,
122,135,102,
122,135,100,
122,135,102,
122,134,99,
122,135,101,
121,135,102,
122,134,101,
122,135,100,
121,134,101,
121,137,104,
122,136,103,
121,137,104,
121,136,103,
121,135,101,
120,134,102,
121,135,102,
121,133,100,
120,132,100,
121,133,100,
120,134,100,
120,133,100,
120,133,100,
120,133,100,
120,133,100,
120,133,101,
120,132,101,
120,132,101,
119,135,103,
120,135,101,
120,135,102,
119,134,101,
119,133,102,
119,131,98,
119,131,98,
119,130,95,
119,131,99,
119,131,100,
119,131,97,
118,130,98,
119,131,100,
118,133,99,
118,131,97,
119,130,98,
118,131,98,
118,131,98,
118,132,100,
118,132,100,
118,132,101,
118,134,102,
118,132,99,
118,128,95,
117,130,97,
118,129,96,
117,130,97,
118,129,98,
117,130,96,
117,131,98,
117,129,98,
117,131,99,
117,130,99,
117,129,97,
117,130,98,
117,130,99,
117,131,99,
117,131,101,
116,133,101,
117,132,100,
116,131,98,
117,128,97,
116,129,96,
116,127,95,
116,128,95,
116,126,95,
116,127,95,
116,127,95,
116,127,93,
116,128,96,
116,127,96,
115,128,96,
116,127,97,
115,128,96,
116,130,99,
115,131,100,
116,132,101,
115,130,99,
115,130,99,
115,126,96,
115,127,98,
115,126,97,
115,126,96,
115,127,95,
115,128,94,
114,127,94,
115,127,93,
114,125,93,
115,126,96,
114,127,94,
115,127,95,
114,126,95,
114,128,96,
115,128,98,
114,130,99,
114,128,98,
114,128,96,
114,127,94,
114,125,95,
114,125,92,
114,124,93,
113,125,94,
114,125,94,
114,125,95,
114,126,95,
113,125,94,
113,126,95,
114,124,95,
113,126,96,
113,125,94,
114,125,95,
113,127,96,
113,127,97,
113,127,96,
113,126,95,
113,123,94,
113,124,93,
113,123,93,
112,124,94,
113,127,95,
113,126,95,
112,125,94,
113,125,93,
112,124,93,
113,124,94,
112,126,95,
112,124,93,
113,124,92,
112,124,92,
112,125,94,
112,126,95,
112,125,94,
112,124,92,
112,122,92,
112,122,91,
112,120,91,
112,121,91,
112,122,91,
111,123,92,
112,123,93,
111,124,94,
112,125,93,
111,123,93,
112,124,94,
111,124,93,
111,124,93,
112,125,93,
111,125,95,
111,126,96,
112,126,96,
111,126,95,
111,124,94,
111,121,90,
111,120,89,
111,120,89,
111,120,90,
111,121,90,
110,122,92,
111,123,91,
111,122,93,
110,122,93,
111,123,93,
110,123,95,
111,122,94,
110,122,93,
111,124,95,
110,126,94,
111,125,95,
110,124,93,
110,121,92,
110,121,90,
110,120,90,
110,119,89,
110,121,90,
110,122,90,
110,121,92,
110,121,93,
110,120,91,
109,121,91,
110,120,93,
110,122,93,
109,121,91,
110,120,91,
110,122,94,
109,123,95,
110,125,96,
109,122,93,
110,122,91,
109,119,91,
109,119,89,
110,118,89,
109,120,91,
109,120,91,
109,120,91,
109,120,91,
109,120,89,
109,119,89,
109,119,90,
109,120,92,
109,119,91,
109,120,92,
109,123,93,
108,122,93,
109,123,95,
109,123,93,
109,120,91,
108,120,90,
109,119,87,
108,118,86,
109,119,89,
108,119,90,
109,119,89,
108,120,90,
109,120,91,
108,120,91,
108,119,91,
108,119,90,
109,120,90,
108,119,90,
108,120,92,
108,121,91,
108,122,94,
108,121,93,
108,120,91,
108,118,90,
108,120,90,
107,118,88,
108,118,90,
108,119,88,
107,119,88,
108,119,91,
108,119,90,
107,118,89,
108,118,91,
107,119,90,
108,119,89,
107,119,89,
108,120,90,
107,119,90,
108,121,92,
107,121,93,
107,118,90,
107,118,88,
107,117,88,
107,116,85,
107,116,88,
108,118,89,
107,117,89,
107,119,87,
107,119,90,
107,120,90,
106,118,88,
107,118,90,
107,117,89,
107,117,89,
107,119,89,
106,119,91,
107,121,92,
107,120,92,
106,120,91,
107,117,87,
106,119,88,
107,115,86,
106,115,87,
107,117,86,
106,117,87,
107,117,88,
106,117,88,
106,118,89,
107,117,89,
106,117,90,
106,118,89,
106,117,90,
106,119,91,
107,119,89,
106,119,91,
106,119,91,
106,118,89,
106,117,88,
105,116,89,
106,115,86,
106,115,88,
106,116,89,
106,117,87,
105,116,88,
106,116,89,
106,116,88,
106,117,88,
105,116,87,
106,116,87,
106,116,89,
105,117,90,
106,118,92,
105,119,91,
106,120,92,
105,117,90,
106,116,86,
105,115,88,
105,120,92,
106,122,92,
105,119,91,
105,117,89,
106,116,87,
105,116,88,
105,116,88,
105,116,87,
105,115,85,
105,112,84,
105,112,82,
105,113,85,
105,116,88,
105,117,88,
105,118,89,
105,117,88,
105,116,88,
105,115,86,
105,116,86,
105,115,86,
104,114,86,
105,116,87,
105,116,88,
104,117,88,
105,116,88,
105,116,90,
104,115,87,
105,115,86,
104,115,86,
104,116,87,
105,117,89,
104,116,88,
105,117,89,
104,115,89,
105,114,86,
104,113,86,
104,112,84,
104,113,84,
105,114,86,
104,115,87,
104,115,86,
104,115,86,
104,116,87,
104,115,87,
105,115,89,
104,116,88,
104,116,88,
104,116,87,
104,117,88,
104,116,89,
104,119,91,
103,116,88,
104,115,86,
104,114,86,
104,113,86,
104,110,83,
104,112,83,
103,114,85,
104,114,84,
104,113,87,
103,115,87,
104,114,87,
104,113,86,
103,113,85,
104,114,85,
104,114,85,
103,117,88,
104,116,87,
103,116,90,
104,115,89,
103,114,87,
103,114,85,
104,113,87,
103,111,83,
103,113,85,
103,114,84,
104,113,85,
103,113,84,
103,114,87,
103,114,87,
103,115,87,
103,113,86,
104,113,86,
103,114,86,
103,115,88,
103,114,87,
103,116,90,
103,115,89,
103,115,87,
103,111,84,
103,111,85,
103,110,84,
102,113,85,
103,112,86,
103,113,85,
103,113,84,
103,113,86,
102,112,86,
103,113,86,
103,114,86,
102,113,86,
103,113,84,
102,113,87,
103,115,87,
103,116,89,
102,116,89,
103,114,86,
102,111,84,
103,112,85,
102,110,83,
103,110,82,
102,111,83,
102,112,85,
103,112,85,
102,113,84,
102,113,86,
103,112,86,
102,113,85,
102,112,84,
103,112,85,
102,114,87,
102,114,88,
102,115,88,
102,114,88,
102,114,87,
103,111,82,
102,112,84,
102,109,82,
102,111,83,
102,111,85,
102,112,85,
102,113,84,
102,112,85,
102,111,85,
102,112,85,
102,112,84,
101,111,85,
102,112,85,
102,113,86,
102,113,86,
102,113,85,
102,113,87,
101,112,85,
102,110,83,
102,112,84,
101,110,83,
102,111,84,
102,113,84,
102,113,86,
101,112,84,
102,112,86,
101,111,85,
102,112,84,
101,111,85,
102,112,84,
101,111,85,
102,113,85,
101,113,88,
102,115,87,
101,114,88,
102,112,86,
101,111,85,
101,110,84,
102,110,84,
101,110,84,
101,111,83,
102,111,84,
101,110,84,
101,112,85,
101,110,84,
101,111,84,
102,111,85,
101,112,85,
101,111,85,
101,113,84,
101,113,86,
101,113,86,
101,114,87,
102,113,85,
101,111,83,
101,109,82,
100,108,81,
101,107,81,
101,109,83,
101,111,82,
101,111,84,
101,111,84,
101,112,86,
101,111,85,
101,112,85,
100,112,84,
101,111,84,
101,112,85,
101,112,86,
100,113,85,
101,113,86,
101,113,86,
101,110,84,
100,109,81,
101,109,81,
100,109,84,
101,110,83,
101,109,82,
100,110,84,
101,110,83,
100,111,85,
101,109,84,
100,111,84,
101,110,84,
100,111,84,
101,110,85,
100,112,86,
101,112,85,
100,112,87,
100,112,84,
101,109,83,
100,110,81,
100,109,83,
101,109,81,
100,110,84,
100,110,83,
100,111,81,
101,111,83,
100,110,82,
100,110,84,
100,110,83,
100,110,83,
100,110,84,
101,111,84,
100,111,87,
100,110,86,
100,111,85,
100,110,84,
100,109,83,
100,107,81,
100,108,80,
100,107,81,
100,109,82,
100,109,81,
100,109,83,
100,111,82,
99,110,83,
100,110,83,
100,111,84,
100,111,86,
263,298,220,
13605,15725,11784,
36120,41921,31287,
41906,48798,35763,
39989,46648,33660,
37129,43330,31006,
35073,40923,29213,
33857,39497,28206,
33197,38719,27681,
32850,38313,27411,
32666,38095,27269,
32562,37972,27192,
32497,37892,27147,
32452,37840,27113,
32417,37802,27086,
32389,37771,27060,
32362,37738,27038,
32335,37703,27013,
32309,37671,26998,
32283,37643,26971,
32257,37617,26946,
32234,37594,26925,
32210,37568,26910,
32188,37540,26899,
32179,37529,26895,
32170,37518,26883,
32155,37502,26872,
32138,37475,26851,
32118,37452,26837,
32098,37430,26821,
32080,37408,26807,
32062,37390,26787,
32043,37366,26769,
32024,37340,26759,
32007,37327,26740,
31988,37308,26723,
31971,37283,26708,
31950,37260,26689,
31933,37239,26677,
31914,37228,26673,
31897,37206,26660,
31877,37183,26641,
31859,37164,26628,
31843,37148,26609,
31829,37130,26600,
31815,37106,26583,
31798,37087,26571,
31781,37071,26564,
31764,37054,26549,
31744,37032,26532,
31727,37008,26516,
31708,36988,26501,
31691,36969,26485,
31677,36946,26472,
31663,36931,26463,
31650,36915,26453,
31634,36897,26440,
31619,36881,26426,
31604,36867,26416,
31592,36851,26404,
31581,36836,26397,
31571,36828,26387,
31562,36818,26376,
31552,36805,26361,
31542,36791,26361,
31532,36781,26360,
31522,36777,26353,
31513,36766,26341,
31503,36749,26332,
31494,36741,26321,
31485,36732,26311,
31476,36725,26305,
31468,36715,26299,
31462,36703,26296,
31453,36701,26295,
31443,36687,26285,
31434,36677,26282,
31426,36671,26281,
31420,36659,26273,
31415,36643,26269,
31410,36641,26263,
31404,36640,26263,
31398,36634,26250,
31391,36630,26244,
31383,36613,26241,
31377,36610,26240,
31370,36603,26233,
31363,36597,26222,
31355,36590,26215,
31351,36579,26211,
31344,36575,26206,
31339,36567,26206,
31334,36562,26203,
31329,36559,26194,
31322,36548,26187,
31318,36540,26187,
31314,36538,26180,
31309,36532,26174,
31307,36529,26178,
31305,36523,26175,
31302,36520,26176,
31299,36520,26168,
31297,36518,26175,
31293,36520,26174,
31289,36515,26165,
31287,36504,26164,
31285,36503,26168,
31280,36501,26163,
31279,36504,26159,
31278,36502,26160,
31276,36498,26159,
31273,36495,26155,
31269,36489,26150,
31265,36482,26149,
31260,36481,26147,
31257,36473,26141,
31254,36472,26139,
31255,36470,26138,
31255,36470,26130,
31256,36467,26135,
31255,36476,26138,
31248,36479,26148,
31243,36468,26139,
31240,36462,26130,
31239,36458,26130,
31237,36458,26127,
31237,36459,26124,
31238,36452,26116,
31238,36454,26124,
31239,36455,26126,
31239,36458,26124,
31238,36457,26123,
31234,36452,26123,
31232,36452,26120,
31232,36447,26122,
31233,36450,26118,
31233,36457,26121,
31234,36456,26124,
31234,36458,26119,
31234,36457,26119,
31236,36452,26119,
31237,36454,26126,
31241,36457,26130,
31240,36463,26129,
31240,36466,26128,
31238,36464,26131,
31235,36462,26137,
31235,36462,26140,
31235,36459,26136,
31235,36464,26139,
31232,36462,26133,
31230,36460,26123,
31232,36456,26127,
31232,36457,26134,
31234,36463,26128,
31236,36465,26127,
31234,36460,26136,
31234,36457,26132,
31232,36454,26129,
31232,36455,26130,
31233,36457,26127,
31233,36458,26132,
31233,36455,26130,
31234,36456,26132,
31234,36457,26134,
31234,36455,26137,
31232,36455,26138,
31233,36456,26128,
31233,36458,26125,
31233,36461,26125,
31234,36459,26130,
31235,36460,26135,
31237,36461,26133,
31237,36464,26131,
31238,36462,26133,
31238,36469,26133,
31240,36471,26135,
31241,36472,26132,
31242,36470,26134,
31242,36471,26142,
31245,36472,26141,
31244,36468,26144,
31245,36469,26142,
31243,36469,26138,
31242,36466,26142,
31241,36474,26141,
31241,36478,26138,
31241,36477,26136,
31241,36477,26143,
31243,36469,26144,
31244,36470,26143,
31247,36471,26147,
31247,36476,26146,
31248,36481,26150,
31248,36483,26148,
31246,36484,26141,
31247,36480,26149,
31247,36477,26148,
31247,36473,26141,
31246,36471,26140,
31246,36477,26142,
31247,36478,26146,
31245,36473,26148,
31245,36477,26152,
31246,36480,26150,
31247,36478,26144,
31248,36481,26143,
31248,36486,26148,
31249,36486,26152,
31249,36485,26153,
31247,36476,26147,
31246,36479,26153,
31246,36482,26149,
31246,36481,26152,
31247,36477,26150,
31247,36474,26149,
31248,36482,26148,
31248,36481,26146,
31249,36484,26151,
31250,36489,26151,
31250,36491,26155,
31248,36491,26152,
31249,36490,26149,
31247,36485,26147,
31249,36489,26148,
31250,36488,26151,
31250,36489,26141,
31251,36487,26144,
31251,36487,26148,
31252,36486,26151,
31252,36489,26156,
31252,36489,26157,
31251,36488,26156,
31251,36488,26155,
31252,36489,26155,
31250,36490,26158,
31252,36484,26161,
31251,36492,26156,
31252,36492,26160,
31252,36494,26156,
31252,36490,26154,
31251,36488,26150,
31251,36490,26153,
31252,36491,26161,
31255,36485,26160,
31255,36495,26154,
31255,36495,26153,
31258,36497,26158,
31258,36498,26164,
31257,36497,26161,
31258,36495,26159,
31259,36494,26169,
31259,36499,26162,
31259,36502,26153,
31260,36505,26152,
31259,36502,26156,
31259,36500,26156,
31258,36501,26160,
31257,36504,26164,
31257,36502,26160,
31259,36500,26163,
31258,36492,26164,
31258,36496,26163,
31259,36497,26161,
31259,36496,26163,
31259,36499,26160,
31259,36504,26164,
31258,36508,26162,
31261,36506,26163,
31261,36507,26164,
31263,36510,26168,
31263,36507,26175,
31264,36506,26175,
31263,36509,26169,
31264,36506,26166,
31263,36511,26167,
31262,36503,26158,
31260,36502,26159,
31261,36502,26165,
31263,36505,26168,
31264,36504,26165,
31264,36507,26170,
31267,36507,26169,
31264,36506,26166,
31264,36508,26170,
31265,36508,26169,
31265,36509,26170,
31265,36505,26177,
31266,36508,26174,
31268,36511,26176,
31267,36513,26171,
31265,36514,26171,
31264,36514,26167,
31264,36507,26178,
31264,36508,26173,
31263,36508,26173,
31263,36505,26166,
31262,36508,26161,
31263,36504,26170,
31265,36506,26169,
31265,36507,26168,
31265,36507,26171,
31266,36513,26170,
31265,36518,26170,
31265,36512,26170,
31264,36512,26169,
31262,36506,26166,
31263,36508,26166,
31262,36509,26169,
31262,36510,26171,
31264,36515,26169,
31263,36518,26174,
31263,36517,26175,
31262,36514,26174,
31262,36509,26168,
31263,36512,26169,
31263,36517,26168,
31264,36517,26168,
31263,36511,26167,
31263,36507,26168,
31261,36513,26167,
31262,36510,26168,
31263,36515,26169,
31263,36512,26173,
31263,36511,26169,
31263,36511,26165,
31263,36513,26171,
31263,36509,26173,
31261,36510,26175,
31259,36513,26175,
31261,36517,26172,
31261,36516,26169,
31261,36514,26167,
31261,36515,26174,
31261,36511,26171,
31263,36512,26179,
31265,36510,26169,
31266,36516,26175,
31266,36511,26176,
31266,36513,26176,
31265,36514,26177,
31267,36519,26174,
31267,36522,26175,
31266,36523,26173,
31265,36516,26175,
31224,36464,26142,
27085,31654,22524,
17221,20172,13953,
9404,11048,7370,
4798,5655,3639,
2383,2816,1758,
1194,1412,867,
627,741,455,
364,427,268,
242,282,187,
185,213,148,
156,181,130,
142,163,120,
134,154,114,
129,147,110,
125,143,107,
122,139,105,
120,136,103,
118,132,101,
117,133,101,
115,131,100,
115,131,99,
113,130,96,
112,127,96,
111,124,93,
111,122,93,
110,122,92,
109,122,92,
109,121,93,
108,121,91,
108,121,90,
108,120,92,
107,119,90,
107,119,88,
106,119,90,
106,118,89,
106,118,88,
105,120,92,
105,119,90,
105,119,90,
105,119,90,
105,117,88,
104,115,87,
104,115,88,
104,114,86,
104,114,86,
103,114,87,
104,113,88,
103,115,88,
103,115,88,
103,114,87,
102,112,86,
103,113,85,
102,112,87,
103,112,86,
102,114,88,
102,114,88,
102,115,89,
101,115,89,
102,113,87,
102,111,83,
101,112,84,
101,110,82,
102,110,83,
101,112,85,
101,111,85,
101,112,86,
101,112,86,
100,113,86,
101,112,86,
101,112,86,
100,113,88,
101,112,86,
100,113,88,
100,113,87,
100,113,88,
101,113,86,
100,111,84,
100,108,81,
100,109,81,
99,106,78,
100,108,80,
100,108,81,
99,108,82,
100,108,83,
100,108,83,
99,110,82,
99,109,84,
100,110,83,
99,111,85,
99,110,85,
100,110,85,
99,112,86,
99,112,86,
99,112,85,
99,110,85,
99,108,82,
99,108,83,
98,107,82,
99,109,82,
99,107,82,
99,109,84,
98,109,81,
99,109,83,
98,108,81,
99,108,82,
98,109,83,
99,109,82,
98,108,82,
99,110,83,
98,111,85,
98,110,86,
99,111,86,
98,110,84,
98,106,83,
98,107,82,
98,106,80,
98,106,81,
98,106,82,
98,107,82,
98,107,81,
98,107,81,
98,108,83,
98,108,83,
98,108,83,
97,108,83,
98,108,82,
98,108,83,
97,109,85,
98,109,83,
98,109,84,
97,108,83,
98,106,81,
97,106,80,
98,105,79,
97,106,81,
98,106,81,
97,106,81,
97,106,81,
98,106,81,
97,106,81,
97,106,82,
98,106,81,
97,107,81,
97,106,81,
97,107,82,
97,108,82,
97,109,84,
97,108,84,
98,108,83,
97,106,80,
97,105,81,
96,106,80,
97,105,79,
97,106,81,
97,106,79,
97,105,79,
97,107,81,
97,106,81,
96,107,81,
97,106,80,
97,106,81,
97,107,80,
97,106,81,
96,108,83,
97,108,84,
97,109,84,
96,107,81,
97,106,80,
97,105,80,
96,103,78,
97,104,78,
96,105,80,
97,106,81,
96,106,81,
97,106,81,
96,106,82,
96,106,81,
97,106,82,
96,106,81,
97,105,81,
96,105,79,
96,106,81,
97,106,79,
96,108,83,
96,107,82,
97,105,80,
96,104,80,
96,105,79,
96,103,78,
97,106,81,
3499,4034,2991,
26585,30776,23071,
36768,42772,31575,
32871,38358,27702,
26881,31422,22335,
22530,26344,18612,
19966,23337,16509,
18595,21719,15425,
17898,20894,14891,
17551,20483,14636,
17380,20282,14516,
17295,20183,14453,
17248,20127,14415,
17223,20093,14397,
17207,20074,14379,
17197,20064,14374,
17187,20053,14366,
17180,20043,14359,
17173,20037,14352,
17165,20025,14349,
17157,20019,14345,
17150,20009,14339,
17144,19999,14333,
17138,19991,14327,
17131,19985,14321,
17126,19981,14316,
17122,19981,14314,
17116,19976,14312,
17112,19966,14312,
17106,19961,14309,
17101,19954,14301,
17097,19947,14295,
17093,19944,14293,
17090,19937,14290,
17086,19932,14288,
17083,19928,14285,
17079,19927,14280,
17076,19926,14276,
17073,19921,14275,
17068,19917,14272,
17065,19910,14270,
17062,19910,14267,
17058,19902,14267,
17055,19897,14263,
17052,19899,14257,
17050,19894,14262,
17046,19893,14255,
17044,19891,14259,
17040,19884,14247,
17038,19879,14247,
17036,19876,14243,
17034,19872,14244,
17032,19868,14243,
17030,19865,14240,
17028,19870,14241,
17026,19870,14240,
17024,19864,14237,
17021,19861,14235,
17019,19855,14235,
17017,19854,14237,
17015,19854,14236,
17014,19849,14230,
17011,19849,14229,
17010,19848,14225,
17006,19844,14225,
17003,19840,14220,
17002,19841,14218,
17000,19839,14220,
17000,19836,14219,
16999,19834,14217,
16997,19833,14213,
16997,19831,14209,
16995,19836,14213,
16992,19829,14213,
16991,19823,14210,
16989,19818,14206,
16987,19819,14201,
16986,19819,14204,
16983,19817,14202,
16981,19814,14198,
16980,19813,14200,
16978,19813,14201,
16977,19814,14199,
16975,19806,14199,
16974,19808,14190,
16973,19807,14192,
16972,19805,14194,
16971,19801,14194,
16971,19802,14191,
16970,19802,14190,
16968,19802,14194,
16969,19803,14193,
16967,19802,14184,
16965,19799,14189,
16966,19797,14191,
16963,19793,14190,
16963,19795,14194,
16963,19798,14190,
16962,19796,14186,
16962,19796,14182,
16960,19791,14184,
16958,19790,14182,
16954,19784,14184,
16951,19781,14177,
16950,19779,14173,
16950,19782,14177,
16949,19781,14176,
16948,19778,14178,
16947,19778,14175,
16946,19774,14173,
16947,19773,14178,
16945,19772,14175,
16943,19773,14175,
16944,19776,14177,
16946,19775,14173,
16944,19774,14171,
16943,19776,14177,
16942,19776,14176,
16941,19771,14175,
16940,19774,14179,
16938,19769,14172,
16938,19767,14171,
16937,19764,14167,
16937,19761,14169,
16936,19762,14167,
16938,19764,14164,
16937,19765,14166,
16936,19765,14169,
16935,19763,14165,
16934,19762,14162,
16933,19764,14163,
16934,19762,14164,
16934,19758,14163,
16934,19756,14160,
16933,19753,14163,
16933,19759,14165,
16934,19762,14168,
16934,19765,14168,
16932,19765,14162,
16932,19763,14168,
16930,19759,14168,
16930,19757,14164,
16929,19754,14155,
16929,19752,14155,
16929,19754,14155,
16928,19755,14159,
16929,19758,14160,
16929,19753,14157,
16927,19754,14159,
16928,19756,14158,
16926,19754,14156,
16926,19758,14153,
16925,19755,14152,
16926,19752,14153,
16925,19752,14157,
16926,19750,14155,
16924,19755,14160,
16923,19753,14160,
16922,19754,14155,
16923,19753,14156,
16922,19748,14157,
16922,19746,14151,
16922,19752,14153,
16922,19753,14157,
16923,19749,14155,
16922,19745,14155,
16921,19747,14157,
16921,19751,14157,
16921,19748,14156,
16921,19745,14151,
16920,19742,14155,
16920,19745,14159,
16920,19746,14155,
16921,19747,14159,
16921,19747,14160,
16920,19744,14156,
16920,19746,14153,
16919,19746,14152,
16921,19742,14155,
16920,19742,14154,
16921,19747,14154,
16920,19745,14157,
16920,19748,14155,
16921,19748,14158,
16921,19750,14163,
16921,19752,14160,
16920,19748,14154,
16920,19745,14153,
16919,19746,14152,
16918,19746,14158,
16918,19747,14159,
16918,19751,14160,
16920,19751,14158,
16919,19750,14159,
16919,19744,14151,
16918,19745,14150,
16919,19746,14154,
16921,19746,14156,
16921,19745,14154,
16922,19743,14153,
16920,19747,14158,
16920,19745,14158,
16920,19742,14156,
16920,19747,14155,
16920,19747,14154,
16921,19748,14153,
16919,19745,14150,
16919,19742,14154,
16918,19741,14158,
16918,19745,14155,
16915,19744,14154,
16915,19741,14148,
16914,19739,14148,
16915,19736,14149,
16914,19737,14150,
16915,19738,14144,
16917,19740,14145,
16915,19740,14154,
16916,19738,14150,
16914,19737,14150,
16914,19738,14153,
16916,19741,14151,
16917,19743,14148,
16918,19747,14151,
16920,19748,14151,
16920,19747,14154,
16920,19747,14155,
16918,19744,14155,
16917,19744,14156,
16916,19743,14149,
16917,19745,14148,
16916,19739,14141,
16915,19740,14144,
16915,19737,14147,
16915,19738,14150,
16915,19736,14151,
16916,19739,14145,
16915,19741,14146,
16916,19741,14155,
16915,19743,14153,
16917,19744,14151,
16917,19745,14151,
16917,19745,14148,
16918,19745,14149,
16919,19746,14153,
16917,19743,14156,
16918,19746,14155,
16916,19742,14153,
16915,19742,14149,
16915,19738,14140,
16914,19738,14149,
16915,19740,14147,
16915,19743,14153,
16915,19737,14149,
16915,19740,14148,
16916,19741,14149,
16916,19739,14150,
16917,19744,14151,
16916,19747,14151,
16917,19746,14153,
16918,19742,14150,
16918,19741,14147,
16919,19746,14149,
16917,19745,14153,
16918,19748,14162,
16917,19747,14158,
16918,19747,14156,
16918,19748,14149,
16918,19750,14150,
16413,19160,13711,
12126,14174,9964,
7073,8286,5632,
3742,4396,2884,
1905,2243,1428,
975,1148,717,
523,616,386,
310,364,234,
211,245,165,
164,188,131,
141,159,115,
130,147,108,
123,139,104,
119,137,104,
117,133,101,
114,129,98,
112,125,92,
111,123,92,
110,119,90,
109,119,88,
108,119,89,
107,119,90,
107,118,90,
105,119,91,
105,117,90,
105,116,90,
104,116,88,
104,115,87,
104,114,87,
103,116,89,
102,115,90,
103,116,87,
102,116,88,
102,114,86,
101,113,86,
102,111,84,
101,110,82,
100,110,83,
101,109,83,
100,110,84,
101,110,83,
100,110,84,
100,110,85,
100,109,84,
99,111,85,
100,109,85,
99,110,84,
99,110,84,
99,112,86,
99,110,87,
99,111,85,
99,111,86,
98,108,82,
99,107,81,
98,107,81,
98,107,81,
99,106,80,
98,107,81,
97,108,80,
98,106,81,
98,108,81,
98,107,82,
97,107,82,
98,107,82,
97,108,81,
98,107,82,
97,110,85,
97,107,83,
98,109,85,
97,108,83,
97,106,81,
97,104,80,
97,105,78,
97,104,77,
96,107,81,
97,107,80,
97,106,80,
97,106,81,
96,106,80,
97,106,80,
96,106,80,
96,105,79,
97,106,79,
96,104,79,
96,106,83,
97,107,83,
96,110,86,
96,107,83,
96,104,80,
96,104,78,
96,104,78,
96,102,78,
96,105,78,
96,105,78,
96,105,81,
95,106,81,
96,106,83,
96,106,81,
96,104,80,
95,105,81,
96,105,79,
95,105,80,
96,107,81,
96,106,82,
95,107,83,
96,106,81,
95,105,81,
95,104,78,
96,104,80,
95,101,76,
95,103,78,
95,104,78,
95,104,79,
95,105,78,
95,104,80,
96,104,78,
95,103,79,
95,104,79,
95,105,80,
95,104,79,
95,107,81,
95,106,82,
95,107,83,
95,106,83,
95,105,81,
94,102,78,
95,101,79,
95,102,76,
95,102,78,
94,104,79,
95,104,78,
95,103,78,
94,104,79,
95,103,80,
95,103,79,
94,104,78,
95,104,80,
95,103,79,
94,106,80,
95,105,81,
94,106,81,
95,105,81,
94,103,78,
95,101,76,
94,102,77,
94,101,75,
95,101,77,
94,103,77,
94,103,78,
95,103,78,
94,103,78,
94,104,79,
95,103,78,
94,102,77,
94,102,77,
94,102,78,
95,104,81,
94,105,80,
94,106,82,
94,106,80,
94,104,80,
94,101,77,
94,103,78,
94,101,76,
95,102,77,
94,102,77,
94,103,78,
94,103,79,
93,102,79,
94,103,78,
94,102,79,
94,102,80,
94,102,79,
94,103,78,
94,105,80,
94,103,79,
94,105,79,
94,104,80,
94,103,78,
94,100,76,
93,101,77,
94,100,76,
94,100,77,
94,103,79,
93,103,78,
94,103,79,
94,103,78,
93,102,79,
94,103,78,
94,103,77,
94,101,77,
93,102,78,
94,103,78,
94,103,79,
93,104,80,
94,104,81,
93,103,79,
94,100,76,
94,101,75,
93,99,74,
93,100,75,
94,100,77,
93,101,77,
94,102,78,
93,103,78,
94,103,78,
93,102,78,
94,102,77,
93,102,79,
93,103,79,
94,103,79,
93,104,81,
93,104,80,
94,104,81,
93,104,79,
93,102,77,
94,101,75,
93,101,76,
93,99,75,
94,101,77,
93,102,77,
93,101,79,
93,103,78,
94,103,77,
93,102,77,
93,101,77,
93,102,76,
93,101,78,
93,102,77,
94,105,81,
93,104,79,
93,104,80,
93,105,80,
93,101,77,
93,101,77,
94,100,76,
93,100,77,
93,101,77,
93,102,78,
93,102,76,
93,102,77,
93,101,75,
93,101,76,
93,101,77,
93,101,76,
93,102,77,
93,102,78,
93,104,81,
93,111,88,
94,130,110,
93,120,96,
93,110,87,
93,105,82,
93,103,79,
93,102,76,
93,103,77,
93,103,78,
93,102,78,
93,103,78,
92,102,79,
93,103,79,
93,99,74,
93,90,65,
92,91,67,
93,97,72,
93,100,76,
93,100,75,
93,101,77,
92,101,78,
93,101,76,
93,100,77,
93,101,75,
93,98,73,
92,99,74,
93,100,76,
93,101,76,
92,100,77,
93,101,76,
93,101,77,
93,100,76,
92,100,76,
93,101,77,
93,102,78,
92,103,78,
93,102,78,
93,103,80,
93,103,79,
92,102,76,
93,100,76,
92,99,76,
93,100,75,
93,101,75,
92,101,77,
93,102,77,
92,101,76,
93,102,78,
92,101,77,
93,101,76,
93,101,76,
92,102,77,
93,100,77,
92,102,80,
93,102,78,
92,104,81,
93,103,78,
92,101,77,
93,99,74,
92,99,75,
93,98,73,
92,100,76,
92,100,76,
93,100,77,
92,101,77,
93,102,78,
92,102,77,
92,100,76,
93,101,76,
92,100,77,
93,101,77,
92,102,78,
92,103,78,
93,103,79,
92,103,79,
93,101,77,
92,99,75,
93,101,76,
92,98,75,
92,100,76,
92,100,76,
93,101,76,
92,101,78,
92,101,76,
93,101,76,
92,101,76,
92,100,76,
92,102,78,
93,101,76,
92,104,79,
92,103,78,
92,103,79,
93,102,79,
92,102,77,
92,100,74,
92,99,76,
93,99,73,
92,99,75,
92,100,76,
92,100,76,
92,100,76,
92,99,77,
92,100,77,
93,100,76,
92,101,77,
92,101,78,
92,102,77,
92,103,80,
93,102,81,
92,104,80,
92,103,79,
92,102,78,
92,99,75,
92,100,76,
93,98,73,
92,99,75,
92,99,75,
92,100,77,
92,101,79,
92,99,76,
92,100,76,
92,101,77,
92,101,76,
92,101,76,
92,101,78,
93,102,78,
92,103,78,
92,103,80,
92,104,80,
92,102,80,
92,101,76,
92,101,76,
92,99,74,
92,99,75,
92,101,76,
92,100,77,
92,100,78,
92,100,76,
92,100,76,
92,101,76,
92,100,75,
92,99,74,
92,101,77,
92,101,77,
92,102,78,
91,102,79,
92,102,79,
92,102,79,
92,100,76,
92,100,75,
92,98,73,
92,99,74,
91,100,76,
92,101,78,
92,100,77,
92,101,78,
92,100,77,
92,101,76,
91,100,77,
92,100,77,
92,99,77,
92,100,77,
92,101,79,
92,101,79,
91,102,79,
92,102,78,
92,99,76,
92,100,75,
92,99,75,
91,99,75,
92,99,75,
92,101,76,
92,100,77,
91,101,77,
92,101,77,
92,101,77,
92,102,78,
91,100,77,
92,99,77,
92,100,76,
92,101,78,
92,101,78,
91,102,79,
92,101,77,
92,98,75,
91,99,75,
92,99,74,
92,98,74,
91,98,74,
92,100,76,
92,99,76,
91,101,76,
92,99,76,
92,99,75,
91,100,76,
92,100,75,
92,101,78,
91,100,77,
92,103,79,
92,103,80,
91,103,80,
92,101,79,
91,100,78,
92,100,76,
92,98,74,
91,98,74,
92,98,74,
91,98,75,
92,100,76,
91,100,77,
92,98,74,
92,99,75,
91,98,76,
92,99,75,
91,100,78,
92,100,76,
91,102,77,
92,101,76,
92,104,79,
91,102,78,
92,101,77,
91,101,75,
92,99,75,
91,97,73,
92,99,74,
91,99,75,
92,100,77,
91,99,76,
92,100,75,
91,100,76,
92,99,75,
91,99,76,
92,99,76,
91,99,75,
92,102,77,
91,102,77,
92,102,77,
91,102,78,
92,100,77,
91,99,75,
91,99,74,
92,98,73,
91,99,76,
92,98,75,
91,99,77,
92,99,75,
91,100,77,
91,100,77,
92,101,78,
91,100,76,
91,99,76,
92,99,77,
91,101,78,
92,100,78,
91,104,80,
92,101,78,
91,100,76,
91,97,74,
92,98,74,
91,97,72,
91,99,74,
92,99,75,
91,99,76,
91,100,76,
92,100,77,
91,100,76,
91,99,76,
92,100,76,
91,100,77,
91,100,78,
92,101,78,
91,101,77,
91,101,78,
92,102,77,
91,100,76,
91,97,75,
92,98,75,
91,97,74,
91,98,74,
91,98,75,
92,100,76,
91,99,77,
91,100,76,
91,100,76,
92,101,77,
91,100,77,
91,101,77,
91,100,76,
92,100,77,
91,101,78,
91,102,78,
91,102,78,
92,100,76,
91,99,72,
91,99,73,
91,98,73,
91,98,74,
92,99,75,
91,99,75,
91,98,76,
91,99,75,
91,98,75,
91,99,75,
92,99,75,
91,100,76,
91,99,74,
91,100,77,
91,101,79,
92,103,80,
91,102,80,
91,101,77,
91,99,74,
91,99,75,
91,97,73,
91,98,75,
91,98,76,
91,99,74,
92,99,75,
91,99,75,
91,100,77,
91,98,75,
91,98,75,
91,100,78,
91,100,76,
91,100,77,
91,101,79,
91,102,78,
92,102,79,
91,101,77,
91,99,76,
91,100,77,
91,98,75,
91,96,74,
91,99,75,
91,98,75,
91,98,75,
91,99,75,
91,99,74,
91,99,75,
91,99,75,
91,99,76,
91,99,77,
91,100,77,
91,101,77,
92,101,76,
91,102,78,
91,100,78,
91,98,74,
91,98,76,
90,98,74,
91,97,74,
91,100,77,
91,99,77,
91,98,75,
91,99,75,
91,99,77,
91,99,76,
91,99,75,
91,99,76,
91,100,76,
91,99,77,
91,100,77,
91,100,78,
91,102,79,
91,100,80,
91,99,74,
91,98,75,
91,97,74,
91,98,72,
91,97,75,
91,99,76,
91,98,75,
90,99,75,
91,100,76,
91,99,76,
91,99,74,
91,98,74,
91,99,76,
91,100,76,
91,100,77,
91,101,78,
91,103,79,
91,102,79,
90,100,77,
91,98,74,
91,97,73,
91,97,73,
91,98,73,
91,99,74,
91,98,76,
90,99,75,
91,99,77,
91,100,76,
91,99,75,
91,100,75,
91,99,76,
91,100,76,
90,102,79,
91,101,78,
91,101,78,
91,101,77,
91,99,77,
91,99,74,
90,98,74,
91,98,72,
91,97,74,
91,99,75,
90,99,74,
91,99,75,
91,99,76,
91,100,77,
91,98,76,
90,99,77,
91,98,75,
91,98,76,
91,101,77,
91,101,77,
90,102,79,
91,100,76,
91,98,75,
91,97,73,
90,98,73,
91,97,73,
91,98,74,
90,99,75,
91,99,77,
91,100,76,
91,100,77,
90,100,76,
91,99,76,
91,98,75,
91,99,76,
90,98,74,
91,99,77,
91,100,77,
91,102,79,
91,101,78,
90,99,75,
91,98,72,
90,98,73,
91,97,72,
91,98,74,
91,98,75,
90,98,75,
91,99,76,
90,99,75,
91,99,74,
91,102,78,
91,106,85,
90,103,80,
91,101,78,
91,101,79,
90,100,78,
91,102,80,
91,101,77,
90,101,76,
91,96,70,
90,95,71,
91,94,70,
91,95,72,
90,98,74,
91,98,75,
90,98,74,
91,99,75,
91,98,75,
90,99,74,
91,99,74,
90,98,74,
91,99,75,
91,99,75,
90,100,76,
91,102,78,
90,101,78,
91,98,77,
90,96,74,
91,98,75,
90,96,74,
91,97,75,
91,98,75,
90,100,76,
91,98,75,
90,100,77,
91,99,76,
90,98,76,
91,98,76,
90,99,78,
91,99,76,
91,100,78,
90,100,77,
91,102,77,
90,101,79,
91,100,77,
90,97,74,
91,98,74,
90,97,72,
91,96,73,
90,97,75,
91,99,75,
90,98,74,
91,99,76,
90,98,76,
91,98,75,
90,99,74,
90,99,77,
91,98,76,
91,100,78,
90,100,78,
91,101,79,
90,100,78,
91,100,76,
90,98,74,
91,98,75,
90,97,73,
90,97,75,
91,98,75,
90,99,74,
91,98,74,
90,98,73,
91,99,74,
90,99,73,
91,98,74,
90,99,75,
90,98,76,
91,99,77,
90,100,79,
