,,,
File,Raw,DataFile,
Time,Major,Minor1,
85,92,69,
85,92,70,
85,92,70,
85,93,70,
85,93,70,
85,93,72,
85,95,74,
86,94,72,
85,94,74,
85,93,72,
85,91,69,
85,90,68,
85,89,67,
85,91,67,
85,91,68,
85,92,70,
85,90,71,
85,92,69,
85,92,69,
85,91,70,
86,92,70,
85,92,71,
85,93,72,
85,93,72,
85,95,73,
85,95,74,
85,95,72,
86,93,71,
85,92,68,
85,90,68,
85,90,67,
85,90,69,
85,91,69,
85,92,70,
85,92,70,
85,92,70,
85,92,70,
85,91,68,
85,91,69,
85,92,68,
85,91,68,
85,93,70,
85,93,73,
85,94,72,
85,94,72,
86,94,72,
85,91,70,
85,93,70,
85,90,69,
85,90,67,
85,92,69,
85,91,69,
85,92,69,
85,91,68,
85,93,70,
86,92,69,
85,92,69,
85,92,69,
85,92,70,
85,91,69,
85,93,72,
85,94,71,
85,94,72,
85,94,73,
85,91,70,
85,91,69,
86,91,68,
85,89,67,
85,91,70,
85,92,71,
85,92,69,
85,92,69,
85,92,71,
85,93,70,
85,92,70,
85,93,71,
85,93,70,
85,92,70,
85,94,72,
86,93,72,
85,95,74,
85,94,73,
85,92,69,
85,90,68,
85,90,69,
85,90,67,
85,90,68,
85,91,68,
85,90,68,
85,92,70,
85,92,70,
85,92,70,
85,92,69,
85,91,68,
86,92,70,
85,92,70,
85,94,71,
85,93,72,
85,95,73,
85,93,71,
85,93,71,
85,92,68,
85,91,70,
85,89,65,
85,90,68,
86,90,69,
85,91,68,
85,92,69,
85,92,70,
85,92,70,
85,92,69,
85,92,69,
85,94,71,
85,92,69,
85,93,71,
85,95,72,
85,94,72,
86,95,72,
85,92,70,
85,92,69,
85,91,69,
85,90,66,
85,90,68,
85,91,67,
85,91,69,
85,93,71,
85,92,69,
85,93,70,
86,91,69,
85,93,70,
85,93,72,
85,92,71,
85,95,71,
85,94,72,
85,95,74,
85,93,72,
85,94,73,
85,91,70,
85,91,70,
85,89,68,
86,90,70,
85,92,69,
85,91,69,
85,92,70,
85,93,70,
85,91,68,
85,92,70,
85,92,70,
85,91,70,
85,92,70,
85,93,70,
85,93,71,
86,93,72,
85,94,73,
85,94,72,
85,91,70,
85,91,69,
85,90,67,
85,90,68,
85,92,70,
85,93,71,
85,92,69,
85,92,70,
85,91,69,
85,92,70,
85,91,68,
86,93,69,
85,92,69,
85,93,69,
85,94,72,
85,92,71,
85,94,71,
85,94,70,
85,92,70,
85,91,69,
85,90,68,
85,91,69,
85,91,72,
85,93,71,
85,92,70,
85,91,70,
85,91,71,
85,92,71,
85,92,71,
85,92,69,
86,91,69,
85,91,71,
85,94,72,
85,93,73,
85,96,74,
85,92,72,
85,91,69,
85,90,69,
85,90,69,
85,89,67,
85,91,69,
86,91,69,
85,92,70,
85,92,69,
85,93,71,
85,92,71,
85,92,71,
85,92,70,
85,93,71,
85,92,72,
85,95,72,
85,94,72,
86,95,74,
85,94,73,
85,93,69,
85,91,69,
85,91,69,
85,89,67,
85,90,68,
85,91,68,
85,91,68,
85,92,70,
85,91,69,
85,91,70,
85,92,69,
85,92,68,
85,92,69,
86,92,71,
85,94,72,
85,94,71,
85,95,72,
85,93,71,
85,92,71,
85,91,67,
85,90,67,
85,90,68,
85,91,69,
86,93,70,
85,92,70,
85,92,69,
85,93,70,
85,92,70,
85,91,70,
85,92,69,
85,92,70,
85,91,70,
85,93,72,
85,93,72,
85,95,73,
85,94,72,
86,92,70,
85,91,69,
85,92,68,
85,90,67,
85,92,69,
85,93,70,
85,93,71,
85,92,70,
85,92,70,
85,92,71,
86,93,70,
293,323,246,
2205,2464,1901,
4451,4978,3795,
5817,6514,4895,
6515,7296,5427,
6850,7672,5671,
7007,7849,5784,
7079,7930,5829,
7131,7988,5866,
7754,8684,6396,
9098,10182,7534,
10250,11471,8488,
10974,12282,9069,
11370,12729,9378,
11573,12958,9526,
11670,13070,9596,
11714,13119,9625,
11734,13140,9635,
11741,13150,9646,
11744,13153,9649,
11743,13157,9648,
11742,13156,9644,
11739,13149,9646,
11735,13151,9644,
11733,13150,9647,
11732,13148,9640,
11730,13140,9634,
11729,13141,9635,
11727,13138,9636,
11725,13135,9635,
11723,13134,9632,
11722,13131,9629,
11719,13134,9627,
11718,13128,9621,
11715,13125,9621,
11715,13123,9625,
11712,13118,9619,
11711,13119,9616,
11711,13120,9621,
11710,13122,9618,
11706,13119,9616,
11705,13116,9619,
11704,13113,9617,
11702,13110,9620,
11702,13109,9615,
11702,13108,9614,
11701,13111,9611,
11700,13112,9611,
11700,13111,9608,
11698,13110,9604,
11696,13105,9602,
11696,13105,9607,
11693,13101,9604,
11693,13100,9604,
11692,13101,9606,
11692,13098,9607,
11690,13097,9604,
11690,13099,9603,
11690,13101,9607,
11689,13099,9606,
11689,13101,9606,
11687,13096,9604,
11687,13092,9602,
11687,13095,9600,
11686,13091,9597,
11686,13090,9599,
11686,13091,9599,
11684,13091,9602,
11683,13089,9601,
11683,13091,9600,
11683,13088,9599,
11682,13087,9598,
11681,13088,9598,
11680,13085,9598,
11678,13083,9595,
11677,13100,9614,
11674,13099,9617,
11671,13090,9603,
11669,13083,9593,
11668,13079,9591,
11668,13076,9589,
11667,13072,9586,
11667,13072,9587,
11666,13070,9588,
11667,13074,9590,
11666,13070,9589,
11666,13068,9584,
11664,13068,9581,
11662,13063,9573,
11663,13060,9570,
11664,13063,9577,
11666,13069,9576,
11667,13068,9576,
11667,13070,9581,
11667,13069,9584,
11665,13070,9585,
11665,13072,9588,
11665,13066,9581,
11665,13068,9582,
11665,13069,9581,
11666,13071,9582,
11663,13069,9582,
11663,13068,9584,
11663,13065,9586,
11662,13065,9582,
11662,13062,9582,
11662,13062,9584,
11661,13060,9584,
11662,13065,9580,
11662,13064,9582,
11661,13065,9577,
11660,13066,9577,
11660,13065,9584,
11660,13066,9584,
11659,13066,9579,
11659,13064,9582,
11659,13062,9577,
11658,13068,9578,
11658,13065,9580,
11658,13058,9575,
11657,13061,9575,
11656,13057,9574,
11656,13059,9577,
11657,13061,9576,
11658,13063,9577,
11658,13062,9576,
11659,13062,9575,
11658,13059,9579,
11657,13056,9580,
11657,13057,9579,
11654,13059,9577,
11654,13058,9576,
11655,13058,9576,
11654,13059,9576,
11654,13060,9574,
11653,13057,9574,
11652,13059,9571,
11651,13054,9568,
11651,13054,9569,
11651,13052,9567,
11652,13054,9568,
11652,13060,9576,
11650,13059,9578,
11649,13056,9574,
11648,13055,9571,
11649,13056,9570,
11648,13053,9570,
11649,13050,9572,
11647,13049,9572,
11647,13048,9571,
11647,13049,9570,
11649,13050,9566,
11648,13052,9566,
11648,13051,9564,
11648,13051,9560,
11648,13048,9562,
11650,13047,9566,
11649,13047,9564,
11650,13048,9572,
11650,13053,9573,
11650,13056,9573,
11651,13054,9572,
11650,13055,9574,
11651,13056,9573,
11651,13056,9567,
11649,13052,9568,
11649,13055,9572,
11649,13055,9575,
11650,13056,9570,
11649,13054,9569,
11649,13057,9574,
11649,13053,9569,
11650,13053,9573,
11649,13046,9573,
11651,13049,9572,
11651,13051,9572,
11652,13055,9572,
11652,13057,9571,
11651,13056,9567,
11651,13052,9569,
11650,13054,9569,
11649,13052,9571,
11649,13053,9570,
11649,13053,9575,
11648,13053,9574,
11648,13054,9571,
11648,13051,9569,
11647,13049,9570,
11647,13050,9574,
11647,13050,9570,
11647,13050,9564,
11647,13049,9564,
11646,13046,9563,
11647,13047,9568,
11648,13049,9568,
11648,13050,9565,
11648,13053,9566,
11648,13050,9569,
11647,13048,9573,
11647,13048,9568,
11645,13048,9568,
11645,13045,9568,
11645,13045,9565,
11643,13045,9569,
11644,13047,9569,
11644,13048,9571,
11645,13043,9565,
11646,13043,9564,
11644,13042,9562,
11643,13041,9565,
11644,13042,9566,
11645,13042,9569,
11645,13042,9573,
11646,13044,9570,
11645,13052,9570,
11644,13052,9567,
11644,13048,9565,
11644,13047,9564,
11644,13048,9566,
11645,13047,9570,
11645,13046,9568,
11644,13046,9568,
11643,13045,9565,
11642,13044,9565,
11641,13044,9565,
11640,13041,9558,
11641,13044,9559,
11642,13043,9560,
11641,13042,9564,
11642,13043,9565,
11641,13043,9567,
11641,13041,9566,
11640,13039,9564,
11639,13040,9561,
11637,13037,9559,
11635,13035,9562,
11634,13037,9559,
11634,13035,9558,
11633,13033,9556,
11634,13038,9557,
11635,13039,9561,
11635,13040,9565,
11635,13038,9562,
11635,13036,9558,
11635,13036,9556,
11634,13032,9558,
11634,13032,9556,
11635,13036,9560,
11634,13038,9560,
11635,13037,9555,
11636,13034,9557,
11638,13041,9561,
11639,13040,9564,
11640,13045,9563,
11641,13044,9564,
11641,13041,9560,
11642,13043,9561,
11641,13045,9563,
11642,13047,9566,
11642,13047,9564,
11642,13043,9559,
11641,13043,9557,
11641,13041,9558,
11639,13040,9560,
11640,13038,9559,
11642,13040,9560,
11642,13042,9565,
11642,13043,9560,
11642,13042,9565,
11642,13044,9568,
11642,13044,9567,
11643,13044,9562,
11644,13044,9568,
11645,13048,9568,
11644,13048,9567,
11644,13051,9571,
11644,13049,9567,
11644,13045,9572,
11643,13044,9570,
11642,13044,9567,
11643,13041,9566,
11643,13042,9568,
11644,13041,9565,
11643,13043,9563,
11643,13042,9561,
11643,13043,9560,
11642,13043,9561,
11642,13041,9561,
11643,13042,9563,
11642,13043,9566,
11642,13045,9566,
11642,13045,9564,
11642,13043,9564,
11642,13044,9565,
11643,13043,9565,
11643,13042,9564,
11643,13044,9570,
11644,13045,9565,
11623,13020,9546,
9937,11140,8097,
6251,7023,4956,
3414,3845,2618,
1763,1992,1310,
906,1024,659,
485,549,353,
285,322,210,
193,215,147,
149,167,118,
128,142,103,
117,130,97,
111,123,92,
108,120,92,
106,118,90,
103,117,89,
103,115,87,
100,112,87,
100,110,82,
100,108,83,
98,106,79,
98,105,80,
97,107,81,
96,106,80,
96,104,81,
96,105,81,
95,103,78,
95,104,78,
94,103,79,
94,102,77,
94,103,77,
94,103,78,
93,103,79,
93,103,79,
93,103,80,
93,102,77,
92,100,75,
92,99,76,
92,98,73,
92,99,74,
92,98,74,
92,100,74,
91,99,75,
91,99,74,
92,99,75,
91,99,74,
91,100,75,
91,99,76,
90,98,75,
91,98,76,
91,100,76,
90,100,77,
90,101,77,
91,100,75,
90,97,72,
90,97,73,
90,96,72,
90,96,72,
90,96,73,
89,96,73,
90,96,74,
90,97,74,
89,97,75,
90,97,75,
89,97,73,
89,98,74,
90,96,74,
89,98,75,
89,99,76,
90,100,77,
89,99,76,
89,98,74,
89,96,72,
89,97,71,
89,95,70,
88,95,69,
89,95,72,
89,96,72,
89,95,72,
88,95,73,
89,96,73,
89,95,72,
88,97,73,
89,97,72,
88,97,73,
88,97,74,
89,98,75,
88,98,74,
89,97,75,
88,97,75,
88,95,72,
88,96,73,
89,93,72,
88,94,70,
88,93,71,
88,95,73,
88,95,73,
88,95,71,
88,95,71,
88,94,72,
88,95,72,
88,94,73,
88,96,72,
88,94,73,
88,97,75,
87,96,74,
88,97,76,
88,97,75,
88,96,73,
87,94,73,
88,95,73,
88,94,72,
87,96,72,
88,95,72,
88,94,70,
87,94,70,
88,95,73,
88,95,71,
87,95,72,
88,94,71,
87,95,72,
87,94,72,
88,97,74,
87,96,76,
88,99,75,
87,96,75,
88,94,73,
87,93,70,
87,93,71,
87,92,68,
88,93,70,
87,94,72,
87,94,71,
87,94,72,
88,95,72,
87,94,72,
87,95,73,
87,95,72,
88,94,71,
87,94,71,
87,96,72,
87,95,72,
87,96,74,
87,97,74,
87,94,73,
87,94,71,
87,93,70,
87,92,69,
87,93,70,
87,94,70,
87,94,70,
87,93,70,
87,93,71,
87,94,72,
87,93,71,
87,94,71,
87,95,73,
87,94,70,
87,96,72,
87,96,74,
87,96,74,
87,96,73,
87,95,71,
86,93,70,
87,93,69,
87,92,69,
87,93,70,
87,94,72,
87,92,71,
86,93,71,
87,93,72,
87,94,71,
87,94,71,
86,93,71,
87,94,71,
87,94,71,
87,95,73,
86,95,72,
87,96,73,
87,96,74,
87,95,75,
86,93,71,
87,94,71,
87,92,70,
86,93,71,
87,94,72,
87,93,71,
86,93,71,
87,93,71,
87,93,71,
86,92,71,
87,93,70,
87,92,71,
86,93,71,
87,93,72,
86,95,74,
87,95,73,
86,96,73,
87,94,72,
86,93,71,
87,93,71,
86,92,70,
87,92,68,
86,94,70,
87,93,71,
86,93,70,
87,94,72,
86,93,69,
87,93,71,
86,93,70,
87,93,72,
86,92,70,
87,94,71,
86,95,72,
87,95,71,
86,96,74,
87,95,73,
86,93,70,
86,94,70,
87,92,69,
86,94,70,
87,96,73,
86,94,72,
86,93,72,
87,93,71,
86,93,69,
86,93,71,
87,92,71,
86,94,69,
86,92,71,
86,93,70,
87,96,72,
86,95,72,
86,96,73,
87,95,73,
86,93,70,
86,92,69,
86,92,70,
87,91,70,
86,93,68,
86,92,70,
86,93,71,
87,94,70,
86,94,71,
86,94,70,
86,94,71,
86,94,71,
87,93,71,
86,94,70,
86,95,73,
86,95,72,
87,96,75,
86,95,72,
86,94,71,
86,92,69,
87,92,68,
86,90,67,
86,91,69,
86,92,70,
86,92,71,
87,93,70,
86,93,71,
86,94,72,
86,93,71,
86,95,72,
86,94,73,
87,95,71,
86,96,73,
86,94,72,
86,96,74,
86,96,74,
86,94,71,
86,92,70,
86,92,69,
87,91,68,
86,93,70,
86,93,70,
86,93,71,
86,94,70,
86,93,70,
86,92,70,
87,94,71,
86,93,71,
86,94,72,
86,93,72,
86,95,73,
86,95,72,
86,95,74,
86,96,74,
86,94,71,
86,91,70,
86,92,70,
86,91,69,
86,92,70,
86,92,70,
87,93,71,
86,93,72,
86,93,70,
86,93,71,
86,93,70,
86,93,71,
86,94,71,
86,92,70,
86,94,71,
86,95,72,
86,96,73,
86,95,73,
86,94,72,
86,92,71,
86,93,72,
86,90,68,
86,91,68,
86,93,69,
85,92,69,
86,93,70,
86,93,71,
86,93,71,
86,93,72,
86,94,72,
86,95,72,
86,93,71,
86,94,71,
86,95,73,
86,94,73,
86,95,74,
86,94,72,
86,93,70,
86,93,71,
86,91,69,
86,92,70,
86,92,71,
86,92,70,
85,93,70,
86,93,69,
86,92,70,
86,93,69,
86,91,71,
86,92,70,
86,92,70,
86,92,71,
86,93,72,
86,95,75,
86,95,75,
86,94,72,
86,92,70,
86,92,70,
85,91,67,
86,91,69,
86,92,70,
86,93,69,
86,93,69,
86,94,70,
85,93,70,
86,93,71,
86,93,72,
86,92,71,
86,93,71,
86,94,73,
86,95,73,
85,94,71,
86,94,74,
86,94,72,
86,92,69,
86,94,71,
86,92,68,
85,91,68,
86,92,68,
86,92,69,
86,93,71,
86,93,70,
85,94,72,
86,92,71,
86,93,69,
86,93,72,
85,92,71,
86,94,70,
86,93,72,
86,94,71,
86,94,71,
85,94,71,
86,92,69,
86,91,69,
86,91,69,
86,90,68,
85,92,68,
86,91,69,
86,92,68,
86,92,70,
86,93,70,
85,93,70,
86,92,71,
86,94,70,
86,93,71,
86,93,72,
85,95,74,
86,94,72,
86,96,75,
86,94,72,
85,92,70,
86,91,70,
86,91,68,
86,91,69,
85,92,70,
86,92,70,
86,93,70,
85,94,72,
86,94,72,
86,92,71,
86,92,70,
85,92,70,
86,93,70,
86,93,70,
86,93,72,
85,95,71,
86,95,72,
86,94,72,
86,93,70,
85,92,69,
86,91,68,
86,90,67,
85,92,68,
86,93,71,
86,93,70,
85,93,70,
86,91,69,
86,92,68,
85,92,70,
86,92,71,
86,93,72,
85,92,71,
86,94,72,
86,94,72,
85,95,74,
86,94,72,
86,93,70,
86,91,68,
85,92,69,
86,91,69,
86,92,70,
85,93,71,
86,92,68,
86,93,69,
85,93,71,
86,93,69,
86,93,70,
85,93,71,
86,93,72,
86,92,71,
85,94,73,
86,95,73,
86,96,75,
86,94,72,
85,93,72,
86,92,69,
85,91,69,
86,89,67,
86,91,69,
85,93,72,
86,93,70,
86,93,70,
85,94,70,
86,93,70,
85,92,71,
86,93,70,
86,92,71,
85,93,71,
86,94,73,
85,94,72,
86,95,75,
86,95,74,
85,94,72,
86,92,68,
86,93,70,
85,90,68,
86,91,68,
85,92,70,
86,89,66,
86,89,66,
85,90,68,
86,92,70,
85,91,69,
86,92,71,
86,93,70,
85,94,71,
86,93,71,
85,94,72,
86,94,73,
86,94,73,
86,93,73,
85,91,70,
86,91,69,
85,91,67,
86,91,69,
86,92,71,
85,91,70,
86,91,71,
85,92,71,
86,92,70,
86,92,70,
85,92,71,
86,91,70,
86,92,71,
85,92,70,
86,93,72,
85,94,72,
86,95,74,
86,94,72,
85,91,69,
86,91,68,
85,90,69,
86,90,68,
85,91,69,
86,93,70,
85,92,70,
86,93,72,
86,92,71,
85,92,71,
86,92,71,
85,92,70,
86,93,70,
85,93,70,
86,95,72,
85,94,72,
86,93,72,
85,93,71,
86,92,70,
85,91,70,
86,91,70,
85,90,68,
86,92,70,
86,92,71,
85,92,71,
86,93,72,
85,93,70,
86,93,71,
85,93,70,
86,93,72,
85,93,71,
86,93,73,
86,94,73,
85,94,72,
86,95,72,
85,94,73,
86,92,72,
85,91,69,
86,90,69,
85,91,68,
86,91,70,
85,93,71,
86,92,70,
85,92,70,
86,92,70,
85,91,70,
86,93,70,
85,92,71,
86,91,70,
85,92,71,
86,94,74,
85,94,72,
86,96,75,
85,95,73,
86,93,71,
85,91,69,
86,92,71,
85,92,70,
86,92,70,
85,92,70,
86,93,72,
85,92,71,
86,93,72,
85,94,72,
86,93,71,
85,92,72,
86,92,71,
85,93,71,
86,94,72,
85,93,71,
86,96,74,
85,94,72,
86,94,71,
85,92,71,
86,91,69,
86,90,68,
85,92,70,
86,91,69,
85,91,71,
86,92,70,
85,92,71,
86,93,71,
85,92,71,
85,93,72,
86,94,71,
86,93,71,
85,94,73,
86,94,72,
85,95,74,
86,95,73,
85,92,71,
86,91,69,
85,91,69,
85,90,67,
86,92,69,
85,93,70,
86,92,71,
85,92,70,
86,91,70,
85,91,70,
86,93,71,
85,93,72,
86,93,71,
85,92,71,
86,93,72,
85,93,73,
86,96,73,
85,94,73,
86,93,71,
85,92,69,
86,92,69,
85,90,68,
86,91,71,
85,92,70,
85,92,70,
86,91,69,
85,93,70,
86,92,70,
85,92,70,
86,93,71,
85,92,72,
85,92,70,
86,93,72,
86,93,72,
85,94,74,
86,95,73,
85,93,71,
85,91,70,
86,91,69,
85,90,67,
86,91,68,
85,91,69,
86,92,70,
85,91,71,
86,92,71,
85,92,72,
85,92,71,
86,93,72,
85,93,72,
86,92,71,
85,93,71,
86,95,73,
85,94,72,
86,94,73,
85,94,73,
86,90,70,
85,92,68,
85,91,68,
86,92,69,
85,92,69,
86,92,69,
85,93,70,
85,92,71,
86,91,71,
85,92,70,
86,92,71,
85,92,70,
85,92,72,
86,92,71,
85,95,72,
86,96,74,
85,94,74,
86,93,72,
85,92,70,
86,91,69,
85,90,67,
86,90,66,
85,91,68,
85,92,70,
86,92,69,
85,93,71,
85,92,69,
86,92,71,
85,93,71,
86,93,69,
85,92,71,
85,93,71,
86,95,72,
85,94,72,
86,93,73,
85,94,71,
86,92,70,
85,92,70,
85,90,68,
86,89,68,
85,91,70,
86,91,69,
85,92,69,
85,92,70,
86,93,71,
85,94,70,
86,92,69,
85,93,70,
85,92,69,
86,92,71,
85,94,72,
86,94,72,
85,96,74,
86,94,72,
85,93,70,
85,91,68,
86,91,67,
85,90,66,
86,92,67,
85,91,69,
86,90,69,
85,91,69,
85,93,71,
86,91,69,
85,91,70,
86,93,71,
85,93,71,
86,92,70,
85,94,73,
86,94,73,
85,95,73,
85,93,72,
86,93,70,
85,90,68,
85,92,68,
86,90,70,
85,91,69,
86,92,71,
85,93,71,
85,93,70,
86,92,71,
85,93,67,
86,91,68,
85,92,69,
85,91,70,
86,91,70,
85,93,73,
86,93,71,
85,95,73,
86,93,73,
85,94,72,
85,91,70,
86,92,69,
85,90,67,
85,90,68,
86,91,69,
85,91,70,
86,93,70,
85,93,71,
86,93,71,
85,93,70,
85,94,72,
86,92,70,
85,93,70,
85,93,71,
86,94,72,
85,95,73,
86,94,73,
85,94,71,
85,91,70,
86,91,70,
85,90,68,
85,92,69,
86,91,69,
85,92,71,
85,92,71,
86,91,71,
85,91,70,
85,92,70,
86,92,70,
85,93,69,
85,92,71,
86,95,72,
85,93,72,
86,96,73,
85,96,74,
86,93,72,
85,90,68,
85,90,69,
86,89,68,
85,91,70,
86,91,71,
85,92,70,
85,92,71,
86,93,70,
85,91,70,
85,92,71,
86,93,71,
85,92,69,
86,93,70,
85,93,72,
85,94,71,
86,94,73,
85,95,73,
86,93,72,
85,92,69,
85,91,69,
86,90,68,
85,92,68,
85,91,67,
86,92,70,
85,92,70,
85,93,71,
86,93,73,
85,93,70,
85,92,70,
86,93,71,
85,92,71,
86,93,72,
85,94,73,
85,95,74,
86,94,74,
85,93,71,
85,92,69,
86,91,71,
85,91,68,
85,90,69,
86,92,68,
85,91,70,
85,92,71,
86,92,70,
85,92,69,
85,91,71,
86,92,69,
85,92,71,
86,91,72,
85,93,72,
85,93,72,
86,94,72,
85,95,73,
85,95,73,
86,92,70,
85,91,70,
85,91,70,
86,91,69,
85,92,71,
85,93,72,
86,93,71,
85,92,72,
85,92,70,
86,92,70,
85,93,70,
85,93,71,
86,94,71,
85,94,70,
85,94,72,
86,93,72,
85,94,72,
85,94,73,
86,92,71,
85,90,69,
85,91,69,
86,90,68,
85,91,70,
85,91,70,
86,93,71,
85,91,70,
85,93,70,
86,93,71,
85,92,70,
86,92,71,
85,93,70,
85,92,70,
86,94,72,
85,95,71,
85,94,73,
86,93,71,
85,91,68,
85,91,67,
86,91,69,
85,90,67,
85,90,67,
85,92,70,
86,93,70,
85,93,69,
86,93,71,
85,93,70,
85,93,70,
86,92,71,
85,92,71,
85,93,71,
86,94,73,
85,94,71,
85,94,73,
86,94,72,
85,93,70,
85,91,68,
86,91,69,
85,91,69,
85,92,69,
86,92,71,
85,92,70,
85,92,70,
86,92,71,
85,93,71,
85,92,72,
85,91,70,
86,92,71,
85,92,70,
85,94,74,
86,94,72,
85,96,74,
85,93,73,
86,93,70,
85,91,68,
85,92,69,
85,90,67,
86,91,68,
85,91,70,
85,92,70,
86,92,70,
85,92,72,
85,93,72,
86,93,70,
85,92,69,
85,93,71,
86,93,71,
85,94,72,
85,94,73,
86,94,72,
85,95,73,
85,94,71,
86,92,70,
85,92,71,
85,90,66,
86,91,67,
85,91,70,
85,91,70,
85,92,69,
86,92,69,
85,92,68,
85,92,71,
86,92,69,
85,93,71,
85,92,69,
86,93,72,
85,93,72,
85,94,74,
85,94,73,
86,95,71,
85,91,70,
85,92,69,
85,91,67,
86,91,68,
85,92,69,
85,91,68,
86,90,69,
85,91,69,
85,91,69,
85,93,69,
86,92,69,
85,92,70,
85,93,69,
85,93,70,
86,94,72,
85,95,72,
85,95,74,
86,93,70,
85,91,68,
85,91,68,
86,91,68,
85,90,69,
85,92,69,
86,92,70,
85,92,69,
85,92,72,
86,93,71,
85,91,70,
85,92,70,
85,92,72,
86,93,69,
85,93,71,
85,94,72,
86,94,71,
85,95,72,
85,94,72,
86,92,70,
85,92,70,
85,90,67,
85,90,68,
86,91,69,
85,92,71,
85,92,70,
86,92,71,
85,92,71,
85,92,70,
85,92,69,
86,93,72,
85,92,70,
85,93,70,
85,95,73,
86,94,72,
85,96,73,
85,95,72,
86,92,70,
85,91,68,
85,91,69,
85,90,69,
86,91,69,
85,91,69,
85,92,69,
85,90,70,
86,92,69,
85,92,70,
85,91,68,
85,91,69,
86,92,70,
85,93,70,
85,94,74,
86,94,71,
85,95,73,
85,95,73,
85,92,71,
85,93,69,
86,91,70,
85,91,68,
85,92,69,
85,93,71,
85,92,70,
86,91,69,
85,93,70,
85,93,70,
86,91,68,
85,92,70,
85,92,69,
85,92,70,
86,94,72,
85,94,71,
85,95,73,
86,95,73,
85,93,70,
85,91,68,
85,91,68,
85,89,68,
86,91,69,
85,92,70,
85,92,71,
85,93,72,
86,92,70,
85,99,79,
86,100,79,
85,95,73,
85,94,72,
86,94,71,
85,94,72,
85,94,71,
85,93,72,
86,93,71,
85,90,68,
85,89,68,
85,90,69,
85,90,67,
86,89,67,
85,91,68,
85,92,69,
85,91,70,
86,92,71,
85,91,70,
85,92,70,
85,92,70,
86,92,71,
85,91,72,
85,94,73,
86,94,73,
85,94,73,
85,94,73,
85,94,71,
86,91,70,
85,92,70,
85,91,68,
85,92,71,
86,91,70,
85,93,70,
85,93,71,
86,93,71,
85,93,71,
85,92,71,
85,93,70,
85,91,70,
86,91,70,
85,94,71,
85,93,71,
85,94,72,
86,94,71,
85,93,70,
85,90,68,
85,92,68,
86,89,68,
85,90,68,
85,91,70,
85,91,69,
85,92,70,
85,92,70,
86,93,70,
85,92,70,
85,93,70,
85,93,71,
86,92,69,
85,93,71,
85,94,73,
85,95,72,
86,94,73,
85,93,72,
85,91,69,
85,91,67,
86,90,68,
85,91,69,
85,92,71,
85,93,68,
85,91,69,
86,92,70,
85,91,70,
85,91,69,
85,93,69,
86,92,70,
85,91,70,
85,93,72,
85,94,72,
86,94,72,
85,95,74,
85,93,72,
85,92,71,
86,91,69,
85,90,69,
85,90,68,
85,91,69,
86,93,69,
85,92,70,
85,92,69,
85,93,71,
86,92,70,
85,93,71,
85,93,71,
86,92,71,
85,92,70,
85,94,73,
85,93,73,
86,95,73,
85,93,73,
85,93,70,
85,91,71,
86,89,68,
85,90,67,
85,91,68,
85,91,69,
85,92,71,
86,93,70,
85,92,70,
85,91,70,
85,92,70,
85,94,71,
86,92,70,
85,93,69,
85,95,73,
85,94,72,
86,95,73,
85,94,72,
85,93,71,
85,91,69,
85,91,69,
86,90,67,
85,92,71,
85,93,71,
85,92,71,
85,93,70,
86,91,70,
85,91,70,
85,92,71,
85,93,71,
86,92,70,
85,92,69,
85,93,72,
85,94,72,
86,95,73,
85,94,72,
85,92,70,
85,92,68,
86,90,69,
85,90,66,
85,90,69,
85,91,68,
86,93,71,
85,92,71,
85,94,73,
85,93,71,
85,93,72,
86,92,72,
85,92,71,
85,92,70,
85,93,72,
85,93,72,
86,96,73,
85,94,73,
85,93,69,
85,90,68,
85,90,67,
86,88,66,
85,91,67,
85,91,69,
85,93,71,
85,92,70,
86,93,71,
85,92,70,
85,92,71,
85,93,71,
85,92,72,
86,93,70,
85,94,72,
85,95,72,
86,94,74,
85,94,72,
85,93,71,
85,91,68,
85,92,68,
86,90,68,
85,93,69,
85,92,71,
85,93,72,
86,92,72,
85,93,72,
85,92,71,
85,92,70,
86,91,69,
85,91,68,
85,91,70,
85,93,72,
85,93,72,
86,95,73,
85,95,73,
85,93,73,
85,91,69,
86,92,69,
85,91,67,
85,91,69,
85,92,68,
85,91,70,
86,93,70,
85,92,71,
85,92,70,
85,93,71,
86,91,71,
85,91,70,
85,91,69,
85,92,70,
85,94,71,
86,94,74,
85,95,73,
85,93,72,
85,92,69,
86,92,70,
85,90,70,
85,91,69,
85,92,68,
85,92,69,
86,92,70,
85,93,70,
85,92,70,
85,91,70,
85,92,70,
86,92,70,
85,92,69,
85,93,72,
85,93,72,
86,93,72,
85,94,73,
85,93,71,
85,92,68,
85,91,70,
85,91,69,
85,92,70,
86,92,71,
85,92,70,
85,92,69,
85,92,69,
85,93,70,
85,90,68,
86,91,67,
85,92,69,
85,92,70,
85,93,70,
86,94,72,
85,94,72,
85,94,74,
85,94,72,
85,91,69,
86,92,69,
85,90,68,
85,89,66,
85,91,69,
85,92,69,
86,92,70,
85,91,71,
85,93,72,
85,93,75,
85,93,72,
86,92,74,
85,93,77,
85,93,78,
85,94,81,
85,94,84,
86,94,88,
85,93,93,
85,93,96,
85,91,101,
86,91,108,
85,90,117,
86,90,126,
85,91,141,
86,91,157,
85,92,176,
86,91,193,
86,91,213,
86,91,236,
86,91,261,
86,92,287,
86,91,315,
87,95,347,
87,98,376,
87,102,407,
88,106,435,
87,108,462,
88,110,493,
89,112,519,
88,100,543,
88,93,567,
89,90,594,
89,89,618,
89,89,638,
89,88,654,
89,87,669,
90,86,681,
90,86,693,
91,87,702,
90,86,710,
91,89,718,
91,89,720,
92,90,724,
91,90,723,
92,88,718,
91,88,716,
92,87,712,
92,86,708,
92,88,707,
93,90,704,
92,89,697,
92,91,688,
93,89,679,
92,90,672,
92,90,663,
93,91,655,
92,91,645,
93,90,635,
92,91,626,
93,93,617,
92,93,608,
92,94,598,
93,93,588,
92,91,575,
92,91,566,
92,91,555,
92,92,546,
92,94,536,
92,94,526,
92,94,515,
92,93,504,
92,94,493,
91,93,482,
92,93,474,
91,94,463,
92,93,455,
91,95,447,
91,94,437,
91,95,429,
91,93,419,
91,92,409,
91,90,398,
90,88,387,
91,86,377,
90,86,371,
91,88,365,
90,86,354,
90,85,347,
90,85,339,
90,84,331,
90,83,324,
89,83,316,
90,87,311,
90,93,304,
90,96,296,
89,97,291,
90,98,285,
90,97,277,
89,96,268,
89,94,260,
90,93,256,
89,92,250,
89,92,246,
89,92,240,
89,93,236,
89,94,232,
89,95,227,
88,96,222,
89,97,217,
89,97,213,
89,98,212,
88,96,205,
89,96,201,
88,97,197,
88,97,195,
89,96,193,
88,95,189,
88,95,184,
88,94,180,
88,92,175,
88,94,173,
88,95,172,
88,95,168,
88,94,165,
88,92,161,
87,93,159,
88,94,158,
88,94,155,
87,95,154,
88,94,152,
87,94,148,
88,96,149,
88,96,149,
87,97,146,
88,95,145,
87,93,140,
87,94,139,
88,93,135,
87,92,134,
87,94,135,
88,94,133,
87,94,132,
87,94,132,
87,94,130,
87,95,128,
87,94,129,
88,93,126,
87,93,125,
87,94,122,
87,94,124,
87,96,123,
87,95,123,
87,95,121,
87,94,119,
87,94,118,
87,93,116,
87,92,114,
87,93,116,
86,94,115,
87,94,115,
87,94,114,
87,94,113,
87,93,113,
87,93,111,
86,93,111,
87,93,111,
87,93,111,
87,96,113,
86,95,110,
87,95,111,
87,95,109,
87,94,107,
86,94,107,
87,93,106,
87,92,105,
87,93,105,
86,93,104,
87,94,105,
87,93,106,
86,94,104,
87,93,104,
86,94,102,
87,92,103,
86,93,101,
87,93,101,
87,94,103,
86,94,103,
87,96,103,
86,94,102,
87,94,100,
86,90,97,
87,91,96,
86,91,96,
86,93,97,
87,93,97,
86,93,98,
87,94,99,
86,94,99,
87,93,97,
86,93,97,
87,93,95,
86,91,95,
87,93,96,
86,95,99,
86,95,98,
87,96,97,
86,95,97,
87,93,95,
86,92,91,
86,91,92,
87,91,91,
86,92,92,
86,93,92,
86,93,92,
87,92,93,
86,93,92,
86,93,92,
87,93,92,
86,93,92,
86,94,92,
87,93,91,
86,95,92,
86,96,93,
87,96,93,
86,97,93,
86,95,91,
87,93,89,
86,92,89,
86,91,87,
86,92,88,
87,92,89,
86,92,87,
86,93,90,
86,93,89,
87,92,89,
86,93,90,
86,92,88,
86,93,88,
86,92,88,
87,94,89,
86,95,91,
86,95,90,
86,96,89,
87,95,89,
86,93,85,
86,92,85,
86,92,83,
86,92,85,
86,93,86,
87,93,86,
86,93,86,
86,93,86,
86,93,85,
86,92,85,
87,94,85,
86,93,86,
86,94,86,
86,95,87,
86,95,87,
86,95,87,
86,95,87,
87,94,86,
86,93,85,
86,91,83,
86,90,80,
86,90,82,
86,92,83,
86,92,84,
86,92,83,
86,93,84,
86,95,86,
86,93,84,
87,94,84,
86,93,84,
86,93,84,
86,94,83,
86,94,85,
86,94,84,
86,94,86,
86,94,84,
86,92,81,
86,92,80,
86,91,81,
86,92,81,
86,92,82,
86,93,82,
86,92,81,
86,93,80,
86,94,82,
86,93,81,
86,93,82,
86,94,81,
86,93,80,
86,93,81,
86,94,83,
86,93,81,
87,95,83,
86,94,82,
86,93,79,
86,92,78,
86,90,77,
85,90,77,
86,91,78,
86,93,78,
86,91,78,
86,92,79,
86,93,79,
86,93,81,
86,93,80,
86,94,79,
86,92,78,
86,92,78,
86,95,81,
86,95,79,
86,95,82,
86,95,81,
86,94,79,
86,93,77,
86,92,78,
86,92,77,
86,92,79,
86,93,78,
86,92,77,
86,92,77,
86,93,78,
86,94,78,
86,91,76,
86,92,76,
86,91,77,
85,91,77,
86,94,80,
86,93,79,
86,96,79,
86,95,80,
86,94,78,
86,92,78,
86,92,77,
85,91,77,
86,92,76,
86,92,77,
86,93,77,
86,92,77,
86,93,75,
86,93,77,
86,93,77,
86,93,76,
85,93,75,
86,93,77,
86,94,79,
86,94,78,
86,96,79,
86,95,78,
86,94,78,
86,91,75,
86,92,76,
86,89,73,
85,91,74,
86,93,77,
86,106,92,
87,108,93,
86,100,85,
85,97,81,
86,95,77,
86,92,75,
86,85,68,
86,82,67,
86,88,73,
85,92,75,
86,94,77,
86,95,79,
86,95,78,
86,91,74,
85,91,74,
86,91,73,
86,92,74,
86,92,74,
86,92,75,
85,91,75,
86,93,75,
86,92,74,
86,92,75,
86,92,74,
85,92,75,
86,92,75,
86,92,76,
86,95,77,
86,95,77,
86,95,78,
85,94,76,
86,91,72,
86,91,72,
86,91,71,
85,90,73,
86,92,73,
86,91,76,
86,93,75,
86,92,76,
85,93,76,
86,94,76,
86,94,76,
86,93,75,
86,92,73,
85,94,75,
86,94,78,
86,96,78,
86,95,75,
85,93,76,
86,92,74,
86,90,72,
86,90,70,
85,90,70,
86,90,71,
86,91,74,
86,92,74,
85,93,76,
86,93,74,
86,92,75,
86,93,74,
85,93,75,
86,92,74,
86,94,76,
86,95,77,
86,96,77,
86,95,77,
85,95,75,
86,93,74,
86,91,71,
86,91,70,
86,91,71,
86,92,73,
86,91,74,
86,93,73,
86,93,74,
86,93,74,
87,94,74,
86,93,74,
87,94,74,
87,94,73,
87,94,76,
88,96,79,
88,97,78,
89,99,79,
89,99,77,
90,97,76,
91,98,77,
92,100,78,
94,101,79,
94,102,80,
97,106,80,
98,108,84,
101,111,88,
104,115,90,
108,120,92,
111,125,95,
116,133,101,
122,139,106,
127,148,112,
135,159,120,
144,171,128,
153,183,137,
164,197,145,
177,210,154,
192,228,166,
209,250,180,
228,273,197,
249,301,219,
275,333,240,
303,367,265,
335,410,293,
371,455,324,
411,505,358,
457,563,400,
508,627,444,
564,698,496,
628,777,551,
698,867,613,
777,962,680,
864,1071,757,
959,1190,840,
1065,1321,931,
1182,1464,1028,
1308,1620,1139,
1449,1790,1258,
1600,1980,1391,
1766,2182,1534,
1947,2403,1689,
2142,2644,1857,
2353,2901,2037,
2581,3178,2233,
2826,3476,2443,
3091,3799,2669,
3374,4140,2908,
3676,4508,3168,
3999,4897,3448,
4343,5314,3742,
4707,5755,4048,
5093,6218,4374,
5500,6709,4723,
5931,7224,5088,
6383,7766,5473,
6856,8330,5875,
7353,8923,6295,
7870,9540,6730,
8409,10185,7189,
8968,10848,7663,
9543,11530,8148,
10137,12233,8644,
10746,12954,9161,
11371,13694,9687,
12010,14446,10222,
12662,15212,10770,
13327,15992,11327,
14000,16783,11895,
14679,17580,12468,
15366,18381,13037,
16053,19178,13613,
16741,19980,14193,
17429,20782,14770,
18112,21567,15338,
18790,22353,15906,
19456,23127,16459,
20112,23884,17008,
20756,24634,17540,
21387,25352,18073,
21998,26053,18579,
22590,26729,19072,
23157,27376,19547,
23701,27995,19993,
24219,28588,20427,
24711,29142,20835,
25178,29671,21225,
25618,30164,21587,
26028,30623,21923,
26410,31043,22236,
26761,31430,22527,
27077,31776,22793,
27364,32090,23028,
27618,32368,23232,
27839,32603,23413,
28029,32801,23579,
28187,32961,23702,
28314,33086,23805,
28410,33181,23881,
28476,33237,23933,
28510,33257,23957,
28514,33238,23959,
28492,33199,23940,
28445,33121,23897,
28370,33021,23827,
28268,32888,23742,
28138,32719,23639,
27988,32525,23507,
27817,32310,23361,
27623,32072,23199,
27409,31810,23013,
27172,31520,22821,
26915,31207,22604,
26643,30879,22373,
26356,30536,22130,
26055,30179,21878,
25743,29808,21618,
25416,29418,21339,
25080,29015,21056,
24733,28602,20761,
24377,28181,20465,
24013,27750,20163,
23640,27314,19852,
23260,26867,19535,
22875,26413,19214,
22486,25958,18888,
22094,25496,18559,
21696,25033,18219,
21296,24565,17881,
20893,24097,17548,
20487,23623,17206,
20084,23152,16869,
19680,22684,16533,
19278,22219,16202,
18878,21752,15865,
18480,21286,15527,
18084,20826,15195,
17692,20369,14867,
17304,19918,14541,
16919,19472,14217,
16538,19036,13907,
16164,18603,13592,
15792,18175,13279,
15424,17749,12969,
15061,17327,12662,
14702,16914,12364,
14348,16502,12061,
14001,16100,11769,
13659,15708,11486,
13324,15323,11209,
12995,14943,10932,
12672,14571,10658,
12353,14203,10389,
12040,13840,10128,
11733,13487,9867,
11434,13143,9620,
11142,12810,9374,
10855,12478,9137,
10576,12156,8903,
10302,11841,8669,
10034,11534,8446,
9773,11231,8228,
9518,10936,8011,
9269,10649,7799,
9025,10372,7597,
8789,10099,7398,
8558,9834,7206,
8333,9578,7016,
8114,9325,6833,
7901,9081,6655,
7694,8844,6479,
7491,8610,6309,
7296,8385,6143,
7105,8169,5983,
6920,7955,5828,
6739,7749,5680,
6563,7549,5532,
6393,7351,5388,
6225,7162,5251,
6064,6973,5114,
5907,6791,4979,
5756,6615,4846,
5609,6448,4725,
5465,6281,4603,
5326,6123,4488,
5192,5971,4373,
5062,5822,4265,
4936,5676,4161,
4815,5538,4060,
4696,5403,3959,
4583,5270,3860,
4471,5145,3767,
4364,5020,3678,
4259,4899,3592,
4158,4786,3507,
4059,4674,3426,
3964,4565,3344,
3871,4457,3266,
3782,4354,3189,
3695,4253,3117,
3612,4158,3048,
3530,4061,2976,
3453,3973,2909,
3376,3886,2845,
3303,3802,2785,
3233,3722,2726,
3163,3644,2669,
3097,3566,2612,
3031,3492,2555,
2968,3420,2505,
2907,3350,2451,
2847,3283,2402,
2791,3218,2355,
2734,3153,2310,
2681,3093,2264,
2629,3032,2219,
2579,2973,2174,
2531,2916,2131,
2483,2862,2094,
2438,2809,2053,
2394,2759,2019,
2351,2709,1983,
2309,2660,1947,
2267,2614,1915,
2229,2567,1880,
2190,2522,1847,
2152,2481,1816,
2117,2441,1786,
2081,2401,1756,
2046,2361,1725,
2014,2324,1700,
1981,2290,1676,
1951,2254,1650,
1919,2218,1622,
1890,2182,1594,
1862,2147,1567,
1833,2117,1545,
1807,2085,1522,
1780,2055,1499,
1755,2026,1479,
1730,1996,1457,
1706,1969,1437,
1683,1943,1417,
1659,1915,1398,
1637,1889,1381,
1616,1864,1362,
1594,1838,1343,
1573,1816,1327,
1553,1795,1312,
1533,1773,1296,
1514,1749,1278,
1495,1727,1262,
1477,1705,1245,
1458,1682,1228,
1441,1664,1213,
1423,1641,1198,
1407,1622,1183,
1390,1604,1171,
1375,1586,1160,
1359,1570,1146,
1343,1551,1133,
1329,1536,1119,
1313,1519,1107,
1300,1503,1097,
1285,1486,1084,
1271,1470,1073,
1257,1453,1062,
1244,1438,1051,
1231,1422,1039,
1218,1409,1030,
1205,1394,1018,
1193,1377,1006,
1181,1362,993,
1169,1347,982,
1157,1333,971,
1145,1321,962,
1134,1308,954,
1123,1295,946,
1111,1283,937,
1101,1272,928,
1091,1258,917,
1080,1247,909,
1069,1235,901,
1060,1223,894,
1050,1210,886,
1039,1202,880,
1031,1192,871,
1020,1181,863,
1011,1169,854,
1002,1155,843,
993,1144,834,
983,1133,827,
975,1123,819,
966,1114,814,
957,1103,805,
949,1093,799,
940,1085,793,
932,1074,786,
923,1063,777,
916,1055,769,
908,1047,766,
900,1039,756,
892,1030,753,
885,1024,748,
877,1014,741,
869,1006,736,
862,997,729,
854,986,721,
848,976,714,
840,966,707,
832,958,699,
826,951,695,
819,943,691,
812,936,684,
805,927,677,
798,920,671,
793,913,665,
785,905,661,
779,898,656,
773,889,648,
766,882,644,
760,878,641,
754,871,638,
748,866,635,
742,857,627,
736,850,619,
730,841,614,
724,835,610,
719,827,604,
713,822,599,
707,815,595,
702,808,591,
696,800,587,
691,796,582,
685,789,577,
679,782,571,
675,776,567,
668,771,561,
664,765,559,
658,760,557,
654,754,553,
648,749,548,
644,743,544,
638,736,540,
634,728,532,
628,722,527,
624,715,524,
620,712,523,
614,707,519,
611,703,515,
606,698,508,
601,693,504,
596,686,500,
592,679,500,
588,675,496,
583,670,484,
579,666,480,
575,662,480,
570,658,481,
567,653,478,
562,649,477,
558,642,470,
554,636,465,
550,631,462,
545,624,456,
542,620,453,
538,617,451,
534,613,449,
530,609,447,
526,604,443,
523,601,440,
519,595,436,
515,591,433,
511,588,430,
509,584,427,
504,580,426,
501,576,423,
497,571,421,
494,567,416,
490,562,412,
487,558,408,
483,554,407,
480,549,403,
476,545,399,
473,543,397,
470,538,396,
466,534,392,
463,530,389,
460,527,386,
457,523,384,
453,519,380,
450,516,378,
447,513,377,
444,511,377,
441,508,374,
438,503,371,
436,502,368,
432,497,366,
429,490,361,
427,488,359,
423,483,354,
421,480,352,
418,479,353,
415,474,350,
413,473,346,
410,469,344,
407,466,343,
405,464,341,
402,460,339,
399,457,338,
398,454,334,
394,452,332,
392,450,332,
389,448,329,
387,445,328,
384,441,324,
382,436,319,
379,432,317,
377,428,315,
374,426,313,
371,423,313,
370,422,309,
367,419,310,
364,417,306,
363,414,305,
359,412,302,
358,408,299,
355,405,299,
354,403,296,
350,402,295,
349,401,295,
347,398,292,
345,396,294,
342,393,291,
340,388,287,
338,386,285,
337,384,283,
334,381,281,
332,379,279,
330,377,277,
328,373,277,
326,372,274,
324,369,271,
322,367,269,
321,365,270,
318,363,269,
316,362,268,
315,359,265,
312,359,266,
311,356,264,
309,355,264,
307,352,261,
305,348,258,
304,344,255,
302,341,251,
300,339,249,
298,338,249,
296,338,248,
295,335,247,
293,333,246,
291,331,244,
289,331,240,
288,328,242,
286,326,240,
285,324,240,
283,323,239,
282,323,239,
280,320,239,
278,319,238,
277,315,234,
275,312,231,
274,310,229,
272,307,227,
271,305,225,
269,303,223,
267,303,223,
267,304,224,
264,301,223,
264,301,222,
262,297,219,
260,296,219,
259,293,217,
258,292,216,
257,291,216,
255,291,216,
253,289,214,
253,289,214,
251,287,212,
250,284,211,
248,281,207,
248,279,206,
245,276,204,
245,276,203,
243,276,203,
242,274,203,
241,273,202,
240,271,201,
238,269,199,
238,269,199,
236,266,197,
235,266,198,
233,263,195,
233,265,197,
231,264,197,
231,263,196,
229,261,194,
228,259,191,
227,256,189,
226,255,189,
224,252,188,
224,253,187,
223,250,185,
222,249,185,
220,248,185,
219,247,184,
219,246,183,
217,245,181,
217,244,182,
215,243,181,
214,243,180,
214,243,182,
212,242,179,
211,241,179,
211,239,179,
209,238,177,
209,235,174,
207,234,172,
207,230,170,
205,229,170,
205,229,169,
203,228,168,
203,228,169,
202,229,168,
202,227,167,
200,225,169,
199,226,168,
199,223,168,
197,223,166,
197,224,167,
196,223,168,
195,223,168,
195,222,166,
193,221,162,
193,216,160,
192,216,160,
191,213,157,
190,211,158,
189,212,158,
189,212,157,
188,211,158,
187,210,156,
186,210,158,
186,208,156,
185,208,155,
184,208,156,
183,206,154,
183,206,153,
182,206,154,
181,206,155,
181,205,153,
179,204,153,
179,202,149,
179,201,150,
177,199,146,
177,198,147,
176,199,149,
176,197,146,
175,196,146,
174,194,143,
174,192,143,
173,193,143,
172,193,143,
172,192,142,
171,192,143,
170,192,142,
170,193,145,
169,193,145,
169,192,144,
168,188,141,
167,187,139,
167,187,138,
166,184,136,
166,184,135,
165,185,136,
164,183,137,
164,184,135,
163,183,137,
163,182,135,
162,181,134,
161,180,134,
161,179,135,
161,180,135,
159,180,135,
160,179,135,
159,178,134,
158,179,135,
158,179,133,
157,176,130,
157,174,130,
156,173,127,
156,171,126,
155,172,129,
155,172,127,
154,172,128,
154,171,127,
153,170,127,
153,170,127,
152,170,127,
152,169,127,
151,170,126,
151,168,125,
151,170,127,
150,168,127,
149,170,129,
149,169,127,
149,167,126,
148,165,124,
148,165,124,
147,163,122,
147,162,122,
147,164,123,
146,163,121,
145,161,121,
146,162,121,
145,160,120,
144,161,120,
144,160,119,
144,158,119,
143,160,118,
143,160,120,
142,160,119,
142,161,122,
142,160,120,
141,157,118,
141,155,115,
140,155,116,
140,154,115,
140,154,116,
139,154,114,
139,155,115,
139,154,117,
138,155,116,
138,153,114,
137,152,113,
137,151,113,
137,151,113,
137,151,114,
136,152,115,
136,152,114,
135,152,116,
136,152,115,
134,151,113,
135,148,111,
134,147,113,
134,146,111,
133,146,110,
134,146,109,
132,145,110,
133,147,110,
132,147,110,
132,147,111,
132,146,109,
131,146,109,
131,147,110,
131,146,110,
130,146,111,
130,146,110,
130,147,111,
129,146,111,
130,144,109,
129,142,106,
128,141,107,
129,139,104,
128,141,105,
128,140,106,
127,140,104,
127,140,105,
127,139,105,
127,140,106,
126,139,105,
126,140,105,
126,140,104,
126,139,104,
125,140,107,
126,141,107,
124,142,109,
125,140,106,
124,139,105,
125,136,101,
123,136,102,
124,134,99,
123,135,101,
123,135,102,
123,136,102,
123,135,101,
122,136,103,
122,134,100,
122,134,102,
122,135,101,
122,134,101,
121,134,100,
121,135,102,
121,136,103,
120,135,103,
121,135,103,
120,135,102,
119,131,100,
120,131,98,
120,129,97,
119,129,98,
119,130,97,
119,131,98,
118,131,98,
119,131,99,
118,130,96,
118,131,97,
118,131,98,
118,130,98,
117,129,98,
117,130,99,
117,130,100,
117,130,99,
117,131,99,
117,129,97,
116,127,96,
116,128,95,
116,128,95,
116,127,95,
115,127,95,
115,127,95,
116,127,96,
115,126,95,
114,127,96,
115,126,96,
114,126,95,
115,124,94,
114,125,94,
114,124,93,
113,126,95,
114,127,96,
114,127,96,
113,126,94,
113,124,92,
113,123,93,
112,123,92,
113,122,92,
112,122,92,
113,122,93,
112,123,93,
112,124,94,
112,123,92,
112,124,91,
111,123,94,
111,122,93,
111,122,92,
111,122,93,
111,124,95,
111,124,94,
111,123,93,
110,122,91,
111,121,92,
110,119,90,
110,119,89,
110,119,89,
109,119,91,
110,119,90,
109,120,89,
110,119,89,
109,121,92,
109,121,92,
109,121,91,
109,120,90,
108,119,88,
109,119,90,
108,121,93,
109,120,93,
108,122,93,
108,119,92,
108,118,89,
108,116,88,
107,116,88,
108,116,87,
107,117,88,
108,116,88,
107,117,88,
107,117,89,
107,118,89,
107,116,88,
107,116,89,
106,117,87,
107,116,88,
106,117,88,
106,120,91,
106,118,91,
107,119,92,
106,119,91,
105,118,89,
106,115,87,
106,114,86,
105,113,85,
105,113,85,
106,114,86,
105,114,86,
105,114,88,
105,115,88,
105,115,87,
104,116,86,
105,115,87,
105,114,86,
104,115,86,
105,115,89,
104,116,89,
104,116,90,
104,116,90,
104,114,86,
104,112,84,
104,113,84,
104,111,83,
103,111,86,
104,112,84,
103,112,85,
104,112,84,
103,113,86,
103,115,87,
103,112,85,
103,113,85,
103,113,86,
103,113,85,
102,113,85,
103,114,87,
103,114,86,
102,114,85,
103,113,85,
102,111,82,
102,111,84,
102,110,82,
102,110,83,
102,110,84,
102,112,85,
102,112,85,
102,112,85,
101,111,86,
102,112,86,
101,111,85,
102,112,85,
101,111,84,
101,112,87,
102,112,84,
101,112,86,
101,112,85,
101,111,85,
100,109,82,
101,109,81,
101,108,81,
100,110,84,
101,108,83,
101,109,82,
100,110,83,
100,110,84,
101,109,83,
100,109,83,
100,109,82,
100,109,81,
100,109,81,
100,110,84,
100,111,85,
100,112,86,
100,111,85,
99,110,84,
100,107,82,
99,107,82,
100,107,80,
99,107,79,
100,108,81,
99,108,82,
99,108,82,
99,108,81,
99,109,82,
100,107,81,
98,107,81,
99,107,81,
99,107,81,
99,108,80,
99,108,82,
98,109,83,
99,110,86,
98,109,82,
99,109,82,
98,107,80,
99,104,79,
98,105,78,
98,106,81,
98,107,80,
99,107,81,
98,107,82,
98,107,81,
98,107,79,
97,107,81,
98,107,81,
98,107,79,
98,106,80,
97,109,82,
98,108,82,
98,108,85,
97,108,83,
98,107,81,
97,106,80,
98,104,80,
97,104,78,
97,107,79,
97,105,79,
98,106,81,
97,106,80,
97,104,79,
97,105,80,
97,105,81,
97,105,79,
97,106,78,
97,106,80,
97,108,82,
96,107,81,
97,110,84,
97,108,81,
97,106,81,
96,103,77,
97,104,79,
96,102,77,
96,104,78,
97,103,78,
96,104,80,
97,105,79,
96,105,80,
96,104,78,
96,104,79,
96,105,78,
96,105,80,
96,105,80,
96,106,82,
96,107,80,
96,107,83,
96,107,81,
96,105,81,
95,103,79,
96,105,79,
96,103,78,
95,104,78,
96,102,78,
95,103,78,
96,103,79,
95,103,78,
96,102,77,
95,104,78,
96,109,84,
95,110,87,
95,107,83,
96,106,83,
95,107,81,
95,106,83,
95,106,81,
95,104,80,
95,102,76,
95,99,73,
95,97,71,
95,100,74,
95,103,78,
95,101,77,
95,102,77,
95,102,77,
94,102,77,
95,103,78,
95,103,78,
95,104,78,
94,103,79,
95,105,78,
94,105,79,
95,105,81,
94,105,81,
95,104,78,
94,101,75,
94,101,76,
95,100,73,
94,99,75,
94,101,76,
94,102,77,
95,103,79,
94,102,78,
94,103,78,
94,103,79,
94,102,77,
94,102,79,
94,103,79,
94,103,78,
94,104,80,
94,104,79,
94,104,81,
94,103,78,
94,101,77,
94,101,76,
94,101,76,
93,101,76,
94,100,77,
94,101,76,
94,101,76,
93,100,77,
94,100,77,
93,101,76,
94,100,75,
94,102,76,
93,101,75,
94,103,77,
93,104,80,
94,105,81,
93,104,81,
93,104,80,
94,101,76,
93,101,76,
93,100,76,
94,100,75,
93,101,76,
93,102,77,
93,100,76,
93,101,76,
93,100,78,
94,102,79,
93,102,79,
93,101,77,
93,100,77,
93,101,77,
93,102,79,
93,102,79,
93,104,82,
93,103,79,
93,100,75,
92,98,74,
93,98,73,
93,99,73,
93,100,75,
92,100,74,
93,100,76,
93,101,76,
92,100,77,
93,102,79,
93,101,77,
92,101,77,
93,100,75,
92,101,78,
93,102,79,
93,102,77,
92,102,79,
93,102,79,
92,101,77,
92,100,75,
93,98,73,
92,97,74,
92,98,75,
93,99,75,
92,98,76,
92,97,75,
93,100,76,
92,101,78,
92,100,76,
93,100,76,
92,100,76,
92,101,76,
92,103,77,
92,102,76,
92,103,80,
93,103,78,
92,100,76,
92,99,75,
92,99,74,
92,99,74,
92,99,76,
92,100,74,
92,99,75,
92,98,74,
91,99,75,
92,100,74,
92,100,75,
92,101,76,
92,99,75,
92,99,74,
91,101,77,
92,102,79,
92,103,79,
92,102,79,
91,99,76,
92,99,73,
92,99,75,
91,97,73,
92,98,74,
92,99,74,
91,100,74,
92,100,76,
91,99,75,
92,99,76,
92,98,75,
91,99,77,
92,99,75,
91,100,75,
92,101,77,
91,101,77,
92,101,78,
91,100,77,
91,99,75,
92,98,74,
91,97,73,
91,95,70,
92,97,74,
91,98,76,
91,100,76,
91,99,75,
91,99,74,
92,98,77,
91,99,77,
91,100,75,
91,100,76,
91,100,76,
92,101,76,
91,101,77,
91,101,78,
91,101,77,
91,100,75,
91,98,73,
91,97,75,
91,97,73,
92,98,74,
91,98,75,
91,98,73,
91,96,73,
90,98,73,
91,98,75,
91,98,76,
91,98,74,
91,98,75,
91,99,74,
91,99,76,
91,100,78,
91,101,79,
91,100,77,
91,99,77,
90,97,73,
91,98,76,
91,98,73,
91,97,74,
90,98,72,
91,98,73,
91,99,74,
91,99,76,
91,98,73,
90,98,73,
91,98,75,
91,98,72,
90,96,74,
91,98,75,
91,101,77,
90,100,78,
91,101,76,
91,100,76,
90,98,74,
91,98,74,
90,95,73,
91,96,71,
90,97,73,
91,99,75,
90,97,75,
91,99,74,
90,98,74,
90,99,74,
91,98,73,
90,98,74,
91,98,73,
90,97,74,
91,99,77,
90,100,77,
90,102,78,
91,100,77,
90,96,74,
91,97,73,
90,96,72,
90,97,74,
91,97,72,
90,98,74,
90,97,73,
90,98,74,
91,98,75,
90,96,73,
90,97,73,
90,98,74,
91,97,74,
90,97,75,
90,99,75,
90,99,76,
90,101,78,
91,99,76,
90,96,75,
90,96,72,
90,96,72,
90,95,72,
90,97,73,
90,98,74,
90,98,77,
90,98,76,
90,98,75,
90,98,74,
90,98,76,
90,98,74,
90,98,74,
90,97,74,
90,99,76,
90,98,75,
90,99,77,
90,98,76,
90,97,75,
90,97,74,
90,96,73,
90,95,71,
90,96,74,
90,96,73,
89,97,73,
90,97,75,
90,98,75,
90,97,74,
89,97,72,
90,97,74,
90,98,76,
90,97,75,
90,99,76,
89,99,75,
90,100,77,
90,100,77,
90,99,75,
90,96,72,
89,96,72,
90,94,71,
89,98,74,
90,98,75,
90,97,74,
90,96,75,
89,97,73,
90,96,74,
90,97,74,
89,96,74,
90,97,75,
89,97,75,
90,99,76,
90,98,75,
89,100,77,
90,100,78,
89,98,74,
90,96,73,
89,96,73,
90,95,72,
89,96,73,
90,97,74,
89,97,74,
90,97,74,
89,96,74,
90,96,75,
89,96,74,
89,97,74,
90,96,74,
89,95,73,
90,98,75,
89,98,75,
90,100,76,
89,99,79,
90,98,75,
89,96,71,
90,95,72,
89,95,70,
89,95,72,
90,97,73,
89,96,73,
89,97,73,
90,96,72,
89,97,73,
89,96,72,
90,97,74,
89,97,74,
89,97,73,
90,99,75,
89,98,75,
89,99,75,
90,99,77,
89,99,77,
89,96,73,
89,96,73,
90,95,71,
89,97,72,
89,97,73,
89,95,71,
89,95,72,
89,96,71,
90,95,72,
89,97,73,
89,96,73,
89,98,74,
89,96,74,
89,97,75,
89,98,75,
90,99,77,
89,101,76,
89,99,75,
89,95,72,
89,96,73,
89,94,71,
89,94,70,
89,95,73,
89,96,73,
89,96,73,
89,95,73,
89,97,73,
89,97,72,
89,96,73,
89,95,72,
89,95,73,
89,98,74,
89,122,104,
90,117,97,
89,110,87,
89,105,82,
89,102,78,
89,100,75,
89,97,74,
89,95,73,
89,96,74,
89,96,73,
89,96,73,
89,95,71,
89,94,71,
88,90,67,
89,85,61,
89,90,65,
89,92,67,
89,93,70,
89,95,73,
88,96,73,
89,98,74,
89,97,74,
89,96,73,
89,95,72,
89,94,70,
88,93,69,
89,93,71,
89,95,72,
89,95,70,
88,94,70,
89,95,71,
89,94,71,
89,95,73,
89,96,73,
88,96,74,
89,97,74,
89,99,76,
89,97,75,
89,99,76,
88,98,76,
89,95,73,
89,93,69,
88,94,71,
89,94,71,
89,94,72,
88,95,72,
89,95,72,
89,97,74,
88,94,72,
89,96,73,
89,97,74,
88,96,73,
89,95,72,
89,95,72,
88,97,76,
89,97,75,
89,97,77,
89,97,74,
88,97,73,
89,94,71,
89,93,72,
88,94,70,
89,94,71,
88,94,72,
89,94,72,
89,95,73,
88,97,73,
89,96,74,
88,94,71,
89,95,71,
88,96,71,
89,97,73,
88,98,75,
89,97,76,
88,98,75,
89,100,77,
88,98,75,
89,95,71,
88,95,72,
89,93,71,
88,94,72,
89,94,71,
88,94,71,
88,97,74,
89,97,73,
88,95,72,
89,96,72,
88,96,74,
89,96,73,
88,95,72,
89,98,75,
88,99,76,
89,99,75,
88,97,73,
88,97,72,
89,96,72,
88,94,71,
89,92,70,
88,95,69,
88,95,71,
89,96,73,
88,96,74,
88,95,71,
89,95,73,
88,96,74,
88,96,75,
89,96,72,
88,95,73,
89,96,75,
88,96,75,
88,97,72,
89,96,75,
88,97,74,
88,95,72,
89,95,72,
88,93,71,
88,96,73,
89,95,72,
88,95,72,
88,95,71,
88,94,72,
88,94,72,
89,95,71,
88,94,71,
88,96,73,
89,96,74,
88,97,75,
88,96,75,
88,99,76,
89,98,76,
88,97,74,
88,95,72,
88,94,70,
89,94,71,
88,94,73,
88,94,71,
88,94,71,
88,95,71,
89,97,73,
88,96,72,
88,95,71,
88,95,71,
88,95,73,
88,95,71,
89,95,75,
88,96,75,
88,97,74,
88,98,76,
88,97,76,
88,95,72,
89,97,74,
88,93,71,
88,93,70,
88,95,71,
88,95,72,
88,95,75,
88,96,73,
88,94,71,
89,95,72,
88,96,72,
88,96,72,
88,95,74,
88,95,72,
88,96,75,
88,96,74,
88,98,77,
88,98,76,
88,96,73,
88,95,73,
88,94,71,
88,93,70,
88,93,71,
88,93,71,
88,93,71,
88,94,72,
88,95,72,
88,95,72,
88,96,73,
88,95,74,
88,96,73,
88,96,74,
88,98,76,
89,96,75,
88,98,76,
88,96,73,
88,95,72,
88,94,71,
88,95,72,
87,93,71,
88,95,71,
88,95,71,
88,95,72,
88,96,72,
88,95,71,
88,93,71,
88,95,72,
88,95,72,
88,95,71,
88,95,73,
88,97,75,
88,97,75,
88,97,75,
88,97,74,
88,94,72,
87,95,70,
88,94,71,
88,92,69,
88,94,69,
88,95,73,
88,95,73,
88,96,73,
87,94,72,
88,95,73,
88,96,72,
88,96,72,
88,96,73,
88,95,72,
88,98,75,
88,96,73,
88,98,75,
87,97,74,
88,96,73,
88,95,69,
88,94,70,
88,92,69,
87,92,69,
88,96,74,
88,96,72,
88,94,71,
87,94,71,
88,94,72,
88,94,73,
88,94,72,
88,95,71,
87,94,72,
88,96,73,
88,96,74,
88,97,76,
87,97,75,
88,95,72,
88,93,71,
88,95,71,
87,93,70,
88,93,70,
88,93,71,
88,96,73,
87,95,72,
88,95,72,
88,96,73,
88,96,73,
87,96,72,
88,94,73,
88,95,70,
88,95,73,
87,96,72,
88,96,74,
88,96,73,
87,95,73,
88,95,72,
88,95,73,
88,93,69,
87,94,71,
88,94,73,
88,95,73,
87,93,72,
88,95,71,
87,94,71,
88,93,71,
88,94,72,
87,95,74,
88,94,73,
87,96,74,
88,96,74,
88,96,74,
87,97,74,
88,96,73,
88,94,71,
87,93,70,
88,92,68,
87,93,71,
88,95,73,
88,92,71,
87,94,71,
88,94,70,
88,94,72,
87,96,73,
88,95,74,
87,95,72,
88,95,72,
87,96,73,
88,96,75,
88,96,74,
87,98,76,
88,96,73,
87,94,69,
88,92,70,
87,92,68,
88,91,69,
87,93,70,
88,94,70,
87,95,73,
88,95,71,
88,96,74,
87,96,73,
88,95,71,
87,94,72,
88,94,71,
87,95,73,
88,97,73,
87,95,73,
88,97,75,
87,95,73,
88,94,70,
87,94,70,
87,94,70,
88,92,71,
87,93,71,
88,95,72,
87,94,72,
88,95,71,
87,94,70,
88,95,72,
87,94,71,
87,95,73,
88,96,72,
87,97,75,
88,97,77,
87,97,75,
88,98,74,
87,96,73,
88,94,71,
87,93,70,
87,93,69,
88,93,70,
87,94,70,
88,93,72,
87,94,72,
87,95,72,
88,94,72,
87,95,72,
88,94,71,
87,94,70,
87,95,74,
88,95,72,
87,96,74,
88,96,74,
87,98,76,
87,96,75,
88,93,73,
87,92,70,
87,93,69,
88,94,69,
87,94,71,
87,94,72,
88,94,71,
87,95,74,
88,96,74,
87,95,73,
87,94,71,
88,95,73,
87,96,72,
87,95,73,
88,97,74,
87,97,73,
87,97,75,
88,97,75,
87,96,73,
87,94,71,
88,93,72,
87,91,67,
87,92,69,
87,93,71,
88,95,72,
87,94,71,
87,95,72,
88,95,71,
87,95,73,
87,96,72,
88,95,74,
87,95,74,
88,96,74,
87,97,74,
87,98,75,
88,98,75,
87,97,74,
87,92,70,
88,93,72,
87,92,68,
87,92,68,
87,93,71,
88,93,71,
87,94,73,
87,95,72,
88,94,71,
87,94,72,
87,96,72,
87,96,72,
88,95,71,
87,96,73,
87,96,74,
88,97,76,
87,96,73,
87,94,72,
87,93,69,
87,93,70,
88,92,67,
87,92,67,
87,92,70,
87,94,70,
87,93,73,
88,95,73,
87,95,73,
87,93,71,
87,94,71,
87,93,71,
88,94,73,
87,95,73,
87,95,73,
87,96,75,
87,97,74,
88,96,74,
87,94,72,
87,94,71,
87,91,69,
87,92,70,
88,93,70,
87,93,72,
87,93,72,
87,93,71,
87,93,72,
87,94,71,
88,93,70,
87,94,71,
87,94,71,
87,95,72,
87,97,75,
87,96,74,
88,98,76,
87,96,76,
87,94,72,
87,93,71,
87,91,70,
87,93,71,
87,93,71,
87,93,71,
87,92,70,
87,93,70,
87,93,70,
88,94,71,
87,92,71,
87,93,69,
87,93,71,
87,95,72,
87,97,74,
87,97,76,
87,97,74,
87,97,73,
88,94,71,
87,93,69,
87,93,69,
87,92,70,
87,93,70,
87,95,72,
87,94,73,
88,97,74,
87,95,74,
87,95,72,
87,95,73,
87,95,72,
87,94,72,
87,94,71,
87,96,73,
87,96,72,
87,97,75,
87,95,72,
88,94,72,
87,93,70,
87,93,70,
87,92,70,
87,92,71,
87,94,72,
87,94,71,
87,93,71,
87,94,70,
87,94,71,
87,96,72,
87,95,72,
87,95,70,
87,93,71,
87,96,72,
87,96,73,
87,98,75,
87,95,73,
87,93,71,
87,93,70,
87,93,70,
87,93,70,
87,94,70,
87,93,70,
87,94,70,
87,94,71,
87,93,73,
87,95,72,
87,94,73,
87,95,73,
87,96,72,
87,94,74,
87,97,76,
87,97,74,
87,96,75,
87,94,73,
87,95,71,
87,92,70,
87,92,69,
87,91,67,
86,90,69,
87,92,69,
87,93,70,
87,94,71,
87,94,71,
87,93,71,
87,95,72,
87,95,72,
87,95,71,
87,94,72,
87,96,72,
87,96,74,
87,96,75,
87,97,75,
86,95,73,
87,92,71,
87,93,70,
87,91,68,
87,92,70,
87,93,70,
87,94,71,
87,94,70,
87,93,70,
87,94,71,
86,93,72,
87,95,71,
87,94,71,
87,93,71,
87,96,74,
87,96,73,
87,96,74,
87,96,73,
87,96,73,
87,93,70,
86,93,70,
87,91,69,
87,94,70,
87,92,70,
87,93,71,
87,93,71,
87,94,71,
87,94,73,
87,95,73,
86,94,74,
87,94,72,
87,94,72,
87,95,73,
87,96,74,
87,97,77,
87,96,74,
87,95,73,
86,93,70,
87,92,70,
87,92,69,
87,93,68,
87,93,70,
87,93,70,
87,94,72,
86,95,74,
87,95,73,
87,93,71,
87,93,71,
87,93,70,
86,93,71,
87,94,72,
87,96,74,
87,96,74,
87,97,75,
87,95,72,
86,93,69,
87,93,70,
87,92,69,
87,91,69,
87,93,70,
86,94,73,
87,93,71,
87,94,72,
87,93,72,
87,94,73,
86,94,72,
87,94,72,
87,94,73,
87,95,72,
87,95,74,
87,96,73,
87,96,76,
86,95,75,
87,94,72,
87,94,71,
87,92,70,
87,93,71,
86,93,72,
87,94,73,
87,94,71,
86,92,69,
87,93,69,
87,92,69,
87,92,71,
86,93,71,
87,94,72,
87,95,72,
86,96,74,
87,96,73,
87,99,76,
87,97,75,
87,94,70,
86,93,69,
87,91,70,
87,92,70,
87,92,70,
86,92,71,
87,93,69,
87,92,72,
86,94,71,
87,93,72,
87,93,71,
87,93,72,
86,94,72,
87,95,72,
87,96,75,
87,96,75,
86,98,76,
87,96,73,
87,95,72,
86,93,71,
87,93,70,
87,92,68,
87,91,69,
86,92,69,
87,93,71,
87,94,71,
86,93,71,
87,94,72,
87,94,72,
87,95,73,
87,94,73,
86,93,71,
87,95,73,
87,96,73,
87,95,74,
86,96,72,
87,94,71,
87,93,70,
86,93,71,
87,92,69,
87,92,69,
87,93,70,
86,93,71,
87,94,72,
87,93,73,
86,92,70,
87,94,73,
87,95,72,
86,94,71,
87,94,72,
87,96,74,
86,95,74,
87,97,74,
87,96,73,
86,95,72,
87,93,70,
87,92,69,
86,91,67,
87,92,70,
87,94,71,
86,94,72,
87,93,71,
87,93,70,
86,92,70,
87,93,70,
87,93,72,
86,93,69,
87,93,71,
87,95,73,
86,94,74,
87,94,74,
87,96,73,
86,95,73,
87,93,70,
87,92,70,
86,91,69,
87,93,69,
87,93,70,
86,93,71,
87,94,70,
86,94,73,
87,91,69,
87,90,68,
86,93,70,
87,93,70,
87,93,71,
86,94,72,
87,94,72,
86,95,72,
87,95,73,
87,94,72,
86,91,69,
87,92,69,
86,92,68,
87,91,68,
87,92,69,
86,93,71,
87,92,71,
86,92,71,
87,92,70,
87,93,70,
86,93,71,
87,93,71,
86,92,69,
87,95,71,
87,95,73,
86,96,73,
87,96,74,
86,96,73,
87,94,72,
86,92,69,
87,91,68,
87,92,69,
86,92,72,
87,92,70,
86,92,69,
87,94,70,
86,93,71,
87,95,71,
86,92,72,
87,94,72,
86,94,70,
87,94,71,
87,95,73,
86,95,73,
87,96,74,
86,95,72,
87,93,70,
87,92,69,
86,93,70,
87,92,69,
86,93,70,
87,93,70,
86,92,70,
87,93,70,
86,93,72,
87,94,71,
86,93,70,
87,92,69,
86,93,69,
87,93,71,
87,95,72,
86,95,74,
87,96,75,
86,95,73,
87,94,70,
86,94,70,
87,93,69,
86,91,69,
87,92,71,
86,93,72,
87,94,71,
86,94,73,
87,95,72,
86,93,70,
87,94,71,
86,94,71,
87,93,70,
86,93,71,
87,95,72,
86,94,72,
87,95,74,
86,95,73,
87,93,71,
86,93,72,
87,92,69,
86,91,68,
87,93,69,
86,93,71,
87,93,71,
86,93,72,
87,92,71,
86,93,71,
87,95,72,
86,94,73,
87,95,74,
86,95,72,
87,96,74,
86,95,72,
87,96,74,
86,95,73,
87,93,73,
86,91,69,
87,91,69,
86,92,68,
87,92,71,
86,93,71,
87,93,70,
86,93,70,
86,93,69,
87,93,70,
86,93,72,
87,94,72,
86,93,72,
87,94,70,
86,95,74,
87,96,75,
86,97,77,
87,95,73,
86,94,70,
86,92,70,
87,93,69,
86,92,69,
87,92,71,
86,93,72,
86,94,70,
87,94,71,
86,94,70,
87,93,71,
86,93,71,
87,93,71,
86,93,70,
87,93,71,
86,94,72,
86,94,73,
87,95,73,
86,95,72,
87,93,71,
86,93,69,
87,92,69,
86,91,68,
86,92,69,
87,92,72,
86,92,71,
86,94,72,
87,94,71,
86,94,71,
87,94,71,
86,94,72,
86,95,72,
87,94,72,
86,95,73,
87,96,74,
86,96,74,
87,95,74,
86,98,74,
87,100,78,
86,96,75,
87,93,71,
86,93,70,
86,94,71,
87,94,70,
86,92,71,
87,93,71,
86,92,69,
86,91,69,
87,91,70,
86,92,70,
86,93,72,
87,95,74,
86,96,75,
87,96,75,
86,96,77,
86,94,75,
87,92,72,
86,91,74,
86,91,74,
87,92,78,
86,93,78,
86,93,80,
87,94,82,
87,94,85,
86,94,87,
86,94,89,
87,94,92,
86,93,94,
87,94,97,
87,95,100,
86,96,104,
87,96,106,
86,96,107,
87,95,109,
86,94,110,
87,94,113,
86,92,113,
87,91,117,
87,92,121,
86,92,122,
87,93,125,
87,94,128,
87,93,129,
87,94,130,
86,94,132,
87,95,135,
87,94,136,
87,95,136,
87,97,138,
88,96,138,
87,96,140,
87,94,138,
87,94,137,
87,93,136,
87,92,135,
88,92,135,
87,94,135,
87,95,137,
88,93,134,
87,93,135,
87,94,134,
88,93,132,
87,94,134,
87,94,132,
88,94,131,
87,94,132,
88,97,132,
87,97,131,
88,98,131,
87,97,131,
88,94,126,
87,94,125,
88,93,122,
87,92,120,
87,93,121,
88,93,123,
87,94,121,
87,94,120,
88,94,119,
87,93,118,
87,94,117,
88,93,115,
87,94,114,
87,94,113,
87,95,115,
88,95,114,
87,96,115,
87,96,114,
87,94,110,
88,94,108,
87,94,107,
87,93,106,
87,93,103,
87,93,103,
87,93,104,
87,93,101,
88,93,101,
87,94,102,
87,94,100,
87,93,100,
87,94,100,
87,93,99,
87,95,100,
87,97,102,
87,96,102,
87,95,97,
87,94,96,
87,92,94,
87,93,94,
87,91,93,
87,92,93,
87,93,93,
86,93,93,
87,93,93,
87,93,91,
87,95,92,
87,94,90,
87,93,91,
87,94,90,
87,94,91,
86,97,94,
87,95,92,
87,96,91,
87,95,91,
87,95,90,
86,92,87,
87,93,87,
87,91,86,
87,92,86,
87,93,88,
86,94,88,
87,93,87,
87,93,86,
87,95,87,
86,95,88,
87,95,87,
87,94,85,
87,94,86,
86,96,87,
87,96,86,
87,95,85,
87,96,86,
86,94,84,
87,92,81,
87,92,83,
86,91,81,
87,91,81,
86,92,82,
87,93,82,
87,93,82,
86,94,83,
87,93,83,
86,93,84,
87,93,83,
87,93,83,
86,93,82,
87,95,84,
87,95,84,
86,96,85,
87,96,84,
86,95,84,
87,92,81,
87,94,82,
86,91,79,
87,94,80,
86,92,79,
87,93,82,
87,93,81,
86,95,80,
87,93,80,
86,93,79,
87,93,80,
86,94,79,
87,94,78,
87,94,81,
86,95,83,
87,96,83,
86,96,83,
87,95,80,
86,93,78,
87,92,78,
86,92,77,
87,92,77,
86,92,77,
87,93,79,
86,94,77,
87,95,77,
86,94,78,
87,93,80,
87,93,79,
86,93,79,
86,93,79,
87,94,78,
87,96,80,
86,96,80,
87,97,81,
86,96,80,
87,93,78,
86,92,78,
87,92,77,
86,93,77,
87,93,77,
86,92,77,
86,93,77,
87,93,77,
86,93,77,
87,93,76,
86,92,78,
87,94,78,
86,92,77,
87,94,79,
86,96,81,
87,95,80,
86,97,80,
87,95,79,
86,94,78,
87,93,76,
86,91,75,
86,92,74,
87,91,76,
86,93,75,
86,93,76,
87,93,78,
86,94,77,
87,92,77,
86,93,77,
86,94,76,
87,93,75,
86,93,77,
87,95,79,
86,94,76,
87,95,79,
86,95,77,
86,93,76,
87,92,74,
86,91,74,
87,91,73,
86,92,76,
86,94,77,
87,93,74,
86,93,75,
87,93,75,
86,94,75,
86,93,76,
87,93,76,
86,93,76,
87,94,76,
86,96,78,
86,96,79,
87,97,79,
86,95,77,
86,93,75,
87,92,72,
86,91,73,
86,89,72,
87,91,72,
86,92,74,
86,93,75,
87,92,75,
86,92,74,
86,94,75,
87,93,74,
86,92,73,
86,93,75,
86,94,75,
87,95,77,
86,96,77,
87,97,77,
86,96,78,
86,95,75,
87,92,73,
86,93,75,
86,91,72,
87,91,71,
86,93,73,
86,92,73,
86,93,73,
87,93,73,
86,93,73,
86,92,74,
87,92,75,
86,92,74,
86,93,72,
86,95,76,
87,95,76,
86,96,76,
86,95,75,
87,95,75,
86,93,73,
86,92,72,
87,91,71,
86,91,71,
86,93,74,
86,93,73,
87,93,72,
86,93,74,
86,93,74,
86,93,73,
87,93,72,
86,93,73,
86,94,75,
86,95,77,
87,94,76,
86,95,75,
86,95,74,
86,93,73,
87,91,72,
86,92,71,
86,91,70,
86,92,72,
87,92,73,
86,93,72,
86,93,73,
86,93,73,
86,93,71,
87,92,72,
86,92,72,
86,94,73,
86,93,74,
87,95,73,
86,95,75,
86,95,74,
86,95,76,
87,95,75,
86,93,73,
86,93,74,
86,91,71,
87,91,71,
86,93,72,
86,93,73,
86,93,73,
86,93,73,
87,93,72,
86,93,73,
86,94,72,
87,95,72,
86,94,73,
86,92,72,
86,95,75,
86,95,74,
87,95,75,
86,93,74,
86,92,69,
86,92,71,
86,92,71,
87,91,71,
86,94,72,
86,93,72,
86,92,71,
86,93,72,
87,92,72,
86,92,71,
86,93,72,
86,92,72,
86,92,74,
86,94,74,
87,95,75,
86,96,75,
86,96,75,
87,96,74,
86,93,72,
86,92,69,
86,91,70,
86,91,69,
87,93,71,
86,92,72,
86,93,72,
86,92,73,
86,94,71,
86,93,71,
87,93,73,
86,93,72,
86,93,73,
86,93,72,
86,94,74,
86,95,75,
87,96,76,
86,96,76,
86,94,72,
86,92,72,
86,92,71,
86,91,70,
87,92,71,
86,93,71,
86,93,71,
86,94,71,
86,93,71,
86,93,70,
87,93,71,
86,92,71,
86,93,72,
86,92,71,
86,94,72,
86,94,74,
86,96,75,
86,95,73,
87,94,73,
86,93,70,
86,93,70,
86,90,68,
86,92,70,
86,94,72,
86,93,71,
86,94,71,
86,93,72,
87,93,70,
86,93,71,
86,94,72,
86,93,72,
86,92,71,
86,94,73,
86,94,72,
87,96,75,
86,95,74,
86,92,71,
86,91,69,
86,92,70,
86,90,70,
86,92,69,
86,92,71,
87,93,71,
86,92,70,
86,93,74,
86,93,73,
86,94,71,
86,93,71,
86,93,70,
87,92,71,
86,94,72,
86,95,73,
86,96,74,
87,95,73,
86,94,72,
86,92,69,
87,93,71,
86,91,69,
87,92,70,
86,94,70,
87,94,71,
87,95,72,
87,95,71,
88,95,72,
88,96,73,
88,96,74,
88,97,76,
90,98,75,
90,100,79,
90,102,78,
92,102,78,
93,106,79,
94,105,80,
96,105,79,
97,108,80,
100,108,81,
103,114,85,
106,119,89,
110,125,93,
114,130,95,
119,137,101,
125,144,108,
133,155,113,
141,164,121,
150,177,130,
161,191,139,
174,207,152,
189,229,165,
206,250,182,
225,276,197,
248,303,214,
273,332,236,
302,369,262,
335,410,290,
372,458,323,
415,513,360,
462,575,405,
517,644,452,
576,720,505,
645,807,567,
721,901,632,
805,1006,704,
900,1126,786,
1005,1257,876,
1122,1403,977,
1250,1565,1090,
1392,1741,1215,
1549,1938,1352,
1721,2149,1497,
1910,2380,1658,
2115,2636,1833,
2340,2914,2024,
2586,3214,2234,
2851,3543,2466,
3140,3898,2711,
3451,4281,2980,
3789,4691,3269,
4150,5133,3581,
4539,5609,3912,
4955,6115,4264,
5399,6654,4643,
5873,7231,5042,
6376,7843,5470,
6908,8491,5925,
7472,9171,6403,
8065,9888,6906,
8690,10639,7437,
9345,11426,7990,
10029,12247,8573,
10745,13104,9170,
11490,13994,9798,
12261,14916,10445,
13059,15871,11117,
13881,16853,11813,
14729,17864,12526,
15596,18890,13254,
16485,19942,14001,
17389,21015,14758,
18307,22100,15527,
19236,23196,16307,
20174,24301,17087,
21116,25410,17879,
22058,26519,18663,
23000,27622,19455,
23936,28711,20230,
24868,29795,21005,
25789,30871,21772,
26696,31925,22533,
27587,32957,23271,
28454,33964,23992,
29300,34941,24696,
30120,35887,25380,
30912,36793,26036,
31671,37667,26667,
32401,38502,27275,
33101,39302,27851,
33767,40061,28409,
34390,40766,28918,
34979,41432,29408,
35529,42057,29870,
36044,42636,30296,
36515,43163,30689,
36943,43640,31035,
37333,44060,31356,
37681,44442,31643,
37990,44776,31894,
38258,45063,32111,
38485,45304,32296,
38672,45494,32446,
38819,45645,32568,
38929,45746,32658,
39002,45805,32713,
39037,45818,32746,
39039,45797,32745,
39007,45738,32726,
38944,45644,32659,
38850,45514,32579,
38730,45350,32475,
38582,45162,32352,
38409,44944,32217,
38208,44688,32044,
37985,44407,31847,
37741,44100,31648,
37478,43784,31420,
37197,43437,31179,
36891,43063,30927,
36565,42672,30654,
36223,42256,30367,
35866,41831,30073,
35499,41394,29773,
35116,40940,29448,
34723,40476,29120,
34320,39998,28788,
33909,39509,28437,
33489,39002,28078,
33061,38502,27732,
32629,37989,27367,
32189,37470,26998,
31745,36947,26621,
31299,36419,26246,
30850,35892,25872,
30401,35363,25496,
29946,34828,25114,
29491,34295,24737,
29037,33768,24358,
28587,33238,23986,
28134,32712,23602,
27686,32185,23231,
27238,31653,22862,
26793,31137,22487,
26352,30624,22110,
25910,30111,21738,
25471,29594,21368,
25036,29092,21011,
24605,28591,20649,
24178,28090,20292,
23757,27599,19942,
23343,27117,19598,
22935,26639,19247,
22531,26175,18913,
22133,25713,18582,
21742,25257,18261,
21353,24804,17934,
20972,24361,17606,
20598,23926,17297,
20226,23495,16984,
19856,23071,16677,
19490,22643,16374,
19136,22232,16076,
18790,21828,15787,
18452,21435,15496,
18120,21055,15225,
17796,20678,14956,
17477,20308,14689,
17163,19950,14429,
16858,19594,14169,
16558,19242,13917,
16263,18903,13672,
15975,18566,13425,
15693,18242,13188,
15417,17921,12962,
15147,17605,12729,
14883,17297,12504,
14622,16997,12286,
14367,16705,12074,
14119,16413,11865,
13875,16131,11663,
13637,15854,11466,
13405,15586,11271,
13178,15324,11082,
12957,15071,10900,
12741,14821,10721,
12531,14578,10543,
12326,14338,10369,
12126,14105,10195,
11928,13880,10034,
11736,13654,9872,
11549,13438,9713,
11366,13227,9559,
11188,13019,9409,
11013,12818,9265,
10843,12620,9123,
10678,12429,8984,
10515,12242,8845,
10356,12056,8711,
10199,11875,8580,
10046,11697,8450,
9896,11523,8328,
9750,11354,8205,
9606,11190,8085,
9466,11030,7965,
9330,10872,7852,
9198,10714,7737,
9068,10564,7629,
8942,10413,7526,
8817,10268,7419,
8695,10128,7314,
8576,9989,7217,
8460,9855,7116,
8347,9727,7024,
8237,9598,6932,
8129,9470,6841,
8023,9349,6754,
7919,9227,6664,
7818,9113,6577,
7718,9000,6495,
7621,8887,6413,
7524,8777,6331,
7431,8666,6255,
7338,8558,6179,
7249,8453,6105,
7161,8348,6030,
7075,8248,5951,
6990,8150,5878,
6909,8052,5811,
6829,7959,5743,
6748,7868,5679,
6671,7779,5616,
6594,7689,5548,
6519,7602,5489,
6446,7517,5430,
6374,7434,5366,
6302,7352,5306,
6233,7268,5244,
6164,7192,5189,
6096,7114,5133,
6029,7035,5078,
5964,6959,5022,
5900,6883,4967,
5836,6807,4910,
5773,6734,4857,
5713,6661,4803,
5652,6593,4754,
5593,6524,4705,
5535,6458,4657,
5476,6391,4609,
5420,6323,4563,
5364,6257,4516,
5309,6194,4469,
5255,6134,4423,
5202,6071,4379,
5150,6010,4337,
5098,5954,4292,
5048,5893,4248,
4997,5835,4210,
4948,5776,4167,
4898,5717,4123,
4851,5659,4082,
4803,5605,4043,
4757,5554,4005,
4712,5498,3966,
4667,5445,3929,
4622,5394,3889,
4578,5344,3851,
4535,5293,3814,
4493,5243,3779,
4450,5196,3747,
4408,5146,3712,
4367,5098,3676,
4326,5050,3640,
4285,5004,3608,
4246,4955,3574,
4206,4909,3540,
4167,4865,3507,
4129,4820,3476,
4091,4773,3442,
4053,4730,3411,
4016,4686,3378,
3979,4644,3349,
3943,4602,3316,
3906,4559,3286,
3870,4517,3256,
3834,4475,3225,
3800,4433,3197,
3765,4393,3168,
3731,4354,3141,
3697,4315,3109,
3663,4273,3082,
3630,4237,3055,
3596,4198,3029,
3564,4161,3002,
3531,4124,2974,
3500,4084,2946,
3468,4045,2917,
3437,4008,2892,
3407,3970,2865,
3376,3936,2841,
3346,3906,2819,
3317,3871,2794,
3288,3838,2768,
3259,3803,2746,
3231,3769,2723,
3202,3736,2699,
3173,3704,2674,
3146,3672,2650,
3118,3638,2626,
3090,3607,2604,
3064,3576,2584,
3037,3547,2562,
3010,3517,2539,
2985,3486,2517,
2958,3452,2493,
2933,3422,2471,
2908,3392,2448,
2883,3362,2427,
2858,3333,2407,
2834,3305,2386,
2809,3280,2366,
2785,3251,2343,
2761,3222,2322,
2737,3194,2305,
2714,3168,2285,
2690,3140,2264,
2667,3112,2245,
2645,3088,2231,
2622,3063,2213,
2600,3036,2195,
2578,3010,2176,
2556,2986,2155,
2533,2957,2134,
2512,2931,2117,
2491,2905,2095,
2469,2879,2076,
2448,2856,2059,
2428,2829,2044,
2408,2807,2027,
2387,2786,2013,
2368,2761,1994,
2348,2738,1976,
2328,2715,1960,
2308,2694,1943,
2289,2671,1928,
2269,2650,1914,
2250,2626,1898,
2231,2603,1883,
2212,2582,1869,
2194,2559,1852,
2175,2537,1834,
2157,2512,1816,
2139,2492,1800,
2121,2471,1786,
2103,2451,1772,
2086,2433,1758,
2069,2412,1743,
2052,2393,1727,
2036,2372,1716,
2018,2352,1700,
2002,2336,1688,
1986,2316,1674,
1970,2295,1661,
1953,2276,1650,
1938,2260,1636,
1922,2242,1622,
1906,2224,1611,
1891,2205,1596,
1876,2186,1583,
1860,2168,1567,
1845,2151,1555,
1830,2134,1542,
1816,2118,1531,
1800,2101,1518,
1786,2081,1507,
1771,2064,1493,
1757,2047,1480,
1743,2031,1469,
1729,2012,1456,
1714,1996,1445,
1701,1980,1433,
1687,1966,1421,
1673,1951,1412,
1660,1936,1401,
1646,1921,1391,
1633,1904,1377,
1620,1886,1364,
1607,1870,1353,
1594,1857,1342,
1581,1842,1331,
1569,1826,1320,
1556,1812,1312,
1544,1798,1302,
1531,1785,1294,
1519,1769,1279,
1507,1756,1271,
1495,1741,1262,
1482,1728,1249,
1472,1715,1241,
1459,1701,1231,
1448,1689,1222,
1436,1673,1213,
1424,1662,1203,
1414,1648,1193,
1402,1635,1184,
1391,1621,1172,
1380,1607,1163,
1369,1593,1151,
1358,1582,1142,
1348,1569,1134,
1338,1557,1126,
1327,1544,1119,
1316,1532,1109,
1307,1521,1102,
1296,1510,1092,
1286,1499,1087,
1277,1486,1078,
1267,1475,1066,
1257,1464,1060,
1247,1454,1052,
1238,1444,1046,
1228,1432,1038,
1219,1419,1030,
1210,1406,1019,
1200,1395,1011,
1191,1385,1000,
1182,1375,993,
1173,1364,986,
1164,1353,978,
1155,1345,974,
1145,1334,966,
1137,1323,959,
1129,1313,952,
1119,1301,944,
1111,1294,935,
1103,1283,928,
1094,1274,924,
1086,1266,918,
1078,1256,913,
1069,1246,904,
1062,1237,896,
1053,1223,885,
1046,1215,881,
1038,1204,871,
1030,1197,868,
1022,1188,861,
1015,1178,856,
1007,1171,849,
999,1163,842,
992,1152,835,
985,1145,830,
977,1137,823,
969,1127,816,
963,1119,810,
955,1111,806,
948,1103,799,
940,1094,795,
934,1087,791,
927,1080,784,
920,1070,776,
913,1061,768,
907,1051,762,
900,1045,756,
893,1038,750,
886,1029,746,
880,1023,740,
874,1015,735,
867,1008,731,
861,1000,725,
854,994,721,
849,986,716,
843,977,709,
836,972,705,
831,965,701,
825,960,698,
818,955,694,
813,946,685,
807,936,678,
802,929,673,
795,922,669,
790,915,663,
785,910,658,
778,903,657,
773,896,652,
768,891,647,
762,885,642,
757,878,639,
751,872,633,
746,864,629,
741,859,625,
735,855,621,
731,850,619,
725,843,613,
720,838,610,
715,830,605,
710,823,599,
705,819,594,
700,811,589,
695,805,585,
691,800,581,
685,793,577,
681,788,572,
677,784,569,
672,779,565,
667,774,561,
663,769,558,
658,763,553,
654,758,550,
650,755,546,
645,750,545,
641,745,543,
636,740,538,
632,734,534,
628,726,528,
623,722,523,
620,715,520,
615,712,517,
611,707,514,
606,702,510,
603,697,509,
598,693,504,
595,688,500,
591,684,497,
587,679,494,
583,675,491,
579,672,489,
576,666,486,
572,663,484,
568,659,480,
564,657,479,
561,652,474,
558,647,471,
554,640,465,
550,635,464,
547,632,458,
543,628,457,
540,624,455,
537,619,453,
533,617,451,
529,612,447,
527,607,443,
523,604,439,
519,600,439,
517,598,435,
513,593,432,
510,592,433,
506,587,430,
504,585,426,
500,582,422,
498,575,417,
494,570,414,
491,567,412,
488,562,409,
485,559,407,
481,556,406,
479,556,405,
476,550,400,
473,546,397,
470,541,395,
468,539,392,
464,535,389,
462,531,387,
459,529,384,
456,528,386,
453,525,385,
451,523,382,
448,518,380,
445,515,376,
443,508,372,
439,507,370,
438,504,366,
434,502,365,
432,498,362,
430,495,361,
426,493,360,
424,488,355,
422,486,355,
420,484,354,
416,480,351,
415,478,348,
412,474,345,
410,474,348,
407,470,345,
405,469,343,
403,465,342,
400,461,338,
398,458,335,
395,454,334,
393,451,330,
391,448,327,
389,447,325,
386,444,325,
384,442,324,
382,440,320,
380,437,319,
378,434,317,
376,433,316,
374,430,315,
371,428,312,
370,427,312,
368,425,310,
366,423,311,
364,420,308,
362,417,306,
360,412,300,
357,410,299,
356,406,296,
354,406,296,
352,403,296,
350,402,295,
348,399,292,
347,398,291,
344,397,291,
343,394,288,
341,392,286,
339,391,286,
337,388,284,
336,387,283,
333,386,284,
333,383,283,
330,381,281,
328,377,277,
327,374,273,
325,371,273,
323,370,270,
322,368,269,
320,367,269,
319,365,266,
317,362,265,
315,362,265,
314,358,262,
313,357,260,
310,356,261,
310,355,260,
307,353,259,
306,351,258,
305,350,258,
303,350,257,
302,349,257,
300,345,253,
298,342,250,
297,339,248,
296,337,246,
294,334,244,
293,334,245,
291,333,245,
290,332,243,
289,329,243,
288,328,241,
286,327,239,
284,325,238,
283,323,238,
282,324,237,
281,320,235,
279,321,236,
278,320,236,
277,320,236,
275,317,233,
274,313,228,
273,311,227,
272,309,227,
270,307,225,
269,308,226,
268,306,225,
266,305,225,
266,302,223,
264,300,220,
263,300,220,
261,297,220,
261,298,217,
259,296,218,
259,296,218,
257,295,218,
256,293,216,
255,294,218,
254,292,213,
252,288,211,
252,285,211,
250,284,209,
250,283,207,
248,283,207,
248,281,208,
246,280,207,
245,281,207,
245,280,206,
243,277,204,
242,277,202,
241,274,201,
240,273,201,
240,272,201,
238,274,202,
237,271,200,
237,272,201,
235,269,198,
234,266,197,
233,264,197,
233,264,195,
231,261,194,
231,261,191,
230,260,192,
228,260,191,
228,259,193,
227,258,191,
226,258,190,
225,257,189,
224,255,189,
224,254,188,
222,253,187,
222,253,187,
220,252,186,
220,252,187,
219,252,187,
218,247,183,
218,245,180,
216,244,179,
216,242,177,
215,244,178,
214,243,179,
214,242,178,
212,241,179,
212,240,177,
211,240,177,
211,240,176,
209,238,175,
209,238,174,
208,235,173,
207,237,174,
207,235,175,
206,237,177,
205,235,175,
205,233,170,
204,230,168,
203,229,168,
202,225,166,
201,227,168,
201,226,167,
200,227,168,
200,225,166,
199,225,166,
198,225,166,
197,222,164,
197,223,164,
196,223,162,
195,221,163,
195,224,164,
194,222,162,
194,221,165,
193,221,164,
192,218,161,
192,217,159,
191,215,160,
191,213,157,
190,213,158,
189,214,159,
188,212,158,
188,211,158,
188,211,158,
187,212,159,
186,211,156,
186,210,155,
185,209,156,
184,208,154,
184,208,155,
184,209,155,
183,208,155,
182,208,155,
182,205,153,
181,204,151,
181,202,151,
180,202,148,
179,201,150,
179,201,149,
178,200,148,
178,199,147,
178,199,148,
177,198,147,
176,199,147,
176,198,147,
175,197,147,
175,197,145,
175,197,146,
174,198,147,
173,198,147,
173,197,148,
173,196,144,
172,193,142,
172,191,141,
171,190,140,
170,190,142,
170,191,143,
170,191,142,
169,191,143,
169,191,142,
169,190,141,
167,189,141,
168,189,142,
167,188,139,
167,187,137,
166,187,140,
166,188,140,
165,188,139,
165,187,141,
164,187,140,
164,184,138,
164,183,135,
163,181,134,
163,180,134,
162,181,133,
162,181,134,
161,181,135,
162,180,134,
160,180,133,
161,181,135,
160,180,135,
159,179,134,
160,178,133,
159,177,132,
158,179,133,
158,179,134,
158,179,134,
157,178,133,
157,175,131,
157,174,129,
156,174,129,
156,172,128,
155,174,130,
155,173,127,
155,173,129,
155,172,130,
154,173,128,
154,173,128,
153,172,128,
153,173,128,
153,171,128,
152,172,127,
152,172,130,
152,173,129,
152,173,131,
151,172,128,
150,169,125,
151,168,124,
150,166,123,
150,166,121,
149,166,124,
149,166,123,
149,167,124,
149,166,124,
148,166,124,
148,166,123,
147,166,123,
148,165,123,
147,165,122,
147,163,122,
146,166,124,
147,165,124,
146,166,124,
145,164,123,
146,163,121,
145,161,120,
144,162,120,
145,160,119,
144,159,119,
144,161,119,
143,161,120,
144,160,119,
143,159,118,
143,159,118,
142,159,119,
142,159,118,
143,159,118,
141,159,119,
142,159,120,
141,159,120,
141,161,120,
141,159,120,
140,158,117,
141,156,114,
140,155,114,
139,154,113,
140,154,114,
139,154,114,
139,155,116,
139,154,115,
139,154,115,
138,153,116,
138,153,115,
138,152,114,
137,153,115,
138,153,115,
137,154,116,
136,154,115,
137,154,116,
136,155,118,
137,153,114,
135,149,112,
136,150,110,
136,149,109,
135,149,111,
135,151,112,
134,150,112,
135,150,112,
134,149,111,
135,150,112,
134,150,110,
133,148,110,
134,149,111,
133,148,112,
133,149,112,
133,150,113,
133,149,113,
133,150,113,
132,148,111,
132,146,108,
132,146,109,
132,145,109,
131,145,108,
132,145,108,
131,145,108,
131,144,107,
130,145,108,
131,144,109,
130,145,108,
130,144,107,
130,144,107,
130,144,107,
130,145,108,
129,147,109,
129,146,110,
129,147,110,
129,144,107,
129,142,105,
129,140,105,
128,141,104,
128,139,105,
128,141,105,
128,142,107,
127,143,106,
128,142,109,
127,141,105,
127,141,106,
127,141,106,
127,141,104,
127,142,105,
126,141,105,
127,142,108,
126,142,108,
126,142,108,
126,141,105,
125,139,103,
126,137,102,
125,137,103,
125,137,102,
125,137,101,
125,137,104,
124,139,104,
125,138,104,
125,138,103,
124,137,103,
124,138,103,
124,137,101,
124,136,102,
124,137,103,
123,138,104,
123,138,104,
124,138,104,
123,138,105,
123,137,102,
123,135,101,
123,134,100,
122,134,101,
123,136,100,
122,134,100,
122,135,101,
122,134,101,
122,134,101,
122,135,100,
121,134,100,
122,134,100,
121,134,99,
121,134,100,
121,136,103,
121,136,101,
121,137,104,
121,136,103,
121,134,101,
120,133,99,
120,131,98,
121,131,98,
120,131,99,
120,132,98,
119,131,98,
120,132,99,
120,131,98,
119,132,100,
119,132,100,
120,132,99,
119,132,98,
119,131,98,
118,133,102,
119,134,101,
119,134,101,
118,133,100,
119,131,98,
118,131,97,
118,128,95,
118,128,94,
118,130,96,
118,130,97,
118,131,98,
117,131,99,
118,130,96,
117,130,96,
117,129,97,
117,129,97,
117,129,97,
117,130,98,
117,130,99,
117,131,98,
117,131,99,
116,131,98,
117,129,97,
116,129,97,
116,128,93,
116,126,94,
116,128,96,
116,128,95,
116,128,95,
116,128,96,
115,127,96,
116,128,97,
115,127,97,
116,128,96,
115,127,95,
115,126,93,
115,128,94,
115,127,96,
115,129,97,
115,129,96,
114,127,96,
115,125,93,
114,127,95,
115,125,93,
114,126,93,
114,126,95,
114,124,94,
114,126,94,
114,126,94,
114,126,94,
114,126,95,
113,127,94,
114,125,95,
113,126,95,
114,126,97,
113,128,98,
114,128,97,
113,127,95,
113,126,94,
113,123,92,
113,124,93,
113,123,90,
112,122,92,
113,123,93,
113,123,94,
112,123,93,
113,124,94,
112,121,92,
112,122,91,
112,122,91,
112,122,92,
112,123,93,
112,125,94,
112,125,95,
112,124,94,
112,125,94,
111,124,94,
112,123,92,
111,121,90,
111,120,90,
112,121,89,
111,121,93,
111,122,92,
111,122,91,
111,121,92,
111,122,91,
111,122,91,
111,122,92,
110,121,90,
111,121,90,
110,123,92,
111,124,93,
110,124,94,
110,125,94,
110,124,94,
111,122,91,
110,122,89,
110,119,90,
109,121,89,
110,121,91,
110,121,90,
110,121,90,
110,121,91,
109,120,89,
110,120,91,
109,120,91,
110,120,89,
109,120,90,
109,120,90,
109,121,93,
110,122,92,
109,122,93,
109,121,92,
109,121,91,
109,118,90,
108,118,89,
109,117,87,
109,119,90,
109,120,92,
108,119,90,
109,120,91,
108,120,89,
109,118,89,
108,119,89,
108,118,90,
109,122,92,
108,128,99,
108,125,96,
108,123,93,
108,123,93,
108,121,91,
108,119,90,
108,118,88,
108,117,88,
108,114,84,
107,114,83,
108,114,84,
107,116,85,
108,118,87,
107,119,88,
107,117,86,
108,118,88,
107,118,87,
107,118,89,
107,118,89,
107,119,91,
107,119,90,
107,120,92,
107,119,90,
107,118,88,
107,116,87,
107,116,87,
106,114,86,
107,115,86,
106,115,87,
107,116,87,
106,116,88,
106,115,86,
107,116,88,
106,117,88,
106,117,88,
106,116,88,
106,117,88,
106,117,89,
106,117,89,
106,119,90,
106,119,89,
106,117,88,
106,116,86,
106,115,87,
105,114,84,
106,116,87,
106,116,89,
105,115,85,
106,116,87,
105,116,87,
106,115,87,
105,114,86,
105,116,87,
106,115,86,
105,116,87,
105,117,89,
105,117,89,
106,118,91,
105,118,91,
105,116,87,
105,113,85,
104,114,87,
105,113,85,
105,114,84,
105,114,85,
104,114,85,
105,114,86,
105,115,86,
104,113,85,
105,113,85,
104,115,87,
105,115,87,
104,114,88,
104,115,89,
105,116,88,
104,117,88,
321,357,269,
7056,7843,6019,
15014,16751,12760,
16149,18070,13516,
14869,16659,12268,
13550,15188,11106,
12680,14215,10374,
12190,13658,9982,
11931,13365,9785,
11801,13219,9686,
11736,13144,9637,
11703,13106,9615,
11685,13088,9601,
11674,13079,9587,
11667,13067,9582,
11662,13063,9582,
11657,13060,9581,
11655,13052,9579,
11651,13048,9573,
11649,13056,9580,
11646,13059,9584,
11641,13046,9572,
11639,13040,9564,
11637,13036,9561,
11635,13028,9559,
11635,13021,9553,
11633,13016,9547,
11632,13021,9552,
11630,13022,9554,
11628,13023,9555,
11626,13019,9555,
11626,13014,9554,
11624,13013,9557,
11622,13015,9554,
11620,13015,9555,
11619,13012,9555,
11618,13012,9550,
11616,13012,9543,
11616,13011,9542,
11615,13007,9543,
11613,13005,9541,
11612,13002,9540,
11611,13003,9539,
11610,13006,9539,
11609,13002,9539,
11608,13001,9538,
11606,12997,9535,
11604,12997,9535,
11602,12992,9535,
11601,12992,9534,
11601,12994,9528,
11601,12993,9532,
11600,12995,9536,
11600,12997,9534,
11598,12995,9534,
11599,12992,9530,
11597,12990,9529,
11597,12989,9531,
11597,12988,9529,
11596,12985,9529,
11595,12986,9529,
11595,12981,9525,
11594,12981,9526,
11593,12981,9528,
11593,12982,9525,
11593,12986,9528,
11592,12983,9525,
11591,12985,9530,
11591,12981,9528,
11593,12981,9528,
11591,12985,9528,
11591,12986,9528,
11590,12986,9528,
11589,12983,9526,
11589,12981,9524,
11589,12982,9521,
11588,12980,9520,
11587,12977,9519,
11588,12978,9522,
11588,12977,9524,
11586,12974,9521,
11585,12976,9523,
11585,12976,9522,
11585,12970,9521,
11585,12972,9517,
11585,12974,9513,
11585,12976,9518,
11585,12976,9517,
11585,12978,9520,
11584,12976,9522,
11583,12975,9525,
11583,12974,9521,
11582,12975,9520,
11583,12973,9521,
11583,12974,9520,
11584,12975,9520,
11585,12978,9524,
11584,12975,9522,
11585,12978,9525,
11584,12977,9524,
11585,12976,9521,
11584,12976,9515,
11584,12975,9519,
11582,12976,9521,
11583,12975,9524,
11584,12977,9516,
11583,12977,9521,
11584,12976,9523,
11584,12978,9524,
11583,12972,9523,
11584,12970,9523,
11583,12971,9520,
11584,12970,9520,
11584,12972,9517,
11584,12976,9517,
11585,12977,9518,
11585,12977,9520,
11586,12977,9520,
11585,12976,9520,
11584,12973,9519,
11583,12973,9520,
11582,12975,9519,
11583,12976,9519,
11584,12976,9520,
11584,12974,9523,
11584,12973,9522,
11584,12976,9522,
11584,12978,9522,
11583,12975,9523,
11584,12973,9522,
11583,12972,9521,
11583,12970,9520,
11584,12973,9522,
11584,12974,9516,
11584,12976,9518,
11584,12975,9522,
11585,12975,9520,
11586,12975,9519,
11585,12977,9521,
11584,12978,9518,
11583,12977,9519,
11582,12974,9523,
11582,12972,9522,
11582,12974,9518,
11584,12978,9525,
11584,12975,9531,
11585,12978,9532,
11586,12976,9524,
11586,12978,9522,
11587,12978,9518,
11587,12977,9521,
11587,12978,9521,
11587,12979,9523,
11589,12981,9521,
11588,12981,9522,
11589,12979,9522,
11589,12980,9524,
11589,12979,9525,
11588,12980,9527,
11588,12977,9528,
11588,12982,9526,
11587,12984,9525,
11588,12980,9522,
11587,12982,9525,
11587,12983,9526,
11587,12978,9524,
11589,12982,9523,
11589,12980,9519,
11589,12978,9522,
11589,12981,9525,
11590,12983,9526,
11589,12980,9527,
11590,12980,9526,
11589,12981,9525,
11588,12978,9525,
11590,12978,9522,
11589,12982,9525,
11589,12982,9525,
11589,12984,9528,
11589,12983,9531,
11584,12981,9529,
11582,12976,9527,
11580,12976,9520,
11580,12972,9516,
11579,12968,9513,
11579,12968,9514,
11579,12970,9515,
11577,12970,9517,
11578,12970,9517,
11578,12970,9513,
11578,12971,9508,
11578,12971,9509,
11578,12969,9512,
11579,12969,9514,
11578,12971,9517,
11579,12971,9517,
11580,12971,9516,
11580,12972,9517,
11579,12975,9519,
11579,12971,9519,
11578,12971,9514,
11579,12970,9512,
11579,12970,9513,
11579,12971,9513,
11579,12970,9512,
11579,12971,9516,
11580,12974,9515,
11580,12973,9516,
11580,12972,9520,
11581,12967,9520,
11580,12969,9518,
11581,12970,9518,
11580,12973,9517,
11582,12974,9517,
11582,12974,9515,
11583,12974,9515,
11583,12975,9517,
11582,12975,9516,
11582,12976,9518,
11583,12973,9515,
11583,12972,9516,
11583,12971,9522,
11584,12973,9522,
11584,12974,9520,
11584,12977,9514,
11582,12974,9512,
11582,12974,9517,
11583,12975,9522,
11582,12976,9523,
11584,12979,9524,
11583,12979,9520,
11583,12976,9519,
11582,12978,9519,
11583,12976,9526,
11584,12975,9527,
11582,12977,9527,
11583,12979,9524,
11583,12979,9523,
11583,12975,9525,
11584,12974,9520,
11586,12974,9516,
11586,12976,9521,
11585,12973,9520,
11585,12976,9517,
11585,12979,9517,
11586,12980,9520,
11585,12977,9521,
11587,12978,9521,
11587,12979,9523,
11588,12981,9523,
11588,12981,9525,
11589,12982,9526,
11590,12983,9526,
11588,12985,9527,
11587,12983,9524,
11587,12979,9524,
11585,12979,9522,
11587,12981,9527,
11587,12979,9523,
11589,12978,9522,
11588,12978,9521,
11590,12977,9523,
11589,12980,9521,
11589,12979,9527,
11588,12981,9530,
11589,12977,9526,
11590,12982,9523,
11590,12981,9525,
11590,12983,9526,
11589,12986,9526,
11589,12985,9527,
11589,12984,9530,
11589,12984,9524,
11589,12986,9526,
11590,12984,9525,
11589,12983,9530,
11591,12981,9527,
11591,12986,9524,
11593,12988,9525,
11592,12985,9525,
11593,12986,9523,
11594,12988,9524,
11594,12987,9525,
11594,12991,9532,
11594,12989,9530,
11595,12987,9525,
11593,12987,9528,
11594,12991,9529,
11593,12990,9527,
11592,12990,9530,
11593,12990,9530,
11593,12988,9533,
11592,12987,9527,
11594,12986,9529,
11435,12808,9390,
8934,10021,7242,
5341,6005,4205,
2861,3227,2181,
1475,1666,1090,
767,868,558,
425,480,310,
264,298,197,
188,210,144,
152,169,120,
135,151,110,
126,141,105,
121,136,103,
118,133,99,
116,130,100,
114,129,98,
113,125,95,
111,123,93,
111,121,91,
109,121,91,
109,119,90,
109,119,89,
107,119,89,
107,117,89,
107,117,88,
106,116,87,
106,114,87,
105,114,86,
105,113,86,
105,115,87,
105,117,89,
104,115,88,
104,116,89,
103,115,88,
104,113,85,
103,112,85,
103,111,83,
103,111,84,
102,110,84,
103,111,85,
102,113,86,
102,113,85,
102,112,85,
102,111,84,
102,111,85,
101,111,85,
102,111,85,
101,113,83,
101,112,88,
101,113,86,
101,112,87,
101,112,85,
101,110,82,
101,109,82,
100,108,80,
101,107,81,
100,109,83,
100,109,83,
100,110,83,
100,110,83,
101,109,82,
99,109,83,
100,109,83,
100,110,83,
100,110,83,
100,110,84,
99,110,84,
100,110,83,
99,112,86,
100,110,84,
99,108,81,
99,106,80,
99,107,81,
99,106,80,
99,107,81,
99,107,80,
99,108,82,
99,108,81,
99,109,82,
98,108,81,
99,107,81,
98,108,81,
99,108,82,
98,108,82,
99,109,84,
98,109,84,
99,111,85,
98,109,85,
98,108,82,
99,107,81,
98,105,80,
98,105,78,
98,106,80,
98,106,80,
98,106,80,
98,106,81,
98,107,80,
98,107,80,
97,107,79,
98,107,80,
98,108,82,
98,107,81,
97,108,81,
98,108,83,
98,109,83,
97,109,83,
98,107,81,
97,106,79,
98,105,79,
97,104,79,
97,105,80,
98,107,81,
97,106,79,
97,105,80,
98,106,82,
97,106,80,
97,106,79,
97,106,80,
97,106,80,
97,106,80,
97,108,83,
97,107,82,
97,109,84,
97,107,83,
97,106,80,
97,104,79,
97,104,78,
97,103,79,
96,104,78,
97,105,80,
97,105,81,
96,105,80,
97,105,80,
97,105,81,
96,105,79,
97,106,80,
96,105,80,
97,104,78,
97,107,81,
96,107,83,
97,107,82,
96,107,82,
97,106,80,
96,105,78,
96,105,80,
97,103,75,
96,103,77,
96,104,77,
96,103,79,
97,104,79,
96,104,78,
96,104,77,
96,105,79,
96,105,80,
96,105,79,
97,105,81,
96,107,80,
96,107,82,
96,108,83,
96,108,81,
96,106,81,
96,103,79,
96,105,78,
96,103,77,
95,103,77,
96,105,79,
96,103,80,
96,104,79,
96,105,80,
96,105,80,
96,104,79,
95,104,80,
96,104,80,
96,104,78,
96,105,79,
95,107,82,
96,107,82,
96,107,82,
96,106,81,
95,103,79,
96,103,77,
95,102,77,
96,102,77,
95,103,78,
96,103,80,
95,103,78,
96,103,80,
95,103,78,
96,104,79,
95,104,77,
96,103,76,
95,103,79,
95,104,80,
96,106,80,
95,106,80,
95,106,81,
96,105,80,
95,102,77,
95,104,79,
96,101,76,
95,101,75,
95,103,76,
95,102,78,
95,105,79,
96,104,78,
95,104,79,
95,104,79,
95,104,80,
95,105,80,
95,104,79,
95,104,77,
95,104,80,
95,105,79,
96,105,80,
95,105,80,
95,102,78,
94,102,76,
95,102,77,
95,101,78,
95,104,78,
95,103,79,
95,102,77,
95,104,78,
95,103,78,
95,104,77,
95,103,79,
95,103,78,
94,103,78,
95,102,78,
95,105,81,
95,104,80,
94,107,83,
95,103,80,
95,103,77,
95,101,76,
94,101,76,
95,101,77,
94,102,77,
95,102,79,
95,102,79,
94,103,78,
95,103,78,
94,104,79,
95,102,78,
94,103,79,
95,103,79,
94,103,79,
95,104,80,
94,105,80,
94,106,82,
95,105,81,
94,102,77,
95,101,77,
94,102,78,
95,100,75,
94,101,76,
94,102,77,
95,102,77,
94,102,77,
95,103,78,
94,103,78,
94,103,78,
95,103,79,
94,103,78,
94,103,77,
94,103,80,
95,104,80,
94,104,81,
94,104,79,
94,104,78,
94,102,76,
95,102,76,
94,100,75,
94,100,75,
94,101,77,
94,100,75,
94,102,77,
94,101,76,
94,102,78,
94,103,78,
94,102,78,
94,102,78,
94,103,76,
94,104,78,
94,104,79,
94,105,82,
94,104,80,
95,103,78,
94,102,76,
94,102,77,
94,101,76,
93,101,74,
94,102,76,
94,102,77,
94,103,77,
94,103,77,
94,103,77,
94,102,77,
94,102,76,
94,102,75,
93,102,76,
94,103,78,
94,103,80,
94,104,81,
94,105,80,
93,103,78,
94,102,77,
94,102,76,
94,100,75,
93,100,76,
94,100,78,
94,100,76,
93,101,77,
94,101,78,
94,101,76,
93,101,75,
94,101,76,
94,100,77,
93,102,77,
94,103,78,
93,103,78,
94,104,79,
94,104,80,
93,103,80,
94,101,77,
93,101,76,
94,100,74,
93,100,75,
94,100,77,
93,101,78,
94,102,76,
93,101,77,
94,102,78,
93,102,77,
94,102,78,
93,103,77,
93,101,78,
94,102,77,
93,103,78,
93,102,78,
94,104,79,
93,102,77,
93,100,74,
94,100,74,
93,100,75,
93,99,74,
93,100,76,
94,100,76,
93,100,76,
93,101,77,
93,101,77,
94,102,79,
93,101,77,
93,102,75,
93,101,77,
93,102,79,
93,104,78,
94,103,78,
93,104,81,
93,103,79,
93,101,78,
94,100,76,
93,100,76,
93,100,75,
93,100,76,
93,101,77,
93,101,77,
93,101,76,
93,103,77,
93,101,77,
93,100,77,
93,101,77,
94,102,77,
93,102,78,
93,104,80,
93,102,80,
93,104,80,
93,103,78,
93,101,77,
93,100,76,
93,99,74,
93,99,75,
92,98,73,
93,99,74,
93,99,75,
93,99,75,
93,100,76,
93,102,76,
93,101,76,
93,100,77,
93,101,78,
92,101,77,
93,103,79,
93,103,79,
93,104,80,
93,103,79,
93,101,77,
92,100,77,
93,100,76,
93,98,75,
93,99,75,
93,100,75,
92,99,75,
93,100,74,
93,101,77,
92,100,76,
93,100,74,
93,99,75,
92,100,76,
93,101,76,
93,103,78,
93,103,78,
92,103,78,
93,103,78,
93,102,78,
92,100,76,
93,100,76,
92,98,73,
93,100,75,
93,101,76,
92,101,77,
93,101,75,
93,101,77,
92,101,77,
93,102,77,
92,100,77,
93,100,76,
92,100,76,
93,102,77,
93,102,77,
92,102,80,
93,103,77,
92,101,77,
93,100,75,
92,100,74,
93,97,73,
92,99,73,
93,99,76,
92,100,76,
93,100,75,
92,101,77,
93,101,78,
92,100,77,
93,100,74,
92,101,76,
92,101,76,
93,102,79,
92,102,78,
93,103,79,
92,103,79,
92,101,78,
93,99,74,
92,99,75,
92,98,73,
93,98,74,
92,99,74,
92,100,75,
93,100,76,
92,101,76,
92,101,77,
93,102,77,
92,101,78,
92,102,79,
93,101,76,
92,101,76,
92,102,76,
92,101,77,
93,102,77,
92,102,78,
92,100,75,
92,99,76,
92,98,74,
93,98,74,
92,99,74,
92,101,75,
92,101,76,
92,99,74,
92,100,75,
92,101,76,
93,100,76,
92,101,77,
92,100,77,
92,101,77,
92,103,78,
93,101,79,
92,104,80,
92,102,78,
92,99,75,
92,100,74,
92,98,73,
92,99,74,
92,99,75,
92,99,76,
92,97,73,
92,98,75,
92,99,76,
92,99,76,
92,99,75,
92,100,76,
93,100,75,
92,100,76,
92,101,76,
92,102,78,
92,103,80,
92,101,78,
92,99,75,
91,98,75,
92,97,74,
92,99,74,
92,98,75,
92,98,75,
92,100,76,
92,99,75,
92,101,77,
92,100,76,
92,99,76,
92,101,77,
92,99,76,
91,100,75,
92,101,78,
92,103,77,
92,103,77,
92,100,76,
92,100,74,
91,99,73,
92,98,74,
92,97,73,
92,99,76,
92,99,75,
92,106,82,
92,127,106,
92,116,93,
92,108,85,
92,106,80,
92,103,79,
91,102,79,
92,103,77,
92,102,79,
92,102,79,
92,102,80,
91,102,79,
92,99,76,
92,97,73,
91,90,64,
92,88,61,
91,91,67,
92,93,68,
92,94,69,
91,96,72,
92,98,72,
92,99,74,
91,99,74,
92,98,75,
92,99,74,
91,100,76,
92,101,77,
92,101,78,
91,103,78,
92,102,76,
92,99,75,
91,98,73,
92,98,75,
91,96,73,
92,97,72,
91,97,74,
92,97,73,
91,98,74,
92,100,76,
92,99,75,
91,99,75,
92,100,74,
92,100,75,
91,100,75,
92,101,77,
91,101,77,
92,102,77,
91,101,79,
92,99,78,
91,99,75,
92,98,74,
91,97,72,
92,98,74,
91,100,74,
92,99,76,
91,98,75,
91,99,75,
92,99,75,
91,99,76,
92,99,75,
91,100,76,
92,100,74,
91,100,75,
91,101,77,
92,102,77,
91,101,78,
92,100,78,
91,97,74,
91,98,73,
92,97,72,
91,97,73,
92,99,76,
91,99,73,
91,98,75,
92,99,76,
91,100,75,
91,99,76,
92,99,76,
91,99,76,
91,99,75,
92,101,77,
91,101,77,
91,102,80,
92,102,77,
91,99,76,
91,98,72,
91,99,74,
92,98,74,
91,98,73,
91,99,74,
91,99,73,
91,99,74,
92,99,74,
91,99,75,
91,99,74,
91,99,74,
92,99,76,
91,100,76,
91,100,76,
92,101,77,
91,100,77,
91,101,78,
92,101,76,
91,98,76,
91,99,75,
91,96,73,
91,97,73,
91,98,74,
91,98,74,
91,98,74,
92,100,74,
91,100,75,
91,99,75,
91,99,75,
91,97,75,
91,100,75,
91,99,75,
91,100,76,
92,101,78,
91,101,78,
91,100,77,
91,99,75,
91,97,75,
91,98,73,
91,98,73,
91,98,76,
91,99,75,
91,99,74,
91,100,75,
91,99,75,
91,99,76,
91,100,75,
91,99,74,
91,99,74,
91,98,74,
91,101,77,
91,99,76,
91,103,77,
91,100,75,
91,98,74,
91,97,75,
91,98,74,
91,98,73,
91,97,74,
91,99,76,
91,98,74,
91,98,74,
91,100,76,
91,99,75,
91,99,76,
91,98,74,
91,98,75,
91,98,74,
91,100,77,
91,100,77,
91,101,77,
91,99,77,
91,99,74,
91,97,72,
90,99,74,
91,96,71,
91,97,73,
91,98,75,
91,98,74,
90,98,75,
91,99,76,
91,99,75,
91,98,75,
91,99,75,
91,98,76,
91,100,75,
91,101,77,
90,100,77,
91,100,78,
91,101,78,
91,99,76,
91,97,74,
91,97,74,
90,96,73,
91,96,73,
91,98,75,
91,98,73,
91,98,74,
90,99,73,
91,99,74,
91,98,74,
90,98,75,
91,97,75,
91,98,75,
91,100,77,
90,100,77,
91,102,78,
91,101,78,
91,100,75,
90,97,73,
91,98,73,
91,97,72,
90,97,73,
91,98,73,
91,98,74,
90,98,74,
91,99,75,
91,99,74,
90,97,72,
91,98,74,
91,98,75,
90,98,75,
91,100,75,
91,99,76,
90,100,75,
91,99,76,
90,99,75,
91,97,73,
90,98,75,
91,97,71,
90,96,73,
91,97,73,
91,97,73,
90,98,74,
91,99,75,
91,99,76,
90,99,75,
91,99,76,
90,99,74,
91,99,74,
90,100,76,
91,101,76,
91,101,78,
90,101,77,
91,99,77,
91,97,73,
90,98,73,
91,98,73,
90,96,73,
91,97,73,
90,98,72,
91,97,74,
90,98,75,
91,97,73,
90,97,74,
91,98,74,
90,98,75,
91,97,75,
90,98,74,
91,99,75,
90,100,76,
90,100,76,
91,100,76,
90,98,74,
91,98,74,
90,95,72,
91,97,74,
90,98,75,
90,98,74,
91,97,72,
90,98,74,
91,98,75,
90,98,76,
90,99,76,
91,99,77,
90,98,74,
91,99,75,
90,100,76,
91,101,78,
90,101,77,
91,100,76,
90,97,73,
90,96,74,
91,96,73,
90,96,72,
90,98,74,
91,96,73,
90,97,71,
90,97,73,
91,97,72,
90,98,73,
90,97,72,
91,98,74,
90,98,75,
90,98,76,
91,100,77,
90,100,78,
91,102,79,
90,100,75,
90,98,72,
90,97,73,
91,96,72,
90,96,72,
90,97,73,
90,98,73,
91,99,74,
90,99,74,
90,99,75,
90,98,73,
91,98,75,
90,97,73,
90,102,79,
91,104,82,
90,104,79,
90,100,77,
90,101,77,
91,101,76,
90,97,74,
90,96,72,
90,96,73,
91,93,68,
90,94,67,
90,96,70,
90,97,72,
90,98,73,
90,97,74,
91,98,75,
90,98,76,
90,98,75,
90,99,74,
90,98,75,
90,100,77,
91,99,75,
90,99,75,
90,99,76,
90,98,75,
90,96,72,
90,96,73,
90,94,72,
90,96,73,
90,97,73,
91,97,75,
90,98,74,
90,97,73,
90,97,74,
90,98,75,
90,98,76,
90,98,75,
91,98,75,
90,99,77,
90,99,76,
90,101,78,
90,100,77,
90,99,75,
90,97,74,
90,96,74,
90,96,71,
90,97,72,
90,96,73,
91,97,72,
90,97,74,
90,98,74,
90,98,75,
90,98,74,
90,98,74,
90,97,73,
90,98,75,
90,99,77,
90,100,77,
90,100,78,
90,100,77,
90,99,75,
90,98,73,
90,98,74,
90,95,72,
90,96,72,
90,97,73,
90,97,75,
90,97,74,
90,97,74,
90,97,74,
90,97,74,
90,98,75,
90,98,75,
90,97,74,
90,98,75,
90,100,77,
90,99,76,
90,100,76,
90,99,74,
90,95,71,
90,96,72,
89,95,70,
90,97,73,
90,98,73,
90,97,74,
90,98,74,
90,98,75,
90,97,72,
90,98,74,
90,97,73,
89,98,73,
90,98,74,
90,100,77,
90,101,77,
90,100,77,
90,100,76,
90,100,75,
90,98,73,
90,98,74,
90,97,71,
89,96,72,
90,95,73,
90,97,74,
90,98,74,
90,99,74,
90,97,74,
90,96,74,
89,96,74,
90,97,74,
90,97,74,
90,97,73,
90,100,76,
90,100,75,
90,100,76,
89,100,77,
90,98,74,
90,96,72,
90,96,72,
90,96,72,
90,98,74,
89,98,73,
90,98,74,
90,97,75,
90,99,74,
90,97,74,
89,98,75,
90,97,74,
90,96,73,
90,96,74,
90,98,75,
89,98,76,
90,99,77,
90,98,76,
90,97,73,
89,96,71,
90,97,72,
90,96,72,
90,96,73,
89,96,74,
90,98,72,
90,97,73,
90,97,74,
89,97,73,
90,98,74,
90,97,74,
89,97,73,
90,97,73,
90,99,76,
90,99,76,
89,99,76,
90,100,76,
90,97,74,
89,96,72,
90,96,72,
90,95,70,
89,96,71,
90,96,73,
89,98,74,
90,98,74,
90,96,72,
89,96,73,
90,97,75,
89,98,75,
90,98,75,
89,97,75,
90,100,76,
90,99,75,
89,100,77,
90,99,76,
90,98,74,
89,96,72,
90,97,73,
89,95,71,
90,98,73,
90,97,73,
89,97,75,
90,97,75,
89,97,74,
90,97,73,
89,98,76,
90,97,74,
89,97,75,
90,98,74,
90,99,76,
89,98,76,
90,99,77,
89,100,77,
90,98,75,
90,96,73,
89,97,73,
90,96,72,
89,96,73,
90,97,71,
89,96,73,
90,98,74,
89,97,73,
90,95,74,
89,97,73,
90,97,72,
90,97,73,
89,97,75,
90,98,77,
89,98,74,
90,99,76,
89,99,75,
90,98,76,
89,96,74,
90,96,73,
89,96,71,
90,96,73,
89,97,73,
90,97,72,
89,96,72,
90,97,72,
89,96,74,
90,98,75,
89,97,75,
90,96,74,
89,97,74,
90,100,76,
89,98,76,
90,100,76,
89,100,76,
90,99,75,
89,96,73,
90,96,73,
89,95,71,
89,96,72,
90,96,73,
89,98,73,
90,97,74,
89,99,75,
90,98,74,
89,98,74,
89,97,73,
90,97,75,
89,98,73,
90,98,75,
89,97,77,
90,97,75,
89,99,75,
90,99,75,
89,96,72,
89,95,71,
90,95,71,
89,95,73,
89,95,72,
90,97,73,
89,97,74,
89,96,73,
90,97,73,
89,98,72,
90,97,74,
89,98,73,
89,97,73,
90,98,74,
89,99,76,
89,98,75,
90,99,76,
89,98,75,
89,96,71,
89,95,72,
90,95,72,
89,96,72,
89,96,73,
90,95,72,
89,96,73,
89,96,72,
90,97,74,
89,96,73,
89,97,74,
90,98,73,
89,97,74,
89,98,74,
90,100,76,
89,99,76,
89,98,76,
90,98,75,
89,95,74,
89,95,72,
90,94,71,
89,94,71,
89,94,72,
89,96,72,
90,96,73,
89,97,74,
89,96,74,
89,97,72,
89,95,71,
90,95,73,
89,97,73,
89,97,74,
90,99,75,
89,97,75,
89,100,78,
89,98,75,
89,98,76,
90,95,72,
89,95,72,
89,94,71,
89,95,72,
89,96,73,
90,96,72,
89,97,73,
89,97,73,
89,97,72,
89,97,74,
89,96,74,
90,96,73,
89,97,74,
89,97,75,
89,98,74,
89,99,75,
90,98,74,
89,97,72,
89,96,71,
89,97,73,
89,95,73,
90,95,72,
89,96,73,
89,96,73,
89,97,73,
89,97,72,
89,97,74,
90,98,75,
89,96,75,
89,97,74,
89,97,72,
89,98,75,
89,100,76,
90,100,76,
89,98,74,
89,97,74,
89,95,71,
89,95,73,
89,95,71,
89,96,73,
89,96,73,
90,96,73,
89,97,74,
89,96,72,
89,97,72,
89,97,72,
89,96,73,
89,97,73,
89,97,74,
89,98,75,
89,99,75,
90,99,75,
89,98,76,
89,97,75,
89,96,73,
89,95,73,
89,94,71,
89,95,70,
89,96,73,
89,96,74,
89,97,74,
89,97,74,
89,97,73,
90,96,74,
89,97,73,
89,98,74,
89,98,74,
89,98,74,
89,99,75,
89,99,75,
89,99,77,
89,98,75,
89,95,73,
89,96,73,
89,94,70,
89,95,71,
89,96,72,
89,95,71,
89,98,73,
89,97,73,
89,96,72,
89,97,74,
89,96,73,
89,96,74,
89,97,74,
89,98,75,
89,98,76,
89,99,76,
89,99,77,
89,98,74,
89,96,73,
89,96,72,
89,94,71,
89,95,72,
89,95,73,
89,96,73,
89,96,74,
89,96,72,
89,97,73,
89,95,72,
89,96,73,
88,96,73,
89,96,72,
89,97,74,
89,99,75,
89,98,75,
89,98,76,
89,98,76,
89,92,70,
89,93,70,
89,93,69,
88,94,70,
89,94,70,
89,95,73,
89,96,72,
89,97,73,
89,96,73,
89,97,74,
89,97,73,
89,98,72,
89,97,74,
89,98,76,
89,98,76,
89,98,74,
89,97,75,
89,97,75,
89,95,73,
88,95,70,
89,94,69,
89,94,71,
89,94,71,
89,95,72,
89,96,73,
89,97,73,
88,97,74,
89,96,74,
89,96,73,
89,95,73,
89,95,73,
89,97,74,
89,97,75,
89,99,74,
89,98,76,
88,97,74,
89,95,72,
89,93,71,
89,94,71,
88,94,70,
89,94,71,
89,97,72,
89,96,74,
89,97,74,
89,96,74,
89,96,75,
88,97,74,
89,97,73,
89,97,72,
89,96,74,
89,98,75,
89,98,75,
89,98,74,
88,97,74,
89,97,71,
89,93,70,
89,94,70,
89,94,70,
88,95,72,
89,96,73,
89,96,73,
