,,,
File,Raw,DataFile,
Time,Major,Minor1,
85,94,72,
85,95,74,
84,95,74,
85,93,70,
84,91,69,
85,90,69,
85,89,67,
84,91,69,
85,91,71,
85,92,69,
84,90,70,
85,91,70,
85,90,70,
84,91,70,
85,91,71,
84,92,71,
85,91,70,
85,93,72,
84,94,74,
85,94,73,
85,95,73,
84,93,71,
85,91,70,
85,92,70,
84,90,68,
85,89,69,
84,91,71,
85,91,71,
85,92,72,
84,92,73,
85,92,71,
84,91,71,
85,93,72,
85,93,72,
84,92,72,
85,92,72,
84,93,71,
85,94,73,
85,95,74,
84,94,73,
85,91,70,
85,91,71,
84,91,68,
85,91,70,
85,93,72,
84,90,69,
85,90,69,
84,92,72,
85,91,70,
85,92,71,
84,92,71,
85,92,71,
85,92,71,
84,92,70,
85,95,74,
84,94,73,
85,95,75,
85,93,71,
84,91,69,
85,91,68,
85,91,69,
84,90,68,
85,91,68,
85,92,69,
84,92,69,
85,92,70,
85,93,71,
84,91,71,
85,92,71,
84,92,71,
85,93,72,
85,92,72,
84,95,74,
85,93,73,
85,95,74,
85,94,74,
84,92,71,
85,92,70,
84,91,69,
85,90,68,
85,91,70,
84,91,70,
85,91,69,
85,91,71,
84,92,72,
85,92,72,
84,92,70,
85,94,71,
85,93,71,
84,92,70,
85,94,72,
85,94,73,
84,95,73,
85,94,72,
84,92,71,
85,89,69,
85,90,69,
84,91,68,
85,92,71,
84,91,70,
85,91,69,
85,92,70,
84,93,71,
85,92,72,
85,91,71,
84,92,71,
85,93,71,
85,93,71,
84,94,73,
85,95,73,
85,96,76,
84,93,73,
85,92,71,
85,91,69,
84,92,69,
85,90,69,
84,91,70,
85,93,71,
85,91,70,
84,92,71,
85,93,71,
84,92,71,
85,92,70,
85,91,71,
84,91,70,
85,90,70,
85,93,72,
84,93,73,
85,95,74,
85,96,75,
84,93,73,
85,92,70,
85,91,71,
84,90,69,
85,91,70,
84,92,71,
85,92,71,
85,91,71,
84,92,72,
85,93,72,
85,92,72,
84,93,71,
85,93,71,
85,91,70,
84,93,72,
85,94,72,
85,95,72,
84,93,72,
85,93,71,
84,89,68,
85,90,70,
85,89,68,
84,90,69,
85,91,70,
84,91,69,
85,91,69,
85,92,69,
84,92,70,
85,92,71,
85,92,71,
84,91,72,
85,92,71,
85,93,73,
84,94,72,
85,94,75,
84,95,73,
85,94,71,
85,91,69,
84,90,68,
85,89,69,
84,91,70,
85,92,71,
85,92,71,
84,92,71,
85,92,70,
85,93,72,
85,93,71,
84,92,72,
85,92,71,
84,93,71,
85,93,72,
85,94,71,
84,95,72,
85,95,74,
85,94,71,
84,92,70,
85,92,72,
84,91,69,
85,89,67,
85,96,76,
84,97,77,
85,94,74,
85,94,73,
84,93,71,
85,93,71,
84,92,71,
85,92,70,
85,92,70,
84,91,69,
85,90,69,
85,92,71,
84,94,74,
85,92,71,
84,91,70,
85,90,70,
85,91,69,
247,272,207,
2971,3327,2560,
6925,7763,5918,
9465,10609,7985,
10794,12102,9010,
11438,12831,9481,
11742,13171,9697,
11883,13331,9794,
11968,13429,9853,
12898,14462,10639,
15101,16921,12510,
17056,19113,14135,
18304,20519,15142,
18991,21295,15671,
19341,21690,15934,
19510,21880,16052,
19589,21970,16105,
19623,22011,16131,
19638,22026,16138,
19644,22036,16145,
19644,22032,16144,
19641,22031,16143,
19638,22031,16147,
19636,22027,16144,
19634,22028,16142,
19632,22018,16139,
19631,22019,16137,
19631,22017,16140,
19629,22017,16137,
19627,22017,16137,
19624,22017,16135,
19623,22013,16132,
19620,22011,16129,
19619,22006,16126,
19617,22004,16123,
19613,22004,16124,
19611,21998,16122,
19610,21994,16119,
19608,21993,16118,
19607,21992,16115,
19606,21992,16113,
19604,21993,16108,
19601,21991,16110,
19601,21990,16104,
19601,21987,16111,
19598,21987,16113,
19598,21984,16112,
19597,21988,16114,
19596,21990,16108,
19593,21981,16114,
19591,21975,16112,
19590,21974,16106,
19588,21975,16094,
19589,21977,16095,
19589,21972,16097,
19589,21970,16104,
19587,21971,16103,
19587,21967,16104,
19587,21966,16100,
19586,21971,16099,
19585,21970,16095,
19585,21970,16097,
19584,21968,16096,
19583,21968,16096,
19581,21967,16092,
19581,21965,16095,
19580,21966,16098,
19581,21967,16101,
19581,21969,16101,
19580,21970,16099,
19580,21968,16097,
19578,21963,16092,
19579,21963,16090,
19579,21962,16094,
19580,21963,16098,
19580,21965,16093,
19580,21962,16090,
19581,21959,16086,
19581,21960,16090,
19579,21963,16088,
19578,21963,16089,
19577,21967,16092,
19578,21962,16091,
19578,21963,16090,
19578,21963,16092,
19578,21962,16095,
19577,21961,16095,
19576,21959,16094,
19577,21956,16086,
19578,21960,16087,
19578,21963,16089,
19579,21962,16090,
19577,21963,16095,
19576,21965,16089,
19576,21966,16087,
19575,21961,16086,
19574,21960,16089,
19574,21961,16087,
19573,21958,16089,
19573,21957,16095,
19573,21955,16092,
19574,21955,16088,
19574,21961,16089,
19573,21961,16090,
19573,21961,16092,
19573,21956,16090,
19572,21954,16079,
19573,21955,16075,
19573,21959,16080,
19573,21957,16087,
19573,21957,16094,
19573,21956,16089,
19574,21957,16088,
19573,21957,16087,
19573,21956,16092,
19572,21952,16088,
19572,21953,16084,
19572,21954,16084,
19573,21955,16089,
19571,21956,16091,
19570,21954,16089,
19569,21953,16086,
19571,21950,16088,
19570,21952,16089,
19571,21954,16085,
19571,21957,16080,
19572,21955,16087,
19572,21952,16084,
19572,21957,16087,
19574,21958,16089,
19574,21961,16084,
19575,21960,16085,
19576,21959,16084,
19576,21960,16083,
19576,21957,16086,
19575,21957,16087,
19574,21960,16092,
19576,21955,16094,
19576,21958,16099,
19576,21956,16096,
19576,21958,16092,
19576,21961,16091,
19575,21958,16094,
19575,21955,16090,
19576,21958,16088,
19577,21959,16088,
19578,21962,16088,
19577,21960,16091,
19577,21958,16088,
19575,21958,16088,
19577,21959,16096,
19577,21956,16093,
19576,21959,16093,
19575,21957,16091,
19575,21957,16089,
19575,21953,16086,
19576,21961,16093,
19577,21965,16094,
19576,21962,16098,
19577,21960,16091,
19577,21952,16092,
19576,21953,16088,
19577,21957,16084,
19578,21958,16087,
19579,21962,16089,
19580,21962,16090,
19582,21958,16098,
19581,21962,16095,
19582,21962,16095,
19582,21963,16096,
19582,21962,16094,
19583,21965,16092,
19584,21968,16090,
19583,21965,16093,
19583,21964,16095,
19582,21963,16089,
19582,21966,16091,
19581,21972,16092,
19582,21972,16094,
19582,21968,16093,
19582,21966,16097,
19583,21962,16092,
19582,21965,16096,
19582,21966,16095,
19582,21973,16092,
19582,21970,16092,
19582,21967,16093,
19584,21965,16099,
19582,21966,16093,
19582,21965,16090,
19583,21966,16087,
19583,21967,16090,
19585,21973,16094,
19586,21971,16095,
19584,21972,16096,
19585,21973,16098,
19584,21969,16094,
19584,21967,16094,
19584,21970,16092,
19585,21968,16095,
19586,21970,16094,
19586,21970,16096,
19587,21972,16093,
19587,21970,16095,
19586,21971,16094,
19587,21968,16094,
19587,21969,16093,
19587,21970,16096,
19588,21975,16103,
19588,21974,16104,
19587,21968,16101,
19587,21969,16093,
19586,21974,16098,
19585,21973,16097,
19587,21969,16094,
19586,21970,16094,
19586,21972,16095,
19587,21970,16093,
19588,21970,16096,
19588,21975,16098,
19589,21977,16099,
19589,21977,16100,
19590,21975,16102,
19590,21977,16104,
19591,21976,16102,
19593,21979,16102,
19593,21981,16102,
19593,21979,16101,
19593,21978,16098,
19592,21975,16101,
19591,21980,16098,
19592,21979,16100,
19590,21973,16098,
19591,21971,16100,
19591,21975,16102,
19592,21977,16098,
19593,21977,16099,
19592,21976,16090,
19591,21977,16095,
19593,21978,16098,
19594,21982,16102,
19593,21980,16103,
19593,21975,16100,
19591,21975,16098,
19592,21972,16098,
19593,21977,16100,
19593,21983,16103,
19591,21978,16105,
19591,21977,16105,
19588,21976,16103,
19588,21973,16102,
19588,21974,16097,
19589,21972,16096,
19590,21972,16095,
19592,21976,16098,
19594,21979,16104,
19593,21978,16104,
19595,21981,16100,
19595,21981,16097,
19595,21980,16099,
19595,21982,16098,
19593,21982,16102,
19594,21981,16101,
19594,21981,16100,
19598,21983,16103,
19596,21987,16103,
19595,21984,16113,
19595,21982,16106,
19596,21980,16101,
19596,21978,16096,
19595,21978,16097,
19597,21982,16103,
19597,21987,16107,
19598,21985,16107,
19597,21980,16099,
19598,21983,16100,
19598,21984,16103,
19597,21983,16101,
19596,21983,16097,
19596,21983,16102,
19596,21981,16104,
19597,21981,16100,
19598,21981,16101,
19598,21985,16110,
19597,21983,16112,
19595,21985,16109,
19594,21978,16099,
19593,21977,16095,
19594,21981,16098,
19595,21980,16100,
19596,21983,16097,
19598,21987,16101,
19597,21987,16097,
19596,21985,16103,
19597,21981,16105,
19596,21980,16106,
19597,21979,16105,
19598,21981,16105,
19579,21959,16090,
17027,19111,13902,
10808,12156,8592,
5882,6636,4522,
2998,3392,2230,
1498,1702,1088,
763,870,549,
417,476,302,
255,289,191,
181,205,140,
146,163,116,
128,145,107,
120,135,102,
114,128,97,
110,124,94,
108,121,91,
106,119,90,
104,117,89,
103,115,87,
102,114,85,
101,113,85,
100,113,87,
99,110,85,
98,112,87,
98,109,84,
97,107,81,
97,106,80,
96,106,79,
96,104,78,
96,104,80,
95,104,78,
94,103,79,
95,103,79,
94,104,80,
94,104,81,
94,103,79,
93,101,79,
93,103,78,
93,102,79,
93,103,80,
92,103,78,
93,103,81,
92,103,79,
92,100,76,
92,100,75,
92,100,77,
91,98,73,
92,98,75,
91,99,76,
91,100,77,
91,100,76,
91,99,76,
91,100,76,
91,99,77,
91,101,77,
90,100,77,
91,100,76,
90,102,79,
90,101,78,
91,102,80,
90,101,79,
90,100,76,
90,98,75,
90,97,75,
89,96,73,
90,97,74,
90,97,74,
89,97,75,
90,97,76,
89,97,74,
89,98,74,
90,98,74,
89,98,73,
89,98,74,
89,98,73,
89,99,76,
89,99,76,
89,99,78,
89,99,76,
89,98,74,
89,96,73,
89,96,72,
88,95,72,
89,95,71,
88,95,73,
89,96,74,
89,96,73,
88,97,74,
88,98,75,
89,96,72,
88,96,73,
89,96,75,
88,96,74,
88,98,76,
88,96,77,
88,99,76,
88,98,75,
89,98,74,
88,96,72,
88,96,74,
88,94,71,
88,95,72,
87,94,72,
88,96,73,
88,95,73,
88,96,73,
88,95,72,
88,96,73,
88,95,74,
87,96,74,
88,96,73,
88,95,73,
87,96,75,
88,97,75,
88,97,77,
87,97,74,
88,94,72,
87,94,71,
87,94,71,
88,93,71,
87,95,72,
88,94,71,
87,95,72,
87,95,73,
88,95,73,
87,95,74,
87,95,72,
88,95,73,
87,95,73,
87,96,74,
87,96,75,
88,97,75,
87,99,76,
87,96,75,
87,95,72,
87,94,71,
88,95,70,
87,94,72,
87,95,72,
87,94,72,
87,94,72,
87,95,75,
87,95,74,
87,94,73,
87,94,73,
87,94,72,
87,95,73,
87,96,74,
87,96,76,
87,97,73,
87,97,75,
87,95,73,
87,94,71,
87,94,72,
86,94,73,
87,93,71,
87,93,72,
87,94,72,
86,94,73,
87,94,72,
87,95,72,
87,95,72,
87,94,74,
86,95,74,
87,95,74,
87,94,72,
86,95,74,
87,96,73,
87,98,76,
87,96,74,
86,95,73,
87,93,72,
86,94,71,
87,92,70,
87,95,73,
86,94,72,
87,94,72,
86,94,71,
87,93,72,
87,95,73,
86,94,73,
87,95,73,
86,94,73,
87,94,72,
86,96,75,
87,96,74,
86,97,77,
87,95,76,
86,95,71,
87,92,71,
86,94,71,
86,91,70,
87,92,73,
86,93,72,
87,93,72,
86,93,72,
86,94,73,
87,94,72,
86,94,71,
86,94,72,
87,93,72,
86,94,72,
86,95,73,
87,94,74,
86,96,75,
86,96,75,
87,95,72,
86,92,71,
86,93,71,
86,91,70,
86,92,70,
86,93,69,
87,93,71,
86,94,72,
86,93,71,
87,94,74,
86,94,72,
86,93,71,
86,94,73,
86,94,74,
87,95,74,
86,96,76,
86,97,76,
86,95,74,
86,94,72,
86,92,70,
87,93,71,
86,92,70,
86,93,70,
86,94,69,
86,93,70,
86,93,71,
86,95,73,
86,94,71,
86,95,72,
86,94,73,
86,94,72,
86,94,73,
86,93,73,
86,95,74,
86,96,77,
86,96,75,
86,94,72,
86,93,70,
86,92,70,
86,92,70,
86,92,72,
86,92,71,
86,92,71,
86,93,72,
86,93,72,
86,94,72,
86,94,73,
86,93,71,
85,92,72,
86,94,72,
86,94,74,
86,96,74,
86,95,74,
86,96,75,
86,94,74,
86,94,71,
86,93,72,
86,92,70,
85,92,70,
86,92,70,
86,92,70,
86,93,69,
86,94,72,
86,94,71,
86,93,72,
85,94,72,
86,94,72,
86,94,71,
86,95,72,
86,96,74,
86,95,74,
86,95,75,
86,95,73,
86,94,70,
85,92,69,
86,92,68,
86,91,70,
86,92,71,
85,93,72,
86,92,70,
86,93,71,
86,92,71,
86,92,70,
85,93,72,
86,91,70,
86,93,70,
86,94,72,
85,95,75,
86,95,73,
86,96,75,
86,94,73,
86,92,71,
85,92,71,
86,93,71,
86,90,69,
85,91,70,
86,93,72,
86,92,72,
86,93,71,
85,94,72,
86,94,73,
86,94,72,
86,93,73,
85,93,71,
86,94,71,
86,96,74,
85,95,74,
86,97,75,
86,95,74,
86,93,71,
85,92,69,
86,92,70,
86,91,69,
85,91,70,
86,92,69,
85,92,71,
86,92,70,
86,94,72,
86,110,91,
85,106,87,
86,99,78,
86,98,74,
86,95,71,
85,94,73,
86,89,66,
85,88,65,
86,91,69,
85,92,69,
86,91,68,
86,91,70,
85,90,68,
86,92,70,
85,92,69,
86,92,69,
85,92,71,
86,92,70,
86,92,70,
85,92,71,
86,93,70,
85,93,71,
86,93,70,
85,95,74,
86,96,74,
86,97,74,
85,94,72,
86,93,71,
85,92,70,
86,92,71,
86,92,69,
85,92,70,
86,92,70,
85,93,70,
86,94,72,
85,94,72,
86,93,73,
85,93,72,
86,94,71,
85,92,71,
86,92,71,
85,93,73,
86,95,74,
85,95,74,
86,95,73,
86,94,71,
85,91,70,
85,93,72,
86,90,69,
86,92,69,
85,93,72,
86,92,70,
85,93,72,
86,93,71,
85,93,71,
86,94,72,
85,94,71,
86,94,72,
85,94,71,
86,94,73,
85,95,72,
86,95,74,
85,95,75,
86,94,73,
85,92,69,
86,91,70,
85,90,69,
86,91,68,
85,92,70,
85,91,69,
86,93,69,
85,93,70,
86,92,70,
85,94,71,
86,92,71,
85,92,71,
86,93,72,
85,94,74,
86,94,74,
85,95,73,
85,96,75,
86,94,72,
85,92,70,
86,93,72,
85,91,70,
85,91,70,
86,91,71,
85,92,69,
86,93,71,
85,93,73,
85,94,73,
86,92,71,
85,92,70,
86,92,71,
85,92,71,
85,93,73,
86,95,73,
85,94,72,
86,95,75,
85,93,73,
85,93,70,
86,93,71,
85,91,69,
86,91,68,
85,91,68,
85,93,71,
86,92,71,
85,93,72,
85,93,72,
86,93,71,
85,92,71,
85,92,72,
86,94,72,
85,93,72,
85,94,72,
86,94,73,
85,94,72,
86,94,72,
85,93,71,
85,92,71,
86,91,70,
85,91,68,
86,93,70,
85,93,70,
85,93,71,
85,93,71,
86,94,71,
85,93,70,
86,92,70,
85,92,71,
85,93,71,
85,93,71,
86,94,74,
85,94,73,
86,95,74,
85,93,73,
85,92,71,
85,92,69,
86,92,70,
85,91,69,
85,92,70,
86,92,71,
85,93,70,
85,93,71,
86,92,71,
85,94,72,
85,93,72,
86,92,71,
85,93,71,
85,94,70,
86,95,75,
85,94,74,
86,96,74,
85,96,75,
85,92,72,
86,92,71,
85,93,71,
85,90,69,
85,92,69,
86,92,71,
85,93,70,
85,93,71,
86,92,71,
85,91,70,
85,92,72,
85,92,72,
85,94,74,
86,93,73,
85,94,74,
85,94,75,
86,95,75,
85,95,78,
85,94,76,
86,93,74,
85,92,76,
85,90,75,
85,93,79,
86,92,83,
85,92,84,
85,93,86,
86,94,88,
85,92,92,
85,92,94,
86,93,99,
85,92,102,
86,94,104,
85,94,110,
86,95,115,
85,95,121,
86,96,124,
85,94,125,
86,91,127,
86,91,133,
85,91,135,
86,91,139,
86,92,143,
85,92,148,
86,93,151,
86,114,181,
87,113,179,
86,103,170,
86,99,167,
86,97,169,
86,95,169,
86,96,171,
87,97,173,
86,96,175,
86,98,175,
87,97,174,
86,94,173,
87,93,173,
86,90,168,
87,85,159,
86,82,160,
87,87,164,
87,88,164,
86,88,164,
87,90,165,
87,92,167,
87,93,165,
87,92,165,
87,93,162,
86,93,162,
87,95,163,
87,96,161,
87,96,160,
87,95,159,
87,93,154,
87,93,152,
87,92,149,
87,91,148,
87,91,145,
87,92,143,
86,94,143,
87,94,142,
87,94,141,
87,93,141,
87,94,138,
87,93,134,
86,93,133,
87,95,134,
87,95,135,
87,96,134,
86,96,131,
87,95,129,
86,93,125,
87,94,124,
87,93,122,
86,92,121,
87,93,119,
86,93,118,
86,93,118,
87,94,116,
86,93,115,
87,94,114,
86,93,112,
86,94,111,
87,94,110,
86,94,110,
86,95,111,
86,95,108,
87,95,109,
86,95,107,
86,94,104,
86,92,102,
87,92,100,
86,91,99,
86,92,100,
86,93,100,
86,93,99,
86,92,99,
86,93,97,
86,93,98,
86,93,98,
87,93,97,
86,93,96,
86,95,96,
86,95,97,
86,95,94,
86,96,96,
86,96,96,
86,94,94,
86,93,91,
86,93,92,
86,92,89,
86,91,87,
85,93,88,
86,93,90,
86,93,90,
86,94,88,
86,92,89,
86,92,87,
86,93,88,
85,92,87,
86,92,88,
86,95,90,
86,94,87,
86,95,87,
86,94,88,
85,94,87,
86,93,86,
86,92,86,
86,91,83,
85,91,84,
86,92,85,
86,93,84,
85,93,84,
86,94,84,
86,94,84,
86,93,83,
85,94,83,
86,95,82,
86,94,81,
85,95,85,
86,94,85,
86,95,86,
85,95,86,
86,94,84,
86,91,81,
85,91,81,
86,91,80,
85,91,80,
86,93,81,
86,92,81,
85,93,80,
86,93,81,
85,93,80,
86,92,77,
86,91,80,
85,92,79,
86,93,79,
85,95,82,
86,94,81,
86,95,82,
85,93,82,
86,94,81,
85,92,78,
86,93,81,
85,91,77,
86,91,77,
86,92,79,
85,91,79,
86,92,78,
85,93,78,
86,92,77,
85,92,77,
86,92,77,
86,92,78,
85,93,80,
86,94,79,
85,95,80,
86,95,79,
85,95,81,
86,94,79,
86,92,76,
85,91,75,
86,91,71,
85,91,72,
86,93,76,
85,92,76,
86,92,77,
85,92,76,
86,93,78,
85,93,77,
86,92,76,
85,93,77,
86,92,76,
85,94,78,
86,94,78,
85,95,77,
86,95,79,
85,94,78,
86,92,77,
85,92,77,
86,92,75,
85,91,74,
86,90,75,
85,92,75,
86,93,77,
85,93,76,
86,93,76,
85,93,75,
86,91,75,
85,93,74,
86,92,74,
85,93,76,
86,94,78,
85,93,77,
86,95,78,
85,95,77,
85,93,76,
86,92,75,
85,91,75,
86,91,74,
85,92,73,
86,92,75,
85,92,75,
86,92,76,
85,93,76,
85,92,74,
86,93,75,
85,94,75,
86,93,75,
85,94,75,
85,94,76,
86,94,77,
85,96,78,
86,95,76,
85,92,75,
86,92,72,
85,91,74,
86,91,71,
85,92,73,
85,93,75,
86,92,75,
85,91,74,
86,92,74,
85,92,74,
86,92,73,
85,93,74,
85,92,73,
86,93,75,
85,94,77,
86,93,75,
85,95,76,
85,94,77,
86,94,73,
85,90,71,
85,92,73,
86,89,70,
85,91,71,
86,94,74,
85,92,74,
85,93,74,
86,93,73,
85,93,74,
85,93,73,
86,93,73,
85,93,74,
85,93,75,
86,95,76,
85,94,75,
85,94,76,
86,94,75,
85,93,75,
86,92,74,
85,92,74,
85,90,71,
85,90,70,
86,90,71,
85,92,73,
86,92,74,
85,93,74,
85,93,73,
86,93,72,
85,93,74,
85,92,73,
86,93,73,
85,96,76,
85,95,77,
86,96,76,
85,95,74,
85,94,74,
86,92,71,
85,92,71,
85,91,71,
86,91,71,
85,91,73,
85,91,71,
86,94,74,
85,92,74,
85,93,73,
86,92,74,
85,93,73,
85,92,72,
85,92,72,
86,94,74,
85,94,75,
85,95,74,
86,96,75,
85,93,75,
85,92,72,
86,92,72,
85,91,69,
85,91,71,
85,91,71,
86,92,73,
85,92,73,
85,93,74,
86,93,73,
85,92,72,
85,93,73,
86,92,72,
85,93,73,
85,93,74,
86,95,74,
85,94,74,
85,95,75,
85,94,72,
86,90,71,
85,91,72,
85,92,72,
85,91,70,
86,92,71,
85,92,72,
85,93,72,
86,92,74,
85,92,73,
86,93,74,
85,92,72,
85,93,71,
86,93,73,
85,94,74,
85,94,75,
85,94,75,
86,94,74,
85,93,72,
85,92,71,
86,92,72,
85,90,71,
85,91,70,
85,91,71,
86,92,71,
85,93,71,
85,92,73,
85,91,70,
86,91,72,
85,92,72,
85,93,72,
85,93,74,
86,93,72,
85,95,76,
85,95,75,
86,96,75,
85,95,73,
85,93,72,
85,91,71,
85,91,72,
86,91,70,
85,92,71,
85,92,71,
85,92,71,
86,92,72,
85,92,72,
85,93,72,
85,93,72,
86,94,72,
85,93,70,
85,93,72,
85,93,72,
86,93,73,
85,94,74,
85,93,72,
85,91,70,
85,91,69,
86,92,71,
85,92,70,
85,91,69,
85,92,72,
85,92,71,
86,92,71,
85,92,72,
85,91,71,
85,92,72,
85,92,73,
86,93,72,
85,93,72,
85,95,75,
85,96,74,
86,94,74,
85,94,73,
85,92,72,
85,91,69,
85,91,70,
86,90,70,
85,91,70,
85,92,71,
85,92,71,
85,93,71,
86,91,70,
85,91,71,
85,93,72,
85,93,71,
86,93,72,
85,92,71,
85,94,74,
85,94,74,
86,96,75,
85,95,74,
85,94,73,
86,92,70,
85,92,70,
86,90,69,
85,91,71,
86,93,70,
85,93,72,
86,92,71,
86,93,73,
86,94,73,
87,95,73,
86,94,73,
87,94,73,
88,94,73,
87,97,75,
89,98,76,
89,100,77,
90,101,78,
91,101,77,
93,100,77,
93,103,79,
96,105,79,
97,108,81,
100,110,84,
103,116,86,
106,119,90,
111,126,93,
115,131,99,
120,140,104,
128,147,109,
134,157,115,
143,167,123,
154,182,132,
165,198,143,
178,216,157,
195,236,171,
212,259,186,
232,282,201,
256,312,224,
283,345,245,
314,385,270,
348,431,302,
388,480,339,
433,538,378,
482,601,420,
540,672,470,
603,752,526,
674,843,588,
754,944,659,
843,1056,738,
942,1180,824,
1052,1318,918,
1174,1470,1022,
1308,1639,1140,
1457,1824,1268,
1620,2025,1407,
1800,2248,1560,
1996,2491,1728,
2211,2756,1914,
2445,3046,2117,
2701,3359,2333,
2977,3702,2572,
3276,4069,2830,
3600,4466,3105,
3948,4893,3406,
4323,5353,3722,
4725,5844,4063,
5154,6367,4429,
5613,6926,4819,
6101,7520,5229,
6620,8150,5673,
7169,8814,6141,
7748,9517,6633,
8361,10253,7148,
9003,11028,7688,
9677,11837,8256,
10380,12684,8851,
11115,13566,9472,
11875,14476,10113,
12663,15417,10770,
13477,16390,11456,
14314,17387,12161,
15173,18408,12888,
16053,19456,13626,
16951,20525,14379,
17866,21608,15147,
18796,22707,15925,
19736,23816,16710,
20684,24934,17508,
21639,26052,18304,
22594,27172,19098,
23547,28292,19886,
24498,29402,20677,
25438,30499,21460,
26365,31580,22236,
27278,32640,22996,
28174,33684,23744,
29049,34692,24475,
29900,35669,25184,
30724,36627,25857,
31522,37544,26520,
32285,38419,27153,
33017,39253,27763,
33711,40043,28339,
34366,40788,28879,
34984,41492,29389,
35563,42147,29867,
36099,42750,30309,
36594,43307,30713,
37045,43803,31086,
37455,44253,31431,
37822,44653,31725,
38142,44995,31985,
38424,45294,32223,
38667,45551,32425,
38867,45768,32592,
39030,45927,32720,
39150,46036,32815,
39228,46103,32871,
39269,46129,32907,
39274,46109,32907,
39244,46051,32877,
39178,45951,32821,
39078,45813,32740,
38945,45635,32624,
38779,45419,32479,
38588,45172,32315,
38369,44896,32131,
38121,44584,31921,
37853,44251,31699,
37558,43892,31450,
37242,43507,31189,
36903,43094,30904,
36549,42661,30600,
36179,42208,30283,
35789,41737,29960,
35385,41263,29622,
34965,40763,29274,
34535,40242,28918,
34093,39723,28546,
33642,39184,28173,
33181,38639,27796,
32711,38080,27403,
32232,37519,26994,
31748,36946,26585,
31262,36372,26180,
30770,35788,25769,
30277,35203,25352,
29778,34616,24938,
29282,34041,24518,
28785,33453,24100,
28284,32863,23686,
27786,32277,23268,
27286,31692,22852,
26788,31112,22435,
26292,30534,22028,
25799,29966,21625,
25310,29391,21211,
24825,28825,20802,
24344,28266,20397,
23867,27709,19998,
23392,27154,19601,
22921,26603,19214,
22458,26064,18827,
22001,25532,18441,
21551,25009,18064,
21110,24491,17695,
20673,23985,17330,
20242,23484,16973,
19819,22994,16620,
19399,22509,16266,
18986,22030,15923,
18582,21555,15584,
18186,21097,15261,
17797,20649,14940,
17417,20207,14615,
17045,19775,14303,
16678,19348,13994,
16320,18936,13694,
15968,18527,13401,
15622,18127,13115,
15285,17734,12833,
14953,17349,12553,
14630,16973,12277,
14314,16602,12011,
14005,16247,11752,
13702,15900,11500,
13406,15556,11251,
13118,15219,11009,
12836,14894,10778,
12562,14577,10548,
12294,14266,10320,
12034,13966,10102,
11781,13673,9892,
11535,13386,9690,
11294,13110,9490,
11060,12840,9293,
10830,12575,9096,
10608,12316,8915,
10391,12066,8735,
10178,11820,8551,
9972,11581,8377,
9772,11348,8204,
9576,11121,8043,
9387,10903,7888,
9201,10686,7729,
9021,10481,7578,
8846,10279,7429,
8676,10083,7288,
8509,9890,7144,
8349,9703,7009,
8191,9521,6881,
8037,9343,6755,
7888,9172,6631,
7742,8999,6510,
7600,8836,6392,
7461,8677,6275,
7327,8524,6158,
7197,8373,6047,
7069,8225,5940,
6946,8079,5838,
6827,7940,5738,
6711,7805,5643,
6597,7677,5547,
6488,7548,5452,
6381,7426,5365,
6276,7306,5276,
6173,7186,5190,
6073,7069,5106,
5977,6957,5027,
5882,6849,4946,
5791,6743,4869,
5701,6640,4794,
5613,6538,4719,
5528,6441,4650,
5445,6344,4577,
5365,6247,4507,
5286,6155,4444,
5210,6066,4377,
5135,5979,4314,
5062,5895,4254,
4990,5813,4195,
4920,5732,4135,
4852,5655,4079,
4786,5577,4023,
4721,5502,3969,
4658,5428,3916,
4596,5357,3861,
4536,5286,3811,
4477,5217,3762,
4420,5153,3714,
4363,5088,3667,
4308,5023,3623,
4254,4959,3576,
4201,4897,3533,
4150,4837,3485,
4099,4776,3440,
4048,4718,3399,
4000,4662,3361,
3952,4607,3322,
3904,4552,3279,
3859,4500,3242,
3815,4448,3205,
3770,4398,3171,
3728,4347,3136,
3685,4298,3100,
3644,4249,3064,
3604,4202,3028,
3564,4158,2998,
3525,4113,2965,
3487,4070,2933,
3449,4024,2901,
3413,3982,2869,
3376,3938,2841,
3340,3895,2808,
3306,3855,2777,
3271,3815,2749,
3237,3775,2722,
3203,3737,2693,
3170,3697,2663,
3138,3660,2638,
3106,3623,2610,
3075,3586,2586,
3044,3551,2561,
3013,3515,2536,
2983,3481,2508,
2953,3446,2483,
2925,3412,2458,
2895,3381,2437,
2868,3348,2412,
2840,3313,2388,
2813,3281,2364,
2785,3249,2340,
2758,3216,2315,
2732,3186,2293,
2706,3156,2273,
2681,3127,2253,
2654,3096,2231,
2630,3067,2211,
2605,3038,2191,
2581,3013,2171,
2557,2984,2152,
2533,2956,2132,
2511,2928,2109,
2486,2901,2092,
2464,2874,2073,
2441,2845,2051,
2417,2818,2031,
2396,2794,2014,
2373,2766,1995,
2352,2741,1977,
2329,2715,1957,
2309,2691,1940,
2288,2669,1925,
2268,2645,1908,
2247,2620,1890,
2227,2597,1873,
2207,2573,1856,
2187,2551,1839,
2167,2531,1823,
2148,2507,1808,
2129,2484,1790,
2110,2464,1774,
2092,2443,1760,
2074,2423,1749,
2056,2401,1732,
2038,2379,1716,
2020,2354,1697,
2003,2333,1684,
1986,2313,1670,
1969,2294,1654,
1952,2275,1642,
1935,2257,1626,
1918,2237,1611,
1902,2219,1599,
1885,2199,1583,
1870,2183,1572,
1853,2161,1560,
1838,2144,1545,
1823,2125,1532,
1807,2108,1519,
1792,2091,1508,
1777,2074,1496,
1762,2058,1485,
1747,2038,1472,
1733,2018,1459,
1717,2002,1445,
1704,1983,1432,
1690,1968,1420,
1675,1952,1409,
1661,1935,1397,
1647,1919,1385,
1634,1903,1375,
1620,1888,1364,
1606,1872,1353,
1593,1857,1341,
1579,1842,1329,
1567,1825,1318,
1553,1812,1308,
1540,1797,1299,
1527,1783,1286,
1515,1769,1277,
1502,1753,1266,
1490,1736,1253,
1477,1720,1242,
1465,1706,1231,
1453,1691,1219,
1441,1680,1213,
1429,1665,1203,
1418,1651,1194,
1405,1638,1182,
1394,1624,1171,
1383,1611,1164,
1371,1598,1155,
1361,1586,1143,
1349,1573,1134,
1338,1559,1125,
1328,1549,1117,
1316,1535,1109,
1306,1525,1104,
1296,1510,1090,
1285,1496,1080,
1275,1485,1072,
1265,1472,1063,
1254,1459,1053,
1244,1448,1045,
1235,1437,1039,
1224,1425,1031,
1215,1414,1024,
1205,1403,1014,
1195,1392,1006,
1186,1381,998,
1177,1371,990,
1167,1360,983,
1158,1348,975,
1149,1339,970,
1140,1327,962,
1130,1317,955,
1122,1306,947,
1113,1295,938,
1104,1284,929,
1095,1274,921,
1087,1264,911,
1078,1254,906,
1069,1245,900,
1061,1236,892,
1053,1225,886,
1045,1215,879,
1036,1206,873,
1029,1196,864,
1020,1187,859,
1013,1179,853,
1004,1169,845,
997,1161,840,
989,1153,835,
982,1145,831,
974,1135,822,
966,1124,813,
959,1113,805,
952,1106,800,
945,1096,792,
937,1089,788,
930,1080,781,
924,1072,774,
916,1065,769,
910,1057,765,
903,1048,760,
896,1041,754,
889,1033,750,
883,1027,744,
875,1019,738,
870,1012,736,
862,1004,729,
856,998,725,
850,990,720,
843,982,713,
837,971,703,
830,964,698,
825,955,691,
818,950,688,
812,943,684,
806,937,680,
800,930,675,
794,923,668,
788,917,663,
783,910,659,
776,902,655,
771,896,650,
766,889,644,
759,885,641,
755,880,640,
748,878,641,
743,869,632,
737,859,623,
732,849,614,
727,842,612,
721,835,604,
716,830,601,
711,825,597,
706,817,592,
700,810,588,
696,804,581,
691,801,580,
686,795,577,
681,791,572,
676,783,568,
671,777,566,
666,774,562,
662,768,558,
657,763,555,
652,759,550,
648,754,545,
643,745,540,
638,740,537,
634,734,530,
630,728,528,
625,725,524,
620,720,523,
616,714,518,
612,707,514,
608,703,510,
603,699,505,
599,695,504,
595,690,501,
591,684,496,
587,680,492,
582,676,491,
579,671,489,
575,667,487,
570,663,483,
567,654,475,
563,651,472,
559,645,469,
555,642,466,
552,638,463,
547,634,461,
545,630,458,
540,626,456,
537,622,454,
533,618,450,
530,614,447,
526,608,443,
522,605,440,
519,602,439,
516,599,436,
512,594,433,
509,590,432,
506,586,427,
502,581,422,
499,576,419,
495,573,416,
493,569,414,
489,564,411,
486,562,408,
483,557,407,
479,555,405,
477,551,399,
473,546,397,
470,544,395,
467,539,391,
464,536,390,
462,533,389,
458,531,387,
455,528,385,
452,525,383,
450,521,380,
447,515,377,
443,511,372,
441,506,369,
438,504,367,
436,502,366,
432,497,363,
430,496,361,
427,493,360,
425,490,357,
422,487,355,
420,484,353,
416,481,352,
415,477,349,
412,474,347,
409,475,346,
407,472,344,
404,469,344,
402,465,340,
399,461,336,
397,457,333,
394,453,329,
392,450,327,
390,449,326,
387,447,325,
385,443,323,
383,440,321,
380,437,318,
378,436,318,
376,432,316,
373,431,315,
371,428,312,
369,425,310,
367,424,312,
365,422,309,
363,422,309,
361,418,306,
358,413,303,
357,409,299,
354,406,296,
353,404,295,
350,402,292,
349,400,290,
346,399,290,
345,396,287,
342,394,286,
341,391,284,
338,389,286,
337,388,283,
335,384,282,
333,382,282,
331,382,280,
329,380,279,
328,378,279,
325,376,276,
324,373,273,
322,368,270,
320,365,268,
319,362,265,
316,362,266,
315,361,263,
314,359,262,
311,358,262,
310,355,260,
309,354,257,
306,351,257,
305,350,256,
303,348,255,
302,348,253,
300,347,253,
299,344,252,
297,343,251,
295,339,250,
294,338,249,
292,333,244,
291,332,242,
289,329,240,
288,328,240,
286,326,239,
285,326,239,
283,325,238,
282,322,237,
281,321,235,
279,320,235,
277,319,234,
277,317,232,
274,315,231,
274,314,231,
272,314,230,
271,312,228,
269,311,229,
268,308,228,
267,304,224,
266,303,221,
264,300,221,
263,300,220,
261,298,217,
261,297,216,
259,295,217,
257,294,216,
257,294,216,
256,291,213,
254,290,213,
253,288,210,
252,288,211,
250,286,212,
250,287,212,
248,285,212,
247,284,208,
246,282,207,
245,278,205,
243,277,203,
243,275,202,
241,273,201,
241,273,201,
239,272,200,
238,271,200,
238,271,200,
236,270,199,
235,269,198,
234,268,196,
233,266,195,
232,264,194,
231,264,193,
230,264,195,
229,263,195,
228,262,193,
227,259,191,
225,258,191,
225,255,188,
225,252,186,
223,253,185,
222,252,186,
221,252,186,
220,251,186,
219,250,184,
219,250,182,
217,248,183,
217,246,182,
216,246,182,
215,245,179,
214,243,179,
213,244,180,
212,243,180,
211,243,179,
211,241,178,
210,239,176,
208,236,173,
208,234,172,
207,234,173,
207,234,172,
205,234,172,
205,232,171,
204,232,171,
203,231,172,
202,229,170,
202,229,169,
200,227,167,
200,227,168,
199,226,167,
199,228,168,
197,225,167,
197,227,169,
197,224,165,
195,220,163,
195,219,162,
194,219,162,
193,218,160,
193,217,162,
191,215,161,
192,217,162,
190,215,160,
190,216,161,
189,213,159,
189,214,157,
188,212,158,
187,212,156,
186,211,156,
186,212,158,
185,211,156,
185,211,157,
184,210,156,
183,207,154,
182,207,153,
182,205,152,
182,203,149,
180,203,148,
180,202,150,
180,202,149,
179,202,149,
178,200,150,
178,201,148,
177,201,149,
177,200,147,
176,200,148,
175,198,148,
175,199,149,
174,199,146,
174,198,149,
173,197,148,
173,196,146,
172,194,142,
171,193,143,
171,192,142,
171,191,142,
170,192,144,
169,191,141,
169,189,140,
168,190,141,
168,190,139,
168,189,140,
166,189,139,
167,187,138,
165,187,138,
166,188,142,
165,188,140,
164,188,140,
164,188,139,
163,184,137,
163,181,133,
163,182,135,
162,180,132,
161,181,134,
161,180,133,
161,180,133,
160,180,133,
159,180,132,
160,179,132,
158,179,133,
159,176,132,
158,178,132,
157,176,131,
157,178,133,
157,179,134,
156,178,134,
156,178,134,
155,176,132,
155,172,128,
154,172,128,
154,171,128,
154,171,128,
153,171,128,
153,171,126,
153,171,126,
152,170,128,
151,169,127,
152,171,127,
150,169,125,
151,169,124,
150,168,125,
150,169,127,
149,169,127,
149,169,128,
149,170,128,
148,167,126,
148,166,122,
148,165,121,
147,163,121,
147,163,121,
146,163,122,
146,163,123,
146,163,121,
146,161,121,
145,162,120,
144,162,121,
145,162,121,
144,162,122,
144,162,120,
143,161,120,
143,163,121,
143,161,121,
143,162,121,
142,161,121,
142,157,117,
141,158,117,
141,157,115,
141,155,114,
141,157,115,
140,157,116,
140,156,117,
140,156,117,
139,156,117,
139,156,116,
139,155,117,
138,155,117,
138,155,117,
138,155,117,
138,157,118,
137,155,116,
137,155,117,
137,154,116,
137,152,113,
136,152,113,
136,150,113,
135,149,110,
136,152,113,
135,150,111,
135,151,113,
134,151,112,
134,151,112,
135,151,113,
133,150,112,
134,149,110,
133,148,112,
133,149,111,
133,152,112,
133,149,112,
132,150,113,
132,148,111,
132,147,110,
131,145,109,
132,146,107,
131,144,107,
131,147,108,
130,146,110,
131,144,107,
130,144,108,
130,144,107,
129,145,110,
130,145,108,
129,143,107,
129,143,108,
129,144,107,
128,145,110,
129,144,109,
128,147,111,
128,144,108,
127,142,105,
128,141,104,
127,141,105,
127,140,105,
127,141,105,
127,141,105,
126,140,106,
126,141,104,
126,139,104,
126,141,105,
126,138,103,
125,137,103,
125,138,102,
125,139,104,
125,142,106,
125,141,106,
124,141,106,
125,139,105,
124,138,103,
124,137,101,
123,139,105,
124,136,102,
123,137,102,
123,136,100,
123,137,102,
123,137,103,
123,136,102,
122,137,102,
123,136,102,
122,135,102,
122,135,101,
121,135,103,
122,136,102,
121,136,102,
122,138,104,
121,136,102,
121,135,102,
120,133,99,
121,134,100,
120,133,98,
121,132,98,
120,133,99,
120,133,99,
119,133,99,
120,132,99,
119,131,99,
120,131,99,
119,131,97,
119,132,99,
118,132,100,
119,135,100,
119,134,100,
118,134,102,
118,134,103,
118,132,100,
118,130,97,
118,129,99,
118,129,97,
117,129,97,
117,129,99,
118,129,98,
117,128,100,
117,130,100,
117,130,101,
116,129,101,
117,129,101,
116,128,102,
116,127,103,
116,130,104,
116,130,107,
116,131,108,
116,130,109,
116,129,108,
115,127,105,
115,128,108,
116,127,107,
115,126,109,
115,127,111,
115,126,111,
115,126,111,
114,126,113,
115,126,113,
114,126,114,
115,126,112,
114,125,113,
114,126,114,
114,127,116,
114,127,115,
114,126,115,
114,129,118,
113,127,117,
114,125,115,
113,125,114,
113,124,112,
114,122,112,
113,124,113,
113,124,115,
112,125,115,
113,125,114,
113,124,114,
112,125,113,
113,124,112,
112,123,111,
112,123,112,
112,124,112,
112,126,114,
112,125,113,
112,127,113,
112,126,112,
112,123,110,
111,123,109,
112,121,107,
111,121,106,
111,123,109,
111,121,108,
111,123,107,
111,122,107,
111,123,108,
110,123,108,
111,121,107,
111,122,106,
110,121,106,
110,122,107,
110,125,107,
110,123,105,
110,124,106,
110,122,105,
110,121,103,
110,120,102,
109,121,101,
110,120,101,
109,119,99,
109,120,98,
109,119,98,
109,120,97,
109,120,99,
109,120,98,
109,119,100,
109,120,98,
108,119,98,
109,119,96,
108,122,101,
109,122,99,
108,123,101,
108,121,98,
108,119,97,
108,118,94,
107,118,95,
108,116,93,
108,118,94,
107,118,96,
108,118,95,
107,119,97,
108,119,94,
107,118,94,
107,119,94,
107,119,93,
107,118,94,
107,119,93,
107,120,95,
107,120,94,
106,120,96,
107,120,94,
107,118,93,
106,117,90,
106,116,91,
107,114,89,
106,115,90,
106,116,91,
106,116,93,
106,116,92,
106,117,92,
106,117,93,
106,117,92,
105,117,93,
106,117,92,
106,117,91,
105,118,94,
106,117,93,
105,118,93,
105,118,91,
106,116,91,
105,114,87,
105,115,89,
105,114,87,
105,115,89,
105,114,89,
104,115,89,
105,115,89,
105,115,89,
104,115,88,
105,115,89,
104,114,89,
104,115,87,
105,115,89,
104,116,91,
104,117,91,
104,118,93,
104,116,91,
104,114,89,
104,113,88,
104,114,89,
104,113,86,
104,112,87,
104,113,87,
103,112,87,
104,114,89,
103,113,88,
103,111,85,
104,112,86,
103,112,85,
103,112,87,
104,114,87,
103,115,89,
103,115,90,
103,114,89,
103,114,88,
103,114,88,
103,113,87,
102,112,87,
103,112,85,
103,112,86,
103,112,88,
102,112,86,
103,112,88,
102,112,86,
103,112,87,
102,113,86,
102,112,86,
102,113,87,
103,111,87,
102,113,87,
102,115,88,
102,114,87,
102,115,88,
102,113,87,
102,112,84,
101,112,84,
102,109,84,
102,110,85,
102,111,86,
101,111,86,
102,111,87,
101,112,86,
102,112,88,
101,111,86,
101,111,85,
102,110,85,
101,111,85,
101,113,87,
101,114,88,
102,114,89,
101,114,88,
101,112,87,
101,110,85,
101,110,84,
101,110,85,
100,110,83,
101,109,84,
101,109,84,
101,110,84,
100,112,86,
101,111,85,
101,111,86,
100,111,84,
101,110,84,
100,110,85,
101,111,85,
100,111,88,
101,111,87,
100,112,88,
100,110,87,
100,110,85,
100,109,84,
100,110,83,
100,108,83,
100,108,85,
100,109,84,
100,109,84,
100,109,85,
100,109,83,
100,109,84,
100,109,83,
99,109,86,
100,109,84,
100,109,84,
99,111,85,
100,111,85,
100,111,86,
99,110,86,
100,109,83,
99,108,82,
99,109,83,
100,107,81,
99,108,81,
99,107,81,
99,108,83,
100,109,84,
99,109,82,
99,109,82,
99,109,83,
99,108,84,
99,109,84,
99,109,84,
99,111,84,
99,110,84,
99,110,84,
99,110,84,
98,109,82,
99,106,80,
99,107,81,
98,105,80,
99,106,80,
99,107,81,
98,108,82,
99,108,84,
98,108,82,
99,108,82,
98,107,82,
98,108,83,
99,109,81,
98,108,81,
98,110,78,
99,109,82,
98,110,84,
98,109,83,
98,110,84,
98,107,81,
98,107,80,
98,104,80,
98,106,79,
98,106,79,
98,106,79,
98,108,81,
98,108,82,
98,106,81,
98,107,82,
98,106,82,
97,106,80,
98,107,81,
98,109,84,
98,110,85,
97,109,84,
98,110,85,
97,108,84,
98,106,80,
97,106,81,
98,106,80,
97,105,81,
98,105,81,
97,106,81,
97,107,80,
98,107,82,
97,106,80,
97,106,81,
97,106,81,
98,107,82,
97,106,80,
97,107,82,
97,107,83,
97,108,82,
98,108,83,
97,107,84,
96,104,81,
97,105,81,
97,104,81,
97,104,79,
97,105,81,
97,106,79,
97,105,80,
96,106,80,
97,105,82,
97,105,82,
97,107,82,
96,106,81,
97,106,80,
97,106,82,
96,108,83,
97,109,82,
97,109,83,
96,107,82,
97,105,80,
96,105,81,
97,105,81,
96,104,79,
97,104,80,
96,104,80,
96,105,80,
97,106,81,
96,105,80,
97,105,80,
96,105,80,
96,105,80,
96,106,81,
97,105,81,
96,107,83,
96,106,80,
96,107,83,
96,107,82,
96,104,80,
96,105,80,
96,104,79,
96,103,77,
96,103,77,
96,104,79,
96,105,79,
96,103,79,
96,104,81,
96,105,80,
96,106,81,
95,105,80,
96,106,81,
96,105,80,
96,106,82,
95,106,81,
96,107,83,
96,107,82,
96,104,80,
95,102,78,
96,103,77,
95,102,77,
96,104,79,
95,104,79,
96,105,79,
96,105,80,
95,104,79,
95,103,80,
96,104,78,
95,105,79,
96,105,79,
95,105,80,
95,107,81,
96,107,80,
95,108,82,
95,106,81,
96,105,80,
95,103,78,
95,103,78,
95,101,74,
95,102,76,
95,102,78,
96,104,80,
95,104,80,
95,104,80,
95,103,77,
95,103,78,
95,103,79,
95,104,81,
95,104,80,
95,106,80,
95,105,80,
95,106,82,
95,106,81,
95,105,80,
95,104,78,
94,103,78,
95,101,76,
95,102,76,
95,102,77,
94,104,78,
95,104,79,
95,103,79,
95,104,79,
95,104,78,
94,103,79,
95,104,81,
95,104,79,
94,105,79,
95,104,80,
95,106,82,
95,105,81,
94,106,82,
95,103,78,
95,103,77,
94,101,77,
95,102,78,
95,102,78,
95,104,80,
95,103,79,
95,105,78,
96,104,80,
95,104,79,
96,106,79,
97,106,82,
96,108,82,
98,109,83,
97,111,85,
99,112,85,
100,112,85,
100,113,84,
102,113,84,
103,115,85,
106,115,87,
107,117,86,
111,122,90,
113,127,96,
117,134,100,
121,140,104,
127,145,107,
132,152,112,
139,161,118,
148,173,127,
157,186,135,
168,201,147,
180,216,158,
195,236,171,
212,257,186,
231,282,204,
254,309,221,
278,342,242,
308,376,264,
341,419,294,
378,468,328,
421,522,368,
470,584,410,
524,653,458,
585,731,511,
654,818,569,
732,915,637,
818,1024,714,
916,1146,797,
1023,1282,891,
1143,1431,996,
1276,1599,1111,
1424,1783,1240,
1585,1984,1379,
1765,2205,1534,
1960,2447,1700,
2175,2711,1885,
2410,3002,2084,
2666,3319,2305,
2944,3662,2542,
3247,4036,2800,
3574,4439,3084,
3929,4871,3384,
4310,5338,3708,
4721,5841,4057,
5161,6378,4433,
5632,6949,4832,
6134,7560,5262,
6670,8210,5716,
7237,8901,6198,
7838,9627,6707,
8472,10393,7242,
9139,11199,7805,
9840,12042,8393,
10576,12925,9013,
11343,13847,9661,
12143,14808,10338,
12974,15805,11037,
13835,16830,11759,
14724,17890,12511,
15641,18987,13282,
16582,20105,14069,
17547,21246,14874,
18528,22409,15697,
19528,23589,16530,
20538,24781,17372,
21561,25992,18226,
22590,27202,19091,
23623,28416,19960,
24658,29622,20821,
25688,30827,21671,
26710,32026,22512,
27722,33205,23361,
28720,34367,24190,
29701,35506,25005,
30661,36618,25805,
31597,37699,26582,
32505,38751,27334,
33382,39757,28060,
34223,40723,28757,
35030,41647,29426,
35802,42528,30070,
36534,43364,30675,
37226,44151,31242,
37873,44880,31786,
38484,45565,32286,
39050,46202,32747,
39570,46785,33177,
40047,47317,33572,
40476,47788,33925,
40854,48198,34236,
41182,48547,34504,
41462,48849,34733,
41701,49094,34932,
41894,49290,35089,
42047,49438,35211,
42158,49545,35297,
42228,49600,35347,
42260,49605,35369,
42249,49566,35355,
42201,49484,35311,
42119,49362,35242,
41997,49195,35143,
41844,48986,35017,
41656,48748,34858,
41443,48476,34677,
41201,48176,34472,
40932,47842,34240,
40636,47469,33993,
40319,47075,33722,
39973,46656,33434,
39606,46214,33132,
39221,45749,32804,
38815,45268,32460,
38393,44755,32114,
37959,44235,31750,
37512,43700,31370,
37049,43144,30983,
36574,42579,30587,
36086,42004,30185,
35589,41411,29768,
35084,40812,29350,
34569,40210,28926,
34046,39589,28491,
33518,38966,28044,
32988,38334,27596,
32456,37713,27152,
31915,37075,26700,
31371,36439,26246,
30830,35804,25797,
30293,35172,25352,
29753,34542,24906,
29213,33915,24455,
28675,33283,24000,
28138,32657,23554,
27606,32034,23108,
27080,31422,22669,
26557,30806,22236,
26039,30202,21797,
25526,29609,21370,
25018,29020,20948,
24514,28436,20522,
24013,27851,20109,
23521,27273,19694,
23038,26712,19290,
22560,26158,18888,
22090,25611,18497,
21627,25070,18112,
21171,24539,17734,
20722,24021,17361,
20279,23508,16991,
19844,22998,16622,
19414,22502,16267,
18994,22015,15915,
18579,21536,15570,
18173,21068,15230,
17777,20608,14902,
17388,20159,14579,
17007,19716,14253,
16633,19282,13949,
16267,18860,13641,
15910,18446,13335,
15562,18043,13046,
15222,17644,12760,
14890,17261,12484,
14564,16887,12219,
14246,16520,11952,
13936,16159,11690,
13632,15806,11438,
13334,15460,11187,
13043,15121,10942,
12761,14796,10702,
12486,14482,10473,
12217,14172,10250,
11956,13869,10036,
11702,13572,9822,
11453,13287,9611,
11210,13006,9407,
10974,12733,9210,
10745,12464,9016,
10520,12205,8831,
10303,11956,8647,
10091,11711,8469,
9888,11474,8297,
9687,11244,8127,
9493,11020,7965,
9302,10799,7804,
9119,10586,7651,
8938,10379,7502,
8762,10177,7355,
8592,9980,7213,
8426,9787,7075,
8265,9598,6938,
8106,9417,6805,
7952,9235,6678,
7803,9064,6554,
7658,8897,6429,
7517,8733,6311,
7379,8575,6196,
7246,8419,6083,
7117,8269,5973,
6991,8127,5867,
6870,7983,5769,
6750,7846,5670,
6635,7717,5571,
6522,7585,5473,
6412,7457,5381,
6305,7332,5294,
6202,7213,5209,
6100,7096,5121,
6002,6983,5038,
5906,6873,4960,
5813,6764,4882,
5723,6661,4808,
5636,6558,4735,
5550,6460,4664,
5467,6362,4592,
5385,6268,4520,
5307,6177,4453,
5229,6089,4387,
5155,6000,4327,
5080,5913,4268,
5008,5830,4208,
4938,5749,4148,
4869,5669,4090,
4802,5592,4034,
4737,5517,3979,
4673,5442,3927,
4610,5368,3874,
4548,5300,3825,
4488,5230,3776,
4430,5163,3728,
4372,5096,3679,
4317,5029,3626,
4262,4965,3580,
4208,4899,3532,
4156,4839,3486,
4106,4781,3445,
4056,4724,3407,
4006,4668,3366,
3959,4615,3323,
3912,4560,3287,
3867,4506,3249,
3822,4455,3207,
3778,4404,3172,
3734,4354,3136,
3691,4303,3099,
3650,4255,3067,
3609,4207,3031,
3569,4163,2997,
3530,4117,2965,
3491,4072,2933,
3453,4024,2899,
3416,3980,2867,
3380,3936,2836,
3344,3895,2806,
3309,3856,2779,
3274,3816,2752,
3240,3777,2721,
3207,3739,2695,
3174,3699,2666,
3141,3662,2637,
3109,3624,2611,
3078,3588,2586,
3046,3553,2560,
3016,3518,2536,
2986,3481,2510,
2956,3447,2484,
2926,3413,2459,
2897,3379,2432,
2868,3343,2405,
2841,3310,2384,
2813,3278,2362,
2786,3246,2339,
2759,3215,2317,
2733,3187,2296,
2707,3155,2270,
2681,3125,2250,
2655,3097,2229,
2631,3067,2208,
2606,3039,2189,
2582,3012,2168,
2559,2983,2148,
2535,2957,2128,
2511,2930,2110,
2489,2903,2091,
2466,2878,2073,
2443,2851,2054,
2421,2823,2033,
2399,2797,2015,
2377,2768,1995,
2356,2743,1976,
2334,2719,1960,
2313,2697,1943,
2292,2672,1928,
2272,2649,1907,
2251,2624,1891,
2232,2602,1875,
2212,2579,1856,
2192,2557,1843,
2173,2533,1826,
2154,2511,1810,
2135,2490,1798,
2116,2469,1781,
2097,2448,1766,
2079,2425,1748,
2061,2403,1730,
2043,2381,1714,
2025,2360,1699,
2007,2339,1687,
1991,2318,1672,
1972,2297,1659,
1956,2279,1643,
1939,2260,1630,
1921,2238,1617,
1906,2219,1601,
1889,2201,1589,
1873,2181,1578,
1857,2163,1562,
1841,2146,1549,
1827,2130,1536,
1810,2112,1522,
1796,2096,1512,
1779,2076,1497,
1765,2056,1483,
1750,2037,1469,
1735,2021,1456,
1720,2003,1443,
1706,1987,1433,
1692,1970,1420,
1678,1953,1408,
1663,1938,1398,
1650,1921,1385,
1635,1905,1372,
1622,1889,1361,
1609,1875,1351,
1595,1859,1339,
1581,1843,1331,
1569,1829,1322,
1556,1814,1309,
1543,1801,1302,
1530,1785,1291,
1517,1770,1277,
1506,1753,1266,
1493,1738,1254,
1481,1725,1241,
1469,1709,1234,
1457,1696,1225,
1444,1681,1215,
1433,1667,1204,
1422,1656,1194,
1409,1642,1185,
1398,1629,1177,
1387,1615,1167,
1375,1602,1157,
1364,1588,1146,
1353,1577,1138,
1342,1563,1129,
1331,1552,1122,
1320,1541,1114,
1310,1526,1103,
1299,1511,1091,
1289,1498,1083,
1278,1486,1072,
1269,1476,1065,
1258,1464,1057,
1247,1453,1051,
1238,1440,1043,
1228,1428,1032,
1218,1415,1023,
1208,1405,1015,
1199,1393,1007,
1188,1384,1001,
1180,1373,992,
1170,1363,987,
1161,1353,978,
1151,1343,971,
1142,1332,962,
1134,1326,963,
1124,1314,950,
1115,1299,940,
1107,1286,928,
1097,1277,921,
1089,1267,915,
1081,1256,909,
1072,1247,902,
1063,1236,893,
1055,1224,882,
1047,1214,876,
1039,1205,870,
1031,1198,865,
1023,1189,859,
1015,1181,854,
1008,1174,849,
999,1166,844,
993,1157,836,
984,1146,829,
977,1136,821,
970,1125,814,
962,1115,806,
955,1108,802,
948,1099,795,
940,1092,791,
933,1084,785,
926,1076,778,
919,1067,772,
912,1060,767,
905,1051,762,
898,1044,757,
891,1036,749,
885,1029,745,
878,1022,740,
871,1014,736,
864,1007,730,
858,997,724,
852,989,716,
845,981,711,
839,972,702,
833,967,699,
827,959,694,
821,954,691,
815,945,685,
809,939,681,
803,931,673,
797,925,669,
791,917,665,
785,911,659,
779,906,655,
774,899,652,
768,894,649,
762,888,643,
757,881,637,
752,872,632,
745,866,625,
741,861,620,
735,852,616,
730,845,613,
725,839,609,
719,834,604,
714,828,600,
709,821,596,
704,817,592,
699,812,588,
694,806,583,
689,800,579,
684,792,575,
679,789,573,
675,783,570,
669,778,566,
665,774,562,
660,766,557,
656,758,550,
650,754,547,
646,746,541,
642,742,537,
636,738,534,
633,732,530,
627,728,527,
624,722,523,
619,717,521,
615,713,518,
610,707,514,
607,702,509,
602,697,507,
598,692,502,
594,689,498,
590,684,497,
586,681,496,
582,675,492,
578,669,485,
574,664,480,
570,657,478,
566,652,474,
562,650,473,
559,646,469,
555,641,465,
551,638,463,
547,634,460,
544,628,457,
540,625,455,
537,620,451,
533,618,449,
530,614,447,
526,609,446,
522,606,442,
519,604,439,
516,598,434,
512,592,430,
509,586,425,
505,582,424,
502,578,419,
499,575,417,
495,573,416,
493,568,414,
489,565,412,
486,561,409,
483,559,406,
480,555,403,
477,551,401,
474,548,396,
470,544,396,
468,543,396,
465,538,394,
461,535,393,
459,532,389,
456,528,384,
453,522,380,
450,518,377,
447,513,373,
445,512,371,
441,509,370,
439,506,370,
437,502,367,
433,499,363,
431,497,361,
428,494,359,
426,492,359,
423,487,356,
420,485,354,
418,483,354,
415,481,351,
413,479,351,
410,475,349,
408,471,344,
405,465,340,
403,462,337,
401,459,334,
398,458,332,
395,455,332,
394,452,329,
390,450,326,
389,447,325,
386,444,325,
385,443,323,
381,440,322,
380,436,319,
377,435,317,
375,432,317,
373,432,315,
370,429,314,
369,427,312,
366,422,308,
364,418,305,
362,416,303,
360,412,299,
358,411,301,
356,409,300,
354,406,298,
352,405,296,
350,402,296,
348,399,293,
346,396,292,
344,396,290,
342,393,288,
341,391,284,
338,391,286,
336,388,285,
335,388,284,
333,385,282,
331,381,278,
329,377,275,
327,375,274,
326,371,271,
323,369,271,
322,369,270,
321,368,268,
318,366,266,
317,364,264,
315,361,263,
314,360,263,
311,356,261,
310,355,261,
309,353,259,
306,352,258,
306,352,258,
303,350,257,
303,349,257,
300,346,253,
299,342,248,
297,339,248,
296,338,246,
295,335,246,
292,336,245,
292,334,244,
290,332,244,
288,330,242,
287,328,242,
285,327,239,
284,326,238,
283,324,238,
281,323,237,
280,321,235,
279,320,235,
277,318,235,
275,318,234,
275,316,234,
273,311,229,
272,309,227,
270,307,225,
269,307,225,
268,306,226,
266,305,223,
266,303,222,
264,302,220,
262,301,220,
262,300,221,
260,297,217,
259,296,216,
258,293,215,
257,292,215,
255,294,217,
254,291,215,
253,292,216,
252,289,212,
251,286,210,
249,285,207,
249,284,209,
247,280,206,
246,279,204,
245,280,206,
244,277,204,
243,276,203,
242,275,202,
240,274,203,
240,274,202,
238,273,202,
238,272,200,
236,272,200,
236,271,200,
234,268,198,
234,269,200,
232,267,196,
232,265,194,
230,262,190,
230,260,189,
228,258,188,
228,258,189,
226,258,189,
226,257,188,
225,255,188,
224,255,187,
223,254,186,
222,252,186,
221,252,184,
220,250,184,
219,250,184,
219,250,187,
217,249,183,
217,249,186,
216,246,183,
214,245,180,
214,243,177,
214,241,176,
212,239,175,
211,240,176,
211,239,176,
210,239,175,
209,237,176,
208,237,176,
208,237,176,
207,235,175,
206,234,173,
205,234,172,
204,232,171,
204,232,174,
202,232,173,
202,231,173,
201,230,172,
201,227,167,
199,225,165,
199,224,165,
199,223,162,
197,222,164,
197,221,163,
196,222,164,
195,221,163,
195,220,163,
194,219,162,
193,219,162,
192,219,162,
192,218,161,
191,215,160,
191,217,160,
190,216,160,
189,216,160,
189,216,161,
188,215,159,
187,211,154,
187,210,155,
186,208,154,
185,209,155,
185,208,156,
184,208,154,
184,209,153,
183,207,153,
182,206,153,
182,206,151,
181,204,151,
181,205,151,
180,204,148,
179,204,152,
179,205,151,
178,204,151,
178,204,151,
177,201,151,
177,199,146,
176,198,146,
175,196,143,
175,197,143,
175,195,144,
174,196,144,
173,196,145,
173,195,144,
172,194,144,
172,194,144,
171,194,144,
171,191,143,
170,192,144,
170,193,145,
169,192,143,
169,193,143,
168,192,145,
168,192,143,
168,188,140,
166,187,138,
167,186,137,
166,185,136,
165,186,138,
165,186,138,
164,185,137,
164,184,138,
164,183,135,
163,182,136,
162,184,136,
163,182,135,
161,182,136,
162,183,135,
160,183,137,
161,183,137,
160,184,137,
160,181,134,
159,178,131,
158,177,130,
159,177,129,
158,177,129,
157,176,130,
157,176,130,
157,176,130,
156,175,129,
156,175,129,
156,174,131,
155,175,129,
155,174,130,
154,175,130,
154,173,129,
154,175,131,
153,175,130,
153,174,131,
152,172,128,
153,170,125,
151,170,126,
152,169,126,
151,166,123,
150,168,124,
151,168,125,
150,167,125,
149,169,126,
149,168,125,
149,167,125,
149,167,126,
148,166,124,
148,167,125,
147,165,125,
148,167,125,
146,167,125,
147,168,124,
146,165,124,
146,164,122,
146,162,119,
145,161,118,
145,160,117,
144,160,119,
145,162,121,
144,162,120,
143,161,118,
144,161,119,
143,160,119,
142,159,120,
143,161,121,
142,158,119,
142,159,119,
141,161,119,
142,159,118,
141,160,120,
140,160,119,
141,157,117,
140,156,116,
140,155,115,
139,155,115,
140,154,114,
139,154,115,
138,155,116,
139,156,117,
138,153,116,
138,155,116,
138,155,115,
137,154,115,
137,154,116,
137,154,114,
137,155,117,
136,154,115,
136,154,116,
136,153,116,
136,152,115,
135,151,113,
136,151,112,
135,149,110,
134,149,112,
135,150,112,
134,149,111,
134,149,112,
133,148,110,
134,149,111,
133,149,111,
133,149,111,
133,149,111,
133,147,110,
132,149,113,
132,149,112,
132,151,114,
132,148,113,
131,147,111,
131,145,109,
131,146,110,
131,145,106,
131,144,108,
130,144,109,
130,144,108,
130,143,108,
130,146,108,
129,145,109,
130,144,107,
129,144,108,
129,144,108,
129,143,107,
128,145,109,
129,144,108,
128,144,110,
128,143,110,
127,143,108,
128,140,104,
127,141,107,
127,138,103,
127,139,103,
127,140,105,
126,139,104,
127,140,105,
126,142,105,
126,140,106,
126,140,106,
125,140,105,
126,141,105,
125,140,105,
125,140,107,
125,141,108,
125,141,107,
124,142,106,
125,138,105,
124,138,103,
124,138,103,
124,137,101,
124,137,101,
124,138,101,
123,137,103,
123,137,102,
123,137,104,
123,137,103,
123,138,103,
122,137,104,
123,137,102,
122,137,103,
122,137,103,
122,138,103,
122,138,105,
122,137,105,
121,136,102,
122,134,100,
121,133,100,
121,133,98,
121,133,99,
121,135,100,
120,134,99,
121,133,100,
120,133,101,
120,133,99,
120,133,100,
120,133,100,
120,132,100,
119,133,100,
120,132,100,
119,134,100,
119,134,100,
119,134,102,
119,133,101,
119,132,99,
119,131,97,
118,129,97,
118,128,96,
118,130,97,
118,130,96,
118,130,98,
118,130,97,
118,131,97,
117,131,98,
118,130,100,
117,131,100,
117,130,98,
117,130,99,
117,133,100,
117,132,100,
117,132,101,
116,131,100,
117,130,98,
116,128,97,
116,128,97,
116,127,97,
116,128,95,
116,128,96,
116,128,97,
116,128,97,
115,128,97,
116,127,96,
115,126,94,
115,125,93,
115,125,94,
115,127,94,
115,128,98,
115,129,99,
115,130,99,
114,128,97,
115,126,95,
114,125,94,
114,125,94,
114,124,94,
114,124,93,
114,126,93,
114,125,95,
113,126,94,
114,126,94,
113,125,94,
114,124,94,
113,125,94,
113,126,93,
113,124,93,
113,126,96,
113,127,95,
113,127,97,
113,126,95,
112,126,93,
113,125,93,
112,123,92,
112,122,90,
112,122,92,
112,123,92,
112,124,94,
112,125,95,
112,125,96,
112,125,94,
112,123,92,
111,123,93,
111,123,94,
112,123,93,
111,124,96,
111,125,97,
111,125,95,
111,124,95,
111,123,93,
111,122,91,
111,122,92,
110,120,90,
111,121,91,
110,121,90,
111,121,90,
110,121,90,
110,123,92,
110,122,93,
110,121,91,
110,121,91,
110,121,89,
110,121,91,
110,124,93,
110,123,94,
109,125,94,
110,122,92,
110,120,91,
109,119,89,
109,119,90,
109,118,88,
109,119,90,
110,119,89,
109,120,91,
108,120,92,
109,121,92,
109,119,90,
109,120,89,
108,119,89,
109,119,90,
108,120,90,
109,122,93,
108,122,94,
109,122,94,
108,122,93,
108,121,93,
108,118,88,
108,119,89,
108,117,87,
108,118,89,
107,117,88,
108,117,87,
108,118,88,
107,118,88,
108,118,89,
107,118,88,
108,117,88,
107,118,89,
107,117,88,
107,117,88,
107,118,90,
107,119,90,
107,120,92,
107,118,90,
107,117,87,
107,116,88,
106,116,86,
107,115,87,
106,117,88,
107,116,88,
106,117,87,
106,117,89,
107,117,90,
106,118,89,
106,117,90,
106,117,89,
106,117,88,
106,117,89,
106,118,91,
106,119,91,
106,118,91,
106,117,89,
106,116,88,
105,115,87,
106,116,86,
105,114,87,
106,115,87,
105,115,87,
106,116,87,
105,116,87,
105,115,87,
106,115,87,
105,116,88,
105,115,87,
105,115,86,
105,116,86,
105,117,89,
104,117,89,
105,117,89,
105,117,88,
105,116,87,
104,115,86,
105,114,84,
105,114,84,
104,115,86,
105,114,88,
104,116,86,
104,115,87,
105,115,87,
104,115,88,
104,115,86,
104,115,88,
104,115,87,
104,115,85,
104,116,89,
104,115,88,
104,117,90,
104,116,88,
104,114,87,
103,112,84,
104,113,84,
104,112,84,
103,113,85,
104,114,85,
103,113,85,
104,113,85,
103,113,85,
103,114,86,
104,114,85,
103,114,85,
103,114,86,
103,113,86,
104,115,88,
103,116,88,
103,116,89,
103,114,87,
103,113,86,
103,112,83,
103,112,84,
102,110,83,
103,112,83,
103,112,85,
103,113,84,
102,112,85,
103,113,85,
103,112,84,
102,112,84,
103,113,85,
102,113,87,
102,112,85,
103,113,85,
102,114,88,
103,114,86,
102,114,88,
102,113,87,
102,113,85,
102,112,84,
102,109,83,
102,110,83,
102,112,84,
102,111,84,
102,111,84,
102,112,85,
102,111,84,
101,111,85,
102,112,86,
102,112,87,
101,111,84,
102,112,85,
102,113,86,
101,114,87,
102,114,87,
101,112,86,
102,110,83,
101,110,84,
102,110,82,
101,110,83,
101,110,83,
102,111,85,
101,111,85,
101,111,83,
101,111,83,
101,111,83,
101,111,85,
101,111,84,
101,112,85,
101,112,86,
101,112,86,
101,114,87,
101,114,87,
101,112,84,
101,110,83,
101,110,83,
100,109,81,
101,109,83,
101,109,83,
101,110,83,
100,109,82,
101,109,83,
100,110,84,
101,110,83,
100,109,83,
101,109,83,
100,110,83,
101,110,84,
100,113,86,
100,112,87,
101,113,87,
100,112,86,
100,109,82,
100,110,83,
100,108,81,
101,109,80,
100,108,82,
100,110,83,
100,110,84,
100,109,83,
100,109,83,
99,109,83,
100,110,84,
100,109,82,
100,110,84,
100,110,84,
99,112,84,
100,111,85,
100,112,87,
100,111,84,
99,108,82,
100,109,82,
100,109,80,
99,108,81,
100,109,83,
99,109,83,
100,109,82,
99,109,81,
100,109,81,
99,109,83,
99,109,82,
100,109,81,
99,110,82,
99,109,82,
99,111,85,
100,111,84,
99,111,86,
99,110,83,
99,109,82,
99,108,80,
100,108,82,
99,106,81,
98,108,81,
99,108,83,
99,109,83,
99,109,82,
99,109,82,
99,108,80,
99,108,82,
99,107,82,
98,108,83,
99,109,84,
99,110,85,
99,111,82,
98,111,86,
99,110,84,
99,108,83,
98,108,81,
99,108,80,
98,105,78,
99,106,79,
98,108,81,
99,107,81,
98,109,83,
98,107,81,
99,108,82,
98,108,82,
98,108,82,
99,108,82,
98,108,80,
98,110,84,
99,109,83,
98,111,85,
98,108,84,
98,108,84,
98,108,82,
98,107,81,
98,107,80,
98,107,82,
98,107,82,
98,107,82,
98,108,81,
98,108,81,
98,108,80,
98,107,82,
98,107,83,
98,108,83,
98,108,82,
98,109,83,
97,109,82,
98,110,84,
98,109,84,
98,107,82,
97,105,79,
98,106,81,
98,104,79,
97,105,80,
98,106,78,
98,107,81,
97,108,82,
98,107,81,
97,108,80,
98,105,79,
97,106,80,
98,106,81,
97,106,82,
98,108,84,
97,108,83,
98,108,84,
97,108,84,
97,108,83,
98,105,80,
97,106,81,
97,105,79,
97,105,80,
98,106,80,
97,106,81,
97,106,80,
97,107,80,
97,106,82,
97,106,81,
97,107,80,
98,106,80,
97,107,82,
97,107,82,
97,108,82,
97,108,82,
97,109,83,
97,109,83,
97,105,80,
97,105,79,
97,105,80,
96,104,80,
97,106,80,
97,106,81,
97,106,81,
97,105,79,
96,105,79,
97,105,81,
97,106,81,
97,106,81,
96,105,80,
97,107,81,
97,107,83,
96,107,82,
97,109,84,
96,108,81,
97,105,79,
97,105,79,
96,103,77,
97,104,78,
96,105,78,
97,106,79,
96,105,80,
96,106,80,
97,106,82,
96,106,81,
97,106,80,
96,106,82,
96,106,80,
97,107,81,
96,107,82,
96,107,81,
97,107,82,
96,107,83,
96,105,80,
97,105,78,
96,104,79,
96,103,77,
96,103,79,
96,104,80,
96,105,80,
97,104,80,
96,105,81,
96,104,79,
96,104,78,
96,103,79,
96,105,80,
96,106,81,
96,108,82,
96,107,83,
96,107,83,
96,107,82,
96,104,79,
95,104,78,
96,105,79,
96,104,77,
96,105,80,
96,104,79,
95,105,79,
96,104,80,
96,104,81,
96,105,80,
96,106,80,
95,105,80,
96,104,79,
96,105,79,
96,106,81,
95,106,80,
96,107,82,
96,107,80,
95,104,80,
96,103,77,
95,103,78,
96,102,75,
96,103,79,
95,104,80,
96,105,79,
95,104,79,
96,105,79,
95,104,79,
95,104,78,
96,104,80,
95,105,79,
96,104,80,
95,106,81,
95,105,81,
96,107,82,
95,107,82,
96,106,80,
95,103,78,
95,104,80,
95,101,77,
96,102,77,
95,103,79,
95,104,79,
96,103,79,
95,104,80,
95,104,80,
95,103,79,
95,104,80,
96,105,81,
95,104,77,
95,106,79,
95,106,78,
95,106,81,
95,105,80,
96,105,80,
95,103,78,
95,104,79,
95,101,77,
95,103,77,
95,104,79,
95,102,78,
94,102,78,
95,103,79,
95,103,79,
95,104,77,
95,103,79,
95,104,78,
95,104,79,
95,104,80,
95,106,80,
95,105,81,
95,106,82,
95,104,80,
94,102,78,
95,102,79,
95,101,77,
95,102,76,
94,102,78,
95,102,78,
95,103,78,
94,103,78,
95,104,78,
95,102,78,
95,103,78,
94,102,77,
95,103,80,
94,106,80,
95,105,81,
95,106,80,
94,105,80,
95,105,79,
94,103,76,
95,102,79,
94,103,77,
95,101,77,
95,101,78,
94,103,77,
95,103,77,
94,103,77,
94,103,78,
95,103,77,
94,103,77,
95,103,77,
94,102,78,
95,104,79,
94,105,81,
94,105,80,
95,104,80,
94,106,79,
94,104,78,
94,103,77,
95,101,77,
94,102,75,
94,102,76,
94,102,77,
95,103,79,
94,104,80,
94,103,78,
94,102,77,
95,102,78,
94,103,77,
94,103,78,
94,103,78,
94,106,81,
94,104,80,
95,105,81,
94,104,80,
94,103,79,
94,102,79,
94,101,78,
94,101,77,
94,101,77,
94,102,77,
94,103,78,
94,102,79,
94,103,79,
94,103,79,
94,103,78,
94,103,81,
94,103,79,
94,104,78,
94,105,81,
94,104,80,
94,106,81,
94,105,81,
94,103,77,
94,102,76,
94,101,75,
93,101,76,
94,102,77,
94,100,75,
94,101,75,
94,102,78,
93,103,79,
94,101,78,
94,102,77,
94,102,79,
94,102,78,
93,102,79,
94,104,80,
94,112,88,
94,130,110,
94,119,97,
94,111,87,
94,106,81,
93,105,80,
94,103,79,
93,103,79,
94,103,79,
94,104,79,
93,104,78,
94,103,79,
94,102,76,
93,100,76,
94,95,69,
93,93,66,
94,96,72,
93,98,74,
94,99,75,
93,102,77,
94,104,79,
93,103,79,
94,101,78,
93,101,76,
93,99,74,
94,99,74,
93,101,76,
94,102,77,
93,102,77,
93,101,77,
94,101,76,
93,101,77,
93,102,77,
94,102,76,
93,103,78,
93,103,78,
93,103,79,
94,104,79,
93,103,80,
94,103,78,
93,101,77,
93,100,76,
93,99,75,
94,101,77,
93,101,78,
93,101,77,
93,101,77,
93,101,76,
94,101,77,
93,101,76,
93,102,78,
93,101,78,
94,102,78,
93,103,79,
93,103,80,
93,105,80,
93,104,79,
93,102,78,
94,101,76,
93,101,77,
93,100,75,
93,101,77,
93,101,77,
93,102,78,
93,101,78,
93,102,77,
93,102,78,
93,102,78,
93,102,78,
93,101,78,
93,101,76,
93,103,78,
93,103,78,
93,103,79,
93,103,79,
93,104,78,
93,101,77,
93,101,76,
93,98,75,
93,100,75,
93,101,77,
93,100,76,
93,100,76,
93,101,77,
93,102,77,
93,102,78,
92,101,77,
93,102,78,
93,101,77,
93,102,76,
93,103,79,
93,103,79,
92,103,79,
93,102,79,
93,101,76,
93,99,76,
93,99,74,
92,98,75,
93,100,75,
93,99,77,
92,101,76,
93,102,77,
93,101,77,
93,101,77,
92,101,76,
93,102,78,
93,102,77,
92,102,77,
93,103,79,
93,104,81,
92,104,80,
93,103,80,
93,101,75,
92,101,76,
93,100,73,
92,100,74,
93,100,75,
93,101,77,
92,102,78,
93,101,78,
92,101,77,
93,102,77,
92,101,76,
93,102,77,
92,101,77,
93,101,76,
93,103,79,
92,103,78,
93,104,78,
92,102,78,
93,101,77,
92,101,76,
93,99,76,
92,98,72,
92,99,74,
93,100,77,
92,100,76,
93,100,76,
92,101,76,
92,101,77,
93,100,77,
92,102,78,
93,101,76,
92,102,77,
92,103,80,
93,102,79,
92,103,81,
92,103,81,
93,102,78,
92,100,77,
92,100,76,
93,99,74,
92,100,75,
92,100,75,
92,100,76,
93,101,75,
92,101,75,
92,99,76,
92,101,77,
93,101,77,
92,100,75,
92,101,76,
92,102,79,
92,102,77,
92,104,80,
93,103,78,
92,101,77,
92,99,77,
92,100,77,
92,99,74,
92,99,76,
93,100,76,
92,99,76,
92,101,77,
92,101,77,
92,100,75,
92,100,76,
92,100,75,
93,100,77,
92,99,77,
92,102,79,
92,102,79,
92,102,79,
92,102,78,
92,102,77,
92,100,77,
92,100,76,
92,98,74,
92,99,74,
92,99,75,
92,100,75,
92,100,76,
92,100,75,
92,100,76,
92,101,76,
92,102,76,
92,100,76,
91,100,75,
92,102,77,
92,102,77,
92,102,76,
92,102,78,
92,102,77,
92,99,74,
92,99,75,
92,98,74,
92,100,75,
92,101,76,
92,99,74,
91,100,75,
92,99,76,
92,100,76,
92,100,76,
92,100,76,
92,100,75,
91,99,76,
92,102,77,
92,102,78,
92,103,79,
92,103,80,
92,101,79,
91,100,76,
92,99,76,
92,99,74,
92,99,74,
91,99,76,
92,100,76,
92,101,75,
92,100,77,
91,100,74,
92,99,76,
92,100,76,
91,100,75,
92,101,77,
92,101,77,
92,102,79,
91,102,78,
92,101,79,
92,102,77,
91,100,74,
92,100,75,
91,99,75,
92,98,76,
92,100,76,
91,99,77,
92,100,78,
92,101,78,
91,100,77,
92,101,77,
91,100,76,
92,100,76,
92,100,76,
91,101,76,
92,102,78,
91,101,77,
92,102,78,
92,102,77,
91,99,75,
92,99,76,
91,99,75,
92,99,75,
91,98,76,
92,99,75,
91,99,75,
92,100,75,
91,99,76,
92,100,77,
91,101,76,
91,100,77,
92,100,76,
91,101,78,
92,101,78,
91,102,77,
92,102,80,
91,101,77,
92,98,75,
91,97,75,
91,98,75,
92,98,75,
91,99,75,
91,99,75,
92,99,75,
91,101,78,
91,100,78,
92,99,75,
91,99,75,
91,99,75,
92,99,76,
91,100,77,
92,102,78,
91,101,78,
92,102,78,
91,101,77,
91,100,75,
91,98,73,
92,98,75,
91,97,72,
91,98,74,
91,99,75,
92,99,76,
91,100,75,
91,99,76,
92,98,75,
91,100,75,
91,100,76,
91,101,77,
91,99,76,
92,101,77,
91,100,76,
91,102,79,
91,101,77,
92,101,78,
91,100,76,
91,97,74,
91,97,73,
91,99,76,
91,99,76,
92,99,76,
91,99,75,
91,99,76,
91,100,75,
91,99,75,
92,99,75,
91,98,76,
91,100,76,
91,102,78,
91,101,77,
91,102,79,
91,102,77,
91,100,76,
91,98,74,
91,99,75,
91,96,74,
91,97,74,
91,98,75,
91,98,76,
91,98,76,
92,100,77,
91,99,74,
91,99,76,
90,99,74,
91,99,76,
91,99,75,
91,100,78,
91,100,76,
91,101,78,
91,102,78,
91,101,79,
91,100,77,
91,98,74,
91,97,74,
91,97,73,
91,99,74,
91,99,75,
91,100,75,
90,99,76,
91,99,76,
91,99,76,
91,99,77,
91,99,77,
91,99,76,
91,99,77,
91,101,80,
91,100,79,
90,101,78,
91,101,77,
91,97,75,
91,98,75,
91,97,74,
91,97,75,
91,99,75,
91,99,74,
90,98,74,
91,99,74,
91,99,75,
91,99,75,
91,98,74,
90,98,75,
91,99,75,
91,99,76,
91,101,77,
91,100,77,
90,103,78,
91,100,77,
91,97,73,
91,97,73,
91,97,74,
90,96,73,
91,97,74,
91,99,75,
90,98,75,
91,98,76,
91,100,77,
91,98,76,
90,100,76,
91,99,75,
91,99,74,
91,99,76,
90,101,77,
91,99,77,
91,102,78,
91,101,77,
90,98,75,
91,99,76,
91,97,74,
90,98,74,
91,98,75,
91,98,74,
90,97,75,
91,99,75,
91,98,76,
90,99,75,
91,99,76,
91,100,76,
90,99,76,
91,99,75,
91,99,76,
90,100,76,
91,101,78,
91,100,77,
90,99,74,
91,97,75,
90,98,74,
91,97,73,
91,98,73,
90,98,74,
91,98,74,
90,98,74,
91,98,75,
91,99,75,
90,99,76,
91,98,76,
90,99,75,
91,99,76,
90,100,77,
91,100,77,
90,102,78,
91,101,79,
90,100,75,
91,97,73,
90,98,75,
90,97,72,
91,97,73,
90,99,75,
91,99,76,
90,98,74,
91,99,76,
90,99,75,
91,98,74,
90,99,76,
91,98,75,
90,98,74,
91,100,77,
90,100,75,
91,101,77,
90,100,77,
91,99,75,
90,102,80,
91,105,82,
90,103,79,
91,116,95,
90,109,86,
91,104,81,
90,101,78,
90,100,75,
91,95,72,
90,88,63,
90,87,63,
90,93,68,
91,96,73,
90,98,73,
90,98,75,
91,100,76,
90,100,77,
91,99,75,
90,98,74,
90,97,74,
91,96,72,
90,97,74,
90,98,73,
91,99,74,
90,98,73,
90,98,75,
91,99,75,
90,98,75,
90,98,75,
91,99,75,
90,99,76,
90,99,76,
90,100,77,
91,100,78,
90,100,78,
90,99,77,
90,96,72,
91,98,71,
90,97,71,
90,98,73,
90,98,74,
90,99,74,
91,97,74,
90,98,74,
90,99,77,
90,100,77,
91,98,75,
90,98,77,
90,99,76,
90,99,77,
90,101,78,
91,100,78,
90,100,77,
90,100,77,
90,98,74,
90,97,73,
91,97,73,
90,97,73,
90,96,74,
90,98,74,
90,98,73,
90,97,75,
91,98,75,
90,99,74,
90,98,75,
90,98,75,
90,99,75,
90,101,76,
90,101,78,
90,101,78,
90,101,77,
90,99,76,
90,98,75,
90,97,74,
91,96,73,
90,97,73,
90,98,75,
90,98,75,
90,98,73,
90,97,74,
90,98,75,
90,97,74,
90,98,74,
90,98,75,
90,97,74,
90,99,76,
90,100,78,
90,99,76,
90,101,79,
90,100,77,
90,98,74,
90,96,75,
90,96,73,
90,97,71,
90,97,73,
90,98,74,
91,99,75,
89,98,76,
90,97,76,
91,98,75,
90,98,75,
90,98,76,
89,97,75,
90,98,74,
90,100,77,
90,99,77,
90,100,78,
90,100,76,
90,99,76,
90,97,73,
90,98,73,
90,97,73,
90,97,74,
90,97,75,
90,97,74,
90,98,74,
90,98,75,
90,98,75,
90,97,76,
89,98,75,
90,97,74,
90,98,76,
90,99,77,
90,99,76,
90,99,77,
90,100,75,
89,98,74,
90,97,73,
90,97,72,
90,96,72,
90,97,73,
90,97,74,
90,97,74,
90,97,74,
89,98,75,
90,98,76,
90,98,76,
90,98,76,
90,98,74,
90,97,74,
89,99,76,
90,100,76,
90,101,80,
90,101,78,
90,98,75,
90,97,71,
89,97,72,
90,96,72,
90,97,74,
89,99,73,
90,97,74,
90,98,76,
90,97,75,
90,98,76,
90,99,75,
89,99,75,
90,98,74,
90,97,75,
89,99,76,
90,99,77,
90,101,78,
90,100,78,
90,98,75,
89,97,73,
90,97,74,
90,95,70,
89,95,72,
90,96,73,
90,97,74,
89,97,73,
90,96,73,
90,97,76,
89,98,76,
90,97,75,
89,98,73,
90,97,73,
90,98,74,
90,99,75,
89,100,76,
90,101,77,
90,99,75,
89,97,73,
90,97,73,
89,97,73,
90,96,72,
89,98,73,
90,97,73,
90,97,74,
89,97,74,
90,97,74,
90,97,75,
89,97,75,
90,96,73,
89,97,74,
90,98,75,
90,99,76,
89,100,78,
90,101,78,
90,99,77,
89,97,73,
90,97,72,
89,96,74,
90,95,73,
89,97,75,
90,97,74,
90,97,73,
89,97,72,
90,97,74,
89,97,74,
90,98,73,
89,97,75,
90,97,74,
89,97,76,
90,99,77,
90,101,78,
89,101,76,
90,99,76,
89,98,73,
90,98,73,
89,96,71,
90,96,71,
89,96,73,
90,97,74,
89,98,74,
89,97,74,
90,98,74,
89,98,74,
90,97,74,
89,98,76,
90,98,76,
89,97,75,
90,100,77,
89,99,77,
90,100,77,
89,100,76,
90,97,73,
89,96,73,
89,94,72,
90,92,67,
89,94,71,
89,95,70,
90,96,73,
89,96,74,
90,97,75,
89,97,75,
89,97,75,
90,97,74,
89,97,73,
90,97,74,
89,99,77,
90,99,77,
89,102,79,
89,100,78,
90,97,73,
89,95,72,
89,96,73,
90,95,71,
89,96,72,
89,96,74,
90,97,73,
89,96,74,
90,99,75,
89,97,75,
89,97,73,
89,97,74,
90,97,74,
89,96,74,
89,99,76,
90,99,76,
89,99,77,
89,98,76,
90,98,75,
89,95,74,
89,96,73,
90,94,71,
89,95,73,
89,96,73,
89,98,73,
90,97,74,
89,99,74,
89,97,74,
90,97,73,
89,97,73,
89,98,75,
89,96,74,
90,99,76,
89,99,76,
89,100,77,
90,99,77,
89,98,75,
89,94,71,
89,95,71,
90,94,72,
89,96,73,
89,96,75,
89,96,72,
89,97,73,
90,96,73,
89,97,73,
89,98,74,
90,97,76,
89,97,75,
89,97,74,
89,98,75,
89,98,76,
90,100,78,
89,100,77,
89,98,74,
89,95,71,
89,96,73,
89,94,71,
89,96,72,
90,96,73,
89,97,73,
89,96,73,
89,98,74,
89,97,75,
90,97,74,
89,97,74,
89,96,73,
89,96,73,
89,97,75,
90,99,76,
89,99,77,
89,99,76,
89,98,76,
89,96,72,
89,98,75,
89,95,72,
90,96,71,
89,95,72,
89,96,73,
89,95,73,
89,96,74,
89,97,74,
89,96,74,
90,96,74,
89,96,74,
89,97,74,
89,98,74,
89,99,76,
89,99,76,
89,99,77,
89,98,75,
90,96,74,
89,96,73,
89,95,72,
89,95,73,
89,97,74,
89,96,73,
89,95,73,
89,96,73,
89,97,74,
89,98,74,
89,98,73,
89,97,74,
89,97,73,
89,98,74,
89,99,76,
90,100,76,
89,100,78,
89,99,74,
89,96,74,
89,97,73,
89,96,71,
89,94,71,
89,96,73,
89,96,74,
89,96,74,
89,96,74,
89,97,75,
89,96,73,
89,96,73,
89,97,74,
89,96,74,
89,97,74,
89,98,77,
89,99,76,
89,99,79,
89,99,77,
89,96,72,
89,97,74,
89,96,73,
89,95,71,
89,95,72,
89,96,74,
89,96,74,
89,97,75,
89,97,75,
89,97,74,
89,97,73,
89,96,74,
89,98,76,
88,96,74,
90,100,77,
89,98,76,
89,99,77,
89,98,75,
89,97,76,
89,96,73,
89,96,72,
88,95,70,
89,97,73,
89,96,73,
89,96,72,
89,95,73,
89,96,74,
89,96,73,
89,97,73,
89,97,72,
89,97,73,
89,96,74,
88,99,76,
89,97,76,
89,100,77,
89,99,77,
89,97,74,
89,96,72,
89,96,72,
88,95,71,
89,96,73,
89,96,74,
89,96,75,
89,96,74,
89,95,74,
89,98,75,
89,97,75,
89,97,75,
89,98,75,
88,97,73,
89,98,76,
89,98,76,
89,99,76,
89,99,77,
89,98,75,
89,96,72,
88,96,71,
89,94,70,
89,95,72,
89,95,72,
89,96,74,
88,97,73,
89,97,73,
89,97,74,
89,97,73,
89,98,74,
89,99,76,
88,97,74,
89,99,77,
89,98,76,
89,101,77,
89,99,77,
88,98,76,
89,95,71,
89,95,73,
89,95,71,
88,96,73,
89,96,73,
89,96,73,
89,95,73,
88,95,73,
89,96,74,
89,96,73,
88,97,72,
89,95,73,
89,97,75,
89,98,76,
88,99,78,
89,98,77,
89,100,77,
89,98,75,
88,96,74,
89,96,74,
89,93,71,
89,95,71,
88,95,71,
89,96,73,
89,95,74,
89,96,73,
88,97,75,
89,98,75,
89,96,72,
88,97,73,
89,97,75,
89,98,75,
89,99,78,
88,99,77,
89,99,76,
89,98,75,
88,97,74,
89,97,74,
89,97,74,
88,96,72,
89,95,73,
89,96,72,
88,96,72,
89,97,74,
89,96,74,
88,97,75,
89,96,74,
89,96,73,
88,96,74,
89,98,75,
89,99,78,
89,99,76,
88,98,77,
89,97,76,
89,96,73,
88,96,72,
89,95,71,
89,94,72,
88,95,71,
89,96,72,
88,96,73,
89,97,74,
89,95,74,
88,96,73,
89,96,73,
88,96,73,
89,97,73,
89,97,74,
88,99,77,
89,99,77,
88,99,77,
89,98,74,
89,97,74,
88,95,71,
89,94,71,
89,94,71,
88,95,73,
89,96,72,
89,96,73,
88,96,73,
89,97,73,
88,96,75,
89,97,74,
89,97,74,
88,97,72,
89,96,73,
88,98,76,
89,97,75,
89,99,76,
88,98,75,
89,96,72,
88,94,72,
89,95,73,
88,94,71,
89,96,74,
88,96,72,
89,96,72,
89,95,72,
88,97,74,
89,97,73,
88,96,74,
89,96,74,
88,96,73,
89,96,74,
89,98,77,
88,97,76,
89,100,78,
88,98,76,
89,97,74,
88,95,72,
89,96,72,
88,94,71,
89,95,72,
88,96,73,
89,96,73,
88,97,75,
89,97,75,
88,96,74,
89,97,74,
89,95,73,
88,97,73,
88,98,74,
89,98,74,
89,98,75,
88,98,75,
89,98,75,
88,97,75,
89,96,72,
88,96,72,
89,94,69,
88,94,71,
88,96,72,
89,96,74,
88,96,75,
89,96,73,
88,97,73,
89,96,73,
88,96,73,
89,96,73,
88,97,74,
89,97,73,
88,98,75,
88,98,76,
89,99,76,
88,98,75,
89,95,71,
88,96,72,
89,94,71,
88,97,74,
88,95,75,
89,96,75,
88,96,74,
89,97,73,
88,97,73,
88,96,74,
89,97,74,
88,96,73,
89,96,73,
88,97,74,
88,99,75,
89,98,76,
88,98,77,
89,98,75,
88,94,73,
88,95,73,
89,94,71,
88,95,72,
88,97,73,
89,96,72,
88,96,73,
88,96,73,
89,97,73,
88,97,76,
88,95,74,
89,96,74,
88,97,74,
88,97,75,
89,98,76,
88,98,75,
89,98,76,
88,98,74,
88,96,72,
89,95,72,
88,95,72,
88,95,73,
88,95,71,
89,97,73,
88,96,73,
88,97,73,
89,96,74,
88,97,74,
88,96,75,
89,96,74,
88,97,73,
88,98,74,
89,99,74,
88,98,75,
88,98,76,
89,97,73,
88,94,70,
88,95,71,
89,93,70,
88,94,71,
88,95,72,
88,95,72,
88,93,71,
89,95,71,
88,95,73,
88,96,73,
88,96,74,
88,97,74,
89,96,72,
88,96,73,
88,98,74,
89,97,75,
88,100,77,
88,97,74,
89,95,74,
88,94,72,
88,95,73,
88,94,72,
89,94,71,
88,95,71,
88,95,72,
88,96,72,
89,97,74,
88,98,73,
88,95,74,
89,95,73,
88,96,73,
88,97,73,
88,98,76,
89,98,73,
88,99,77,
88,97,75,
88,96,72,
89,95,71,
88,97,72,
88,93,71,
88,94,71,
88,95,72,
89,95,73,
88,96,73,
88,97,75,
88,95,74,
88,97,74,
89,96,73,
88,96,74,
88,97,74,
88,98,74,
89,97,74,
88,97,75,
88,98,75,
88,96,75,
88,94,71,
88,95,72,
88,94,70,
89,96,72,
88,96,73,
88,96,72,
88,97,72,
88,96,73,
88,95,73,
88,95,73,
89,95,73,
88,96,73,
88,95,73,
88,96,74,
88,97,74,
89,98,77,
88,98,76,
88,97,73,
88,94,72,
88,94,72,
88,94,70,
89,95,73,
88,96,72,
88,96,72,
88,95,72,
88,96,73,
88,97,74,
89,97,73,
88,96,73,
88,96,75,
88,96,73,
88,98,75,
88,99,76,
88,99,77,
89,99,74,
88,97,75,
88,95,72,
88,95,73,
88,95,70,
88,94,71,
88,96,73,
88,95,73,
88,96,73,
88,96,74,
89,96,73,
88,96,74,
88,95,74,
88,95,74,
88,96,74,
88,97,76,
88,98,75,
88,98,76,
88,98,76,
88,97,75,
89,94,71,
88,95,73,
88,93,72,
88,95,72,
88,95,73,
88,95,73,
88,95,73,
88,96,74,
88,96,74,
88,96,75,
88,96,74,
88,96,73,
88,96,74,
88,97,75,
88,98,76,
88,98,76,
88,98,75,
88,97,74,
89,94,71,
88,95,71,
88,94,72,
88,93,72,
88,95,72,
88,96,71,
88,96,74,
88,96,73,
88,96,75,
88,96,74,
88,95,72,
88,95,71,
88,95,73,
88,96,74,
88,98,75,
88,97,74,
88,98,75,
88,97,75,
88,96,73,
88,96,71,
88,95,71,
88,94,71,
88,94,72,
88,95,73,
88,96,74,
88,96,75,
88,97,74,
88,96,73,
88,96,72,
88,95,73,
88,96,73,
88,96,75,
88,98,76,
88,98,76,
88,99,76,
88,96,75,
88,96,72,
88,95,72,
88,94,72,
88,94,72,
88,94,73,
88,95,73,
88,95,73,
88,96,74,
87,97,74,
88,96,74,
88,95,73,
88,94,73,
88,95,72,
88,96,73,
88,98,75,
88,97,74,
88,98,77,
88,97,75,
88,95,73,
88,95,73,
88,94,71,
88,94,70,
88,95,72,
88,96,74,
88,95,72,
88,95,74,
88,96,73,
88,95,74,
88,95,75,
87,96,75,
88,97,75,
88,94,73,
88,97,75,
88,96,74,
88,99,77,
88,98,77,
88,97,76,
88,95,72,
88,93,71,
88,92,70,
88,95,74,
88,95,73,
88,95,72,
88,96,71,
88,96,73,
87,96,72,
88,96,73,
88,95,72,
88,95,73,
88,95,72,
88,96,75,
88,97,75,
88,99,76,
88,99,76,
88,96,73,
87,94,72,
88,95,73,
88,95,70,
88,95,71,
88,95,71,
88,94,72,
88,95,72,
88,95,71,
87,95,73,
88,95,74,
88,95,74,
88,95,73,
88,95,73,
88,98,75,
87,97,74,
88,97,75,
88,97,76,
88,96,75,
88,95,72,
88,95,73,
87,94,72,
88,93,71,
88,95,72,
88,95,72,
88,96,73,
87,96,72,
88,96,74,
88,96,74,
88,95,73,
88,96,72,
88,96,72,
87,98,75,
88,97,74,
88,97,75,
88,98,75,
88,97,75,
88,94,72,
87,95,71,
88,93,70,
88,94,71,
88,94,72,
88,95,71,
87,95,74,
88,96,74,
88,95,72,
88,96,73,
88,95,72,
88,95,72,
87,95,72,
88,96,74,
88,96,74,
88,96,75,
88,98,75,
87,97,74,
88,95,72,
88,94,72,
88,94,71,
88,93,72,
88,95,73,
87,95,73,
88,95,73,
88,96,74,
88,95,75,
87,95,73,
88,95,73,
88,96,73,
88,96,73,
87,96,75,
88,97,76,
88,98,76,
88,98,76,
87,96,74,
88,95,72,
88,95,73,
88,94,71,
88,93,70,
87,95,72,
88,95,72,
88,95,72,
88,96,72,
87,95,72,
88,95,73,
88,95,71,
88,96,73,
87,95,73,
88,95,74,
88,96,76,
87,97,74,
88,98,76,
88,98,75,
88,95,72,
87,96,71,
88,95,72,
88,93,71,
87,96,74,
88,96,72,
88,95,74,
88,95,72,
87,96,73,
88,96,73,
88,95,73,
88,95,72,
87,95,71,
88,94,72,
88,97,75,
88,97,75,
87,98,77,
88,98,75,
88,95,72,
87,93,71,
88,94,71,
88,93,70,
87,95,72,
88,94,70,
88,94,72,
87,95,71,
88,95,73,
88,96,72,
87,95,71,
88,95,73,
88,95,72,
87,96,74,
88,96,75,
88,97,74,
88,98,76,
87,97,75,
88,96,74,
88,94,71,
87,96,74,
88,94,70,
88,95,72,
87,95,72,
88,95,73,
88,95,72,
87,95,73,
88,95,72,
88,96,73,
87,95,73,
88,96,72,
88,96,73,
87,98,74,
88,97,74,
88,97,74,
87,98,74,
88,96,74,
88,92,70,
87,94,71,
88,92,70,
87,95,71,
88,95,71,
88,95,72,
87,94,73,
88,95,72,
88,95,73,
87,95,73,
88,96,73,
87,96,72,
88,95,74,
88,96,74,
87,96,75,
88,99,77,
88,97,75,
87,96,73,
88,94,71,
87,94,73,
88,92,69,
87,93,70,
88,94,71,
88,96,73,
87,96,73,
88,97,74,
87,95,71,
88,96,72,
88,95,73,
87,94,73,
88,96,73,
87,96,75,
88,98,75,
88,98,74,
87,97,75,
88,96,74,
87,95,71,
88,94,73,
88,92,70,
87,93,70,
88,94,71,
87,95,71,
88,96,72,
88,95,72,
87,94,71,
88,95,71,
87,94,71,
88,97,73,
88,95,73,
87,95,72,
88,96,74,
87,96,74,
88,97,76,
87,96,74,
88,94,73,
88,94,71,
87,94,70,
88,93,71,
87,95,72,
88,96,72,
87,95,72,
88,95,72,
88,96,72,
87,96,73,
88,96,72,
87,95,74,
88,95,71,
87,95,73,
88,98,75,
87,98,74,
88,99,77,
88,96,74,
87,95,73,
88,95,73,
87,93,71,
88,93,70,
87,94,71,
88,94,70,
87,95,72,
88,95,74,
87,96,74,
88,95,72,
87,95,73,
88,95,73,
88,96,73,
87,97,74,
88,97,76,
87,96,74,
88,96,75,
88,96,75,
87,95,73,
88,94,74,
87,93,71,
88,92,69,
87,93,71,
87,95,71,
88,95,73,
87,95,72,
88,95,72,
87,94,72,
88,95,72,
87,95,72,
88,96,74,
87,95,73,
88,97,74,
87,97,74,
88,98,75,
87,96,73,
88,96,74,
87,94,73,
87,95,72,
88,93,71,
87,94,71,
88,95,73,
87,94,73,
88,95,73,
87,95,75,
88,96,74,
87,96,75,
88,94,76,
87,96,76,
88,95,77,
87,97,80,
88,97,78,
87,98,80,
88,97,80,
88,96,77,
87,93,77,
87,94,78,
88,93,78,
87,94,79,
88,94,80,
87,95,81,
88,94,82,
88,96,83,
87,96,85,
88,95,85,
87,95,84,
88,94,86,
87,94,86,
88,97,90,
87,97,90,
88,97,92,
88,97,91,
87,95,89,
88,92,88,
88,94,90,
87,92,87,
88,94,89,
87,94,90,
88,96,91,
88,95,92,
87,96,91,
88,95,90,
88,96,90,
87,95,91,
88,95,92,
88,95,91,
88,96,93,
87,96,91,
88,97,93,
88,97,93,
88,97,91,
88,94,88,
87,96,89,
88,93,86,
88,94,88,
88,96,90,
87,95,87,
88,95,87,
88,95,87,
88,96,87,
87,95,88,
88,96,86,
88,95,85,
88,95,86,
87,97,86,
88,97,87,
88,98,89,
88,98,87,
88,97,86,
87,94,83,
88,94,82,
88,92,79,
88,94,80,
87,95,82,
88,95,82,
88,95,82,
88,95,82,
87,96,82,
88,94,81,
88,96,80,
87,96,81,
88,96,80,
88,97,81,
87,97,81,
88,98,82,
88,97,82,
88,97,80,
87,95,79,
88,95,78,
88,94,78,
87,92,77,
88,94,78,
87,93,77,
88,95,78,
88,95,80,
87,96,78,
88,97,79,
87,95,79,
88,95,77,
87,96,78,
88,96,79,
88,97,79,
87,96,79,
88,97,80,
87,96,79,
88,94,75,
88,98,80,
87,101,83,
88,98,79,
87,95,78,
88,94,75,
87,95,76,
88,96,77,
87,95,75,
88,95,77,
87,94,76,
88,92,72,
87,93,73,
88,93,74,
87,98,77,
88,98,78,
87,98,77,
88,97,76,
87,95,74,
88,94,73,
87,93,73,
88,93,72,
87,95,74,
88,94,74,
87,95,74,
87,96,75,
88,94,74,
87,94,73,
88,94,73,
87,94,72,
88,94,74,
87,94,75,
87,97,76,
88,96,75,
87,97,78,
88,97,77,
87,95,76,
88,95,75,
87,93,71,
87,93,71,
88,94,72,
87,94,74,
88,96,75,
87,96,74,
87,95,75,
88,96,74,
87,95,74,
88,96,76,
87,95,74,
87,95,75,
88,97,76,
87,97,76,
88,98,76,
87,98,76,
88,96,75,
87,95,74,
87,94,74,
88,93,72,
87,93,71,
87,94,72,
88,93,72,
87,94,72,
87,94,72,
88,95,72,
87,94,73,
87,95,73,
88,95,73,
87,96,74,
88,97,76,
87,96,74,
87,99,78,
88,97,75,
87,96,76,
88,94,73,
87,94,73,
87,93,71,
88,94,73,
87,94,73,
87,95,73,
88,95,73,
87,96,75,
87,94,73,
88,95,72,
87,95,73,
87,95,74,
88,95,74,
87,96,74,
87,96,74,
88,98,76,
87,97,77,
88,97,76,
87,94,72,
87,95,74,
88,93,70,
87,92,71,
87,94,72,
88,95,74,
87,95,74,
87,95,74,
87,94,72,
88,94,73,
87,94,73,
87,95,73,
88,95,74,
87,96,75,
87,96,75,
88,96,76,
87,96,74,
88,97,75,
87,94,73,
87,94,72,
87,93,71,
88,94,71,
87,94,72,
87,94,72,
87,94,72,
88,94,72,
87,94,72,
87,94,73,
88,95,73,
87,95,73,
87,95,74,
88,96,74,
87,96,76,
87,97,75,
87,98,78,
88,98,75,
87,94,72,
87,94,70,
87,94,70,
88,92,70,
87,94,73,
87,94,72,
87,94,72,
88,94,73,
87,94,72,
87,94,73,
87,95,72,
88,95,71,
87,95,72,
87,97,73,
88,97,75,
87,98,74,
87,98,76,
87,96,73,
88,95,71,
87,93,72,
87,94,71,
87,93,71,
87,93,70,
88,95,71,
87,94,73,
87,95,73,
88,95,74,
87,94,74,
87,95,73,
87,94,72,
88,95,72,
87,94,72,
87,96,74,
87,96,74,
88,96,75,
87,96,74,
87,95,72,
87,94,71,
88,93,72,
87,93,70,
87,93,72,
87,95,72,
87,93,71,
87,95,74,
88,94,72,
87,95,72,
87,95,72,
87,94,73,
88,94,73,
87,96,73,
87,97,76,
87,96,74,
87,98,75,
88,97,74,
87,95,72,
87,94,71,
87,94,72,
87,93,69,
87,94,72,
88,94,71,
87,95,72,
87,95,72,
87,95,73,
87,96,73,
88,96,73,
87,95,74,
87,95,73,
87,95,71,
87,96,75,
88,96,74,
87,96,75,
87,96,75,
87,96,73,
88,94,71,
87,93,71,
87,93,71,
87,93,71,
87,93,71,
87,94,72,
87,95,71,
88,94,72,
87,94,71,
87,95,72,
87,95,72,
87,94,73,
87,96,73,
87,97,75,
88,98,76,
87,98,76,
87,96,75,
87,95,73,
87,93,71,
87,95,72,
88,93,70,
87,94,71,
87,94,71,
87,95,71,
87,95,72,
87,95,73,
87,95,72,
88,95,72,
87,95,73,
87,96,72,
87,95,73,
87,97,73,
88,98,76,
87,98,75,
87,98,75,
87,97,74,
87,94,71,
87,94,70,
87,92,69,
87,93,70,
87,94,72,
88,94,72,
87,95,72,
87,94,71,
87,96,72,
87,95,72,
87,96,73,
87,95,73,
87,95,73,
88,95,74,
87,96,76,
87,97,75,
87,96,76,
87,96,75,
87,94,72,
87,94,72,
87,93,72,
88,93,71,
87,94,72,
87,93,71,
87,94,72,
87,94,72,
87,94,72,
87,94,73,
87,94,72,
87,94,72,
87,95,73,
87,96,74,
88,96,74,
87,98,75,
87,98,74,
87,96,74,
87,94,72,
87,93,72,
87,92,70,
87,92,70,
87,94,71,
87,95,72,
87,95,73,
87,95,73,
87,95,72,
87,94,71,
87,95,73,
87,95,72,
87,94,74,
88,96,74,
87,97,74,
87,96,73,
87,97,74,
87,95,74,
87,94,71,
87,93,72,
87,94,72,
87,92,70,
87,94,73,
87,93,72,
87,94,70,
88,95,72,
87,95,72,
87,94,73,
87,94,72,
87,94,73,
87,95,73,
87,95,74,
87,96,75,
87,96,75,
87,98,75,
88,96,73,
87,95,73,
87,94,71,
87,94,71,
87,93,70,
87,94,72,
87,96,73,
88,95,72,
87,95,72,
87,96,73,
88,96,74,
87,96,73,
88,96,74,
88,95,72,
88,95,72,
89,97,74,
88,99,75,
89,100,77,
90,100,78,
90,99,76,
91,98,75,
92,100,75,
92,100,74,
94,103,78,
95,105,80,
97,107,81,
100,111,84,
101,115,85,
105,119,89,
108,123,92,
113,128,96,
117,135,100,
124,142,104,
130,153,112,
139,164,121,
148,178,131,
159,192,139,
172,209,151,
187,224,161,
205,248,177,
225,273,192,
249,303,214,
276,341,239,
307,380,267,
343,425,298,
384,478,336,
430,538,376,
485,606,423,
544,683,477,
614,771,539,
693,869,605,
780,984,685,
881,1109,772,
993,1251,871,
1118,1411,979,
1260,1587,1101,
1417,1780,1233,
1593,2001,1387,
1788,2242,1554,
2004,2513,1743,
2244,2815,1951,
2510,3143,2180,
2801,3504,2432,
3123,3905,2704,
3475,4340,3008,
3861,4816,3340,
4281,5335,3697,
4740,5900,4091,
5238,6511,4517,
5777,7173,4977,
6359,7884,5478,
6988,8652,6011,
7662,9476,6586,
8387,10356,7199,
9161,11297,7856,
9987,12302,8557,
10864,13364,9298,
11793,14487,10086,
12776,15674,10911,
13814,16925,11787,
14901,18236,12710,
16042,19607,13664,
17231,21035,14666,
18469,22517,15709,
19751,24053,16784,
21079,25635,17899,
22448,27261,19055,
23850,28932,20239,
25288,30636,21442,
26747,32367,22664,
28232,34122,23896,
29733,35888,25148,
31247,37667,26408,
32767,39459,27678,
34285,41241,28948,
35795,43016,30205,
37294,44766,31448,
38774,46491,32677,
40226,48186,33884,
41651,49838,35075,
43045,51450,36234,
44400,53022,37355,
45708,54532,38433,
46969,55982,39477,
48180,57367,40486,
49331,58684,41436,
50423,59935,42336,
51447,61100,43189,
52405,62182,43983,
53299,63192,44723,
54128,64117,45405,
54887,64962,46028,
55582,65736,46604,
56218,66440,47123,
56784,67053,47594,
57278,67583,48002,
57707,68042,48344,
58064,68427,48629,
58367,68739,48868,
58614,68979,49068,
58798,69150,49223,
58921,69253,49330,
58987,69290,49382,
59001,69267,49398,
58962,69176,49362,
58874,69037,49275,
58734,68837,49145,
58541,68576,48974,
58307,68268,48774,
58034,67910,48549,
57723,67512,48285,
57377,67080,47995,
56994,66604,47673,
56571,66088,47320,
56122,65528,46947,
55647,64955,46552,
55137,64333,46124,
54605,63688,45668,
54050,63017,45208,
53473,62325,44733,
52874,61605,44224,
52257,60867,43697,
51624,60111,43172,
50973,59338,42637,
50305,58548,42083,
49623,57737,41507,
48934,56916,40934,
48229,56082,40348,
47520,55244,39752,
46806,54401,39150,
46085,53558,38547,
45353,52697,37931,
44619,51830,37313,
43883,50964,36708,
43150,50105,36095,
42415,49243,35484,
41682,48381,34882,
40950,47520,34271,
40217,46665,33654,
39484,45805,33033,
38753,44956,32428,
38025,44109,31820,
37304,43273,31218,
36591,42437,30623,
35878,41606,30027,
35174,40784,29440,
34476,39973,28856,
33789,39173,28285,
33110,38384,27718,
32440,37609,27160,
31774,36834,26602,
31112,36060,26051,
30460,35302,25514,
29815,34553,24971,
29183,33816,24440,
28559,33090,23917,
27944,32376,23403,
27338,31671,22896,
26741,30981,22398,
26155,30304,21910,
25578,29640,21429,
25010,28981,20954,
24453,28332,20480,
23909,27696,20027,
23376,27080,19584,
22851,26473,19148,
22336,25879,18721,
21830,25291,18296,
21338,24727,17882,
20858,24172,17485,
20387,23626,17091,
19926,23091,16709,
19477,22574,16339,
19041,22064,15969,
18613,21569,15604,
18195,21084,15256,
17786,20614,14913,
17388,20155,14581,
16998,19706,14257,
16619,19261,13941,
16246,18834,13630,
15885,18417,13326,
15532,18010,13026,
15190,17615,12735,
14856,17226,12459,
14529,16848,12189,
14212,16482,11927,
13903,16124,11665,
13603,15779,11412,
13309,15438,11171,
13023,15107,10933,
12745,14786,10696,
12476,14476,10468,
12211,14166,10248,
11955,13869,10033,
11705,13583,9825,
11463,13302,9627,
11228,13033,9432,
10999,12768,9235,
10776,12509,9049,
10560,12257,8869,
10349,12015,8690,
10146,11782,8519,
9947,11554,8349,
9754,11330,8188,
9566,11115,8031,
9384,10902,7882,
9207,10697,7728,
9034,10495,7587,
8866,10304,7449,
8702,10118,7311,
8544,9935,7173,
8388,9754,7042,
8238,9576,6920,
8092,9408,6798,
7949,9244,6681,
7811,9085,6563,
7678,8926,6445,
7547,8776,6339,
7421,8629,6233,
7298,8487,6127,
7179,8351,6027,
7062,8214,5928,
6948,8083,5833,
6838,7956,5741,
6731,7835,5650,
6626,7711,5560,
6523,7594,5476,
6424,7477,5395,
6326,7363,5314,
6232,7252,5234,
6140,7149,5159,
6050,7045,5083,
5963,6946,5008,
5876,6846,4940,
5794,6745,4867,
5712,6648,4796,
5632,6554,4727,
5555,6464,4664,
5480,6378,4601,
5405,6296,4540,
5333,6214,4480,
5262,6134,4419,
5194,6053,4363,
5127,5973,4307,
5061,5899,4249,
4997,5823,4195,
4935,5752,4145,
4873,5679,4091,
4813,5611,4044,
4753,5543,3991,
4696,5476,3943,
4640,5407,3897,
4584,5343,3851,
4529,5279,3806,
4477,5217,3759,
4425,5158,3716,
4375,5100,3672,
4325,5042,3630,
4276,4987,3592,
4229,4930,3552,
4182,4877,3511,
4137,4824,3477,
4090,4770,3436,
4047,4716,3398,
4002,4664,3362,
3959,4614,3326,
3917,4568,3293,
3875,4521,3256,
3834,4474,3225,
3795,4425,3189,
3755,4379,3153,
3716,4333,3120,
3679,4288,3090,
3641,4245,3055,
3604,4203,3024,
3567,4161,2994,
3531,4120,2965,
3496,4078,2936,
3461,4038,2906,
3427,3997,2876,
3394,3958,2849,
3360,3921,2821,
3328,3882,2795,
3295,3845,2768,
3263,3811,2746,
3232,3771,2716,
3201,3736,2691,
3170,3699,2664,
3139,3661,2639,
3109,3624,2613,
3081,3590,2587,
3051,3556,2562,
3022,3523,2541,
2993,3493,2515,
2966,3459,2490,
2938,3427,2467,
2911,3397,2446,
2884,3364,2424,
2857,3334,2399,
2831,3304,2379,
2805,3273,2357,
2779,3241,2335,
2754,3212,2315,
2729,3186,2294,
2705,3158,2276,
2681,3128,2251,
2656,3097,2232,
2632,3067,2209,
2609,3041,2192,
2586,3014,2171,
2563,2989,2154,
2541,2964,2135,
2518,2936,2114,
2496,2910,2097,
2474,2886,2078,
2452,2861,2063,
2430,2834,2045,
2410,2807,2027,
2388,2784,2007,
2367,2760,1992,
2346,2738,1975,
2326,2715,1957,
2305,2692,1942,
2285,2667,1922,
2266,2642,1903,
2246,2618,1888,
2226,2596,1870,
2207,2572,1854,
2188,2549,1839,
2170,2529,1823,
2151,2509,1808,
2133,2488,1792,
2114,2466,1778,
2097,2445,1762,
2079,2424,1748,
2061,2404,1732,
2043,2382,1718,
2027,2363,1703,
2009,2343,1689,
1992,2324,1676,
1974,2304,1661,
1959,2283,1647,
1941,2265,1635,
1926,2243,1617,
1909,2225,1605,
1893,2206,1590,
1878,2186,1579,
1862,2168,1563,
1846,2151,1549,
1831,2133,1537,
1816,2116,1525,
1801,2099,1513,
1785,2081,1500,
1771,2064,1488,
1755,2045,1474,
1741,2028,1465,
1727,2012,1451,
1712,1994,1440,
1697,1980,1429,
1684,1965,1417,
1669,1947,1405,
1656,1929,1389,
1642,1914,1378,
1628,1895,1366,
1615,1880,1356,
1602,1865,1349,
1588,1852,1337,
1576,1836,1324,
1562,1821,1314,
1550,1806,1302,
1537,1793,1292,
1525,1777,1283,
1512,1763,1271,
1500,1748,1261,
1488,1732,1251,
1475,1721,1242,
1464,1706,1232,
1452,1694,1224,
1440,1679,1214,
1429,1664,1200,
1417,1649,1190,
1406,1637,1179,
1395,1622,1171,
1383,1609,1163,
1372,1597,1154,
1362,1583,1144,
1350,1571,1134,
1340,1560,1125,
1329,1550,1118,
1318,1536,1108,
1308,1524,1099,
1298,1512,1090,
1287,1500,1083,
1277,1488,1077,
1267,1477,1068,
1257,1465,1061,
1246,1453,1049,
1237,1438,1040,
1227,1427,1029,
1217,1415,1024,
1208,1405,1014,
1198,1393,1007,
1189,1383,1000,
1180,1373,992,
1170,1362,984,
1161,1351,976,
1153,1340,971,
1143,1331,965,
1135,1319,957,
1126,1308,947,
1117,1298,940,
1108,1291,935,
1100,1282,928,
1091,1272,920,
1083,1260,912,
1074,1248,903,
1066,1238,895,
1058,1229,889,
1049,1219,880,
1042,1210,875,
1033,1202,869,
1025,1194,862,
1017,1183,857,
1010,1173,848,
1001,1164,841,
994,1155,836,
987,1147,829,
979,1138,822,
971,1130,819,
965,1123,814,
957,1114,806,
950,1108,803,
942,1097,796,
936,1089,789,
928,1078,782,
922,1071,773,
914,1062,765,
908,1055,761,
901,1047,757,
895,1039,751,
888,1030,747,
881,1024,742,
875,1017,737,
868,1009,731,
862,1002,726,
856,995,720,
849,986,715,
843,980,710,
837,974,706,
830,967,705,
825,960,698,
818,951,690,
812,941,682,
807,935,677,
800,927,670,
795,921,667,
790,916,662,
783,909,659,
778,902,654,
772,896,649,
766,890,644,
762,883,639,
755,877,635,
751,870,631,
745,864,627,
740,860,624,
734,854,620,
729,849,616,
724,841,610,
719,834,604,
714,826,598,
709,820,596,
703,815,590,
699,810,586,
693,803,583,
689,798,577,
684,791,573,
679,787,572,
674,783,567,
670,776,564,
665,772,561,
660,765,554,
656,760,551,
651,756,547,
646,751,545,
642,747,542,
638,741,537,
633,735,532,
629,727,527,
624,723,525,
620,717,519,
616,711,517,
612,707,514,
608,703,511,
603,700,507,
599,694,503,
596,689,502,
591,684,498,
587,680,494,
584,675,491,
579,671,489,
576,667,487,
571,663,484,
568,659,481,
564,656,477,
560,649,474,
557,643,467,
553,639,464,
549,633,460,
545,629,456,
542,626,455,
538,622,451,
535,617,448,
531,614,445,
528,611,445,
524,606,441,
520,602,439,
518,598,435,
513,593,432,
511,590,430,
507,588,430,
504,586,428,
501,583,424,
498,576,422,
494,571,416,
491,566,412,
488,562,407,
485,558,404,
481,556,404,
479,554,402,
476,550,399,
473,546,397,
470,542,395,
467,538,393,
463,534,389,
461,532,387,
458,528,384,
455,526,384,
453,523,382,
449,520,380,
447,519,379,
445,513,375,
441,510,371,
439,505,366,
435,502,366,
434,499,363,
430,495,363,
428,493,359,
426,490,356,
423,487,353,
420,484,353,
418,481,350,
415,479,347,
413,475,348,
411,473,344,
408,471,343,
406,469,342,
403,468,342,
401,464,340,
398,461,336,
396,456,332,
394,452,330,
391,449,327,
389,445,324,
387,445,323,
384,442,322,
383,439,321,
380,437,319,
377,435,319,
376,431,315,
373,430,314,
371,428,313,
369,425,309,
367,423,308,
365,421,309,
363,419,307,
361,416,305,
359,415,303,
357,411,301,
355,410,299,
352,404,295,
351,399,291,
349,398,290,
347,397,290,
345,395,288,
344,395,288,
341,392,287,
339,390,285,
338,388,283,
336,386,283,
333,383,280,
333,381,278,
330,380,280,
328,379,278,
327,378,278,
325,375,275,
323,372,273,
321,368,269,
320,366,267,
318,363,264,
316,362,264,
315,361,264,
313,359,262,
312,358,262,
309,356,262,
309,355,260,
307,352,257,
305,350,256,
303,349,254,
302,346,253,
301,347,253,
299,343,252,
297,344,252,
296,342,250,
295,338,247,
293,334,243,
291,332,243,
290,331,240,
289,329,241,
287,329,241,
286,327,240,
284,325,239,
283,324,237,
282,324,237,
280,322,234,
279,319,234,
278,318,232,
276,316,230,
275,316,231,
273,316,230,
272,314,230,
271,312,229,
269,310,227,
269,306,224,
267,304,225,
265,301,220,
265,302,220,
263,300,219,
262,299,219,
261,299,218,
260,297,219,
258,296,217,
258,295,216,
256,293,215,
255,292,214,
253,289,213,
253,288,212,
252,288,213,
250,288,213,
249,287,211,
248,283,210,
247,280,207,
246,280,205,
245,278,204,
244,277,203,
243,274,203,
241,275,201,
241,273,199,
240,273,199,
238,271,199,
238,271,198,
237,270,198,
235,268,196,
235,266,195,
233,267,196,
233,268,197,
232,267,197,
230,267,197,
230,263,195,
229,260,192,
228,258,192,
227,257,191,
226,256,188,
225,256,188,
224,255,187,
223,254,187,
222,254,187,
222,253,187,
220,251,184,
220,251,182,
219,248,183,
218,247,182,
217,248,181,
216,248,183,
215,246,181,
215,247,182,
214,244,180,
212,242,179,
212,240,176,
212,239,175,
210,236,174,
209,237,175,
209,237,175,
208,235,174,
207,234,174,
207,234,174,
206,233,173,
204,232,171,
205,230,170,
203,231,171,
203,230,169,
201,230,171,
201,229,171,
201,229,172,
200,229,168,
198,225,166,
199,223,164,
197,223,164,
197,221,162,
196,222,164,
195,221,163,
195,219,161,
194,219,162,
193,218,161,
193,218,160,
192,218,161,
192,218,161,
191,216,160,
190,215,158,
189,216,159,
189,215,159,
188,215,161,
188,214,162,
187,212,156,
187,210,154,
186,209,154,
185,206,153,
184,208,152,
184,207,152,
184,208,153,
182,206,153,
183,206,151,
181,205,151,
182,205,152,
180,204,152,
180,203,152,
179,203,150,
179,204,151,
179,203,149,
177,203,151,
177,202,151,
177,201,149,
176,198,146,
176,196,145,
175,195,144,
174,196,144,
174,195,144,
174,195,144,
172,194,144,
173,194,142,
172,194,143,
171,194,144,
171,193,143,
171,192,143,
170,192,142,
169,192,143,
169,192,142,
169,193,145,
168,190,141,
167,190,141,
167,187,137,
167,187,137,
166,184,135,
166,186,137,
165,185,137,
165,185,138,
165,186,138,
164,185,137,
163,185,136,
164,183,137,
162,184,137,
163,183,137,
161,182,135,
162,183,136,
161,184,137,
160,183,138,
160,183,137,
160,181,134,
159,179,133,
159,177,131,
159,176,129,
158,176,129,
158,176,131,
157,177,130,
157,176,130,
156,177,131,
156,176,130,
156,175,130,
156,175,130,
155,175,131,
154,174,131,
155,174,130,
154,174,131,
153,173,130,
153,174,129,
153,172,129,
152,171,126,
152,171,126,
152,169,124,
151,168,126,
151,168,126,
151,169,125,
150,168,124,
150,168,125,
150,167,124,
149,167,126,
149,167,125,
148,167,124,
148,167,124,
148,167,124,
148,169,127,
147,169,127,
147,167,124,
147,166,124,
146,164,122,
146,163,119,
146,162,120,
145,162,120,
145,162,120,
145,161,121,
145,161,120,
144,162,121,
144,160,119,
143,161,120,
144,160,120,
142,161,119,
143,160,119,
142,159,118,
143,162,122,
142,161,120,
141,162,122,
141,158,120,
141,157,117,
141,157,118,
141,156,116,
140,155,115,
140,156,117,
139,155,115,
140,156,115,
139,155,115,
139,155,115,
138,154,114,
138,153,115,
138,154,116,
138,154,115,
137,153,114,
138,156,118,
137,155,116,
136,155,116,
137,155,117,
136,154,112,
136,151,112,
136,150,111,
136,150,110,
135,151,112,
135,148,111,
135,150,111,
134,150,111,
135,150,112,
134,149,111,
134,149,112,
133,149,111,
134,150,111,
133,149,110,
133,150,112,
133,150,113,
132,151,115,
133,149,112,
132,148,110,
132,145,109,
131,146,108,
132,145,108,
131,147,109,
131,146,109,
131,146,108,
130,145,109,
131,145,109,
130,144,108,
130,144,108,
130,143,107,
129,144,108,
130,144,111,
129,146,111,
129,145,110,
129,146,110,
129,145,109,
128,143,108,
128,143,107,
128,141,107,
128,139,104,
128,141,106,
127,142,104,
128,142,105,
127,142,107,
127,141,107,
127,141,106,
126,140,104,
127,141,105,
126,140,105,
126,139,104,
126,141,106,
126,140,106,
125,142,108,
125,142,107,
126,141,106,
125,138,104,
125,139,103,
124,137,101,
125,138,103,
124,138,103,
124,138,103,
125,138,105,
123,138,104,
124,137,102,
124,138,102,
123,137,102,
123,137,103,
123,137,102,
123,138,103,
123,138,104,
123,138,106,
122,138,105,
123,137,102,
122,135,101,
122,135,102,
122,133,99,
121,133,100,
122,134,101,
121,135,101,
121,134,100,
121,134,101,
121,134,101,
121,133,99,
121,134,99,
120,133,98,
121,133,99,
120,134,100,
120,134,101,
120,136,104,
120,136,103,
120,135,101,
119,132,98,
120,134,100,
119,131,96,
119,131,97,
119,132,97,
119,131,99,
250,278,208,
8723,9697,7426,
22139,24697,18836,
25340,28353,21239,
24053,26953,19888,
22298,24996,18298,
21064,23613,17244,
20352,22811,16658,
19972,22381,16366,
19778,22161,16221,
19682,22051,16148,
19634,21997,16111,
19609,21968,16093,
19596,21956,16085,
19587,21944,16073,
19581,21936,16067,
19574,21933,16062,
19570,21927,16063,
19567,21921,16060,
19562,21918,16059,
19560,21912,16055,
19557,21910,16048,
19554,21909,16048,
19549,21909,16051,
19546,21903,16046,
19543,21897,16045,
19540,21897,16043,
19538,21890,16037,
19534,21888,16035,
19531,21885,16033,
19528,21880,16028,
19525,21876,16030,
19524,21874,16030,
19524,21874,16030,
19522,21877,16028,
19520,21875,16021,
19519,21874,16018,
19517,21873,16021,
19517,21867,16019,
19516,21866,16017,
19516,21865,16016,
19513,21864,16018,
19513,21863,16020,
19514,21865,16017,
19511,21865,16019,
19509,21859,16018,
19507,21858,16016,
19508,21859,16010,
19506,21853,16007,
19506,21850,16004,
19505,21856,16009,
19505,21855,16009,
19504,21851,16010,
19504,21852,16007,
19507,21858,16010,
19507,21858,16015,
19506,21856,16017,
19507,21856,16013,
19507,21856,16011,
19507,21854,16013,
19506,21857,16013,
19505,21856,16014,
19504,21854,16019,
19504,21853,16015,
19504,21858,16016,
19503,21857,16013,
19502,21851,16009,
19502,21845,16006,
19501,21846,16006,
19502,21846,16002,
19500,21848,16003,
19501,21853,16012,
19500,21850,16007,
19499,21847,16005,
19498,21847,16008,
19499,21851,16007,
19499,21852,16005,
19498,21849,16004,
19498,21847,16008,
19499,21846,16009,
19497,21851,16009,
19497,21851,16009,
19498,21853,16013,
19497,21850,16012,
19497,21850,16007,
19498,21846,16003,
19499,21846,16007,
19501,21847,16007,
19500,21846,16004,
19499,21849,16002,
19501,21851,16007,
19500,21847,16011,
19500,21847,16009,
19499,21846,16009,
19498,21848,16012,
19499,21849,16015,
19498,21852,16009,
19498,21853,16006,
19498,21850,16008,
19498,21849,16004,
19498,21852,16011,
19497,21848,16010,
19499,21847,16011,
19500,21847,16013,
19500,21847,16011,
19500,21847,16007,
19502,21849,16009,
19503,21854,16009,
19502,21855,16006,
19504,21854,16005,
19503,21854,16014,
19503,21855,16012,
19504,21854,16011,
19504,21852,16010,
19502,21849,16017,
19503,21847,16016,
19504,21856,16015,
19503,21860,16015,
19503,21859,16014,
19502,21863,16013,
19501,21856,16011,
19502,21854,16004,
19503,21856,16012,
19505,21852,16010,
19504,21853,16012,
19504,21855,16011,
19503,21853,16011,
19502,21854,16011,
19502,21852,16012,
19504,21853,16014,
19504,21857,16015,
19505,21854,16010,
19506,21857,16011,
19506,21858,16016,
19505,21859,16009,
19504,21859,16012,
19503,21860,16015,
19504,21862,16013,
19506,21857,16014,
19508,21856,16012,
19509,21866,16015,
19509,21865,16016,
19508,21864,16011,
19507,21864,16013,
19507,21863,16017,
19505,21860,16015,
19506,21855,16016,
19505,21850,16014,
19506,21854,16009,
19507,21854,16008,
19507,21856,16011,
19507,21857,16013,
19506,21857,16010,
19505,21859,16009,
19504,21856,16012,
19502,21856,16015,
19502,21858,16012,
19502,21861,16009,
19504,21858,16009,
19503,21852,16008,
19505,21854,16012,
19505,21857,16010,
19505,21860,16012,
19504,21856,16013,
19505,21856,16008,
19505,21858,16010,
19506,21856,16014,
19504,21859,16014,
19503,21858,16017,
19504,21859,16012,
19503,21860,16016,
19504,21859,16014,
19503,21860,16014,
19504,21862,16014,
19503,21858,16017,
19502,21854,16013,
19502,21857,16012,
19505,21857,16011,
19506,21859,16014,
19506,21860,16010,
19507,21858,16014,
19507,21863,16013,
19508,21867,16016,
19507,21863,16015,
19510,21863,16012,
19510,21864,16015,
19510,21861,16019,
19510,21862,16014,
19511,21863,16022,
19511,21865,16025,
19510,21864,16021,
19509,21859,16020,
19510,21864,16021,
19511,21863,16019,
19511,21861,16019,
19511,21861,16019,
19514,21860,16022,
19513,21863,16022,
19513,21866,16019,
19513,21868,16021,
19514,21866,16018,
19514,21868,16016,
19516,21871,16016,
19515,21870,16019,
19515,21870,16024,
19513,21871,16023,
19513,21872,16026,
19514,21874,16029,
19514,21875,16022,
19514,21873,16019,
19513,21871,16019,
19514,21870,16026,
19515,21868,16024,
19516,21868,16028,
19514,21867,16019,
19516,21867,16021,
19515,21870,16021,
19514,21866,16023,
19514,21866,16022,
19516,21869,16023,
19515,21872,16022,
19515,21872,16025,
19519,21877,16023,
19519,21873,16025,
19521,21876,16027,
19522,21881,16032,
19523,21883,16028,
19523,21887,16024,
19522,21879,16025,
19521,21881,16027,
19521,21880,16024,
19520,21879,16022,
19520,21876,16019,
19522,21876,16022,
19522,21879,16028,
19522,21877,16023,
19521,21876,16025,
19521,21877,16024,
19521,21881,16022,
19522,21879,16025,
19523,21881,16027,
19522,21880,16026,
19524,21881,16028,
19524,21881,16035,
19523,21881,16035,
19523,21880,16038,
19523,21880,16033,
19523,21877,16022,
19522,21877,16021,
19521,21877,16024,
19522,21876,16024,
19522,21877,16027,
19522,21876,16022,
19522,21876,16021,
19522,21877,16026,
19524,21881,16022,
19522,21879,16027,
19521,21875,16022,
19523,21876,16022,
19524,21878,16025,
19526,21879,16027,
19526,21882,16030,
19527,21884,16032,
19528,21886,16033,
19527,21888,16033,
19526,21882,16032,
19524,21880,16032,
19522,21883,16025,
19525,21885,16021,
19526,21880,16029,
19527,21880,16030,
19527,21882,16030,
19527,21884,16033,
19085,21393,15653,
14372,16131,11606,
8400,9452,6573,
4422,4991,3343,
2231,2527,1638,
1126,1279,811,
596,677,429,
346,396,258,
232,266,180,
177,203,143,
153,172,126,
139,156,113,
131,147,108,
128,141,103,
124,136,103,
122,136,103,
121,135,102,
119,133,101,
117,134,100,
117,131,98,
115,129,96,
115,129,96,
113,126,96,
113,126,95,
113,125,96,
112,126,96,
111,124,95,
111,124,94,
111,124,95,
110,121,93,
110,121,91,
109,120,90,
109,119,89,
109,119,89,
108,119,91,
109,120,92,
108,119,91,
107,118,89,
108,118,89,
107,118,90,
107,119,92,
107,120,92,
107,118,90,
106,120,91,
106,122,93,
107,146,123,
106,137,110,
106,127,98,
106,121,93,
106,119,90,
105,117,88,
105,118,90,
105,117,89,
105,117,88,
105,117,88,
105,116,86,
104,115,86,
105,114,86,
104,110,83,
104,104,75,
104,108,79,
104,110,83,
104,111,81,
104,114,87,
104,114,85,
103,114,86,
104,112,85,
103,111,84,
103,111,83,
104,112,86,
103,113,86,
103,113,86,
103,112,84,
103,114,85,
103,111,84,
103,112,85,
102,112,86,
103,113,86,
102,112,84,
103,113,87,
102,113,86,
102,115,88,
103,114,87,
102,114,85,
102,111,84,
102,112,83,
102,109,81,
102,111,85,
101,112,84,
102,112,85,
102,112,85,
102,111,84,
101,111,83,
102,113,84,
101,112,86,
102,113,85,
101,111,84,
101,114,85,
101,112,86,
102,112,86,
101,113,86,
101,112,85,
101,109,83,
101,109,83,
101,109,80,
101,109,81,
100,110,84,
101,111,83,
101,110,83,
101,110,83,
100,110,82,
101,110,83,
101,113,86,
100,117,93,
101,114,87,
100,112,87,
100,112,85,
101,112,86,
100,114,88,
100,112,85,
100,109,82,
101,107,81,
100,105,75,
100,106,78,
99,108,81,
100,111,82,
100,109,84,
100,109,82,
100,109,84,
100,110,83,
100,109,83,
99,110,83,
100,109,82,
100,110,84,
99,111,85,
100,111,84,
99,110,85,
100,111,83,
99,108,82,
99,110,83,
100,107,80,
99,106,79,
99,106,81,
100,107,81,
99,109,82,
99,107,81,
99,109,80,
99,108,83,
99,109,81,
99,109,83,
99,109,84,
99,111,84,
99,110,85,
99,110,83,
99,110,83,
99,110,83,
99,108,79,
99,107,80,
98,106,80,
99,106,80,
99,108,82,
98,107,80,
99,108,82,
99,108,81,
98,107,81,
99,108,81,
98,109,82,
99,108,82,
98,109,83,
99,109,83,
98,109,84,
98,110,83,
99,111,86,
98,109,82,
98,110,82,
99,109,84,
98,107,79,
98,106,79,
98,106,79,
98,107,81,
98,107,80,
98,106,82,
98,108,83,
98,106,81,
98,106,80,
98,106,81,
98,106,81,
98,107,81,
98,110,84,
98,108,84,
98,110,83,
98,109,84,
98,108,80,
97,107,80,
98,107,78,
98,105,77,
97,106,79,
98,106,78,
98,105,79,
97,106,79,
98,106,81,
97,106,80,
98,106,81,
97,107,81,
98,108,82,
97,107,83,
98,109,84,
97,107,81,
98,110,83,
97,108,82,
98,106,82,
97,106,80,
97,105,81,
98,105,79,
97,106,82,
97,107,81,
98,106,80,
97,107,80,
97,107,81,
97,106,82,
97,107,81,
97,107,81,
97,107,80,
97,107,80,
98,108,83,
97,107,82,
97,109,84,
97,107,82,
97,107,81,
97,104,78,
97,105,80,
97,103,77,
96,104,78,
97,105,79,
97,105,80,
97,106,80,
97,106,81,
96,106,81,
97,105,80,
97,106,81,
96,107,81,
97,106,80,
97,107,82,
97,106,81,
96,108,84,
97,109,83,
97,108,82,
96,105,78,
97,105,78,
96,102,76,
97,104,77,
96,105,79,
97,106,79,
96,106,80,
96,105,80,
97,105,80,
96,105,80,
97,106,80,
96,106,79,
96,106,81,
97,107,83,
96,107,81,
96,108,82,
96,107,82,
97,105,79,
96,103,76,
96,104,77,
96,103,76,
96,104,77,
96,106,80,
96,104,79,
97,104,79,
96,104,80,
96,104,79,
96,105,80,
96,105,81,
96,106,80,
96,105,80,
96,106,81,
96,106,82,
96,107,81,
96,108,84,
96,106,82,
95,104,79,
96,104,79,
96,103,77,
96,105,78,
96,105,81,
96,105,80,
96,104,80,
95,105,80,
96,106,80,
96,104,78,
95,105,80,
96,105,81,
96,106,81,
95,106,82,
96,106,81,
95,106,81,
96,107,82,
96,107,82,
95,104,79,
96,105,80,
95,103,77,
96,101,76,
95,103,78,
96,104,80,
95,105,80,
96,104,79,
95,104,79,
96,104,78,
95,104,79,
95,105,79,
96,106,79,
95,105,82,
95,106,80,
96,106,81,
95,106,81,
95,106,80,
96,103,78,
95,103,78,
95,103,77,
96,102,77,
95,104,79,
95,104,79,
95,105,79,
95,104,81,
95,104,79,
95,104,80,
96,104,79,
95,105,78,
95,104,79,
95,105,79,
95,106,81,
95,105,82,
95,107,83,
95,105,80,
95,104,78,
95,104,78,
95,102,76,
95,102,75,
95,103,79,
95,104,79,
95,105,79,
95,105,80,
94,105,80,
95,104,79,
95,103,78,
95,105,81,
95,104,79,
95,104,79,
95,105,82,
94,104,80,
95,107,82,
95,106,79,
95,103,78,
95,102,77,
94,103,78,
95,100,76,
95,102,77,
94,103,78,
95,102,77,
95,103,78,
94,103,78,
95,103,77,
95,103,79,
94,104,77,
95,103,78,
95,103,78,
94,106,80,
95,105,79,
94,106,82,
95,105,81,
95,104,80,
94,102,78,
95,103,77,
94,101,75,
95,102,76,
94,103,77,
95,104,77,
94,102,77,
94,102,77,
95,102,76,
94,102,77,
95,102,79,
94,103,78,
94,104,79,
95,105,79,
94,104,81,
94,105,82,
95,107,83,
94,105,80,
94,102,77,
95,103,77,
94,101,75,
94,101,77,
94,101,76,
95,101,76,
