,,,
File,Raw,DataFile,
Time,Major,Minor1,
85,94,73,
86,94,73,
85,94,74,
85,94,71,
86,93,70,
85,93,71,
85,93,72,
86,93,72,
85,94,74,
85,94,75,
86,96,75,
85,94,74,
85,92,71,
86,91,71,
85,91,71,
85,92,70,
86,92,72,
85,93,73,
85,94,72,
86,93,73,
85,94,73,
85,93,71,
86,93,73,
85,93,71,
85,92,73,
86,94,72,
85,95,75,
86,94,75,
85,95,75,
85,94,73,
86,93,72,
85,92,71,
85,90,70,
86,90,69,
85,92,69,
85,92,71,
86,93,72,
85,93,72,
85,93,73,
86,92,71,
85,93,72,
85,93,74,
86,92,73,
85,93,73,
85,95,76,
86,94,75,
85,96,76,
85,95,75,
86,93,73,
85,92,70,
85,92,71,
85,90,69,
86,92,72,
85,93,70,
85,93,71,
85,93,72,
86,93,71,
85,94,73,
85,93,72,
86,93,72,
85,93,71,
85,92,71,
85,95,73,
86,94,75,
85,95,77,
85,95,73,
86,92,73,
85,91,72,
85,92,72,
86,92,70,
85,92,71,
85,93,71,
85,93,72,
86,94,73,
85,93,73,
85,93,73,
86,93,73,
85,95,73,
86,94,72,
85,94,73,
85,95,74,
85,95,76,
86,96,76,
85,94,74,
85,94,72,
86,92,70,
85,91,70,
85,90,69,
86,92,72,
85,94,71,
85,94,74,
86,93,72,
85,93,72,
85,93,71,
86,94,72,
85,94,73,
85,94,73,
86,93,73,
85,94,73,
85,94,73,
86,95,75,
85,95,73,
85,95,73,
86,92,71,
85,93,70,
85,92,69,
86,92,71,
85,93,71,
85,91,70,
86,92,71,
85,93,73,
85,94,74,
85,94,72,
86,92,72,
85,94,73,
86,93,72,
85,94,73,
85,95,75,
86,96,74,
85,95,73,
85,94,73,
85,92,71,
86,91,71,
85,91,68,
85,91,70,
86,92,71,
85,92,70,
85,92,71,
86,92,73,
85,92,72,
85,93,72,
85,94,73,
86,94,71,
85,93,73,
85,94,74,
86,95,75,
85,95,74,
85,95,75,
86,95,75,
85,94,73,
85,92,72,
85,90,68,
86,91,70,
85,92,71,
85,92,73,
85,93,72,
86,93,72,
85,94,71,
85,92,72,
85,92,72,
86,94,73,
85,93,71,
85,93,72,
86,94,74,
85,94,74,
85,96,75,
86,94,74,
85,93,71,
85,92,70,
85,90,70,
86,91,71,
85,92,71,
85,91,70,
85,92,72,
86,92,70,
85,92,71,
85,93,72,
86,92,72,
85,92,71,
85,94,73,
86,94,74,
85,94,74,
85,95,74,
86,95,75,
85,95,73,
85,93,72,
86,92,71,
85,92,72,
85,91,70,
85,92,71,
86,92,71,
85,93,73,
85,93,73,
86,93,73,
85,92,72,
85,93,72,
86,93,72,
85,93,73,
85,93,72,
86,95,75,
85,95,74,
85,97,76,
86,95,75,
85,94,75,
85,93,72,
86,91,70,
85,91,70,
85,92,71,
85,93,71,
86,93,73,
85,93,73,
85,93,73,
85,95,73,
86,94,73,
85,92,73,
85,94,71,
86,92,72,
85,95,74,
85,95,74,
86,96,75,
85,95,73,
85,93,74,
85,91,72,
86,91,72,
85,91,70,
85,92,71,
86,92,71,
85,92,71,
85,94,72,
85,93,73,
86,94,72,
85,94,73,
85,93,73,
86,94,72,
85,94,72,
85,95,73,
86,95,75,
85,95,76,
85,94,74,
85,94,73,
86,92,70,
85,92,71,
85,90,70,
85,92,70,
86,92,72,
85,93,72,
85,94,72,
86,94,74,
85,93,73,
85,93,72,
86,93,72,
85,93,71,
85,93,71,
85,94,75,
86,95,74,
85,97,75,
85,95,73,
86,93,73,
85,91,70,
85,92,70,
85,90,70,
85,90,70,
86,92,71,
85,93,70,
85,92,71,
85,93,71,
85,94,72,
86,93,72,
85,93,72,
85,93,72,
86,93,73,
85,94,73,
85,94,74,
85,95,74,
87,97,76,
922,1031,790,
5424,6068,4664,
9686,10844,8230,
12156,13615,10199,
13400,15018,11146,
13991,15686,11573,
14260,15991,11754,
14380,16125,11833,
14638,16412,12042,
16554,18547,13665,
19237,21546,15924,
21235,23785,17561,
22412,25108,18497,
23028,25809,18971,
23325,26145,19182,
23455,26299,19278,
23504,26356,19309,
23516,26369,19311,
23511,26361,19300,
23495,26340,19281,
23480,26325,19270,
23465,26308,19260,
23450,26294,19255,
23433,26274,19242,
23413,26252,19222,
23395,26233,19205,
23382,26228,19212,
23361,26223,19216,
23339,26186,19182,
23321,26163,19150,
23309,26147,19137,
23296,26129,19130,
23281,26110,19117,
23267,26094,19104,
23252,26078,19095,
23241,26071,19086,
23227,26054,19071,
23214,26034,19063,
23206,26022,19055,
23195,26008,19037,
23187,25990,19021,
23177,25985,19021,
23168,25976,19014,
23158,25964,19011,
23149,25958,19008,
23140,25944,19003,
23130,25935,18989,
23122,25926,18983,
23111,25913,18976,
23106,25910,18970,
23097,25899,18967,
23091,25894,18964,
23085,25884,18960,
23075,25879,18951,
23066,25867,18933,
23062,25855,18930,
23056,25849,18928,
23051,25846,18924,
23045,25839,18922,
23040,25835,18921,
23034,25824,18911,
23032,25819,18907,
23027,25815,18904,
23022,25811,18903,
23017,25805,18896,
23016,25805,18896,
23011,25800,18891,
23009,25796,18890,
23006,25796,18884,
23003,25796,18887,
23001,25794,18889,
22998,25789,18889,
22996,25785,18887,
22993,25780,18885,
22991,25775,18876,
22990,25776,18872,
22989,25772,18865,
22989,25773,18864,
22987,25773,18872,
22985,25769,18869,
22982,25763,18864,
22978,25762,18862,
22979,25765,18868,
22980,25767,18862,
22978,25764,18862,
22975,25759,18863,
22975,25757,18857,
22975,25760,18862,
22975,25761,18862,
22973,25760,18862,
22972,25761,18859,
22968,25753,18851,
22967,25747,18848,
22970,25749,18848,
22970,25751,18849,
22969,25747,18850,
22969,25751,18853,
22965,25743,18851,
22965,25747,18851,
22962,25746,18848,
22965,25746,18852,
22970,25749,18857,
22971,25753,18861,
22970,25749,18852,
22972,25751,18855,
22970,25754,18860,
22968,25750,18855,
22965,25742,18854,
22968,25745,18857,
22970,25750,18854,
22968,25747,18852,
22967,25744,18852,
22966,25738,18851,
22965,25739,18858,
22970,25745,18860,
22972,25754,18863,
22974,25758,18866,
22978,25760,18860,
22977,25754,18855,
22974,25754,18855,
22977,25752,18852,
22979,25759,18860,
22985,25763,18866,
22986,25769,18870,
22986,25767,18867,
22988,25773,18869,
22988,25775,18866,
22989,25771,18866,
22992,25775,18873,
22996,25776,18872,
22995,25771,18875,
22998,25776,18872,
23000,25782,18874,
23002,25784,18878,
23006,25789,18884,
23004,25790,18884,
23000,25786,18876,
23004,25787,18875,
23004,25790,18880,
23009,25801,18889,
23012,25802,18889,
23014,25802,18896,
23014,25798,18892,
23013,25798,18887,
23014,25801,18892,
23015,25801,18891,
23018,25805,18888,
23022,25805,18888,
23024,25805,18885,
23028,25814,18886,
23030,25819,18898,
23032,25815,18900,
23028,25811,18894,
23030,25814,18896,
23032,25818,18895,
23032,25816,18902,
23033,25820,18906,
23038,25821,18902,
23040,25825,18907,
23043,25830,18912,
23046,25831,18914,
23044,25831,18913,
23048,25842,18917,
23050,25841,18916,
23048,25833,18912,
23051,25838,18917,
23054,25837,18917,
23054,25838,18911,
23049,25837,18908,
23055,25844,18916,
23059,25850,18922,
23058,25846,18921,
23059,25848,18921,
23066,25853,18927,
23068,25853,18931,
23066,25850,18927,
23067,25856,18929,
23070,25860,18938,
23067,25858,18932,
23068,25858,18924,
23068,25866,18931,
23070,25862,18934,
23071,25862,18926,
23077,25867,18930,
23079,25866,18934,
23075,25862,18935,
23078,25868,18927,
23084,25875,18934,
23084,25879,18936,
23084,25876,18939,
23087,25879,18947,
23091,25883,18948,
23092,25879,18948,
23091,25877,18942,
23092,25884,18941,
23090,25877,18943,
23088,25877,18945,
23092,25882,18948,
23092,25886,18949,
23096,25889,18945,
23096,25890,18949,
23091,25884,18944,
23093,25887,18946,
23096,25889,18949,
23097,25891,18951,
23100,25891,18953,
23103,25895,18954,
23102,25896,18960,
23102,25898,18953,
23102,25896,18952,
23103,25897,18955,
23107,25902,18961,
23110,25907,18963,
23111,25906,18966,
23115,25917,18974,
23117,25913,18975,
23118,25918,18977,
23119,25913,18969,
23117,25909,18960,
23115,25906,18963,
23119,25914,18966,
23119,25914,18968,
23122,25912,18971,
23122,25910,18971,
23126,25921,18972,
23127,25926,18977,
23127,25927,18978,
23127,25926,18974,
23129,25928,18979,
23127,25923,18974,
23125,25918,18966,
23128,25919,18973,
23129,25921,18980,
23126,25922,18979,
23126,25926,18979,
23126,25921,18979,
23128,25924,18978,
23128,25927,18977,
23133,25932,18981,
23134,25934,18980,
23136,25938,18987,
23137,25935,18988,
23136,25935,18989,
23140,25937,18989,
23138,25935,18990,
23136,25929,18983,
23142,25935,18982,
23139,25933,18983,
23136,25929,18986,
23142,25940,18989,
23142,25942,18992,
23141,25940,18989,
23142,25945,18985,
23143,25942,18983,
23145,25942,18993,
23144,25939,18981,
23144,25938,18985,
23147,25941,18989,
23147,25940,18993,
23150,25944,18994,
23151,25945,18994,
23151,25947,18986,
23149,25947,18987,
23151,25947,18995,
23150,25949,18997,
23150,25946,18998,
23155,25954,19000,
23159,25955,19006,
23162,25962,19011,
23160,25959,19004,
23160,25962,19000,
23157,25962,18999,
23155,25957,18992,
23158,25956,18992,
23159,25955,19004,
23161,25957,19006,
23162,25960,19006,
23167,25962,19006,
23162,25958,19005,
23162,25958,19006,
23163,25957,19001,
23165,25962,19005,
23168,25968,19010,
23170,25968,19006,
23168,25966,19001,
23169,25971,19005,
23169,25977,19002,
23172,25972,19008,
23171,25975,19013,
23167,25972,19012,
23169,25968,19011,
23169,25965,19004,
23169,25968,19003,
23165,25965,19000,
23171,25972,19009,
23189,25990,19028,
23185,25986,19021,
23180,25980,19019,
22693,25440,18609,
17183,19290,13882,
10054,11316,7876,
5279,5961,3996,
2644,2994,1939,
1311,1491,940,
671,765,480,
370,425,271,
232,267,179,
169,194,135,
138,159,116,
123,139,103,
115,130,98,
110,122,91,
107,119,88,
105,116,90,
104,115,87,
102,112,87,
100,111,87,
100,111,84,
99,108,83,
98,108,84,
97,108,83,
97,106,83,
96,107,82,
95,106,83,
95,107,83,
95,107,82,
95,106,83,
94,105,81,
94,104,80,
93,103,78,
94,102,77,
93,103,80,
92,102,79,
93,101,78,
92,99,78,
92,100,77,
92,101,77,
92,101,78,
92,100,78,
91,101,77,
92,102,78,
91,102,79,
91,103,79,
91,103,81,
91,102,79,
91,98,76,
90,96,74,
91,98,75,
90,98,76,
91,98,76,
90,98,77,
90,98,77,
90,98,76,
90,99,77,
90,100,75,
90,98,76,
90,99,78,
90,98,77,
89,98,76,
90,99,77,
89,99,77,
90,101,79,
89,100,78,
89,96,75,
90,97,75,
89,97,75,
89,95,74,
89,96,74,
89,96,76,
89,98,75,
89,97,75,
89,96,74,
89,95,73,
89,94,74,
88,96,75,
89,97,75,
89,98,77,
89,98,77,
88,99,76,
89,100,79,
88,99,77,
89,97,75,
88,96,73,
89,95,74,
88,94,70,
88,96,74,
89,96,75,
88,95,75,
88,96,74,
88,97,74,
89,96,75,
88,96,74,
88,97,75,
88,97,75,
88,96,76,
88,98,76,
88,98,77,
88,100,78,
88,97,76,
88,97,74,
88,95,73,
88,94,73,
87,94,73,
88,94,72,
88,95,74,
88,96,74,
87,95,75,
88,96,76,
88,95,75,
87,96,75,
88,95,76,
88,96,75,
87,95,75,
88,97,76,
88,96,76,
87,98,77,
88,98,76,
87,97,75,
88,95,73,
87,96,73,
87,92,71,
88,93,72,
87,94,73,
88,94,74,
87,96,73,
87,94,74,
88,95,73,
87,95,73,
87,95,74,
87,97,76,
88,95,74,
87,97,76,
87,98,76,
87,98,77,
88,98,77,
87,97,76,
87,95,73,
87,94,74,
87,93,73,
87,94,73,
87,95,74,
87,93,72,
88,94,74,
87,94,74,
87,93,71,
87,94,72,
87,94,73,
87,95,75,
87,96,75,
87,97,76,
87,96,75,
87,96,75,
87,98,76,
87,95,73,
87,93,70,
87,94,71,
87,93,71,
86,93,71,
87,94,73,
87,94,74,
87,95,75,
87,95,75,
87,95,72,
86,94,73,
87,95,73,
87,94,74,
87,94,72,
87,96,74,
87,96,74,
86,96,76,
87,96,77,
87,96,75,
86,93,71,
87,94,73,
87,91,70,
86,92,70,
87,94,73,
87,95,75,
87,95,74,
86,95,73,
87,95,74,
87,95,74,
86,95,75,
87,96,74,
86,95,74,
87,95,73,
87,97,74,
86,95,74,
87,96,75,
86,96,74,
87,94,72,
87,93,71,
86,92,70,
87,92,71,
86,93,72,
87,93,73,
86,94,72,
87,94,74,
86,95,73,
87,94,72,
86,94,73,
87,93,73,
86,95,74,
87,96,75,
86,97,76,
87,97,76,
86,98,77,
87,95,74,
86,94,73,
87,93,71,
86,93,72,
87,93,71,
86,93,72,
86,93,73,
87,94,72,
86,93,73,
87,95,74,
86,93,72,
86,94,72,
87,94,72,
86,93,74,
86,95,74,
87,97,76,
86,95,75,
86,97,76,
87,97,75,
86,95,73,
87,95,73,
86,93,72,
86,92,71,
86,92,70,
87,94,72,
86,94,73,
86,93,74,
86,94,72,
87,93,72,
86,93,72,
86,94,72,
86,95,74,
86,95,72,
87,96,75,
86,95,75,
86,97,76,
87,97,76,
86,95,74,
86,93,71,
86,92,71,
87,92,71,
86,93,73,
86,93,74,
86,93,72,
86,93,72,
87,94,72,
86,94,72,
86,93,72,
86,94,73,
86,94,72,
86,93,73,
87,96,75,
86,95,75,
86,96,76,
86,96,76,
86,93,72,
87,93,71,
86,93,73,
86,93,72,
86,92,71,
86,92,71,
86,93,71,
86,94,71,
86,94,73,
86,94,74,
86,94,73,
86,94,71,
86,93,72,
86,94,71,
86,94,75,
87,95,73,
86,97,76,
86,95,77,
86,95,72,
86,93,71,
86,93,71,
86,92,71,
86,91,71,
86,94,71,
86,93,72,
86,95,74,
86,94,72,
86,93,71,
86,93,72,
86,95,73,
87,94,73,
86,94,74,
86,94,74,
86,95,74,
86,96,75,
86,96,74,
86,95,75,
86,92,73,
86,93,71,
86,92,71,
86,91,71,
86,93,71,
86,94,71,
86,94,73,
86,96,74,
86,95,73,
86,94,73,
86,93,72,
86,94,74,
86,94,72,
86,94,74,
86,97,74,
86,96,75,
86,96,75,
86,95,74,
86,93,71,
85,92,71,
86,91,72,
86,92,71,
86,93,72,
86,93,72,
86,92,72,
86,94,73,
86,93,73,
86,93,73,
86,93,73,
86,93,73,
85,93,72,
86,95,73,
86,95,75,
86,96,75,
86,96,75,
86,96,75,
86,93,72,
86,93,70,
86,90,71,
86,92,71,
85,92,71,
86,93,72,
86,94,73,
86,92,71,
86,93,72,
86,94,71,
86,93,73,
85,94,73,
86,93,72,
86,94,74,
86,95,75,
86,96,75,
86,97,76,
86,94,72,
86,93,71,
85,94,70,
86,92,71,
86,92,70,
86,93,73,
85,93,72,
86,92,71,
86,93,72,
86,93,74,
86,93,72,
86,92,73,
85,93,72,
86,93,72,
86,92,71,
86,95,75,
86,103,83,
86,101,81,
86,98,77,
86,95,74,
86,93,72,
85,93,70,
86,93,70,
86,92,71,
86,92,71,
86,92,69,
85,91,70,
86,92,72,
86,93,71,
86,93,73,
86,94,72,
85,94,71,
86,94,71,
86,94,74,
86,94,73,
85,96,75,
86,95,74,
86,94,71,
86,92,70,
85,92,70,
86,91,70,
86,94,71,
86,94,72,
86,93,73,
85,93,72,
86,94,73,
86,93,74,
86,93,72,
86,94,71,
85,94,73,
86,94,72,
86,96,75,
86,94,75,
86,98,76,
85,95,75,
86,94,73,
86,91,70,
85,87,66,
86,88,68,
86,90,69,
86,92,69,
85,92,70,
86,92,70,
86,92,71,
85,91,71,
86,92,70,
86,93,72,
85,93,72,
86,93,72,
86,95,75,
86,96,76,
85,96,75,
86,96,73,
86,92,72,
86,92,69,
85,91,69,
86,91,69,
86,91,71,
86,93,72,
85,92,72,
86,93,73,
86,93,73,
85,93,71,
86,93,72,
86,95,72,
86,95,73,
85,92,71,
86,95,74,
86,95,74,
85,95,74,
86,96,74,
86,93,72,
86,93,70,
85,92,71,
86,91,70,
86,91,70,
85,93,72,
86,92,71,
86,93,71,
85,92,71,
86,93,72,
86,93,73,
85,93,72,
86,93,74,
86,93,74,
85,94,74,
86,94,74,
86,96,76,
85,96,75,
86,94,73,
86,93,70,
85,91,70,
86,91,69,
85,92,70,
86,92,71,
86,92,70,
85,93,72,
86,93,73,
85,93,71,
86,92,71,
86,94,72,
85,93,73,
86,93,72,
85,94,74,
86,96,74,
86,95,75,
85,95,75,
86,94,74,
86,93,73,
85,92,73,
86,92,71,
86,91,70,
85,92,72,
86,92,71,
85,93,72,
86,93,71,
86,93,72,
85,94,72,
86,93,72,
85,93,72,
86,92,70,
86,93,73,
85,95,74,
86,94,75,
86,96,74,
85,94,74,
86,93,71,
86,91,72,
85,91,71,
86,92,71,
86,93,73,
85,93,71,
86,93,72,
85,93,72,
86,94,72,
85,93,71,
86,93,72,
86,93,71,
85,94,72,
86,94,74,
86,96,76,
85,97,75,
86,96,75,
86,94,73,
85,92,72,
86,92,70,
85,92,70,
86,90,70,
85,93,71,
86,93,72,
85,94,72,
86,93,74,
86,94,71,
85,93,71,
86,93,71,
85,92,72,
86,94,72,
86,93,72,
85,95,74,
86,96,74,
86,96,75,
85,95,74,
86,93,74,
85,91,72,
86,92,71,
85,90,71,
86,92,71,
85,92,71,
86,91,71,
86,92,71,
85,92,71,
86,92,71,
85,94,74,
86,94,73,
86,94,72,
85,93,72,
86,95,75,
85,96,75,
86,96,75,
86,96,76,
85,94,73,
86,92,70,
85,93,71,
86,92,72,
85,92,71,
86,92,70,
86,92,72,
85,93,71,
86,92,71,
85,92,72,
86,94,72,
86,93,72,
85,93,72,
86,94,72,
86,95,74,
85,95,75,
86,96,76,
85,96,74,
86,93,72,
85,92,70,
86,93,72,
85,92,70,
86,93,72,
85,93,72,
86,92,72,
85,93,70,
86,93,72,
85,92,72,
86,92,72,
85,94,73,
86,92,73,
85,93,72,
86,93,73,
85,94,75,
86,95,76,
86,95,77,
85,94,73,
86,93,72,
85,93,70,
86,92,68,
85,92,71,
86,93,72,
85,93,72,
86,93,72,
85,94,72,
85,93,72,
86,94,73,
85,92,72,
86,94,75,
85,92,71,
86,95,74,
85,95,73,
86,96,75,
85,96,74,
86,95,75,
85,92,70,
86,91,70,
85,91,69,
86,92,70,
85,93,72,
86,92,74,
85,94,73,
86,93,72,
85,93,71,
86,93,71,
85,93,72,
86,93,72,
85,94,72,
86,94,74,
85,95,74,
86,96,76,
86,95,76,
85,94,73,
86,92,71,
85,92,72,
86,92,70,
85,91,72,
85,92,72,
86,93,73,
85,95,72,
86,95,74,
85,94,71,
86,93,73,
85,93,72,
86,94,73,
85,92,72,
86,93,73,
85,95,75,
86,95,76,
85,94,75,
86,94,74,
85,92,73,
86,91,71,
85,91,69,
86,91,70,
85,91,70,
85,93,71,
86,92,70,
85,93,71,
86,93,73,
85,93,72,
85,94,74,
86,95,73,
85,93,73,
86,93,74,
85,95,75,
86,96,75,
85,95,76,
86,95,74,
85,93,72,
86,92,70,
85,92,72,
86,92,71,
85,92,71,
86,93,71,
85,92,72,
85,92,70,
86,93,71,
85,92,70,
86,93,70,
85,93,72,
86,93,72,
85,94,73,
86,95,75,
85,95,76,
86,96,75,
85,95,72,
86,93,71,
85,93,72,
86,91,70,
85,93,70,
85,93,71,
86,93,72,
85,93,71,
86,93,72,
85,94,71,
86,93,72,
85,93,71,
86,93,72,
85,93,72,
85,92,71,
86,94,75,
85,95,74,
86,95,75,
85,94,74,
86,93,73,
85,92,71,
86,92,70,
85,91,70,
85,92,71,
86,93,72,
85,93,73,
86,93,73,
85,93,73,
86,93,74,
85,93,72,
86,94,73,
85,93,73,
85,93,71,
86,94,71,
85,94,74,
86,96,75,
85,96,75,
86,94,73,
85,92,71,
85,93,70,
86,91,69,
85,93,71,
85,93,70,
86,92,72,
85,93,72,
86,92,71,
85,92,72,
85,92,71,
86,93,71,
85,93,72,
86,93,71,
85,95,74,
86,94,75,
85,97,76,
86,96,75,
85,94,75,
85,93,71,
86,92,71,
85,91,69,
86,91,70,
85,92,72,
85,93,72,
86,93,71,
85,93,74,
86,94,73,
85,93,72,
86,93,71,
85,94,71,
85,94,72,
86,94,73,
85,95,74,
86,95,74,
85,96,76,
86,95,74,
85,92,71,
85,92,72,
86,90,69,
85,91,70,
85,93,71,
86,92,70,
85,93,71,
86,92,72,
85,92,72,
86,92,72,
85,93,71,
85,94,73,
86,94,73,
85,94,72,
86,94,74,
85,95,75,
85,96,74,
86,95,73,
85,93,72,
86,92,72,
85,91,69,
85,91,71,
86,93,72,
85,93,73,
85,93,72,
86,94,73,
85,94,72,
86,93,73,
85,93,72,
86,93,71,
85,93,73,
85,94,73,
86,96,74,
85,96,74,
86,96,76,
85,94,73,
85,93,71,
86,92,71,
85,92,70,
85,91,71,
86,93,71,
85,92,71,
85,93,72,
86,93,71,
85,92,71,
86,94,73,
85,92,72,
85,94,72,
86,93,72,
85,93,73,
85,95,74,
86,96,75,
85,96,77,
86,96,74,
85,92,72,
85,92,70,
86,91,70,
85,91,69,
85,92,70,
86,93,71,
85,93,72,
86,93,72,
85,93,72,
86,94,73,
85,94,73,
86,93,72,
85,93,73,
85,93,72,
86,95,76,
85,94,73,
86,95,76,
85,95,74,
85,93,72,
86,92,73,
85,92,71,
85,91,70,
86,91,70,
85,93,72,
85,93,72,
86,93,73,
85,93,71,
86,92,72,
85,93,73,
85,92,73,
86,93,72,
85,93,73,
86,97,75,
85,95,74,
85,97,77,
86,96,74,
85,93,72,
85,92,71,
86,92,70,
85,92,70,
86,92,71,
85,92,72,
85,92,71,
86,93,72,
85,94,71,
85,94,74,
86,92,71,
85,93,71,
86,93,71,
85,93,73,
85,95,75,
86,95,74,
85,95,75,
86,95,75,
85,93,73,
85,92,70,
86,92,71,
85,90,69,
85,92,70,
86,91,70,
85,92,71,
85,91,73,
86,92,72,
85,92,73,
85,92,72,
86,92,71,
85,93,73,
85,93,71,
86,94,75,
85,95,73,
86,95,74,
85,96,75,
86,95,72,
85,92,71,
85,92,72,
86,91,71,
85,92,71,
85,93,72,
86,93,72,
85,94,73,
86,93,71,
85,94,72,
85,93,72,
86,92,72,
85,93,73,
86,94,72,
85,95,74,
85,95,75,
86,96,75,
85,94,74,
86,94,73,
85,92,71,
85,93,72,
86,92,71,
85,93,71,
85,94,73,
86,93,72,
85,95,72,
85,95,73,
86,95,74,
85,94,74,
85,94,73,
86,93,71,
85,94,73,
85,94,73,
86,94,74,
85,95,75,
85,95,74,
86,93,72,
85,92,70,
85,94,72,
86,91,71,
85,91,71,
85,91,72,
85,93,70,
86,94,73,
85,93,72,
85,93,73,
85,94,73,
86,95,73,
85,95,73,
85,94,72,
86,93,72,
85,95,75,
85,96,75,
86,95,75,
85,94,74,
86,91,69,
85,92,70,
85,90,68,
85,90,69,
86,92,72,
85,92,73,
85,92,72,
86,93,73,
85,93,73,
85,94,72,
86,93,73,
85,93,73,
85,92,72,
86,94,73,
85,95,74,
85,95,74,
86,96,77,
85,94,73,
86,92,71,
85,92,72,
85,92,70,
85,91,69,
86,91,71,
85,91,72,
85,93,72,
86,92,73,
85,94,74,
85,95,74,
86,94,72,
85,94,73,
85,93,73,
86,93,72,
85,96,75,
85,95,74,
86,96,75,
85,94,73,
85,93,71,
86,90,69,
85,91,70,
85,91,69,
85,92,69,
86,92,71,
85,92,72,
85,94,73,
86,92,72,
85,93,72,
85,93,72,
86,94,73,
85,92,72,
85,94,73,
86,95,74,
85,96,74,
85,95,74,
86,95,75,
85,93,72,
85,91,70,
85,92,71,
86,91,70,
85,91,73,
85,92,70,
86,92,72,
85,94,73,
85,92,72,
86,94,73,
85,94,72,
85,92,72,
85,92,72,
86,93,72,
85,96,75,
85,95,76,
86,96,77,
85,95,73,
86,94,72,
85,92,71,
85,92,70,
85,91,70,
86,91,71,
85,93,70,
85,92,71,
86,92,72,
85,94,72,
85,93,72,
85,93,72,
86,94,74,
85,93,73,
85,92,72,
86,94,74,
85,95,74,
86,96,76,
85,95,76,
85,93,71,
85,92,69,
86,93,71,
85,91,70,
85,92,72,
85,93,71,
86,94,73,
85,93,73,
85,93,73,
86,93,73,
85,93,74,
85,93,73,
86,93,73,
85,93,72,
85,94,74,
85,95,73,
86,95,75,
85,95,73,
86,94,72,
85,91,70,
85,91,69,
85,91,69,
86,92,72,
85,93,72,
86,92,73,
85,93,72,
85,91,72,
85,93,74,
86,93,73,
85,92,72,
85,91,73,
86,92,73,
85,93,74,
85,95,74,
86,95,74,
85,95,74,
85,93,73,
86,92,70,
85,93,72,
85,92,72,
85,92,72,
86,93,71,
85,93,72,
85,93,71,
86,92,73,
85,93,73,
85,92,72,
85,93,71,
86,92,72,
85,92,71,
85,94,74,
86,94,74,
85,94,75,
85,95,73,
86,93,73,
85,92,70,
85,92,70,
85,91,70,
85,91,71,
86,93,71,
85,93,73,
85,93,73,
85,94,72,
86,94,72,
85,93,73,
85,94,72,
86,93,74,
85,93,73,
85,94,74,
86,96,75,
85,95,74,
85,95,74,
86,95,74,
85,93,71,
85,92,70,
86,91,70,
85,91,70,
85,92,72,
85,93,72,
86,92,72,
85,93,72,
85,92,71,
86,93,73,
85,93,72,
85,93,72,
86,93,73,
85,93,72,
85,94,74,
85,94,73,
86,96,75,
85,94,73,
86,93,71,
85,93,71,
85,92,70,
85,91,71,
86,92,72,
85,93,71,
85,92,71,
86,93,71,
85,93,72,
85,92,73,
86,93,71,
85,93,72,
85,93,72,
85,93,73,
86,95,74,
85,95,73,
85,96,76,
86,94,74,
85,92,72,
85,92,70,
85,90,71,
86,91,70,
85,92,71,
85,93,72,
85,94,72,
86,93,73,
85,95,73,
85,94,73,
86,93,73,
85,93,74,
85,93,73,
86,93,74,
85,94,77,
85,93,75,
86,95,79,
85,93,77,
85,93,77,
85,92,77,
86,91,78,
85,91,79,
85,92,81,
85,91,83,
86,92,86,
85,92,87,
86,92,89,
85,92,91,
85,92,94,
86,92,95,
85,92,99,
85,93,101,
86,94,105,
85,94,108,
86,96,111,
85,94,112,
86,92,112,
85,90,113,
86,91,114,
85,89,116,
86,92,121,
86,93,123,
85,92,122,
86,91,124,
86,92,128,
85,92,127,
86,91,129,
86,92,131,
86,92,131,
86,92,131,
86,93,133,
86,93,132,
86,94,135,
86,95,136,
86,92,132,
86,91,130,
86,91,131,
86,89,128,
86,90,130,
86,90,129,
86,91,129,
86,92,129,
86,92,129,
86,92,128,
87,91,126,
86,92,126,
86,92,125,
86,92,123,
86,93,125,
87,94,126,
86,94,125,
86,95,124,
86,93,121,
86,92,119,
86,92,119,
87,91,114,
86,91,114,
86,92,115,
86,93,115,
86,92,113,
86,92,113,
87,92,113,
86,92,111,
86,92,111,
86,93,109,
86,93,108,
86,94,107,
86,95,107,
86,94,107,
86,96,108,
86,94,107,
86,91,102,
86,93,102,
86,91,99,
86,91,99,
86,93,102,
86,92,98,
86,93,98,
86,92,98,
86,92,98,
86,93,97,
86,91,96,
85,93,95,
86,92,94,
86,93,96,
86,95,96,
86,94,95,
86,97,96,
86,94,93,
85,91,92,
86,92,90,
86,90,89,
86,91,88,
85,92,89,
86,93,91,
86,93,90,
86,92,90,
85,93,89,
86,94,89,
86,93,87,
85,92,88,
86,93,87,
86,93,87,
86,96,89,
85,94,88,
86,96,88,
86,94,87,
85,93,86,
86,93,85,
86,92,85,
85,91,83,
86,92,83,
86,93,84,
85,93,85,
86,92,84,
85,93,85,
86,94,84,
86,93,83,
85,94,84,
86,93,83,
86,93,82,
85,94,86,
86,96,87,
85,95,86,
86,95,83,
85,92,80,
86,91,79,
86,91,80,
85,92,80,
86,91,81,
85,93,80,
86,93,80,
85,93,81,
86,93,79,
86,93,80,
85,93,80,
86,94,80,
85,93,80,
86,92,79,
85,94,82,
86,94,81,
86,96,84,
85,96,82,
86,93,80,
85,92,79,
86,91,78,
85,90,78,
85,91,79,
86,93,78,
86,92,78,
85,92,77,
86,91,76,
85,92,78,
85,92,79,
86,93,78,
85,94,80,
86,94,79,
85,96,81,
86,94,81,
86,95,80,
85,95,80,
86,94,77,
85,92,76,
86,91,77,
85,91,76,
86,93,76,
85,93,77,
85,93,77,
86,93,77,
85,92,75,
86,92,77,
85,91,75,
86,92,76,
85,92,77,
86,92,76,
85,94,79,
86,94,79,
85,96,80,
86,94,79,
85,94,78,
85,92,76,
86,92,77,
85,91,74,
86,93,76,
85,93,77,
86,93,77,
85,92,76,
86,93,77,
85,92,76,
85,92,77,
86,92,75,
85,92,77,
86,92,76,
85,94,77,
86,94,78,
85,94,79,
86,93,77,
85,93,76,
85,93,75,
86,92,74,
85,90,72,
86,91,74,
85,92,74,
85,94,75,
86,93,76,
85,93,76,
86,93,74,
85,93,75,
86,93,76,
85,94,76,
85,92,75,
86,93,76,
85,95,76,
86,95,77,
85,94,78,
86,95,76,
85,91,73,
85,93,73,
86,91,73,
85,93,74,
86,93,74,
85,93,74,
85,94,75,
86,93,76,
85,93,75,
85,92,73,
86,92,75,
85,93,76,
86,93,75,
85,93,76,
86,94,78,
85,95,78,
85,96,77,
86,94,77,
85,92,74,
86,93,74,
85,90,72,
85,91,72,
86,92,73,
85,91,72,
85,92,73,
86,93,74,
85,92,75,
85,92,74,
86,92,75,
85,93,75,
86,92,74,
85,93,75,
85,94,77,
86,95,77,
85,95,76,
86,94,77,
85,93,74,
85,91,74,
86,91,71,
85,91,71,
85,92,73,
86,93,75,
85,92,74,
86,93,73,
85,91,74,
85,92,73,
86,92,73,
85,92,72,
86,93,73,
85,94,74,
86,95,77,
85,94,75,
85,96,76,
86,94,75,
85,92,72,
85,92,72,
86,91,72,
85,91,70,
86,90,73,
85,92,73,
85,91,73,
86,92,73,
85,93,73,
85,92,74,
86,93,75,
85,92,74,
86,94,74,
85,93,75,
85,95,76,
86,94,74,
85,96,76,
85,95,74,
86,92,72,
85,91,71,
86,92,73,
85,91,71,
85,91,71,
86,93,73,
85,93,74,
85,94,74,
86,94,74,
85,94,75,
86,94,72,
85,93,72,
85,93,72,
86,92,72,
85,94,74,
85,93,73,
86,95,75,
85,93,73,
86,92,73,
85,92,70,
85,91,73,
86,91,70,
85,91,72,
85,91,72,
86,92,72,
85,92,73,
85,92,72,
86,92,73,
85,94,75,
85,93,73,
86,94,74,
85,92,72,
86,94,74,
85,95,74,
85,95,74,
86,95,75,
85,92,73,
85,92,71,
86,92,71,
85,91,70,
85,91,72,
85,93,73,
86,92,71,
85,93,71,
85,93,72,
86,93,73,
85,92,74,
86,92,72,
85,93,73,
85,92,72,
85,93,74,
86,95,75,
85,95,76,
85,96,75,
86,93,72,
85,90,71,
85,91,70,
86,90,71,
85,92,71,
85,92,72,
86,92,72,
85,93,71,
85,92,71,
86,94,74,
85,92,72,
85,92,71,
86,92,70,
85,92,70,
85,94,73,
86,95,74,
85,95,75,
86,95,75,
85,94,74,
85,93,70,
86,93,72,
85,92,69,
85,91,69,
85,92,71,
86,93,72,
85,92,72,
85,93,73,
86,94,72,
85,93,74,
85,93,73,
86,92,72,
85,93,72,
85,95,75,
85,94,73,
86,94,74,
85,95,74,
85,94,73,
86,91,71,
85,91,71,
85,90,70,
86,91,71,
85,92,73,
85,92,72,
85,93,73,
85,93,72,
86,93,71,
85,93,73,
85,93,73,
86,93,72,
85,93,73,
85,92,73,
86,94,74,
85,95,74,
85,96,75,
86,93,73,
85,91,70,
85,93,70,
85,90,68,
86,91,69,
85,92,72,
85,93,71,
85,92,73,
86,93,72,
85,94,73,
85,93,74,
86,92,72,
85,93,74,
86,93,72,
85,93,71,
86,94,74,
85,95,75,
86,96,76,
85,95,73,
86,93,72,
86,92,71,
86,94,71,
86,91,70,
87,93,72,
86,94,73,
87,95,73,
88,96,74,
87,96,74,
89,97,74,
89,98,75,
90,99,77,
91,100,78,
92,103,79,
93,105,82,
95,107,82,
97,110,85,
100,111,86,
102,115,86,
105,118,89,
109,123,92,
114,129,95,
119,136,99,
125,146,108,
133,154,113,
141,165,122,
151,179,131,
162,194,141,
176,222,166,
191,244,183,
209,260,191,
228,282,204,
252,312,224,
278,343,244,
309,377,266,
343,417,293,
383,469,328,
426,527,368,
478,593,415,
534,665,465,
598,746,523,
670,837,585,
751,940,654,
841,1054,733,
941,1180,822,
1054,1320,921,
1177,1475,1027,
1316,1646,1147,
1467,1835,1275,
1635,2043,1420,
1820,2272,1581,
2022,2525,1755,
2244,2801,1949,
2486,3100,2155,
2750,3424,2378,
3037,3777,2622,
3348,4158,2889,
3684,4571,3173,
4048,5015,3485,
4439,5493,3822,
4859,6006,4178,
5308,6555,4561,
5789,7139,4972,
6298,7758,5403,
6841,8417,5865,
7416,9114,6350,
8024,9851,6865,
8664,10626,7411,
9338,11438,7985,
10039,12284,8580,
10773,13168,9198,
11540,14082,9841,
12333,15030,10505,
13156,16012,11193,
14006,17029,11914,
14880,18065,12646,
15780,19136,13401,
16695,20225,14169,
17627,21331,14949,
18574,22447,15740,
19525,23574,16536,
20482,24696,17338,
21437,25820,18135,
22395,26945,18934,
23346,28058,19723,
24289,29157,20508,
25223,30251,21288,
26141,31325,22053,
27045,32371,22806,
27927,33395,23542,
28785,34387,24260,
29614,35340,24937,
30412,36257,25597,
31185,37145,26235,
31921,37986,26846,
32617,38784,27421,
33278,39538,27969,
33894,40239,28485,
34470,40884,28954,
35009,41486,29397,
35501,42034,29798,
35957,42544,30173,
36362,42989,30506,
36725,43388,30799,
37045,43729,31065,
37321,44029,31290,
37562,44282,31490,
37758,44485,31651,
37916,44648,31781,
38040,44767,31879,
38128,44840,31937,
38181,44874,31977,
38200,44871,31996,
38184,44824,31976,
38133,44742,31927,
38050,44623,31858,
37941,44477,31764,
37813,44297,31650,
37651,44084,31514,
37469,43857,31358,
37261,43601,31191,
37028,43304,30998,
36776,42991,30789,
36501,42655,30558,
36209,42302,30312,
35908,41937,30064,
35588,41551,29791,
35257,41153,29510,
34910,40731,29224,
34552,40305,28926,
34186,39867,28617,
33810,39419,28297,
33422,38955,27976,
33026,38484,27637,
32622,38006,27303,
32210,37516,26958,
31797,37022,26615,
31379,36531,26272,
30952,36028,25917,
30525,35528,25564,
30094,35021,25203,
29662,34513,24839,
29226,33999,24481,
28783,33483,24111,
28340,32962,23736,
27906,32451,23366,
27472,31944,23005,
27042,31436,22650,
26608,30928,22286,
26173,30423,21927,
25744,29919,21567,
25315,29419,21211,
24887,28921,20862,
24461,28425,20504,
24037,27930,20152,
23619,27446,19800,
23208,26965,19459,
22802,26489,19117,
22398,26021,18774,
21999,25558,18445,
21606,25104,18114,
21219,24652,17794,
20835,24208,17467,
20459,23764,17150,
20088,23334,16840,
19722,22913,16539,
19364,22493,16237,
19011,22084,15940,
18663,21676,15648,
18320,21274,15361,
17984,20887,15082,
17651,20504,14807,
17325,20121,14532,
17005,19754,14263,
16692,19391,14000,
16383,19037,13748,
16080,18681,13489,
15784,18341,13239,
15493,18001,13005,
15207,17666,12765,
14926,17344,12532,
14653,17023,12301,
14386,16714,12074,
14129,16414,11863,
13878,16123,11649,
13616,15823,11431,
13366,15533,11218,
13126,15257,11018,
12893,14984,10824,
12662,14718,10630,
12436,14459,10442,
12216,14202,10262,
12000,13951,10077,
11788,13707,9898,
11582,13467,9725,
11383,13236,9557,
11186,13009,9393,
10996,12792,9240,
10809,12574,9084,
10626,12359,8927,
10449,12149,8774,
10276,11951,8630,
10108,11755,8487,
9942,11567,8348,
9782,11383,8212,
9625,11198,8081,
9470,11017,7953,
9317,10843,7829,
9170,10671,7703,
9025,10503,7578,
8884,10337,7466,
8746,10183,7350,
8612,10025,7239,
8481,9875,7129,
8353,9726,7023,
8227,9583,6916,
8105,9439,6813,
7984,9301,6710,
7869,9165,6609,
7757,9035,6515,
7645,8902,6421,
7537,8776,6334,
7431,8654,6245,
7328,8537,6161,
7227,8421,6077,
7128,8307,5993,
7032,8193,5911,
6936,8080,5830,
6843,7971,5750,
6753,7864,5672,
6663,7762,5597,
6577,7662,5529,
6491,7564,5459,
6408,7468,5391,
6325,7374,5319,
6245,7279,5251,
6166,7188,5181,
6090,7099,5116,
6015,7010,5054,
5941,6925,4996,
5869,6840,4937,
5799,6759,4878,
5730,6680,4816,
5661,6600,4758,
5595,6522,4703,
5529,6448,4651,
5465,6375,4598,
5403,6300,4543,
5341,6229,4492,
5281,6162,4445,
5221,6090,4389,
5163,6022,4342,
5104,5956,4292,
5048,5890,4241,
4992,5822,4195,
4938,5756,4151,
4883,5694,4105,
4831,5636,4062,
4779,5577,4017,
4728,5514,3974,
4678,5457,3934,
4628,5399,3892,
4580,5341,3850,
4532,5286,3807,
4485,5233,3768,
4438,5181,3730,
4392,5126,3692,
4346,5072,3654,
4302,5022,3620,
4258,4972,3585,
4215,4920,3548,
4173,4869,3513,
4131,4819,3474,
4090,4770,3439,
4049,4721,3403,
4010,4674,3370,
3970,4632,3335,
3931,4587,3306,
3893,4542,3272,
3855,4501,3237,
3818,4458,3208,
3781,4413,3178,
3746,4371,3146,
3711,4331,3117,
3676,4288,3087,
3641,4247,3060,
3606,4208,3034,
3573,4169,3008,
3540,4131,2983,
3507,4093,2953,
3473,4053,2921,
3442,4017,2893,
3409,3978,2866,
3379,3941,2842,
3348,3908,2814,
3317,3870,2790,
3287,3834,2764,
3257,3800,2739,
3227,3767,2715,
3198,3732,2688,
3168,3697,2665,
3139,3664,2642,
3111,3629,2616,
3084,3599,2596,
3054,3567,2572,
3026,3533,2550,
3000,3503,2528,
2971,3469,2502,
2945,3436,2476,
2919,3404,2452,
2892,3374,2432,
2868,3344,2412,
2842,3315,2393,
2818,3287,2371,
2793,3259,2348,
2770,3230,2329,
2743,3199,2306,
2717,3171,2286,
2695,3143,2267,
2671,3116,2245,
2648,3089,2227,
2625,3060,2207,
2603,3036,2192,
2580,3010,2173,
2557,2986,2155,
2536,2959,2135,
2513,2932,2112,
2492,2905,2094,
2469,2879,2078,
2449,2855,2057,
2428,2831,2042,
2407,2807,2026,
2387,2783,2007,
2365,2758,1990,
2345,2736,1974,
2326,2711,1958,
2305,2689,1941,
2286,2664,1925,
2267,2642,1910,
2248,2622,1894,
2228,2601,1879,
2209,2578,1864,
2191,2558,1849,
2171,2536,1830,
2153,2512,1812,
2135,2490,1795,
2117,2468,1781,
2098,2445,1765,
2081,2426,1750,
2063,2405,1739,
2046,2384,1722,
2029,2364,1707,
2012,2344,1691,
1994,2325,1678,
1977,2306,1666,
1961,2287,1650,
1944,2267,1636,
1928,2247,1622,
1912,2231,1609,
1896,2210,1599,
1880,2199,1591,
1864,2184,1579,
1849,2159,1559,
1834,2137,1542,
1819,2120,1530,
1803,2100,1518,
1790,2085,1508,
1774,2066,1495,
1760,2051,1484,
1746,2036,1469,
1731,2016,1454,
1718,2000,1447,
1704,1983,1434,
1689,1969,1423,
1676,1954,1411,
1663,1937,1400,
1648,1922,1390,
1635,1906,1377,
1621,1891,1368,
1608,1876,1357,
1594,1858,1342,
1582,1841,1329,
1568,1826,1317,
1555,1811,1308,
1543,1797,1299,
1531,1784,1288,
1518,1769,1278,
1505,1754,1269,
1494,1739,1258,
1481,1726,1249,
1469,1710,1238,
1458,1696,1230,
1446,1684,1220,
1434,1669,1210,
1423,1660,1200,
1412,1646,1190,
1400,1634,1182,
1389,1620,1171,
1379,1606,1162,
1367,1591,1149,
1357,1579,1142,
1346,1565,1130,
1334,1554,1121,
1324,1543,1116,
1314,1528,1107,
1303,1516,1098,
1292,1506,1088,
1283,1493,1081,
1272,1483,1071,
1262,1470,1064,
1252,1458,1058,
1242,1448,1048,
1233,1436,1041,
1223,1425,1031,
1213,1415,1025,
1204,1405,1018,
1194,1392,1008,
1185,1379,997,
1176,1368,991,
1166,1355,981,
1157,1346,973,
1147,1334,965,
1139,1324,959,
1129,1315,953,
1121,1305,943,
1112,1295,937,
1103,1285,930,
1095,1274,923,
1087,1265,916,
1077,1254,908,
1070,1246,902,
1061,1236,897,
1053,1227,889,
1045,1217,884,
1036,1207,875,
1029,1196,865,
1021,1186,859,
1013,1177,851,
1006,1168,846,
998,1159,840,
990,1151,834,
984,1144,830,
975,1136,824,
968,1126,818,
961,1117,811,
954,1109,805,
946,1101,799,
940,1093,794,
932,1085,787,
926,1078,783,
919,1071,777,
911,1063,773,
905,1054,766,
899,1046,758,
891,1036,749,
886,1028,746,
878,1020,739,
872,1012,735,
865,1006,730,
859,999,725,
853,992,719,
846,983,713,
840,974,708,
834,968,702,
828,962,697,
821,955,693,
815,949,689,
810,941,684,
803,936,679,
798,931,675,
792,922,668,
786,914,659,
781,906,656,
774,898,650,
769,892,643,
763,884,640,
758,879,636,
752,874,634,
747,866,629,
742,859,624,
736,854,621,
731,847,616,
726,841,610,
720,835,609,
716,830,603,
710,826,601,
705,820,597,
700,815,594,
696,809,588,
690,802,584,
685,796,579,
681,790,575,
675,783,569,
671,778,563,
666,772,561,
662,768,559,
657,762,555,
652,756,550,
648,752,545,
643,746,542,
639,741,538,
634,735,536,
630,731,531,
625,728,531,
622,722,526,
617,718,523,
613,713,518,
609,705,513,
604,701,507,
601,695,506,
596,690,501,
593,686,499,
588,682,496,
584,677,493,
581,672,489,
576,669,487,
572,665,485,
569,658,479,
565,654,475,
561,650,473,
557,645,470,
553,642,470,
550,639,465,
546,636,464,
543,630,460,
539,626,456,
535,618,450,
532,615,448,
528,610,443,
525,606,440,
521,602,440,
518,598,436,
515,595,434,
511,592,432,
509,590,431,
504,585,427,
502,582,425,
498,577,423,
495,573,419,
492,570,418,
489,568,415,
485,564,413,
483,560,408,
479,554,404,
476,549,399,
473,547,398,
471,542,394,
467,538,393,
464,536,391,
461,532,389,
459,528,385,
455,526,384,
452,522,381,
450,520,380,
447,515,379,
444,512,375,
442,509,372,
439,508,372,
436,506,370,
433,502,368,
431,499,365,
428,496,361,
425,490,357,
423,487,355,
420,483,353,
418,482,351,
415,478,352,
413,476,347,
410,473,346,
408,471,345,
406,467,341,
403,463,340,
401,461,338,
398,460,337,
396,456,333,
394,455,332,
392,454,332,
389,452,330,
387,448,328,
384,445,325,
383,441,321,
380,438,318,
378,434,316,
375,432,316,
374,430,315,
371,428,312,
369,425,311,
368,422,310,
365,420,308,
363,417,307,
360,415,303,
359,413,302,
357,409,300,
355,407,299,
353,408,300,
351,407,299,
349,406,300,
347,401,294,
344,396,290,
344,394,289,
341,391,286,
339,388,285,
337,387,283,
336,384,282,
334,383,282,
332,381,279,
330,380,279,
328,376,278,
326,375,274,
325,373,273,
323,371,273,
321,370,271,
320,368,270,
318,366,268,
316,366,266,
315,364,266,
312,360,264,
311,358,261,
310,354,259,
308,351,256,
307,350,257,
304,349,257,
304,348,257,
302,348,257,
300,346,252,
299,344,250,
297,340,249,
295,338,249,
295,338,249,
292,336,247,
292,336,249,
290,334,246,
288,334,247,
287,332,244,
285,328,241,
284,326,239,
283,324,238,
281,320,234,
280,321,235,
278,318,234,
277,317,232,
276,314,232,
274,313,231,
273,312,231,
272,311,229,
270,309,228,
269,308,227,
268,308,226,
266,308,228,
266,306,228,
264,305,228,
262,303,224,
262,300,221,
260,297,217,
259,295,217,
258,292,214,
257,292,215,
256,291,215,
254,290,213,
253,289,214,
253,288,214,
251,286,212,
249,286,210,
249,284,208,
248,283,208,
246,283,209,
246,282,209,
244,279,208,
243,279,207,
242,277,207,
241,276,206,
240,272,203,
239,273,200,
238,269,197,
237,269,198,
236,269,199,
235,267,198,
234,267,196,
233,266,196,
232,265,197,
231,264,196,
230,262,194,
229,262,194,
228,260,192,
227,260,193,
226,259,192,
225,259,194,
224,257,192,
224,256,189,
222,250,184,
222,249,183,
220,248,183,
220,249,184,
219,249,184,
218,248,183,
216,247,182,
217,246,182,
215,245,181,
215,243,180,
213,242,178,
213,241,180,
212,240,178,
211,242,178,
211,241,179,
209,242,179,
209,240,178,
208,237,175,
207,234,174,
207,232,173,
205,232,170,
205,231,171,
204,231,171,
203,229,170,
203,230,171,
202,229,171,
200,229,171,
201,228,169,
199,226,168,
199,226,168,
198,225,167,
198,225,168,
196,225,168,
196,224,168,
195,224,167,
195,221,165,
194,220,163,
193,219,163,
193,216,159,
191,216,158,
192,216,160,
190,217,161,
190,216,160,
190,214,160,
188,214,158,
188,215,159,
188,212,157,
186,212,157,
187,211,158,
185,210,157,
185,212,159,
184,211,158,
184,211,157,
183,209,156,
183,206,153,
182,206,150,
181,203,151,
180,202,149,
181,203,152,
179,203,151,
179,202,150,
179,202,149,
177,201,151,
178,202,150,
177,201,150,
176,199,149,
176,198,149,
175,199,147,
175,199,148,
174,199,148,
173,199,149,
173,197,147,
173,196,145,
172,193,143,
171,192,143,
171,191,143,
170,192,142,
170,192,143,
170,192,143,
169,190,143,
168,190,143,
168,189,142,
168,188,141,
167,187,142,
167,187,142,
166,186,138,
165,189,143,
166,187,142,
164,188,144,
164,188,143,
164,184,139,
163,183,137,
163,183,137,
163,181,136,
161,181,136,
162,182,137,
161,182,137,
161,180,137,
160,180,138,
160,180,139,
159,180,141,
159,179,140,
159,179,141,
158,179,140,
158,178,141,
157,178,140,
157,178,143,
157,178,142,
156,175,141,
156,174,140,
155,172,139,
155,172,138,
155,173,140,
154,173,139,
154,173,139,
154,171,139,
153,171,138,
153,171,139,
152,171,138,
152,170,139,
152,170,138,
151,169,139,
152,171,141,
150,169,142,
151,172,143,
150,170,140,
149,168,139,
150,167,136,
149,166,137,
148,164,135,
148,165,135,
148,165,137,
148,165,137,
147,166,136,
147,166,135,
147,166,136,
146,164,134,
146,164,134,
146,162,133,
145,163,134,
145,164,133,
145,163,132,
144,164,135,
145,164,133,
144,161,132,
143,160,128,
143,161,129,
143,158,127,
143,159,127,
142,158,128,
142,160,126,
142,159,126,
142,159,127,
141,158,127,
141,157,125,
140,157,125,
141,158,125,
140,157,126,
140,156,126,
139,157,126,
139,157,126,
139,158,126,
139,157,125,
138,153,121,
138,154,121,
138,152,118,
138,153,119,
137,154,121,
137,154,120,
137,153,120,
136,153,120,
137,152,119,
136,151,120,
136,152,118,
135,152,120,
135,151,119,
135,152,118,
135,152,120,
135,152,119,
135,153,119,
134,150,118,
134,148,115,
133,149,117,
134,148,115,
133,148,113,
133,148,114,
132,147,114,
133,148,115,
132,147,115,
132,150,115,
132,148,115,
132,147,114,
131,147,113,
131,147,114,
131,147,114,
131,148,115,
130,147,116,
131,147,114,
130,146,113,
130,144,111,
129,145,111,
130,144,110,
129,142,108,
129,143,109,
129,144,111,
129,142,110,
128,142,111,
129,143,111,
128,143,111,
128,142,109,
127,142,108,
128,141,108,
127,142,111,
127,143,111,
127,143,109,
127,144,110,
126,141,110,
127,140,107,
126,140,106,
126,139,106,
126,138,106,
125,141,108,
126,139,107,
125,139,107,
125,139,106,
125,139,107,
125,139,107,
125,139,107,
124,138,106,
124,138,105,
124,138,105,
124,140,108,
124,139,107,
124,141,110,
123,140,108,
123,137,104,
123,137,103,
123,136,102,
123,136,103,
123,137,104,
122,137,104,
122,136,103,
123,136,103,
121,136,105,
122,135,103,
122,135,102,
121,134,102,
122,135,102,
121,134,103,
121,137,105,
121,137,105,
121,136,106,
121,136,104,
120,135,104,
120,134,102,
120,134,101,
120,131,99,
120,132,100,
120,132,99,
120,132,101,
119,133,100,
120,133,102,
119,133,102,
119,132,102,
119,133,101,
119,132,102,
119,133,101,
118,134,102,
119,133,101,
118,132,101,
118,133,102,
118,132,101,
118,130,100,
118,132,100,
117,129,97,
118,129,100,
117,130,98,
117,128,99,
118,129,99,
117,130,100,
116,131,99,
117,130,100,
117,130,97,
116,130,98,
117,130,98,
116,131,100,
116,130,100,
116,131,101,
116,130,100,
116,128,98,
116,126,95,
115,127,96,
116,126,94,
115,126,96,
115,126,96,
115,128,98,
115,127,97,
115,128,97,
115,127,97,
115,127,97,
114,129,98,
115,128,98,
114,129,97,
114,128,98,
115,128,100,
114,128,98,
114,128,98,
113,127,97,
114,126,96,
114,125,96,
113,124,95,
114,125,94,
113,125,95,
113,126,96,
113,125,95,
113,125,96,
113,124,95,
113,124,94,
113,125,94,
112,125,95,
113,124,94,
112,125,94,
113,126,95,
112,127,96,
112,127,95,
112,126,96,
112,122,92,
112,123,92,
112,121,92,
112,122,92,
111,124,94,
112,123,94,
111,123,93,
112,124,94,
111,123,95,
111,123,94,
111,123,94,
111,124,94,
111,123,94,
111,124,96,
111,124,94,
110,125,94,
111,125,96,
111,124,94,
110,122,94,
110,122,93,
110,120,91,
110,120,91,
110,121,92,
110,120,92,
110,121,93,
110,121,91,
110,124,93,
110,122,92,
109,120,92,
110,122,92,
109,121,90,
110,122,93,
109,123,95,
109,122,95,
109,123,94,
110,123,93,
108,120,91,
109,120,90,
109,121,92,
109,119,89,
109,119,91,
108,120,90,
109,119,92,
108,121,92,
109,120,92,
108,120,91,
108,119,91,
108,119,90,
108,120,91,
108,120,91,
108,122,93,
108,120,93,
108,120,94,
108,120,93,
107,118,91,
108,117,88,
107,117,88,
108,116,89,
107,118,89,
108,119,89,
107,117,89,
107,117,89,
107,118,88,
107,118,91,
107,118,90,
107,118,90,
107,118,90,
107,118,90,
106,121,92,
107,119,92,
107,121,93,
106,121,92,
107,117,89,
106,117,88,
106,116,87,
107,115,87,
106,117,87,
106,116,87,
106,117,89,
106,116,89,
106,116,90,
106,117,89,
106,117,88,
106,117,90,
105,118,90,
106,116,88,
106,119,91,
105,119,90,
106,121,92,
106,119,91,
105,118,89,
105,116,87,
106,115,88,
105,115,86,
105,116,86,
105,116,88,
105,116,88,
105,115,88,
105,115,88,
105,115,88,
105,117,88,
105,115,89,
105,116,87,
104,115,87,
105,117,89,
105,117,89,
104,117,90,
105,117,90,
104,117,87,
104,114,87,
105,114,87,
104,112,84,
104,113,86,
104,114,87,
104,114,87,
104,114,87,
104,115,88,
104,115,87,
104,115,89,
104,115,89,
104,115,89,
103,116,89,
104,117,88,
104,116,89,
103,116,90,
104,116,90,
103,115,87,
104,112,85,
103,113,86,
103,112,84,
103,113,86,
104,114,87,
103,114,86,
103,113,87,
103,113,85,
103,114,87,
103,114,86,
103,114,87,
103,114,86,
103,114,86,
103,115,88,
102,114,88,
103,115,89,
103,115,89,
102,113,86,
103,113,87,
103,113,86,
102,111,84,
103,111,84,
102,111,85,
102,112,86,
103,112,86,
102,114,86,
102,112,87,
102,113,86,
103,112,86,
102,113,87,
102,113,87,
102,114,87,
102,114,88,
102,115,87,
102,115,89,
102,114,88,
102,112,84,
101,111,86,
102,109,84,
102,110,84,
101,110,85,
102,111,84,
102,111,84,
101,111,84,
102,111,85,
101,112,86,
102,112,86,
101,111,85,
102,111,84,
101,112,86,
101,114,87,
102,114,87,
102,114,88,
101,114,86,
102,111,84,
102,111,83,
101,111,83,
102,111,85,
103,112,86,
102,113,85,
103,112,86,
103,114,87,
103,115,89,
105,115,90,
104,117,89,
106,118,90,
107,119,90,
108,121,92,
110,125,95,
111,127,96,
113,130,98,
116,133,100,
119,135,101,
123,139,104,
126,143,107,
131,149,109,
137,159,115,
144,167,122,
151,178,131,
160,190,138,
171,203,147,
183,218,158,
197,236,169,
213,256,184,
232,280,200,
253,308,220,
277,341,244,
305,377,267,
337,418,298,
373,463,329,
414,512,361,
460,570,400,
513,637,446,
571,711,497,
638,795,557,
712,889,622,
795,993,693,
887,1110,773,
992,1241,863,
1106,1384,962,
1233,1543,1072,
1373,1717,1193,
1529,1910,1328,
1700,2122,1476,
1888,2356,1638,
2092,2610,1813,
2318,2888,2006,
2562,3189,2216,
2827,3514,2442,
3117,3866,2686,
3428,4251,2953,
3767,4663,3242,
4128,5107,3552,
4518,5582,3884,
4934,6092,4237,
5380,6634,4614,
5855,7211,5017,
6358,7821,5443,
6892,8464,5893,
7456,9146,6373,
8049,9866,6877,
8674,10616,7404,
9327,11403,7960,
10011,12223,8536,
10723,13079,9133,
11459,13957,9750,
12224,14869,10393,
13016,15812,11061,
13830,16782,11743,
14666,17780,12443,
15523,18792,13156,
16393,19824,13882,
17280,20873,14625,
18175,21929,15374,
19072,22987,16126,
19972,24042,16876,
20873,25100,17631,
21770,26153,18380,
22660,27195,19120,
23542,28225,19847,
24409,29234,20569,
25258,30220,21283,
26092,31189,21970,
26901,32124,22636,
27691,33035,23291,
28453,33906,23922,
29186,34749,24530,
29887,35547,25106,
30555,36314,25656,
31191,37033,26183,
31783,37701,26668,
32335,38321,27122,
32839,38887,27537,
33310,39415,27930,
33744,39899,28278,
34132,40326,28602,
34483,40713,28892,
34798,41058,29146,
35066,41347,29360,
35293,41584,29549,
35478,41774,29706,
35629,41922,29826,
35743,42036,29918,
35822,42091,29980,
35865,42115,30013,
35877,42103,30012,
35856,42060,29996,
35810,41984,29955,
35732,41870,29886,
35617,41712,29786,
35477,41530,29668,
35309,41311,29521,
35123,41073,29360,
34917,40820,29186,
34686,40530,28996,
34433,40222,28786,
34155,39879,28554,
33864,39525,28315,
33556,39154,28061,
33229,38764,27782,
32886,38348,27492,
32530,37917,27188,
32160,37474,26881,
31782,37027,26567,
31403,36569,26251,
31010,36100,25926,
30604,35619,25587,
30187,35127,25241,
29773,34639,24893,
29358,34146,24550,
28931,33641,24199,
28505,33133,23844,
28074,32626,23490,
27638,32113,23122,
27202,31606,22757,
26764,31094,22390,
26326,30583,22019,
25887,30073,21652,
25453,29562,21291,
25021,29051,20930,
24589,28546,20578,
24154,28041,20211,
23720,27534,19848,
23291,27031,19483,
22867,26533,19132,
22441,26035,18783,
22018,25543,18437,
21601,25060,18086,
21191,24583,17739,
20787,24116,17404,
20385,23646,17071,
19983,23179,16732,
19589,22725,16400,
19203,22277,16080,
18820,21833,15765,
18447,21400,15451,
18081,20969,15144,
17722,20550,14844,
17366,20135,14545,
17016,19731,14251,
16671,19335,13962,
16334,18945,13681,
16001,18556,13408,
15674,18173,13138,
15357,17806,12869,
15043,17445,12607,
14736,17091,12349,
14438,16746,12102,
14146,16406,11856,
13857,16071,11618,
13572,15741,11381,
13294,15422,11148,
13023,15107,10922,
12756,14799,10701,
12496,14498,10478,
12244,14204,10270,
11998,13919,10062,
11757,13637,9859,
11525,13366,9664,
11295,13100,9469,
11072,12844,9282,
10854,12593,9102,
10643,12351,8927,
10437,12115,8758,
10235,11881,8589,
10037,11653,8423,
9845,11430,8262,
9656,11206,8100,
9471,10990,7947,
9293,10790,7798,
9117,10587,7647,
8946,10387,7508,
8779,10194,7370,
8620,10007,7234,
8460,9823,7102,
8307,9647,6970,
8158,9474,6844,
8011,9306,6728,
7869,9143,6604,
7730,8984,6489,
7596,8826,6379,
7465,8675,6267,
7337,8527,6161,
7214,8384,6056,
7094,8245,5958,
6977,8108,5855,
6862,7974,5761,
6750,7847,5667,
6639,7721,5578,
6533,7598,5488,
6428,7476,5397,
6328,7359,5311,
6230,7246,5227,
6133,7134,5147,
6040,7023,5067,
5948,6918,4994,
5858,6813,4921,
5771,6712,4847,
5684,6611,4774,
5602,6518,4706,
5521,6425,4635,
5440,6330,4569,
5363,6240,4506,
5289,6156,4438,
5215,6071,4377,
5142,5988,4318,
5071,5906,4260,
5002,5828,4202,
4933,5748,4146,
4867,5670,4089,
4803,5593,4033,
4740,5520,3983,
4679,5445,3929,
4619,5376,3877,
4560,5308,3830,
4502,5241,3779,
4446,5175,3735,
4391,5112,3688,
4337,5050,3642,
4284,4991,3600,
4233,4929,3555,
4181,4869,3512,
4132,4813,3471,
4085,4761,3433,
4037,4706,3393,
3990,4650,3355,
3945,4597,3315,
3900,4542,3275,
3856,4490,3237,
3813,4442,3201,
3770,4391,3163,
3729,4343,3130,
3687,4297,3096,
3647,4251,3064,
3607,4202,3033,
3569,4159,3000,
3531,4116,2965,
3493,4071,2933,
3456,4026,2902,
3419,3984,2870,
3384,3943,2840,
3349,3902,2811,
3315,3864,2786,
3281,3826,2757,
3249,3789,2728,
3215,3749,2700,
3184,3711,2672,
3152,3674,2645,
3121,3635,2617,
3091,3599,2593,
3062,3565,2570,
3032,3533,2545,
3003,3500,2522,
2974,3467,2499,
2946,3434,2475,
2918,3399,2450,
2890,3368,2427,
2862,3337,2403,
2834,3303,2381,
2807,3271,2358,
2781,3242,2337,
2753,3212,2317,
2728,3182,2297,
2703,3153,2273,
2678,3121,2250,
2653,3093,2228,
2629,3063,2207,
2604,3035,2189,
2581,3010,2172,
2557,2982,2148,
2534,2953,2128,
2511,2928,2109,
2488,2900,2090,
2467,2876,2072,
2445,2851,2055,
2421,2824,2037,
2401,2797,2016,
2379,2773,1999,
2357,2748,1983,
2336,2726,1966,
2316,2703,1949,
2295,2677,1930,
2275,2652,1909,
2256,2628,1892,
2235,2603,1874,
2216,2582,1860,
2196,2560,1843,
2177,2537,1828,
2158,2515,1815,
2138,2493,1799,
2121,2472,1785,
2101,2449,1765,
2084,2428,1751,
2066,2407,1737,
2048,2386,1722,
2030,2366,1708,
2013,2347,1695,
1995,2326,1680,
1978,2307,1667,
1961,2286,1649,
1944,2267,1633,
1928,2245,1621,
1912,2225,1606,
1895,2207,1591,
1880,2189,1579,
1863,2170,1564,
1846,2152,1551,
1832,2133,1537,
1815,2114,1526,
1800,2097,1513,
1785,2079,1501,
1770,2061,1489,
1755,2043,1474,
1740,2026,1461,
1726,2010,1453,
1711,1995,1443,
1696,1978,1431,
1682,1961,1417,
1668,1944,1405,
1654,1926,1391,
1641,1910,1378,
1626,1895,1365,
1613,1881,1356,
1600,1864,1343,
1586,1847,1334,
1573,1833,1323,
1561,1818,1312,
1547,1803,1301,
1535,1789,1290,
1523,1775,1281,
1511,1761,1270,
1498,1744,1259,
1486,1735,1255,
1474,1725,1250,
1461,1708,1236,
1449,1691,1222,
1437,1674,1209,
1426,1659,1196,
1414,1647,1187,
1403,1632,1177,
1391,1619,1168,
1380,1604,1158,
1369,1589,1146,
1357,1579,1140,
1347,1567,1132,
1336,1555,1123,
1325,1542,1114,
1314,1531,1106,
1304,1517,1098,
1294,1505,1088,
1283,1493,1080,
1273,1483,1073,
1262,1471,1065,
1252,1459,1056,
1242,1446,1046,
1232,1435,1038,
1223,1422,1026,
1212,1409,1017,
1204,1398,1011,
1193,1390,1005,
1185,1378,996,
1175,1367,987,
1166,1356,980,
1157,1343,971,
1148,1336,966,
1139,1326,959,
1130,1315,952,
1121,1304,943,
1113,1296,937,
1103,1286,929,
1095,1275,924,
1087,1265,918,
1078,1255,908,
1070,1243,896,
1061,1233,893,
1054,1221,883,
1045,1213,877,
1038,1206,871,
1029,1194,865,
1022,1188,860,
1014,1178,852,
1006,1168,845,
998,1159,837,
991,1151,832,
983,1142,827,
976,1135,821,
969,1127,818,
961,1119,811,
953,1112,808,
947,1103,801,
939,1095,793,
932,1083,783,
924,1074,778,
918,1065,770,
911,1058,765,
904,1051,761,
898,1042,754,
890,1034,750,
884,1028,746,
877,1019,738,
871,1011,734,
864,1004,728,
857,997,720,
851,989,716,
845,982,714,
838,975,711,
832,968,704,
826,962,700,
820,954,693,
814,945,686,
808,938,679,
801,929,672,
796,923,669,
790,915,665,
784,909,659,
778,902,656,
773,897,651,
766,890,647,
762,884,642,
755,877,637,
750,870,632,
745,864,627,
739,859,622,
733,853,619,
729,847,617,
723,841,612,
718,835,608,
713,828,601,
707,820,595,
703,813,589,
698,808,586,
693,804,584,
687,798,579,
683,792,576,
679,786,572,
673,781,569,
669,776,565,
664,769,560,
660,764,553,
655,758,549,
650,754,548,
645,750,545,
641,744,541,
637,741,540,
632,735,533,
628,727,529,
623,721,524,
619,716,520,
615,709,516,
610,706,512,
607,703,510,
601,699,507,
598,692,505,
594,686,501,
589,683,498,
586,677,493,
582,674,491,
577,669,487,
574,664,482,
570,661,482,
566,656,477,
562,653,476,
558,648,473,
555,642,467,
550,636,463,
547,631,460,
544,626,455,
540,622,454,
536,619,451,
533,616,450,
529,612,446,
526,609,442,
522,604,440,
518,600,436,
516,596,435,
512,592,431,
508,588,427,
506,586,428,
502,583,425,
499,579,424,
495,575,419,
492,570,415,
490,565,410,
486,562,408,
483,557,406,
480,554,405,
477,551,401,
474,547,399,
472,544,396,
468,539,393,
465,537,392,
462,535,389,
460,530,387,
456,529,386,
454,525,382,
450,523,382,
448,520,379,
445,517,377,
442,512,374,
440,509,370,
437,503,366,
434,499,365,
431,495,359,
429,492,359,
426,491,360,
423,489,357,
421,485,355,
418,484,353,
416,479,351,
413,476,347,
410,474,346,
408,470,343,
406,468,342,
403,466,341,
401,464,339,
398,463,339,
396,459,336,
393,454,334,
391,451,329,
389,447,327,
386,443,322,
384,441,320,
382,439,321,
380,438,320,
378,435,318,
375,433,317,
374,431,315,
371,426,312,
368,424,312,
367,422,311,
365,421,307,
363,417,306,
360,417,305,
359,414,304,
356,413,303,
354,409,298,
353,405,295,
350,403,294,
348,400,291,
347,398,293,
344,396,290,
343,394,289,
340,392,287,
339,389,286,
337,387,283,
335,386,282,
334,384,282,
331,381,279,
330,378,276,
328,377,277,
326,377,277,
324,375,278,
323,373,274,
321,369,271,
319,364,267,
318,363,266,
316,360,264,
314,359,264,
312,358,263,
311,357,262,
309,355,261,
308,354,261,
306,353,259,
305,348,256,
302,348,256,
302,345,253,
299,343,252,
299,343,252,
296,342,253,
295,341,252,
294,339,251,
292,336,248,
291,332,244,
289,332,245,
288,327,240,
286,326,241,
284,326,239,
284,324,238,
282,322,236,
280,322,238,
280,320,236,
277,319,235,
277,316,233,
275,315,232,
274,314,233,
272,313,230,
271,313,232,
270,312,231,
268,309,230,
268,307,228,
266,303,224,
264,301,222,
264,299,220,
262,299,219,
261,297,221,
260,296,219,
259,295,217,
257,294,217,
256,293,217,
255,292,216,
254,290,214,
253,289,215,
252,287,211,
250,285,212,
249,287,212,
248,285,212,
247,287,211,
246,283,210,
245,277,205,
244,277,204,
242,275,202,
242,273,201,
240,273,201,
240,272,201,
238,272,201,
237,271,200,
237,270,200,
235,270,200,
234,268,198,
233,266,196,
233,265,195,
231,265,195,
230,265,197,
230,263,194,
228,263,194,
228,261,193,
227,259,190,
226,255,187,
224,254,188,
224,253,186,
223,252,186,
222,252,186,
221,252,186,
220,250,185,
219,249,185,
218,248,184,
218,246,183,
216,246,183,
216,245,181,
215,245,182,
214,246,183,
213,245,183,
212,244,183,
212,241,178,
211,239,178,
210,238,174,
209,237,175,
208,235,173,
207,235,173,
207,234,174,
206,234,172,
205,236,175,
205,233,173,
203,233,173,
203,231,173,
202,230,171,
202,228,169,
201,228,169,
199,228,171,
200,228,169,
198,228,169,
198,225,168,
197,225,167,
196,221,165,
196,222,164,
195,221,161,
194,219,162,
194,219,162,
193,219,163,
192,219,163,
192,217,162,
191,217,160,
190,217,159,
190,216,160,
189,215,160,
188,213,157,
188,214,160,
187,213,160,
187,214,160,
186,212,160,
185,210,157,
185,207,154,
184,207,154,
184,206,150,
182,207,154,
183,206,151,
182,205,151,
181,205,151,
180,204,151,
180,204,152,
180,203,152,
179,202,150,
179,201,149,
178,200,149,
177,202,150,
177,202,152,
176,201,151,
176,202,151,
175,198,148,
174,197,145,
174,196,145,
174,194,144,
173,193,143,
172,194,145,
172,193,144,
172,193,146,
171,192,145,
170,193,144,
170,190,143,
170,192,143,
169,191,143,
168,191,143,
168,190,143,
168,191,142,
167,190,144,
167,190,144,
166,189,142,
166,186,138,
165,186,139,
165,184,136,
164,183,136,
164,183,136,
163,184,136,
163,185,137,
163,183,136,
162,184,136,
161,182,134,
161,182,136,
161,181,134,
160,180,134,
160,181,134,
160,181,137,
159,181,136,
159,180,136,
158,180,136,
158,178,132,
157,176,132,
157,176,130,
157,174,130,
156,176,132,
156,174,132,
156,174,130,
155,175,129,
155,173,129,
154,174,129,
154,172,129,
154,173,129,
153,173,129,
153,172,129,
152,174,130,
153,173,130,
152,174,133,
151,172,130,
151,171,128,
151,168,125,
150,166,122,
150,167,124,
150,167,125,
150,167,126,
149,167,125,
148,167,125,
149,167,123,
148,166,125,
148,166,124,
147,166,124,
147,166,124,
147,164,123,
146,167,126,
146,167,126,
146,166,125,
146,166,126,
145,163,123,
145,163,121,
144,162,121,
145,161,119,
144,162,122,
143,162,121,
144,161,121,
143,160,120,
143,161,121,
142,160,121,
143,160,123,
142,160,123,
141,161,124,
142,159,122,
141,161,123,
141,159,124,
141,161,125,
140,160,124,
140,158,123,
140,156,121,
139,155,121,
140,154,120,
138,155,122,
139,155,123,
139,153,123,
138,154,122,
138,153,122,
137,152,123,
138,153,124,
137,153,124,
137,153,123,
136,152,124,
137,154,127,
136,154,128,
136,155,128,
136,153,127,
135,151,127,
135,149,124,
136,150,125,
134,149,125,
135,149,127,
134,149,126,
135,161,141,
134,172,152,
134,163,140,
133,158,134,
134,154,132,
133,153,128,
132,151,127,
133,150,126,
132,150,126,
132,150,126,
132,151,126,
132,149,126,
132,148,123,
131,140,114,
130,135,106,
131,135,109,
131,139,116,
130,140,116,
130,141,115,
130,141,117,
130,143,120,
129,144,119,
130,143,118,
129,145,119,
129,144,118,
129,144,117,
128,143,117,
129,145,119,
128,145,119,
128,145,118,
128,144,116,
128,141,115,
127,141,113,
127,139,112,
127,139,113,
127,139,113,
127,140,112,
126,141,113,
127,140,113,
126,140,112,
126,139,112,
126,140,112,
125,141,112,
126,140,113,
125,141,113,
126,142,113,
125,142,113,
125,141,111,
125,141,111,
124,138,109,
124,138,110,
124,136,107,
124,137,107,
124,137,107,
124,136,108,
123,136,106,
123,137,107,
124,136,106,
123,136,107,
123,137,107,
122,137,106,
123,135,105,
122,136,107,
123,138,109,
122,137,107,
122,139,110,
122,138,108,
122,135,105,
121,134,105,
121,134,103,
122,133,104,
121,134,104,
121,135,104,
121,134,104,
120,134,105,
121,135,105,
120,136,105,
120,135,104,
121,133,104,
120,134,104,
119,134,105,
120,135,105,
120,135,106,
119,136,106,
119,132,104,
120,130,101,
119,132,100,
118,131,101,
119,132,102,
119,130,100,
118,132,101,
119,132,102,
118,132,103,
118,132,101,
118,131,101,
118,130,101,
118,132,100,
118,131,101,
117,131,101,
118,133,101,
117,132,102,
117,133,103,
117,132,102,
117,129,100,
117,128,98,
117,128,98,
117,126,97,
116,128,99,
117,129,98,
116,129,99,
116,129,98,
116,128,99,
116,129,99,
116,129,98,
115,128,98,
116,128,98,
116,129,100,
115,130,100,
115,130,100,
116,131,102,
115,129,99,
115,128,98,
115,125,98,
114,125,96,
115,124,94,
114,125,95,
115,125,97,
114,126,96,
115,126,97,
114,126,98,
114,126,97,
114,126,97,
114,126,97,
113,126,96,
114,125,97,
114,128,99,
113,128,98,
113,128,100,
114,127,99,
113,125,96,
113,124,94,
113,124,95,
113,123,94,
112,124,94,
113,125,94,
113,124,94,
112,124,95,
113,125,95,
112,125,96,
113,125,96,
112,123,96,
112,125,95,
112,123,94,
112,125,96,
112,125,97,
112,127,98,
112,127,98,
111,125,98,
112,122,93,
111,123,94,
112,122,93,
111,123,93,
111,123,94,
111,123,94,
111,122,95,
111,122,94,
111,122,94,
111,123,93,
111,121,93,
111,121,92,
110,120,93,
111,122,93,
110,123,93,
111,124,95,
110,126,97,
110,122,93,
110,120,90,
110,120,91,
110,119,91,
110,121,92,
110,121,93,
109,122,93,
110,121,92,
110,122,92,
109,123,94,
110,122,93,
109,121,91,
110,120,92,
109,121,92,
109,123,94,
109,123,95,
109,123,95,
109,123,98,
109,121,94,
109,119,90,
109,118,91,
108,117,90,
109,117,88,
108,118,90,
109,119,90,
108,119,92,
109,119,92,
108,119,92,
108,119,91,
108,119,91,
108,119,90,
108,119,92,
108,121,93,
108,120,93,
108,121,95,
108,122,93,
108,120,93,
108,119,91,
107,119,91,
108,118,90,
107,117,89,
108,118,91,
107,118,90,
107,119,90,
108,118,90,
107,119,91,
107,117,90,
107,119,91,
107,120,91,
107,118,92,
107,119,90,
107,119,91,
107,119,91,
106,121,93,
107,119,91,
107,116,89,
106,115,89,
107,115,87,
106,115,87,
106,115,88,
106,117,90,
107,118,88,
106,117,91,
106,118,90,
106,117,90,
106,118,89,
106,117,89,
106,117,90,
106,118,90,
106,120,92,
105,118,91,
106,119,91,
106,118,90,
106,116,88,
105,116,88,
106,117,88,
105,114,86,
105,114,87,
106,115,86,
105,115,88,
105,115,88,
105,116,88,
106,116,89,
105,116,88,
105,115,88,
105,116,89,
105,116,89,
105,117,91,
104,117,90,
105,118,90,
105,117,89,
105,116,88,
105,114,87,
104,115,87,
105,113,85,
104,116,87,
105,116,88,
104,115,87,
105,115,87,
104,115,88,
104,115,89,
104,116,88,
105,115,88,
104,115,87,
104,114,88,
104,116,89,
104,117,88,
104,117,90,
104,118,92,
104,115,88,
104,113,86,
104,114,87,
104,113,84,
103,113,86,
104,115,87,
104,115,87,
103,113,87,
104,114,86,
103,114,88,
104,114,87,
103,113,88,
104,115,88,
103,114,88,
103,115,88,
103,116,90,
104,117,90,
103,116,89,
103,114,86,
103,112,85,
103,113,85,
103,112,85,
103,112,84,
103,112,86,
103,113,88,
103,113,87,
103,113,86,
103,113,87,
103,112,86,
102,112,84,
103,113,87,
103,112,86,
102,116,89,
103,114,88,
102,116,89,
103,114,89,
102,114,87,
103,112,84,
102,113,87,
102,112,84,
103,112,85,
102,113,86,
102,112,86,
102,112,85,
103,113,87,
102,112,85,
102,113,86,
102,112,88,
102,112,86,
102,113,86,
102,112,86,
102,115,88,
102,115,89,
102,115,88,
101,115,87,
102,111,85,
102,112,86,
101,109,83,
102,109,83,
102,111,85,
101,112,85,
102,111,84,
101,111,85,
102,112,85,
101,112,86,
102,111,85,
101,112,86,
102,112,86,
101,111,85,
101,113,88,
102,113,88,
101,113,88,
101,112,87,
101,112,84,
101,110,83,
101,109,82,
102,110,83,
101,110,85,
101,110,84,
101,111,85,
100,110,85,
101,111,85,
101,112,84,
101,112,86,
101,111,85,
101,112,86,
101,111,87,
100,113,87,
101,112,87,
101,114,89,
100,113,87,
101,110,84,
101,109,83,
101,110,83,
100,108,82,
101,110,83,
100,110,84,
101,111,87,
101,111,84,
100,113,86,
101,112,86,
101,111,85,
101,111,85,
100,112,85,
101,112,85,
102,115,89,
101,114,88,
102,116,90,
102,114,88,
102,114,86,
103,113,86,
104,114,86,
104,114,85,
105,115,86,
106,116,89,
107,119,90,
109,122,92,
110,123,94,
112,126,95,
116,130,97,
118,135,100,
121,140,105,
125,145,109,
131,153,114,
136,158,119,
142,169,126,
150,177,132,
159,188,137,
169,198,144,
181,215,154,
195,231,166,
211,252,182,
229,278,199,
249,302,217,
274,332,235,
300,368,262,
332,407,289,
367,453,320,
406,504,356,
452,561,395,
502,624,438,
560,699,489,
624,779,548,
695,873,612,
776,973,681,
866,1083,755,
965,1204,839,
1076,1342,937,
1198,1495,1039,
1334,1664,1157,
1483,1850,1285,
1647,2052,1428,
1827,2277,1581,
2024,2522,1752,
2238,2787,1936,
2473,3074,2138,
2726,3385,2355,
3001,3726,2588,
3299,4089,2842,
3620,4483,3117,
3966,4902,3411,
4336,5358,3725,
4735,5843,4063,
5158,6359,4423,
5610,6904,4805,
6088,7483,5215,
6596,8100,5642,
7132,8747,6096,
7697,9430,6574,
8289,10143,7073,
8910,10890,7597,
9555,11665,8145,
10231,12476,8713,
10932,13311,9300,
11657,14179,9907,
12405,15073,10537,
13176,15992,11188,
13966,16933,11854,
14777,17890,12528,
15600,18868,13216,
16437,19854,13915,
17287,20857,14622,
18142,21863,15335,
19003,22872,16052,
19861,23878,16769,
20716,24884,17487,
21565,25882,18192,
22403,26857,18886,
23231,27820,19576,
24051,28776,20256,
24852,29704,20923,
25632,30604,21574,
26393,31481,22202,
27129,32331,22814,
27833,33140,23394,
28513,33930,23964,
29159,34663,24503,
29774,35361,25008,
30348,36018,25476,
30889,36624,25915,
31396,37188,26326,
31865,37717,26718,
32296,38194,27074,
32688,38626,27398,
33047,39023,27691,
33362,39371,27945,
33646,39678,28185,
33890,39936,28386,
34097,40155,28553,
34267,40328,28689,
34398,40458,28792,
34495,40547,28869,
34555,40592,28913,
34583,40609,28935,
34578,40580,28926,
34540,40511,28896,
34480,40426,28844,
34398,40309,28763,
34282,40151,28665,
34143,39965,28551,
33987,39767,28422,
33799,39532,28266,
33597,39273,28097,
33372,38994,27911,
33123,38692,27701,
32857,38371,27478,
32575,38025,27235,
32278,37665,26984,
31961,37283,26724,
31630,36891,26441,
31295,36484,26166,
30952,36074,25881,
30601,35656,25584,
30241,35225,25291,
29874,34793,24981,
29499,34345,24669,
29116,33888,24343,
28737,33439,24032,
28350,32985,23709,
27958,32525,23384,
27559,32053,23049,
27157,31580,22710,
26753,31109,22376,
26346,30630,22043,
25941,30155,21707,
25533,29674,21361,
25128,29198,21022,
24726,28725,20689,
24321,28249,20355,
23918,27777,20021,
23511,27306,19682,
23115,26843,19346,
22715,26383,19014,
22320,25921,18688,
21932,25464,18363,
21545,25010,18036,
21163,24562,17717,
20785,24121,17399,
20408,23686,17086,
20036,23250,16770,
19668,22822,16470,
19307,22404,16168,
18948,21988,15868,
18595,21580,15570,
18248,21175,15282,
17907,20778,14996,
17572,20387,14718,
17241,20009,14444,
16917,19631,14171,
16598,19264,13903,
16285,18904,13642,
15975,18542,13390,
15672,18185,13137,
15376,17843,12889,
15088,17510,12646,
14803,17179,12409,
14522,16852,12172,
14248,16533,11941,
13979,16227,11719,
13717,15922,11497,
13459,15625,11286,
13208,15332,11076,
12960,15043,10867,
12720,14766,10670,
12484,14494,10471,
12253,14226,10281,
12025,13962,10087,
11803,13706,9902,
11586,13458,9723,
11377,13217,9544,
11171,12974,9377,
10971,12740,9204,
10776,12513,9040,
10583,12289,8879,
10396,12073,8724,
10213,11864,8567,
10034,11657,8417,
9859,11455,8270,
9687,11256,8124,
9521,11064,7986,
9356,10875,7850,
9197,10687,7719,
9042,10507,7588,
8890,10333,7459,
8742,10162,7337,
8598,9997,7217,
8458,9836,7101,
8322,9676,6988,
8188,9519,6873,
8059,9366,6763,
7933,9222,6657,
7810,9078,6550,
7689,8940,6450,
7570,8804,6353,
7455,8671,6254,
7343,8544,6163,
7233,8413,6073,
7125,8290,5979,
7018,8167,5888,
6916,8049,5804,
6817,7933,5723,
6720,7820,5641,
6624,7710,5563,
6531,7602,5489,
6439,7496,5409,
6349,7392,5330,
6263,7290,5258,
6177,7190,5184,
6093,7091,5113,
6012,6996,5045,
5932,6906,4979,
5853,6814,4916,
5777,6724,4852,
5702,6639,4791,
5629,6554,4727,
5557,6471,4669,
5487,6390,4607,
5417,6310,4548,
5351,6232,4496,
5285,6154,4439,
5221,6085,4389,
5159,6011,4337,
5097,5941,4286,
5036,5868,4232,
4978,5798,4181,
4920,5728,4127,
4862,5663,4080,
4807,5599,4033,
4751,5537,3991,
4697,5472,3943,
4643,5407,3898,
4592,5349,3855,
4540,5291,3813,
4490,5233,3768,
4439,5173,3725,
4391,5116,3685,
4342,5057,3647,
4296,5003,3608,
4249,4949,3569,
4203,4901,3534,
4159,4851,3500,
4115,4799,3459,
4072,4749,3420,
4029,4695,3383,
3987,4647,3347,
3946,4600,3311,
3905,4552,3276,
3864,4504,3242,
3825,4458,3212,
3786,4414,3181,
3749,4369,3149,
3711,4327,3119,
3674,4284,3086,
3638,4242,3056,
3602,4200,3027,
3567,4159,2998,
3531,4119,2968,
3496,4080,2938,
3462,4042,2910,
3429,4001,2881,
3395,3959,2851,
3362,3919,2824,
3330,3880,2796,
3299,3842,2770,
3266,3805,2744,
3237,3772,2719,
3205,3736,2692,
3175,3700,2665,
3145,3665,2641,
3115,3632,2617,
3086,3598,2593,
3057,3564,2570,
3029,3531,2546,
3000,3498,2519,
2973,3467,2497,
2945,3438,2475,
2918,3405,2449,
2892,3374,2432,
2866,3343,2408,
2839,3311,2384,
2813,3276,2357,
2789,3247,2338,
2763,3220,2319,
2739,3192,2300,
2714,3161,2279,
2690,3133,2258,
2665,3105,2238,
2641,3078,2216,
2618,3052,2199,
2595,3025,2181,
2571,2998,2161,
2548,2970,2142,
2525,2943,2122,
2503,2919,2105,
2480,2893,2085,
2459,2870,2068,
2436,2843,2049,
2415,2816,2028,
2394,2789,2010,
2373,2764,1993,
2353,2739,1974,
2331,2718,1960,
2311,2694,1945,
2292,2670,1927,
2271,2647,1910,
2252,2625,1892,
2233,2601,1876,
2213,2580,1860,
2195,2557,1844,
2175,2536,1831,
2157,2514,1815,
2139,2495,1801,
2120,2471,1785,
2102,2451,1771,
2084,2430,1754,
2065,2406,1734,
2048,2386,1720,
2030,2365,1708,
2013,2342,1690,
1996,2324,1677,
1980,2305,1664,
1963,2286,1650,
1946,2267,1636,
1930,2249,1624,
1913,2231,1611,
1897,2210,1596,
1881,2192,1582,
1865,2173,1569,
1850,2155,1556,
1833,2139,1545,
1818,2119,1532,
1803,2104,1521,
1787,2084,1506,
1772,2064,1490,
1757,2045,1478,
1742,2028,1465,
1727,2010,1450,
1714,1995,1439,
1699,1978,1429,
1685,1963,1419,
1672,1948,1406,
1658,1931,1392,
1644,1915,1383,
1630,1898,1371,
1617,1883,1361,
1604,1868,1349,
1590,1853,1339,
1577,1838,1331,
1564,1822,1318,
1551,1809,1308,
1538,1794,1297,
1526,1778,1286,
1513,1761,1272,
1501,1745,1262,
1488,1731,1250,
1475,1716,1242,
1463,1704,1231,
1452,1689,1221,
1440,1676,1212,
1428,1663,1200,
1417,1649,1193,
1405,1636,1183,
1394,1623,1173,
1382,1609,1163,
1371,1594,1155,
1360,1584,1145,
1350,1574,1139,
1339,1560,1130,
1328,1549,1121,
1317,1534,1109,
1306,1519,1094,
1296,1507,1088,
1286,1494,1077,
1275,1482,1071,
1266,1472,1062,
1255,1460,1054,
1244,1447,1046,
1235,1437,1040,
1225,1426,1032,
1215,1415,1023,
1205,1402,1012,
1196,1392,1005,
1186,1381,997,
1176,1370,992,
1167,1360,983,
1158,1350,977,
1148,1338,968,
1140,1327,960,
1130,1313,951,
1122,1303,944,
1113,1294,937,
1104,1283,928,
1096,1274,921,
1086,1264,913,
1079,1253,907,
1070,1243,900,
1062,1235,894,
1053,1226,888,
1046,1216,881,
1037,1205,874,
1029,1195,865,
1022,1188,862,
1013,1179,855,
1005,1170,848,
998,1163,844,
990,1153,834,
983,1142,826,
974,1131,818,
967,1122,813,
960,1115,807,
952,1108,802,
946,1099,796,
938,1090,790,
930,1081,785,
924,1074,779,
917,1065,772,
910,1056,766,
902,1048,759,
896,1041,754,
889,1033,749,
883,1028,746,
875,1020,739,
869,1013,735,
863,1004,726,
856,993,718,
849,985,714,
843,977,706,
837,970,701,
830,964,699,
825,958,694,
819,951,689,
813,943,683,
806,936,678,
801,930,675,
796,923,670,
789,917,664,
784,911,660,
778,904,655,
772,898,653,
766,892,649,
761,887,644,
756,879,638,
749,870,631,
745,862,626,
738,856,623,
734,849,616,
728,844,612,
723,838,608,
718,831,602,
712,826,600,
708,821,596,
703,816,592,
697,811,588,
693,804,582,
688,799,578,
682,792,575,
678,787,574,
674,781,570,
668,777,567,
664,771,561,
658,764,554,
655,758,551,
649,751,545,
645,746,541,
641,742,538,
636,737,535,
632,732,531,
628,726,528,
623,722,525,
618,716,522,
615,712,517,
610,706,515,
607,702,510,
602,697,507,
598,695,507,
594,689,503,
589,687,500,
586,679,495,
582,674,490,
577,669,485,
575,664,483,
570,659,479,
566,655,477,
563,651,473,
558,646,471,
555,642,469,
551,638,466,
547,633,463,
544,627,457,
540,625,454,
536,620,450,
533,616,448,
530,615,447,
526,610,445,
522,606,442,
519,602,440,
515,595,435,
512,590,430,
509,587,428,
506,582,423,
502,579,423,
499,574,420,
495,572,417,
493,568,415,
489,566,413,
486,561,410,
483,558,407,
480,554,404,
477,551,400,
473,547,399,
471,544,399,
467,542,396,
465,539,395,
461,535,391,
459,530,387,
456,526,383,
453,522,379,
450,517,376,
447,515,374,
445,514,375,
442,509,372,
439,507,370,
437,504,367,
433,501,364,
432,496,362,
428,495,360,
426,491,358,
423,488,357,
421,487,356,
418,484,354,
416,480,352,
413,480,351,
411,476,348,
408,469,343,
406,468,340,
403,464,337,
401,461,336,
399,460,335,
396,457,332,
394,454,331,
392,451,330,
389,449,328,
387,447,326,
384,444,324,
383,441,323,
380,440,320,
378,437,320,
376,437,319,
374,433,319,
371,432,317,
370,428,315,
367,423,309,
366,420,307,
363,416,305,
361,414,302,
358,412,302,
357,411,300,
355,409,300,
354,406,297,
351,404,296,
349,402,294,
347,399,293,
345,396,290,
344,394,290,
341,393,290,
340,392,290,
338,390,288,
336,389,287,
334,385,283,
332,381,279,
330,379,277,
329,376,274,
327,373,273,
325,371,273,
323,370,272,
322,368,269,
320,368,272,
318,365,268,
316,363,265,
315,361,264,
313,360,263,
312,358,263,
310,356,262,
308,357,261,
307,354,260,
305,352,259,
304,351,259,
302,347,256,
300,345,253,
299,341,250,
298,339,251,
296,338,250,
295,338,248,
293,336,247,
291,334,245,
290,333,245,
289,331,244,
287,329,242,
286,329,242,
284,325,240,
283,323,239,
282,325,241,
280,323,238,
279,322,238,
277,318,235,
276,315,232,
275,313,230,
274,312,228,
272,310,229,
271,308,226,
270,308,227,
268,308,224,
267,306,224,
266,305,223,
265,302,223,
263,302,223,
263,301,222,
261,299,220,
259,298,218,
259,298,220,
258,297,220,
256,297,219,
255,293,217,
254,291,214,
253,288,211,
251,287,210,
251,283,208,
249,284,209,
249,283,208,
247,282,209,
246,281,207,
245,281,210,
244,279,206,
243,278,203,
242,277,203,
241,276,203,
240,275,203,
239,275,205,
238,273,202,
237,273,201,
236,271,201,
235,267,198,
234,266,196,
233,266,196,
231,264,193,
231,262,193,
231,263,193,
229,261,192,
228,261,192,
227,259,193,
227,259,191,
225,257,190,
225,255,190,
223,255,189,
223,253,187,
222,253,188,
221,253,189,
220,254,190,
219,251,188,
219,249,185,
217,247,182,
217,246,181,
216,243,180,
215,243,180,
214,244,182,
213,243,179,
213,241,179,
211,241,179,
211,240,177,
210,238,177,
210,238,177,
208,236,177,
208,235,176,
207,237,177,
206,237,177,
206,236,176,
204,235,176,
204,233,173,
204,230,170,
202,229,168,
202,227,167,
201,226,167,
200,226,167,
200,225,167,
199,225,167,
198,225,168,
197,225,169,
197,222,167,
196,222,165,
196,222,163,
195,222,164,
194,221,165,
193,223,167,
193,221,165,
192,221,165,
192,219,163,
191,216,159,
190,216,161,
189,214,158,
189,212,158,
189,212,158,
187,212,156,
187,211,157,
187,210,156,
186,211,156,
185,210,155,
185,208,154,
184,209,155,
183,209,156,
183,209,156,
182,208,154,
182,210,156,
182,208,155,
180,206,154,
181,203,150,
179,202,149,
179,201,150,
179,201,149,
178,201,150,
177,201,150,
177,199,150,
176,198,148,
176,199,148,
175,199,149,
175,198,147,
175,197,145,
173,197,147,
174,196,147,
172,198,147,
173,197,149,
171,197,147,
172,195,146,
171,193,144,
170,192,142,
170,190,143,
169,188,140,
169,189,141,
168,189,142,
168,189,142,
168,190,143,
167,188,141,
166,188,139,
166,188,140,
166,187,141,
165,186,140,
165,187,141,
164,187,142,
164,186,141,
164,187,144,
163,186,141,
163,182,139,
162,182,140,
162,181,137,
161,180,138,
161,180,138,
161,180,139,
160,179,139,
159,180,140,
160,183,144,
159,186,148,
159,182,144,
158,181,142,
158,178,141,
157,178,139,
157,178,141,
157,178,142,
156,179,142,
156,176,139,
155,172,136,
156,171,137,
154,172,138,
155,171,138,
154,173,140,
154,172,139,
153,170,138,
153,171,138,
152,170,140,
153,171,140,
152,170,138,
151,170,139,
152,170,138,
151,169,139,
151,172,141,
150,171,140,
150,173,143,
150,171,140,
149,168,137,
149,167,135,
149,166,135,
148,166,133,
149,165,132,
147,165,133,
148,164,133,
147,164,132,
147,165,134,
147,164,133,
146,164,132,
146,164,131,
146,163,131,
145,162,131,
145,163,131,
145,163,132,
144,164,132,
145,164,131,
144,163,129,
143,159,126,
143,160,128,
143,158,124,
143,157,125,
143,159,124,
142,160,126,
142,159,126,
141,159,126,
142,159,125,
141,158,125,
141,158,125,
141,157,124,
140,157,125,
140,159,125,
140,157,123,
139,158,124,
140,158,124,
139,157,122,
139,154,122,
138,154,120,
138,152,119,
138,153,119,
138,154,120,
138,152,118,
137,153,118,
137,152,117,
137,153,118,
136,152,119,
137,153,119,
136,152,119,
136,152,118,
135,153,118,
136,153,120,
135,154,120,
135,154,120,
135,150,117,
134,150,113,
134,149,115,
135,148,114,
133,147,115,
134,148,115,
133,149,114,
134,148,115,
133,149,114,
132,148,113,
133,148,113,
132,148,113,
133,148,113,
132,147,113,
131,147,114,
132,149,114,
131,149,114,
132,150,115,
131,148,115,
131,146,110,
130,145,111,
130,145,112,
131,143,110,
130,143,109,
129,143,109,
130,143,109,
129,143,109,
130,144,111,
129,144,109,
129,143,110,
129,143,110,
128,143,111,
128,143,109,
128,146,112,
128,144,111,
128,145,111,
128,143,109,
127,140,107,
127,141,107,
127,139,106,
127,140,105,
127,141,107,
127,141,107,
126,141,107,
127,141,108,
126,140,106,
126,140,106,
125,139,106,
126,140,107,
126,140,106,
125,141,108,
125,143,109,
125,142,110,
125,143,110,
125,140,108,
125,140,106,
124,137,106,
124,137,104,
124,135,103,
124,138,105,
124,137,104,
124,138,103,
123,137,104,
124,136,103,
123,137,103,
123,136,103,
123,136,103,
123,135,102,
122,137,104,
123,138,105,
122,136,104,
122,139,106,
122,138,106,
122,137,104,
122,135,103,
121,135,102,
122,134,101,
121,134,102,
122,134,103,
121,135,101,
121,133,102,
121,135,101,
120,134,101,
121,134,102,
120,133,102,
121,134,102,
120,134,102,
120,136,104,
120,136,104,
120,135,105,
120,136,104,
119,134,102,
120,132,101,
119,131,99,
120,130,99,
119,129,100,
119,131,100,
119,131,100,
119,132,102,
118,132,100,
119,132,99,
118,132,101,
119,132,101,
118,131,101,
118,132,100,
118,133,101,
118,132,101,
118,133,104,
118,132,102,
117,131,98,
118,130,98,
117,129,97,
117,128,96,
117,128,98,
117,130,99,
117,132,99,
117,130,98,
117,130,97,
116,129,97,
117,130,97,
116,131,97,
117,130,99,
116,128,99,
116,130,98,
116,130,99,
116,132,101,
116,131,101,
116,129,99,
115,127,97,
116,128,97,
115,126,95,
115,127,97,
115,128,97,
116,126,97,
115,127,96,
115,128,97,
114,127,97,
115,128,98,
115,127,97,
114,126,96,
115,126,97,
114,128,97,
115,129,99,
114,129,98,
114,130,98,
114,128,97,
114,126,95,
114,126,95,
114,124,94,
113,125,95,
114,126,94,
114,126,94,
113,126,94,
113,127,96,
114,127,97,
113,126,96,
113,125,96,
113,126,95,
113,125,95,
113,126,95,
112,127,99,
113,127,98,
113,127,98,
112,127,97,
112,124,93,
113,125,95,
112,122,92,
112,122,91,
112,123,93,
112,124,95,
112,123,94,
112,125,95,
112,124,94,
112,122,93,
111,123,94,
112,123,94,
111,122,93,
112,124,95,
111,124,95,
112,125,96,
111,125,96,
111,123,96,
111,123,93,
111,122,92,
111,121,91,
111,122,92,
111,123,94,
111,122,94,
111,122,93,
110,121,93,
111,122,93,
110,122,94,
111,122,93,
110,123,93,
110,122,93,
110,122,93,
110,124,95,
110,125,95,
110,125,96,
110,123,95,
110,120,91,
110,120,92,
109,120,90,
110,119,91,
110,121,90,
109,121,92,
110,120,93,
109,121,93,
110,121,94,
109,121,93,
109,120,91,
109,120,90,
109,119,91,
109,120,92,
109,122,94,
109,122,95,
109,123,94,
109,122,92,
109,121,90,
109,119,91,
108,120,89,
109,117,88,
108,118,90,
109,119,90,
108,121,91,
109,120,89,
108,120,91,
108,119,90,
108,119,91,
108,119,90,
108,118,90,
108,118,90,
108,121,93,
108,120,94,
108,121,94,
108,121,93,
107,119,91,
108,118,90,
108,117,89,
107,117,88,
107,117,88,
108,118,90,
107,119,91,
107,120,91,
108,118,90,
107,118,89,
107,119,89,
107,118,88,
107,117,90,
107,118,90,
107,121,92,
107,120,93,
107,121,94,
107,121,92,
106,119,91,
107,117,89,
107,116,89,
106,116,87,
106,116,86,
107,117,89,
106,117,90,
107,118,89,
106,116,90,
106,116,88,
107,116,90,
106,119,91,
106,118,91,
106,117,88,
106,118,89,
106,118,90,
106,120,92,
106,119,91,
106,117,88,
106,115,87,
106,116,87,
105,115,85,
106,117,88,
105,116,87,
106,116,88,
105,115,88,
106,115,87,
105,116,89,
106,117,89,
105,115,88,
105,117,88,
106,116,88,
105,118,91,
105,119,92,
105,120,92,
105,119,93,
105,116,90,
105,114,87,
105,115,88,
105,115,86,
105,115,87,
104,115,86,
105,116,88,
105,115,88,
104,116,88,
105,116,88,
105,115,88,
104,116,89,
105,114,87,
104,115,88,
105,117,89,
104,116,90,
105,117,91,
104,118,91,
104,116,89,
105,114,86,
104,113,85,
104,113,84,
104,112,86,
104,114,87,
104,114,87,
104,115,88,
104,115,88,
104,114,87,
104,115,87,
104,115,87,
105,116,88,
104,115,88,
104,117,88,
104,118,90,
105,118,89,
104,118,90,
105,116,89,
105,116,86,
105,115,87,
106,115,86,
105,117,89,
107,117,89,
107,117,90,
108,119,91,
109,121,91,
109,122,92,
112,124,95,
112,126,97,
115,130,98,
117,133,101,
120,138,103,
123,143,107,
127,146,110,
131,153,115,
136,158,119,
142,165,122,
149,173,126,
158,183,135,
167,195,143,
178,210,153,
191,228,164,
206,247,178,
224,270,194,
243,295,211,
266,323,229,
291,357,254,
322,395,280,
355,437,311,
393,486,342,
437,543,383,
485,605,425,
542,675,475,
603,755,531,
674,843,590,
752,941,656,
840,1048,731,
938,1170,816,
1047,1308,911,
1168,1459,1015,
1302,1627,1133,
1449,1811,1260,
1612,2012,1399,
1792,2235,1552,
1989,2479,1722,
2204,2746,1907,
2438,3033,2108,
2695,3348,2327,
2972,3691,2567,
3273,4060,2824,
3597,4460,3101,
3949,4891,3402,
4326,5350,3721,
4731,5840,4065,
5165,6370,4432,
5627,6930,4823,
6121,7527,5242,
6641,8161,5685,
7194,8832,6154,
7778,9535,6648,
8393,10279,7166,
9038,11054,7712,
9714,11865,8281,
10422,12716,8881,
11157,13597,9503,
11919,14508,10141,
12706,15446,10804,
13520,16415,11485,
14359,17416,12195,
15218,18440,12912,
16099,19485,13648,
16992,20538,14394,
17898,21607,15148,
18812,22684,15912,
19732,23764,16679,
20649,24842,17439,
21565,25920,18204,
22477,26991,18967,
23366,28026,19704,
24261,29066,20450,
25152,30099,21192,
26010,31099,21901,
26851,32075,22599,
27669,33013,23275,
28463,33932,23934,
29227,34812,24570,
29953,35644,25173,
30645,36434,25734,
31297,37171,26278,
31919,37872,26791,
32490,38521,27265,
33028,39124,27706,
33530,39685,28113,
33988,40195,28496,
34405,40660,28832,
34779,41067,29135,
35110,41432,29405,
35406,41750,29642,
35652,42006,29856,
35867,42236,30028,
36038,42410,30167,
36166,42533,30267,
36263,42616,30345,
36318,42657,30396,
36342,42662,30410,
36324,42613,30384,
36282,42541,30349,
36213,42437,30285,
36101,42285,30190,
35960,42097,30071,
35800,41887,29931,
35606,41631,29774,
35389,41364,29586,
35155,41077,29386,
34894,40757,29168,
34616,40418,28940,
34316,40048,28687,
34009,39674,28432,
33680,39278,28158,
33336,38859,27866,
32979,38437,27569,
32609,37993,27266,
32227,37540,26945,
31830,37061,26612,
31431,36587,26283,
31022,36093,25933,
30606,35600,25586,
30181,35098,25235,
29753,34592,24875,
29326,34091,24527,
28890,33575,24160,
28442,33050,23781,
27989,32516,23398,
27533,31982,23026,
27082,31450,22653,
26626,30919,22274,
26170,30385,21898,
25714,29852,21515,
25262,29319,21140,
24810,28790,20764,
24359,28269,20390,
23910,27744,20017,
23466,27226,19641,
23023,26706,19266,
22600,26209,18913,
22166,25699,18547,
21731,25192,18186,
21304,24699,17833,
20885,24213,17485,
20470,23732,17135,
20060,23256,16796,
19654,22779,16459,
19254,22313,16122,
18859,21857,15794,
18473,21406,15471,
18091,20967,15151,
17716,20529,14841,
17344,20099,14527,
16977,19676,14218,
16617,19262,13921,
16266,18850,13628,
15920,18449,13339,
15583,18053,13055,
15250,17669,12779,
14922,17290,12502,
14602,16918,12237,
14288,16555,11975,
13981,16199,11719,
13680,15852,11466,
13388,15515,11224,
13104,15185,10986,
12825,14864,10755,
12553,14551,10526,
12285,14238,10300,
12025,13939,10083,
11771,13645,9874,
11521,13356,9668,
11277,13074,9465,
11038,12796,9264,
10806,12526,9065,
10579,12262,8872,
10357,12007,8686,
10143,11758,8507,
9933,11515,8333,
9729,11280,8163,
9530,11048,7993,
9335,10823,7829,
9145,10607,7671,
8960,10392,7517,
8779,10185,7368,
8605,9985,7222,
8435,9788,7078,
8270,9593,6939,
8109,9409,6806,
7951,9227,6677,
7797,9050,6550,
7648,8876,6423,
7499,8708,6296,
7359,8544,6176,
7220,8383,6060,
7087,8227,5948,
6956,8075,5839,
6829,7930,5733,
6707,7788,5630,
6585,7649,5530,
6469,7514,5430,
6355,7385,5336,
6244,7253,5241,
6136,7128,5150,
6031,7008,5066,
5930,6889,4980,
5830,6776,4898,
5734,6664,4818,
5639,6558,4737,
5547,6449,4661,
5458,6344,4584,
5370,6239,4509,
5286,6143,4437,
5203,6047,4367,
5123,5953,4299,
5045,5864,4237,
4968,5779,4173,
4893,5690,4111,
4820,5604,4046,
4748,5520,3987,
4680,5442,3931,
4613,5366,3875,
4547,5291,3824,
4483,5216,3769,
4421,5146,3716,
4358,5073,3662,
4300,5004,3612,
4242,4937,3564,
